<?xml version="1.0" encoding="UTF-8"?>
<!-- Generated by org.testng.reporters.JUnitReportReporter -->
<testsuite hostname="Darshan" name="pro.saral.testCases.Challan_Mapping_27Q_Test" tests="229" failures="0" timestamp="28 Oct 2022 11:40:20 GMT" time="357.808" errors="0">
  <testcase name="Challan_Mapping_27Q_Testcases" time="2.248" classname="pro.saral.testCases.Challan_Mapping_27Q_Test"/>
  <testcase name="Challan_Mapping_27Q_Testcases" time="2.618" classname="pro.saral.testCases.Challan_Mapping_27Q_Test"/>
  <testcase name="Challan_Mapping_27Q_Testcases" time="2.311" classname="pro.saral.testCases.Challan_Mapping_27Q_Test"/>
  <testcase name="Challan_Mapping_27Q_Testcases" time="0.797" classname="pro.saral.testCases.Challan_Mapping_27Q_Test"/>
  <testcase name="Challan_Mapping_27Q_Testcases" time="2.240" classname="pro.saral.testCases.Challan_Mapping_27Q_Test"/>
  <testcase name="Challan_Mapping_27Q_Testcases" time="2.259" classname="pro.saral.testCases.Challan_Mapping_27Q_Test"/>
  <testcase name="Challan_Mapping_27Q_Testcases" time="0.480" classname="pro.saral.testCases.Challan_Mapping_27Q_Test"/>
  <testcase name="Challan_Mapping_27Q_Testcases" time="2.754" classname="pro.saral.testCases.Challan_Mapping_27Q_Test"/>
  <testcase name="Challan_Mapping_27Q_Testcases" time="2.525" classname="pro.saral.testCases.Challan_Mapping_27Q_Test"/>
  <testcase name="Challan_Mapping_27Q_Testcases" time="0.485" classname="pro.saral.testCases.Challan_Mapping_27Q_Test"/>
  <testcase name="Challan_Mapping_27Q_Testcases" time="2.372" classname="pro.saral.testCases.Challan_Mapping_27Q_Test"/>
  <testcase name="Challan_Mapping_27Q_Testcases" time="0.732" classname="pro.saral.testCases.Challan_Mapping_27Q_Test"/>
  <testcase name="Challan_Mapping_27Q_Testcases" time="0.241" classname="pro.saral.testCases.Challan_Mapping_27Q_Test"/>
  <testcase name="Challan_Mapping_27Q_Testcases" time="2.508" classname="pro.saral.testCases.Challan_Mapping_27Q_Test"/>
  <testcase name="Challan_Mapping_27Q_Testcases" time="0.413" classname="pro.saral.testCases.Challan_Mapping_27Q_Test"/>
  <testcase name="Challan_Mapping_27Q_Testcases" time="2.535" classname="pro.saral.testCases.Challan_Mapping_27Q_Test"/>
  <testcase name="Challan_Mapping_27Q_Testcases" time="2.406" classname="pro.saral.testCases.Challan_Mapping_27Q_Test"/>
  <testcase name="Challan_Mapping_27Q_Testcases" time="0.476" classname="pro.saral.testCases.Challan_Mapping_27Q_Test"/>
  <testcase name="Challan_Mapping_27Q_Testcases" time="2.523" classname="pro.saral.testCases.Challan_Mapping_27Q_Test"/>
  <testcase name="Challan_Mapping_27Q_Testcases" time="2.617" classname="pro.saral.testCases.Challan_Mapping_27Q_Test"/>
  <testcase name="Challan_Mapping_27Q_Testcases" time="0.161" classname="pro.saral.testCases.Challan_Mapping_27Q_Test"/>
  <testcase name="Challan_Mapping_27Q_Testcases" time="2.168" classname="pro.saral.testCases.Challan_Mapping_27Q_Test"/>
  <testcase name="Challan_Mapping_27Q_Testcases" time="0.070" classname="pro.saral.testCases.Challan_Mapping_27Q_Test"/>
  <testcase name="Challan_Mapping_27Q_Testcases" time="0.669" classname="pro.saral.testCases.Challan_Mapping_27Q_Test"/>
  <testcase name="Challan_Mapping_27Q_Testcases" time="0.451" classname="pro.saral.testCases.Challan_Mapping_27Q_Test"/>
  <testcase name="Challan_Mapping_27Q_Testcases" time="2.474" classname="pro.saral.testCases.Challan_Mapping_27Q_Test"/>
  <testcase name="Challan_Mapping_27Q_Testcases" time="3.016" classname="pro.saral.testCases.Challan_Mapping_27Q_Test"/>
  <testcase name="Challan_Mapping_27Q_Testcases" time="2.467" classname="pro.saral.testCases.Challan_Mapping_27Q_Test"/>
  <testcase name="Challan_Mapping_27Q_Testcases" time="0.767" classname="pro.saral.testCases.Challan_Mapping_27Q_Test"/>
  <testcase name="Challan_Mapping_27Q_Testcases" time="0.302" classname="pro.saral.testCases.Challan_Mapping_27Q_Test"/>
  <testcase name="Challan_Mapping_27Q_Testcases" time="0.161" classname="pro.saral.testCases.Challan_Mapping_27Q_Test"/>
  <testcase name="Challan_Mapping_27Q_Testcases" time="2.353" classname="pro.saral.testCases.Challan_Mapping_27Q_Test"/>
  <testcase name="Challan_Mapping_27Q_Testcases" time="0.220" classname="pro.saral.testCases.Challan_Mapping_27Q_Test"/>
  <testcase name="Challan_Mapping_27Q_Testcases" time="0.126" classname="pro.saral.testCases.Challan_Mapping_27Q_Test"/>
  <testcase name="Challan_Mapping_27Q_Testcases" time="2.157" classname="pro.saral.testCases.Challan_Mapping_27Q_Test"/>
  <testcase name="Challan_Mapping_27Q_Testcases" time="2.859" classname="pro.saral.testCases.Challan_Mapping_27Q_Test"/>
  <testcase name="Challan_Mapping_27Q_Testcases" time="0.116" classname="pro.saral.testCases.Challan_Mapping_27Q_Test"/>
  <testcase name="Challan_Mapping_27Q_Testcases" time="0.508" classname="pro.saral.testCases.Challan_Mapping_27Q_Test"/>
  <testcase name="Challan_Mapping_27Q_Testcases" time="0.022" classname="pro.saral.testCases.Challan_Mapping_27Q_Test"/>
  <testcase name="Challan_Mapping_27Q_Testcases" time="0.027" classname="pro.saral.testCases.Challan_Mapping_27Q_Test"/>
  <testcase name="Challan_Mapping_27Q_Testcases" time="0.375" classname="pro.saral.testCases.Challan_Mapping_27Q_Test"/>
  <testcase name="Challan_Mapping_27Q_Testcases" time="2.336" classname="pro.saral.testCases.Challan_Mapping_27Q_Test"/>
  <testcase name="Challan_Mapping_27Q_Testcases" time="2.329" classname="pro.saral.testCases.Challan_Mapping_27Q_Test"/>
  <testcase name="Challan_Mapping_27Q_Testcases" time="2.186" classname="pro.saral.testCases.Challan_Mapping_27Q_Test"/>
  <testcase name="Challan_Mapping_27Q_Testcases" time="0.020" classname="pro.saral.testCases.Challan_Mapping_27Q_Test"/>
  <testcase name="Challan_Mapping_27Q_Testcases" time="0.427" classname="pro.saral.testCases.Challan_Mapping_27Q_Test"/>
  <testcase name="Challan_Mapping_27Q_Testcases" time="2.354" classname="pro.saral.testCases.Challan_Mapping_27Q_Test"/>
  <testcase name="Challan_Mapping_27Q_Testcases" time="2.221" classname="pro.saral.testCases.Challan_Mapping_27Q_Test"/>
  <testcase name="Challan_Mapping_27Q_Testcases" time="0.258" classname="pro.saral.testCases.Challan_Mapping_27Q_Test"/>
  <testcase name="Challan_Mapping_27Q_Testcases" time="2.736" classname="pro.saral.testCases.Challan_Mapping_27Q_Test"/>
  <testcase name="Challan_Mapping_27Q_Testcases" time="2.916" classname="pro.saral.testCases.Challan_Mapping_27Q_Test"/>
  <testcase name="Challan_Mapping_27Q_Testcases" time="2.703" classname="pro.saral.testCases.Challan_Mapping_27Q_Test"/>
  <testcase name="Challan_Mapping_27Q_Testcases" time="0.390" classname="pro.saral.testCases.Challan_Mapping_27Q_Test"/>
  <testcase name="Challan_Mapping_27Q_Testcases" time="0.223" classname="pro.saral.testCases.Challan_Mapping_27Q_Test"/>
  <testcase name="Challan_Mapping_27Q_Testcases" time="0.266" classname="pro.saral.testCases.Challan_Mapping_27Q_Test"/>
  <testcase name="Challan_Mapping_27Q_Testcases" time="1.234" classname="pro.saral.testCases.Challan_Mapping_27Q_Test"/>
  <testcase name="Challan_Mapping_27Q_Testcases" time="2.527" classname="pro.saral.testCases.Challan_Mapping_27Q_Test"/>
  <testcase name="Challan_Mapping_27Q_Testcases" time="2.146" classname="pro.saral.testCases.Challan_Mapping_27Q_Test"/>
  <testcase name="Challan_Mapping_27Q_Testcases" time="2.251" classname="pro.saral.testCases.Challan_Mapping_27Q_Test"/>
  <testcase name="Challan_Mapping_27Q_Testcases" time="0.250" classname="pro.saral.testCases.Challan_Mapping_27Q_Test"/>
  <testcase name="Challan_Mapping_27Q_Testcases" time="2.587" classname="pro.saral.testCases.Challan_Mapping_27Q_Test"/>
  <testcase name="Challan_Mapping_27Q_Testcases" time="0.226" classname="pro.saral.testCases.Challan_Mapping_27Q_Test"/>
  <testcase name="Challan_Mapping_27Q_Testcases" time="0.022" classname="pro.saral.testCases.Challan_Mapping_27Q_Test"/>
  <testcase name="Challan_Mapping_27Q_Testcases" time="0.173" classname="pro.saral.testCases.Challan_Mapping_27Q_Test"/>
  <testcase name="Challan_Mapping_27Q_Testcases" time="2.361" classname="pro.saral.testCases.Challan_Mapping_27Q_Test"/>
  <testcase name="Challan_Mapping_27Q_Testcases" time="0.134" classname="pro.saral.testCases.Challan_Mapping_27Q_Test"/>
  <testcase name="Challan_Mapping_27Q_Testcases" time="0.601" classname="pro.saral.testCases.Challan_Mapping_27Q_Test"/>
  <testcase name="Challan_Mapping_27Q_Testcases" time="2.698" classname="pro.saral.testCases.Challan_Mapping_27Q_Test"/>
  <testcase name="Challan_Mapping_27Q_Testcases" time="2.763" classname="pro.saral.testCases.Challan_Mapping_27Q_Test"/>
  <testcase name="Challan_Mapping_27Q_Testcases" time="0.029" classname="pro.saral.testCases.Challan_Mapping_27Q_Test"/>
  <testcase name="Challan_Mapping_27Q_Testcases" time="0.255" classname="pro.saral.testCases.Challan_Mapping_27Q_Test"/>
  <testcase name="Challan_Mapping_27Q_Testcases" time="0.023" classname="pro.saral.testCases.Challan_Mapping_27Q_Test"/>
  <testcase name="Challan_Mapping_27Q_Testcases" time="2.228" classname="pro.saral.testCases.Challan_Mapping_27Q_Test"/>
  <testcase name="Challan_Mapping_27Q_Testcases" time="2.159" classname="pro.saral.testCases.Challan_Mapping_27Q_Test"/>
  <testcase name="Challan_Mapping_27Q_Testcases" time="0.118" classname="pro.saral.testCases.Challan_Mapping_27Q_Test"/>
  <testcase name="Challan_Mapping_27Q_Testcases" time="2.256" classname="pro.saral.testCases.Challan_Mapping_27Q_Test"/>
  <testcase name="Challan_Mapping_27Q_Testcases" time="2.479" classname="pro.saral.testCases.Challan_Mapping_27Q_Test"/>
  <testcase name="Challan_Mapping_27Q_Testcases" time="2.613" classname="pro.saral.testCases.Challan_Mapping_27Q_Test"/>
  <testcase name="Challan_Mapping_27Q_Testcases" time="2.434" classname="pro.saral.testCases.Challan_Mapping_27Q_Test"/>
  <testcase name="Challan_Mapping_27Q_Testcases" time="0.631" classname="pro.saral.testCases.Challan_Mapping_27Q_Test"/>
  <testcase name="Challan_Mapping_27Q_Testcases" time="3.074" classname="pro.saral.testCases.Challan_Mapping_27Q_Test"/>
  <testcase name="Challan_Mapping_27Q_Testcases" time="3.067" classname="pro.saral.testCases.Challan_Mapping_27Q_Test"/>
  <testcase name="Challan_Mapping_27Q_Testcases" time="2.267" classname="pro.saral.testCases.Challan_Mapping_27Q_Test"/>
  <testcase name="Challan_Mapping_27Q_Testcases" time="2.601" classname="pro.saral.testCases.Challan_Mapping_27Q_Test"/>
  <testcase name="Challan_Mapping_27Q_Testcases" time="2.337" classname="pro.saral.testCases.Challan_Mapping_27Q_Test"/>
  <testcase name="Challan_Mapping_27Q_Testcases" time="0.592" classname="pro.saral.testCases.Challan_Mapping_27Q_Test"/>
  <testcase name="Challan_Mapping_27Q_Testcases" time="0.154" classname="pro.saral.testCases.Challan_Mapping_27Q_Test"/>
  <testcase name="Challan_Mapping_27Q_Testcases" time="2.331" classname="pro.saral.testCases.Challan_Mapping_27Q_Test"/>
  <testcase name="Challan_Mapping_27Q_Testcases" time="0.783" classname="pro.saral.testCases.Challan_Mapping_27Q_Test"/>
  <testcase name="Challan_Mapping_27Q_Testcases" time="1.001" classname="pro.saral.testCases.Challan_Mapping_27Q_Test"/>
  <testcase name="Challan_Mapping_27Q_Testcases" time="0.540" classname="pro.saral.testCases.Challan_Mapping_27Q_Test"/>
  <testcase name="Challan_Mapping_27Q_Testcases" time="2.313" classname="pro.saral.testCases.Challan_Mapping_27Q_Test"/>
  <testcase name="Challan_Mapping_27Q_Testcases" time="2.203" classname="pro.saral.testCases.Challan_Mapping_27Q_Test"/>
  <testcase name="Challan_Mapping_27Q_Testcases" time="2.759" classname="pro.saral.testCases.Challan_Mapping_27Q_Test"/>
  <testcase name="Challan_Mapping_27Q_Testcases" time="0.139" classname="pro.saral.testCases.Challan_Mapping_27Q_Test"/>
  <testcase name="Challan_Mapping_27Q_Testcases" time="2.227" classname="pro.saral.testCases.Challan_Mapping_27Q_Test"/>
  <testcase name="Challan_Mapping_27Q_Testcases" time="0.382" classname="pro.saral.testCases.Challan_Mapping_27Q_Test"/>
  <testcase name="Challan_Mapping_27Q_Testcases" time="3.335" classname="pro.saral.testCases.Challan_Mapping_27Q_Test"/>
  <testcase name="Challan_Mapping_27Q_Testcases" time="0.528" classname="pro.saral.testCases.Challan_Mapping_27Q_Test"/>
  <testcase name="Challan_Mapping_27Q_Testcases" time="2.514" classname="pro.saral.testCases.Challan_Mapping_27Q_Test"/>
  <testcase name="Challan_Mapping_27Q_Testcases" time="3.043" classname="pro.saral.testCases.Challan_Mapping_27Q_Test"/>
  <testcase name="Challan_Mapping_27Q_Testcases" time="0.051" classname="pro.saral.testCases.Challan_Mapping_27Q_Test"/>
  <testcase name="Challan_Mapping_27Q_Testcases" time="2.201" classname="pro.saral.testCases.Challan_Mapping_27Q_Test"/>
  <testcase name="Challan_Mapping_27Q_Testcases" time="2.328" classname="pro.saral.testCases.Challan_Mapping_27Q_Test"/>
  <testcase name="Challan_Mapping_27Q_Testcases" time="2.873" classname="pro.saral.testCases.Challan_Mapping_27Q_Test"/>
  <testcase name="Challan_Mapping_27Q_Testcases" time="3.190" classname="pro.saral.testCases.Challan_Mapping_27Q_Test"/>
  <testcase name="Challan_Mapping_27Q_Testcases" time="0.143" classname="pro.saral.testCases.Challan_Mapping_27Q_Test"/>
  <testcase name="Challan_Mapping_27Q_Testcases" time="2.214" classname="pro.saral.testCases.Challan_Mapping_27Q_Test"/>
  <testcase name="Challan_Mapping_27Q_Testcases" time="0.240" classname="pro.saral.testCases.Challan_Mapping_27Q_Test"/>
  <testcase name="Challan_Mapping_27Q_Testcases" time="0.291" classname="pro.saral.testCases.Challan_Mapping_27Q_Test"/>
  <testcase name="Challan_Mapping_27Q_Testcases" time="0.011" classname="pro.saral.testCases.Challan_Mapping_27Q_Test"/>
  <testcase name="Challan_Mapping_27Q_Testcases" time="2.349" classname="pro.saral.testCases.Challan_Mapping_27Q_Test"/>
  <testcase name="Challan_Mapping_27Q_Testcases" time="0.184" classname="pro.saral.testCases.Challan_Mapping_27Q_Test"/>
  <testcase name="Challan_Mapping_27Q_Testcases" time="2.978" classname="pro.saral.testCases.Challan_Mapping_27Q_Test"/>
  <testcase name="Challan_Mapping_27Q_Testcases" time="0.175" classname="pro.saral.testCases.Challan_Mapping_27Q_Test"/>
  <testcase name="Challan_Mapping_27Q_Testcases" time="2.344" classname="pro.saral.testCases.Challan_Mapping_27Q_Test"/>
  <testcase name="Challan_Mapping_27Q_Testcases" time="2.286" classname="pro.saral.testCases.Challan_Mapping_27Q_Test"/>
  <testcase name="Challan_Mapping_27Q_Testcases" time="3.338" classname="pro.saral.testCases.Challan_Mapping_27Q_Test"/>
  <testcase name="Challan_Mapping_27Q_Testcases" time="0.540" classname="pro.saral.testCases.Challan_Mapping_27Q_Test"/>
  <testcase name="Challan_Mapping_27Q_Testcases" time="2.439" classname="pro.saral.testCases.Challan_Mapping_27Q_Test"/>
  <testcase name="Challan_Mapping_27Q_Testcases" time="2.318" classname="pro.saral.testCases.Challan_Mapping_27Q_Test"/>
  <testcase name="Challan_Mapping_27Q_Testcases" time="0.118" classname="pro.saral.testCases.Challan_Mapping_27Q_Test"/>
  <testcase name="Challan_Mapping_27Q_Testcases" time="2.163" classname="pro.saral.testCases.Challan_Mapping_27Q_Test"/>
  <testcase name="Challan_Mapping_27Q_Testcases" time="0.503" classname="pro.saral.testCases.Challan_Mapping_27Q_Test"/>
  <testcase name="Challan_Mapping_27Q_Testcases" time="0.225" classname="pro.saral.testCases.Challan_Mapping_27Q_Test"/>
  <testcase name="Challan_Mapping_27Q_Testcases" time="2.441" classname="pro.saral.testCases.Challan_Mapping_27Q_Test"/>
  <testcase name="Challan_Mapping_27Q_Testcases" time="2.697" classname="pro.saral.testCases.Challan_Mapping_27Q_Test"/>
  <testcase name="Challan_Mapping_27Q_Testcases" time="0.097" classname="pro.saral.testCases.Challan_Mapping_27Q_Test"/>
  <testcase name="Challan_Mapping_27Q_Testcases" time="0.036" classname="pro.saral.testCases.Challan_Mapping_27Q_Test"/>
  <testcase name="Challan_Mapping_27Q_Testcases" time="0.390" classname="pro.saral.testCases.Challan_Mapping_27Q_Test"/>
  <testcase name="Challan_Mapping_27Q_Testcases" time="2.558" classname="pro.saral.testCases.Challan_Mapping_27Q_Test"/>
  <testcase name="Challan_Mapping_27Q_Testcases" time="0.668" classname="pro.saral.testCases.Challan_Mapping_27Q_Test"/>
  <testcase name="Challan_Mapping_27Q_Testcases" time="2.330" classname="pro.saral.testCases.Challan_Mapping_27Q_Test"/>
  <testcase name="Challan_Mapping_27Q_Testcases" time="0.356" classname="pro.saral.testCases.Challan_Mapping_27Q_Test"/>
  <testcase name="Challan_Mapping_27Q_Testcases" time="0.153" classname="pro.saral.testCases.Challan_Mapping_27Q_Test"/>
  <testcase name="Challan_Mapping_27Q_Testcases" time="2.205" classname="pro.saral.testCases.Challan_Mapping_27Q_Test"/>
  <testcase name="Challan_Mapping_27Q_Testcases" time="0.051" classname="pro.saral.testCases.Challan_Mapping_27Q_Test"/>
  <testcase name="Challan_Mapping_27Q_Testcases" time="2.608" classname="pro.saral.testCases.Challan_Mapping_27Q_Test"/>
  <testcase name="Challan_Mapping_27Q_Testcases" time="0.298" classname="pro.saral.testCases.Challan_Mapping_27Q_Test"/>
  <testcase name="Challan_Mapping_27Q_Testcases" time="0.678" classname="pro.saral.testCases.Challan_Mapping_27Q_Test"/>
  <testcase name="Challan_Mapping_27Q_Testcases" time="2.559" classname="pro.saral.testCases.Challan_Mapping_27Q_Test"/>
  <testcase name="Challan_Mapping_27Q_Testcases" time="0.069" classname="pro.saral.testCases.Challan_Mapping_27Q_Test"/>
  <testcase name="Challan_Mapping_27Q_Testcases" time="0.273" classname="pro.saral.testCases.Challan_Mapping_27Q_Test"/>
  <testcase name="Challan_Mapping_27Q_Testcases" time="2.638" classname="pro.saral.testCases.Challan_Mapping_27Q_Test"/>
  <testcase name="Challan_Mapping_27Q_Testcases" time="2.377" classname="pro.saral.testCases.Challan_Mapping_27Q_Test"/>
  <testcase name="Challan_Mapping_27Q_Testcases" time="0.066" classname="pro.saral.testCases.Challan_Mapping_27Q_Test"/>
  <testcase name="Challan_Mapping_27Q_Testcases" time="2.596" classname="pro.saral.testCases.Challan_Mapping_27Q_Test"/>
  <testcase name="Challan_Mapping_27Q_Testcases" time="2.245" classname="pro.saral.testCases.Challan_Mapping_27Q_Test"/>
  <testcase name="Challan_Mapping_27Q_Testcases" time="0.245" classname="pro.saral.testCases.Challan_Mapping_27Q_Test"/>
  <testcase name="Challan_Mapping_27Q_Testcases" time="2.377" classname="pro.saral.testCases.Challan_Mapping_27Q_Test"/>
  <testcase name="Challan_Mapping_27Q_Testcases" time="2.721" classname="pro.saral.testCases.Challan_Mapping_27Q_Test"/>
  <testcase name="Challan_Mapping_27Q_Testcases" time="0.374" classname="pro.saral.testCases.Challan_Mapping_27Q_Test"/>
  <testcase name="Challan_Mapping_27Q_Testcases" time="2.567" classname="pro.saral.testCases.Challan_Mapping_27Q_Test"/>
  <testcase name="Challan_Mapping_27Q_Testcases" time="0.102" classname="pro.saral.testCases.Challan_Mapping_27Q_Test"/>
  <testcase name="Challan_Mapping_27Q_Testcases" time="0.263" classname="pro.saral.testCases.Challan_Mapping_27Q_Test"/>
  <testcase name="Challan_Mapping_27Q_Testcases" time="0.943" classname="pro.saral.testCases.Challan_Mapping_27Q_Test"/>
  <testcase name="Challan_Mapping_27Q_Testcases" time="0.417" classname="pro.saral.testCases.Challan_Mapping_27Q_Test"/>
  <testcase name="Challan_Mapping_27Q_Testcases" time="2.481" classname="pro.saral.testCases.Challan_Mapping_27Q_Test"/>
  <testcase name="Challan_Mapping_27Q_Testcases" time="2.538" classname="pro.saral.testCases.Challan_Mapping_27Q_Test"/>
  <testcase name="Challan_Mapping_27Q_Testcases" time="2.798" classname="pro.saral.testCases.Challan_Mapping_27Q_Test"/>
  <testcase name="Challan_Mapping_27Q_Testcases" time="2.491" classname="pro.saral.testCases.Challan_Mapping_27Q_Test"/>
  <testcase name="Challan_Mapping_27Q_Testcases" time="2.544" classname="pro.saral.testCases.Challan_Mapping_27Q_Test"/>
  <testcase name="Challan_Mapping_27Q_Testcases" time="2.211" classname="pro.saral.testCases.Challan_Mapping_27Q_Test"/>
  <testcase name="Challan_Mapping_27Q_Testcases" time="2.627" classname="pro.saral.testCases.Challan_Mapping_27Q_Test"/>
  <testcase name="Challan_Mapping_27Q_Testcases" time="2.296" classname="pro.saral.testCases.Challan_Mapping_27Q_Test"/>
  <testcase name="Challan_Mapping_27Q_Testcases" time="2.649" classname="pro.saral.testCases.Challan_Mapping_27Q_Test"/>
  <testcase name="Challan_Mapping_27Q_Testcases" time="2.164" classname="pro.saral.testCases.Challan_Mapping_27Q_Test"/>
  <testcase name="Challan_Mapping_27Q_Testcases" time="2.800" classname="pro.saral.testCases.Challan_Mapping_27Q_Test"/>
  <testcase name="Challan_Mapping_27Q_Testcases" time="0.387" classname="pro.saral.testCases.Challan_Mapping_27Q_Test"/>
  <testcase name="Challan_Mapping_27Q_Testcases" time="2.026" classname="pro.saral.testCases.Challan_Mapping_27Q_Test"/>
  <testcase name="Challan_Mapping_27Q_Testcases" time="2.481" classname="pro.saral.testCases.Challan_Mapping_27Q_Test"/>
  <testcase name="Challan_Mapping_27Q_Testcases" time="2.882" classname="pro.saral.testCases.Challan_Mapping_27Q_Test"/>
  <testcase name="Challan_Mapping_27Q_Testcases" time="0.441" classname="pro.saral.testCases.Challan_Mapping_27Q_Test"/>
  <testcase name="Challan_Mapping_27Q_Testcases" time="2.573" classname="pro.saral.testCases.Challan_Mapping_27Q_Test"/>
  <testcase name="Challan_Mapping_27Q_Testcases" time="2.288" classname="pro.saral.testCases.Challan_Mapping_27Q_Test"/>
  <testcase name="Challan_Mapping_27Q_Testcases" time="0.050" classname="pro.saral.testCases.Challan_Mapping_27Q_Test"/>
  <testcase name="Challan_Mapping_27Q_Testcases" time="2.718" classname="pro.saral.testCases.Challan_Mapping_27Q_Test"/>
  <testcase name="Challan_Mapping_27Q_Testcases" time="2.355" classname="pro.saral.testCases.Challan_Mapping_27Q_Test"/>
  <testcase name="Challan_Mapping_27Q_Testcases" time="2.208" classname="pro.saral.testCases.Challan_Mapping_27Q_Test"/>
  <testcase name="Challan_Mapping_27Q_Testcases" time="2.703" classname="pro.saral.testCases.Challan_Mapping_27Q_Test"/>
  <testcase name="Challan_Mapping_27Q_Testcases" time="0.528" classname="pro.saral.testCases.Challan_Mapping_27Q_Test"/>
  <testcase name="Challan_Mapping_27Q_Testcases" time="0.802" classname="pro.saral.testCases.Challan_Mapping_27Q_Test"/>
  <testcase name="Challan_Mapping_27Q_Testcases" time="2.357" classname="pro.saral.testCases.Challan_Mapping_27Q_Test"/>
  <testcase name="Challan_Mapping_27Q_Testcases" time="0.311" classname="pro.saral.testCases.Challan_Mapping_27Q_Test"/>
  <testcase name="Challan_Mapping_27Q_Testcases" time="2.713" classname="pro.saral.testCases.Challan_Mapping_27Q_Test"/>
  <testcase name="Challan_Mapping_27Q_Testcases" time="0.856" classname="pro.saral.testCases.Challan_Mapping_27Q_Test"/>
  <testcase name="Challan_Mapping_27Q_Testcases" time="0.449" classname="pro.saral.testCases.Challan_Mapping_27Q_Test"/>
  <testcase name="Challan_Mapping_27Q_Testcases" time="2.384" classname="pro.saral.testCases.Challan_Mapping_27Q_Test"/>
  <testcase name="Challan_Mapping_27Q_Testcases" time="0.768" classname="pro.saral.testCases.Challan_Mapping_27Q_Test"/>
  <testcase name="Challan_Mapping_27Q_Testcases" time="3.261" classname="pro.saral.testCases.Challan_Mapping_27Q_Test"/>
  <testcase name="Challan_Mapping_27Q_Testcases" time="0.182" classname="pro.saral.testCases.Challan_Mapping_27Q_Test"/>
  <testcase name="Challan_Mapping_27Q_Testcases" time="2.314" classname="pro.saral.testCases.Challan_Mapping_27Q_Test"/>
  <testcase name="Challan_Mapping_27Q_Testcases" time="0.267" classname="pro.saral.testCases.Challan_Mapping_27Q_Test"/>
  <testcase name="Challan_Mapping_27Q_Testcases" time="0.605" classname="pro.saral.testCases.Challan_Mapping_27Q_Test"/>
  <testcase name="Challan_Mapping_27Q_Testcases" time="2.480" classname="pro.saral.testCases.Challan_Mapping_27Q_Test"/>
  <testcase name="Challan_Mapping_27Q_Testcases" time="2.482" classname="pro.saral.testCases.Challan_Mapping_27Q_Test"/>
  <testcase name="Challan_Mapping_27Q_Testcases" time="2.411" classname="pro.saral.testCases.Challan_Mapping_27Q_Test"/>
  <testcase name="Challan_Mapping_27Q_Testcases" time="0.450" classname="pro.saral.testCases.Challan_Mapping_27Q_Test"/>
  <testcase name="Challan_Mapping_27Q_Testcases" time="2.206" classname="pro.saral.testCases.Challan_Mapping_27Q_Test"/>
  <testcase name="Challan_Mapping_27Q_Testcases" time="2.727" classname="pro.saral.testCases.Challan_Mapping_27Q_Test"/>
  <testcase name="Challan_Mapping_27Q_Testcases" time="0.469" classname="pro.saral.testCases.Challan_Mapping_27Q_Test"/>
  <testcase name="Challan_Mapping_27Q_Testcases" time="2.480" classname="pro.saral.testCases.Challan_Mapping_27Q_Test"/>
  <testcase name="Challan_Mapping_27Q_Testcases" time="2.298" classname="pro.saral.testCases.Challan_Mapping_27Q_Test"/>
  <testcase name="Challan_Mapping_27Q_Testcases" time="3.031" classname="pro.saral.testCases.Challan_Mapping_27Q_Test"/>
  <testcase name="Challan_Mapping_27Q_Testcases" time="0.014" classname="pro.saral.testCases.Challan_Mapping_27Q_Test"/>
  <testcase name="Challan_Mapping_27Q_Testcases" time="0.278" classname="pro.saral.testCases.Challan_Mapping_27Q_Test"/>
  <testcase name="Challan_Mapping_27Q_Testcases" time="0.015" classname="pro.saral.testCases.Challan_Mapping_27Q_Test"/>
  <testcase name="Challan_Mapping_27Q_Testcases" time="2.540" classname="pro.saral.testCases.Challan_Mapping_27Q_Test"/>
  <testcase name="Challan_Mapping_27Q_Testcases" time="2.230" classname="pro.saral.testCases.Challan_Mapping_27Q_Test"/>
  <testcase name="Challan_Mapping_27Q_Testcases" time="2.818" classname="pro.saral.testCases.Challan_Mapping_27Q_Test"/>
  <testcase name="Challan_Mapping_27Q_Testcases" time="2.856" classname="pro.saral.testCases.Challan_Mapping_27Q_Test"/>
  <testcase name="Challan_Mapping_27Q_Testcases" time="0.435" classname="pro.saral.testCases.Challan_Mapping_27Q_Test"/>
  <testcase name="Challan_Mapping_27Q_Testcases" time="2.331" classname="pro.saral.testCases.Challan_Mapping_27Q_Test"/>
  <testcase name="Challan_Mapping_27Q_Testcases" time="2.291" classname="pro.saral.testCases.Challan_Mapping_27Q_Test"/>
  <testcase name="Challan_Mapping_27Q_Testcases" time="0.236" classname="pro.saral.testCases.Challan_Mapping_27Q_Test"/>
  <testcase name="Challan_Mapping_27Q_Testcases" time="2.648" classname="pro.saral.testCases.Challan_Mapping_27Q_Test"/>
  <testcase name="Challan_Mapping_27Q_Testcases" time="0.418" classname="pro.saral.testCases.Challan_Mapping_27Q_Test"/>
  <testcase name="Challan_Mapping_27Q_Testcases" time="2.523" classname="pro.saral.testCases.Challan_Mapping_27Q_Test"/>
  <testcase name="Challan_Mapping_27Q_Testcases" time="0.118" classname="pro.saral.testCases.Challan_Mapping_27Q_Test"/>
  <testcase name="Challan_Mapping_27Q_Testcases" time="2.339" classname="pro.saral.testCases.Challan_Mapping_27Q_Test"/>
  <testcase name="Challan_Mapping_27Q_Testcases" time="0.118" classname="pro.saral.testCases.Challan_Mapping_27Q_Test"/>
  <testcase name="Challan_Mapping_27Q_Testcases" time="0.643" classname="pro.saral.testCases.Challan_Mapping_27Q_Test"/>
  <testcase name="Challan_Mapping_27Q_Testcases" time="2.841" classname="pro.saral.testCases.Challan_Mapping_27Q_Test"/>
  <testcase name="Challan_Mapping_27Q_Testcases" time="2.367" classname="pro.saral.testCases.Challan_Mapping_27Q_Test"/>
  <testcase name="Challan_Mapping_27Q_Testcases" time="2.212" classname="pro.saral.testCases.Challan_Mapping_27Q_Test"/>
  <testcase name="Challan_Mapping_27Q_Testcases" time="2.489" classname="pro.saral.testCases.Challan_Mapping_27Q_Test"/>
  <testcase name="Challan_Mapping_27Q_Testcases" time="2.523" classname="pro.saral.testCases.Challan_Mapping_27Q_Test"/>
  <testcase name="Challan_Mapping_27Q_Testcases" time="0.400" classname="pro.saral.testCases.Challan_Mapping_27Q_Test"/>
  <testcase name="Challan_Mapping_27Q_Testcases" time="2.921" classname="pro.saral.testCases.Challan_Mapping_27Q_Test"/>
</testsuite> <!-- pro.saral.testCases.Challan_Mapping_27Q_Test -->
