<?xml version="1.0" encoding="UTF-8"?>
<!-- Generated by org.testng.reporters.JUnitReportReporter -->
<testsuite hostname="Darshan" name="pro.saral.testCases.Predict_Default_27Q_Test" tests="66" failures="0" timestamp="28 Oct 2022 11:43:52 GMT" time="140.017" errors="0">
  <testcase name="PredictDefault_27Q_Testcases" time="0.113" classname="pro.saral.testCases.Predict_Default_27Q_Test"/>
  <testcase name="PredictDefault_27Q_Testcases" time="1.731" classname="pro.saral.testCases.Predict_Default_27Q_Test"/>
  <testcase name="PredictDefault_27Q_Testcases" time="2.629" classname="pro.saral.testCases.Predict_Default_27Q_Test"/>
  <testcase name="PredictDefault_27Q_Testcases" time="2.705" classname="pro.saral.testCases.Predict_Default_27Q_Test"/>
  <testcase name="PredictDefault_27Q_Testcases" time="0.059" classname="pro.saral.testCases.Predict_Default_27Q_Test"/>
  <testcase name="PredictDefault_27Q_Testcases" time="0.065" classname="pro.saral.testCases.Predict_Default_27Q_Test"/>
  <testcase name="PredictDefault_27Q_Testcases" time="2.238" classname="pro.saral.testCases.Predict_Default_27Q_Test"/>
  <testcase name="PredictDefault_27Q_Testcases" time="0.082" classname="pro.saral.testCases.Predict_Default_27Q_Test"/>
  <testcase name="PredictDefault_27Q_Testcases" time="0.060" classname="pro.saral.testCases.Predict_Default_27Q_Test"/>
  <testcase name="PredictDefault_27Q_Testcases" time="0.016" classname="pro.saral.testCases.Predict_Default_27Q_Test"/>
  <testcase name="PredictDefault_27Q_Testcases" time="2.754" classname="pro.saral.testCases.Predict_Default_27Q_Test"/>
  <testcase name="PredictDefault_27Q_Testcases" time="0.121" classname="pro.saral.testCases.Predict_Default_27Q_Test"/>
  <testcase name="PredictDefault_27Q_Testcases" time="2.285" classname="pro.saral.testCases.Predict_Default_27Q_Test"/>
  <testcase name="PredictDefault_27Q_Testcases" time="2.802" classname="pro.saral.testCases.Predict_Default_27Q_Test"/>
  <testcase name="PredictDefault_27Q_Testcases" time="2.322" classname="pro.saral.testCases.Predict_Default_27Q_Test"/>
  <testcase name="PredictDefault_27Q_Testcases" time="2.467" classname="pro.saral.testCases.Predict_Default_27Q_Test"/>
  <testcase name="PredictDefault_27Q_Testcases" time="2.717" classname="pro.saral.testCases.Predict_Default_27Q_Test"/>
  <testcase name="PredictDefault_27Q_Testcases" time="2.590" classname="pro.saral.testCases.Predict_Default_27Q_Test"/>
  <testcase name="PredictDefault_27Q_Testcases" time="2.440" classname="pro.saral.testCases.Predict_Default_27Q_Test"/>
  <testcase name="PredictDefault_27Q_Testcases" time="2.315" classname="pro.saral.testCases.Predict_Default_27Q_Test"/>
  <testcase name="PredictDefault_27Q_Testcases" time="0.150" classname="pro.saral.testCases.Predict_Default_27Q_Test"/>
  <testcase name="PredictDefault_27Q_Testcases" time="2.284" classname="pro.saral.testCases.Predict_Default_27Q_Test"/>
  <testcase name="PredictDefault_27Q_Testcases" time="2.425" classname="pro.saral.testCases.Predict_Default_27Q_Test"/>
  <testcase name="PredictDefault_27Q_Testcases" time="2.256" classname="pro.saral.testCases.Predict_Default_27Q_Test"/>
  <testcase name="PredictDefault_27Q_Testcases" time="0.191" classname="pro.saral.testCases.Predict_Default_27Q_Test"/>
  <testcase name="PredictDefault_27Q_Testcases" time="2.225" classname="pro.saral.testCases.Predict_Default_27Q_Test"/>
  <testcase name="PredictDefault_27Q_Testcases" time="2.165" classname="pro.saral.testCases.Predict_Default_27Q_Test"/>
  <testcase name="PredictDefault_27Q_Testcases" time="0.239" classname="pro.saral.testCases.Predict_Default_27Q_Test"/>
  <testcase name="PredictDefault_27Q_Testcases" time="2.262" classname="pro.saral.testCases.Predict_Default_27Q_Test"/>
  <testcase name="PredictDefault_27Q_Testcases" time="2.168" classname="pro.saral.testCases.Predict_Default_27Q_Test"/>
  <testcase name="PredictDefault_27Q_Testcases" time="2.655" classname="pro.saral.testCases.Predict_Default_27Q_Test"/>
  <testcase name="PredictDefault_27Q_Testcases" time="2.278" classname="pro.saral.testCases.Predict_Default_27Q_Test"/>
  <testcase name="PredictDefault_27Q_Testcases" time="2.622" classname="pro.saral.testCases.Predict_Default_27Q_Test"/>
  <testcase name="PredictDefault_27Q_Testcases" time="2.268" classname="pro.saral.testCases.Predict_Default_27Q_Test"/>
  <testcase name="PredictDefault_27Q_Testcases" time="35.254" classname="pro.saral.testCases.Predict_Default_27Q_Test"/>
  <testcase name="PredictDefault_27Q_Testcases" time="2.164" classname="pro.saral.testCases.Predict_Default_27Q_Test"/>
  <testcase name="PredictDefault_27Q_Testcases" time="2.607" classname="pro.saral.testCases.Predict_Default_27Q_Test"/>
  <testcase name="PredictDefault_27Q_Testcases" time="0.106" classname="pro.saral.testCases.Predict_Default_27Q_Test"/>
  <testcase name="PredictDefault_27Q_Testcases" time="2.736" classname="pro.saral.testCases.Predict_Default_27Q_Test"/>
  <testcase name="PredictDefault_27Q_Testcases" time="2.091" classname="pro.saral.testCases.Predict_Default_27Q_Test"/>
  <testcase name="PredictDefault_27Q_Testcases" time="2.229" classname="pro.saral.testCases.Predict_Default_27Q_Test"/>
  <testcase name="PredictDefault_27Q_Testcases" time="0.020" classname="pro.saral.testCases.Predict_Default_27Q_Test"/>
  <testcase name="PredictDefault_27Q_Testcases" time="2.253" classname="pro.saral.testCases.Predict_Default_27Q_Test"/>
  <testcase name="PredictDefault_27Q_Testcases" time="2.340" classname="pro.saral.testCases.Predict_Default_27Q_Test"/>
  <testcase name="PredictDefault_27Q_Testcases" time="2.215" classname="pro.saral.testCases.Predict_Default_27Q_Test"/>
  <testcase name="PredictDefault_27Q_Testcases" time="0.178" classname="pro.saral.testCases.Predict_Default_27Q_Test"/>
  <testcase name="PredictDefault_27Q_Testcases" time="2.312" classname="pro.saral.testCases.Predict_Default_27Q_Test"/>
  <testcase name="PredictDefault_27Q_Testcases" time="0.683" classname="pro.saral.testCases.Predict_Default_27Q_Test"/>
  <testcase name="PredictDefault_27Q_Testcases" time="2.295" classname="pro.saral.testCases.Predict_Default_27Q_Test"/>
  <testcase name="PredictDefault_27Q_Testcases" time="0.182" classname="pro.saral.testCases.Predict_Default_27Q_Test"/>
  <testcase name="PredictDefault_27Q_Testcases" time="2.373" classname="pro.saral.testCases.Predict_Default_27Q_Test"/>
  <testcase name="PredictDefault_27Q_Testcases" time="2.278" classname="pro.saral.testCases.Predict_Default_27Q_Test"/>
  <testcase name="PredictDefault_27Q_Testcases" time="0.125" classname="pro.saral.testCases.Predict_Default_27Q_Test"/>
  <testcase name="PredictDefault_27Q_Testcases" time="2.426" classname="pro.saral.testCases.Predict_Default_27Q_Test"/>
  <testcase name="PredictDefault_27Q_Testcases" time="0.050" classname="pro.saral.testCases.Predict_Default_27Q_Test"/>
  <testcase name="PredictDefault_27Q_Testcases" time="0.018" classname="pro.saral.testCases.Predict_Default_27Q_Test"/>
  <testcase name="PredictDefault_27Q_Testcases" time="0.066" classname="pro.saral.testCases.Predict_Default_27Q_Test"/>
  <testcase name="PredictDefault_27Q_Testcases" time="2.254" classname="pro.saral.testCases.Predict_Default_27Q_Test"/>
  <testcase name="PredictDefault_27Q_Testcases" time="0.108" classname="pro.saral.testCases.Predict_Default_27Q_Test"/>
  <testcase name="PredictDefault_27Q_Testcases" time="2.293" classname="pro.saral.testCases.Predict_Default_27Q_Test"/>
  <testcase name="PredictDefault_27Q_Testcases" time="2.269" classname="pro.saral.testCases.Predict_Default_27Q_Test"/>
  <testcase name="PredictDefault_27Q_Testcases" time="2.185" classname="pro.saral.testCases.Predict_Default_27Q_Test"/>
  <testcase name="PredictDefault_27Q_Testcases" time="2.368" classname="pro.saral.testCases.Predict_Default_27Q_Test"/>
  <testcase name="PredictDefault_27Q_Testcases" time="0.115" classname="pro.saral.testCases.Predict_Default_27Q_Test"/>
  <testcase name="PredictDefault_27Q_Testcases" time="0.136" classname="pro.saral.testCases.Predict_Default_27Q_Test"/>
  <testcase name="PredictDefault_27Q_Testcases" time="2.589" classname="pro.saral.testCases.Predict_Default_27Q_Test"/>
</testsuite> <!-- pro.saral.testCases.Predict_Default_27Q_Test -->
