<?xml version="1.0" encoding="UTF-8"?>
<!-- Generated by org.testng.reporters.JUnitReportReporter -->
<testsuite hostname="Darshan" name="pro.saral.testCases.Ereturn_27Q_Test" tests="100" failures="0" timestamp="28 Oct 2022 11:51:52 GMT" time="235.497" errors="0">
  <testcase name="Ereturn_27Q_Testcases" time="2.174" classname="pro.saral.testCases.Ereturn_27Q_Test"/>
  <testcase name="Ereturn_27Q_Testcases" time="2.831" classname="pro.saral.testCases.Ereturn_27Q_Test"/>
  <testcase name="Ereturn_27Q_Testcases" time="2.570" classname="pro.saral.testCases.Ereturn_27Q_Test"/>
  <testcase name="Ereturn_27Q_Testcases" time="0.182" classname="pro.saral.testCases.Ereturn_27Q_Test"/>
  <testcase name="Ereturn_27Q_Testcases" time="0.012" classname="pro.saral.testCases.Ereturn_27Q_Test"/>
  <testcase name="Ereturn_27Q_Testcases" time="2.263" classname="pro.saral.testCases.Ereturn_27Q_Test"/>
  <testcase name="Ereturn_27Q_Testcases" time="2.991" classname="pro.saral.testCases.Ereturn_27Q_Test"/>
  <testcase name="Ereturn_27Q_Testcases" time="0.414" classname="pro.saral.testCases.Ereturn_27Q_Test"/>
  <testcase name="Ereturn_27Q_Testcases" time="0.129" classname="pro.saral.testCases.Ereturn_27Q_Test"/>
  <testcase name="Ereturn_27Q_Testcases" time="2.552" classname="pro.saral.testCases.Ereturn_27Q_Test"/>
  <testcase name="Ereturn_27Q_Testcases" time="2.420" classname="pro.saral.testCases.Ereturn_27Q_Test"/>
  <testcase name="Ereturn_27Q_Testcases" time="2.283" classname="pro.saral.testCases.Ereturn_27Q_Test"/>
  <testcase name="Ereturn_27Q_Testcases" time="2.624" classname="pro.saral.testCases.Ereturn_27Q_Test"/>
  <testcase name="Ereturn_27Q_Testcases" time="0.167" classname="pro.saral.testCases.Ereturn_27Q_Test"/>
  <testcase name="Ereturn_27Q_Testcases" time="2.521" classname="pro.saral.testCases.Ereturn_27Q_Test"/>
  <testcase name="Ereturn_27Q_Testcases" time="2.220" classname="pro.saral.testCases.Ereturn_27Q_Test"/>
  <testcase name="Ereturn_27Q_Testcases" time="2.782" classname="pro.saral.testCases.Ereturn_27Q_Test"/>
  <testcase name="Ereturn_27Q_Testcases" time="2.669" classname="pro.saral.testCases.Ereturn_27Q_Test"/>
  <testcase name="Ereturn_27Q_Testcases" time="35.397" classname="pro.saral.testCases.Ereturn_27Q_Test"/>
  <testcase name="Ereturn_27Q_Testcases" time="0.316" classname="pro.saral.testCases.Ereturn_27Q_Test"/>
  <testcase name="Ereturn_27Q_Testcases" time="3.577" classname="pro.saral.testCases.Ereturn_27Q_Test"/>
  <testcase name="Ereturn_27Q_Testcases" time="2.308" classname="pro.saral.testCases.Ereturn_27Q_Test"/>
  <testcase name="Ereturn_27Q_Testcases" time="2.434" classname="pro.saral.testCases.Ereturn_27Q_Test"/>
  <testcase name="Ereturn_27Q_Testcases" time="1.092" classname="pro.saral.testCases.Ereturn_27Q_Test"/>
  <testcase name="Ereturn_27Q_Testcases" time="2.413" classname="pro.saral.testCases.Ereturn_27Q_Test"/>
  <testcase name="Ereturn_27Q_Testcases" time="0.277" classname="pro.saral.testCases.Ereturn_27Q_Test"/>
  <testcase name="Ereturn_27Q_Testcases" time="2.731" classname="pro.saral.testCases.Ereturn_27Q_Test"/>
  <testcase name="Ereturn_27Q_Testcases" time="2.250" classname="pro.saral.testCases.Ereturn_27Q_Test"/>
  <testcase name="Ereturn_27Q_Testcases" time="0.832" classname="pro.saral.testCases.Ereturn_27Q_Test"/>
  <testcase name="Ereturn_27Q_Testcases" time="2.471" classname="pro.saral.testCases.Ereturn_27Q_Test"/>
  <testcase name="Ereturn_27Q_Testcases" time="2.347" classname="pro.saral.testCases.Ereturn_27Q_Test"/>
  <testcase name="Ereturn_27Q_Testcases" time="2.313" classname="pro.saral.testCases.Ereturn_27Q_Test"/>
  <testcase name="Ereturn_27Q_Testcases" time="2.332" classname="pro.saral.testCases.Ereturn_27Q_Test"/>
  <testcase name="Ereturn_27Q_Testcases" time="2.189" classname="pro.saral.testCases.Ereturn_27Q_Test"/>
  <testcase name="Ereturn_27Q_Testcases" time="2.903" classname="pro.saral.testCases.Ereturn_27Q_Test"/>
  <testcase name="Ereturn_27Q_Testcases" time="2.713" classname="pro.saral.testCases.Ereturn_27Q_Test"/>
  <testcase name="Ereturn_27Q_Testcases" time="2.293" classname="pro.saral.testCases.Ereturn_27Q_Test"/>
  <testcase name="Ereturn_27Q_Testcases" time="2.523" classname="pro.saral.testCases.Ereturn_27Q_Test"/>
  <testcase name="Ereturn_27Q_Testcases" time="0.156" classname="pro.saral.testCases.Ereturn_27Q_Test"/>
  <testcase name="Ereturn_27Q_Testcases" time="0.059" classname="pro.saral.testCases.Ereturn_27Q_Test"/>
  <testcase name="Ereturn_27Q_Testcases" time="7.299" classname="pro.saral.testCases.Ereturn_27Q_Test"/>
  <testcase name="Ereturn_27Q_Testcases" time="0.308" classname="pro.saral.testCases.Ereturn_27Q_Test"/>
  <testcase name="Ereturn_27Q_Testcases" time="2.307" classname="pro.saral.testCases.Ereturn_27Q_Test"/>
  <testcase name="Ereturn_27Q_Testcases" time="2.154" classname="pro.saral.testCases.Ereturn_27Q_Test"/>
  <testcase name="Ereturn_27Q_Testcases" time="2.642" classname="pro.saral.testCases.Ereturn_27Q_Test"/>
  <testcase name="Ereturn_27Q_Testcases" time="2.335" classname="pro.saral.testCases.Ereturn_27Q_Test"/>
  <testcase name="Ereturn_27Q_Testcases" time="6.285" classname="pro.saral.testCases.Ereturn_27Q_Test"/>
  <testcase name="Ereturn_27Q_Testcases" time="0.060" classname="pro.saral.testCases.Ereturn_27Q_Test"/>
  <testcase name="Ereturn_27Q_Testcases" time="2.667" classname="pro.saral.testCases.Ereturn_27Q_Test"/>
  <testcase name="Ereturn_27Q_Testcases" time="2.454" classname="pro.saral.testCases.Ereturn_27Q_Test"/>
  <testcase name="Ereturn_27Q_Testcases" time="0.663" classname="pro.saral.testCases.Ereturn_27Q_Test"/>
  <testcase name="Ereturn_27Q_Testcases" time="2.336" classname="pro.saral.testCases.Ereturn_27Q_Test"/>
  <testcase name="Ereturn_27Q_Testcases" time="2.698" classname="pro.saral.testCases.Ereturn_27Q_Test"/>
  <testcase name="Ereturn_27Q_Testcases" time="2.496" classname="pro.saral.testCases.Ereturn_27Q_Test"/>
  <testcase name="Ereturn_27Q_Testcases" time="2.539" classname="pro.saral.testCases.Ereturn_27Q_Test"/>
  <testcase name="Ereturn_27Q_Testcases" time="2.238" classname="pro.saral.testCases.Ereturn_27Q_Test"/>
  <testcase name="Ereturn_27Q_Testcases" time="2.597" classname="pro.saral.testCases.Ereturn_27Q_Test"/>
  <testcase name="Ereturn_27Q_Testcases" time="2.216" classname="pro.saral.testCases.Ereturn_27Q_Test"/>
  <testcase name="Ereturn_27Q_Testcases" time="0.081" classname="pro.saral.testCases.Ereturn_27Q_Test"/>
  <testcase name="Ereturn_27Q_Testcases" time="1.042" classname="pro.saral.testCases.Ereturn_27Q_Test"/>
  <testcase name="Ereturn_27Q_Testcases" time="0.352" classname="pro.saral.testCases.Ereturn_27Q_Test"/>
  <testcase name="Ereturn_27Q_Testcases" time="10.017" classname="pro.saral.testCases.Ereturn_27Q_Test"/>
  <testcase name="Ereturn_27Q_Testcases" time="0.017" classname="pro.saral.testCases.Ereturn_27Q_Test"/>
  <testcase name="Ereturn_27Q_Testcases" time="2.631" classname="pro.saral.testCases.Ereturn_27Q_Test"/>
  <testcase name="Ereturn_27Q_Testcases" time="0.138" classname="pro.saral.testCases.Ereturn_27Q_Test"/>
  <testcase name="Ereturn_27Q_Testcases" time="2.517" classname="pro.saral.testCases.Ereturn_27Q_Test"/>
  <testcase name="Ereturn_27Q_Testcases" time="2.323" classname="pro.saral.testCases.Ereturn_27Q_Test"/>
  <testcase name="Ereturn_27Q_Testcases" time="0.045" classname="pro.saral.testCases.Ereturn_27Q_Test"/>
  <testcase name="Ereturn_27Q_Testcases" time="2.468" classname="pro.saral.testCases.Ereturn_27Q_Test"/>
  <testcase name="Ereturn_27Q_Testcases" time="2.778" classname="pro.saral.testCases.Ereturn_27Q_Test"/>
  <testcase name="Ereturn_27Q_Testcases" time="2.619" classname="pro.saral.testCases.Ereturn_27Q_Test"/>
  <testcase name="Ereturn_27Q_Testcases" time="0.129" classname="pro.saral.testCases.Ereturn_27Q_Test"/>
  <testcase name="Ereturn_27Q_Testcases" time="2.671" classname="pro.saral.testCases.Ereturn_27Q_Test"/>
  <testcase name="Ereturn_27Q_Testcases" time="2.157" classname="pro.saral.testCases.Ereturn_27Q_Test"/>
  <testcase name="Ereturn_27Q_Testcases" time="2.461" classname="pro.saral.testCases.Ereturn_27Q_Test"/>
  <testcase name="Ereturn_27Q_Testcases" time="2.261" classname="pro.saral.testCases.Ereturn_27Q_Test"/>
  <testcase name="Ereturn_27Q_Testcases" time="2.242" classname="pro.saral.testCases.Ereturn_27Q_Test"/>
  <testcase name="Ereturn_27Q_Testcases" time="2.223" classname="pro.saral.testCases.Ereturn_27Q_Test"/>
  <testcase name="Ereturn_27Q_Testcases" time="2.382" classname="pro.saral.testCases.Ereturn_27Q_Test"/>
  <testcase name="Ereturn_27Q_Testcases" time="2.511" classname="pro.saral.testCases.Ereturn_27Q_Test"/>
  <testcase name="Ereturn_27Q_Testcases" time="2.437" classname="pro.saral.testCases.Ereturn_27Q_Test"/>
  <testcase name="Ereturn_27Q_Testcases" time="0.239" classname="pro.saral.testCases.Ereturn_27Q_Test"/>
  <testcase name="Ereturn_27Q_Testcases" time="2.240" classname="pro.saral.testCases.Ereturn_27Q_Test"/>
  <testcase name="Ereturn_27Q_Testcases" time="0.044" classname="pro.saral.testCases.Ereturn_27Q_Test"/>
  <testcase name="Ereturn_27Q_Testcases" time="0.042" classname="pro.saral.testCases.Ereturn_27Q_Test"/>
  <testcase name="Ereturn_27Q_Testcases" time="2.355" classname="pro.saral.testCases.Ereturn_27Q_Test"/>
  <testcase name="Ereturn_27Q_Testcases" time="6.443" classname="pro.saral.testCases.Ereturn_27Q_Test"/>
  <testcase name="Ereturn_27Q_Testcases" time="0.140" classname="pro.saral.testCases.Ereturn_27Q_Test"/>
  <testcase name="Ereturn_27Q_Testcases" time="2.274" classname="pro.saral.testCases.Ereturn_27Q_Test"/>
  <testcase name="Ereturn_27Q_Testcases" time="2.980" classname="pro.saral.testCases.Ereturn_27Q_Test"/>
  <testcase name="Ereturn_27Q_Testcases" time="2.255" classname="pro.saral.testCases.Ereturn_27Q_Test"/>
  <testcase name="Ereturn_27Q_Testcases" time="2.160" classname="pro.saral.testCases.Ereturn_27Q_Test"/>
  <testcase name="Ereturn_27Q_Testcases" time="0.147" classname="pro.saral.testCases.Ereturn_27Q_Test"/>
  <testcase name="Ereturn_27Q_Testcases" time="0.208" classname="pro.saral.testCases.Ereturn_27Q_Test"/>
  <testcase name="Ereturn_27Q_Testcases" time="2.266" classname="pro.saral.testCases.Ereturn_27Q_Test"/>
  <testcase name="Ereturn_27Q_Testcases" time="2.300" classname="pro.saral.testCases.Ereturn_27Q_Test"/>
  <testcase name="Ereturn_27Q_Testcases" time="0.109" classname="pro.saral.testCases.Ereturn_27Q_Test"/>
  <testcase name="Ereturn_27Q_Testcases" time="0.050" classname="pro.saral.testCases.Ereturn_27Q_Test"/>
  <testcase name="Ereturn_27Q_Testcases" time="2.536" classname="pro.saral.testCases.Ereturn_27Q_Test"/>
  <testcase name="Ereturn_27Q_Testcases" time="2.183" classname="pro.saral.testCases.Ereturn_27Q_Test"/>
</testsuite> <!-- pro.saral.testCases.Ereturn_27Q_Test -->
