<?xml version="1.0" encoding="UTF-8"?>
<!-- Generated by org.testng.reporters.JUnitReportReporter -->
<testsuite hostname="Darshan" name="pro.saral.testCases.Challan_Mapping_24Q_Test" tests="207" failures="0" timestamp="28 Oct 2022 10:31:42 GMT" time="352.004" errors="0">
  <testcase name="Challan_Mapping_24Q_Testcases" time="2.483" classname="pro.saral.testCases.Challan_Mapping_24Q_Test"/>
  <testcase name="Challan_Mapping_24Q_Testcases" time="0.561" classname="pro.saral.testCases.Challan_Mapping_24Q_Test"/>
  <testcase name="Challan_Mapping_24Q_Testcases" time="2.667" classname="pro.saral.testCases.Challan_Mapping_24Q_Test"/>
  <testcase name="Challan_Mapping_24Q_Testcases" time="0.273" classname="pro.saral.testCases.Challan_Mapping_24Q_Test"/>
  <testcase name="Challan_Mapping_24Q_Testcases" time="2.541" classname="pro.saral.testCases.Challan_Mapping_24Q_Test"/>
  <testcase name="Challan_Mapping_24Q_Testcases" time="0.308" classname="pro.saral.testCases.Challan_Mapping_24Q_Test"/>
  <testcase name="Challan_Mapping_24Q_Testcases" time="0.159" classname="pro.saral.testCases.Challan_Mapping_24Q_Test"/>
  <testcase name="Challan_Mapping_24Q_Testcases" time="0.104" classname="pro.saral.testCases.Challan_Mapping_24Q_Test"/>
  <testcase name="Challan_Mapping_24Q_Testcases" time="2.213" classname="pro.saral.testCases.Challan_Mapping_24Q_Test"/>
  <testcase name="Challan_Mapping_24Q_Testcases" time="0.782" classname="pro.saral.testCases.Challan_Mapping_24Q_Test"/>
  <testcase name="Challan_Mapping_24Q_Testcases" time="2.610" classname="pro.saral.testCases.Challan_Mapping_24Q_Test"/>
  <testcase name="Challan_Mapping_24Q_Testcases" time="0.396" classname="pro.saral.testCases.Challan_Mapping_24Q_Test"/>
  <testcase name="Challan_Mapping_24Q_Testcases" time="2.562" classname="pro.saral.testCases.Challan_Mapping_24Q_Test"/>
  <testcase name="Challan_Mapping_24Q_Testcases" time="2.626" classname="pro.saral.testCases.Challan_Mapping_24Q_Test"/>
  <testcase name="Challan_Mapping_24Q_Testcases" time="2.209" classname="pro.saral.testCases.Challan_Mapping_24Q_Test"/>
  <testcase name="Challan_Mapping_24Q_Testcases" time="0.052" classname="pro.saral.testCases.Challan_Mapping_24Q_Test"/>
  <testcase name="Challan_Mapping_24Q_Testcases" time="0.513" classname="pro.saral.testCases.Challan_Mapping_24Q_Test"/>
  <testcase name="Challan_Mapping_24Q_Testcases" time="0.032" classname="pro.saral.testCases.Challan_Mapping_24Q_Test"/>
  <testcase name="Challan_Mapping_24Q_Testcases" time="2.232" classname="pro.saral.testCases.Challan_Mapping_24Q_Test"/>
  <testcase name="Challan_Mapping_24Q_Testcases" time="2.207" classname="pro.saral.testCases.Challan_Mapping_24Q_Test"/>
  <testcase name="Challan_Mapping_24Q_Testcases" time="2.250" classname="pro.saral.testCases.Challan_Mapping_24Q_Test"/>
  <testcase name="Challan_Mapping_24Q_Testcases" time="2.764" classname="pro.saral.testCases.Challan_Mapping_24Q_Test"/>
  <testcase name="Challan_Mapping_24Q_Testcases" time="2.428" classname="pro.saral.testCases.Challan_Mapping_24Q_Test"/>
  <testcase name="Challan_Mapping_24Q_Testcases" time="0.265" classname="pro.saral.testCases.Challan_Mapping_24Q_Test"/>
  <testcase name="Challan_Mapping_24Q_Testcases" time="2.486" classname="pro.saral.testCases.Challan_Mapping_24Q_Test"/>
  <testcase name="Challan_Mapping_24Q_Testcases" time="0.023" classname="pro.saral.testCases.Challan_Mapping_24Q_Test"/>
  <testcase name="Challan_Mapping_24Q_Testcases" time="0.320" classname="pro.saral.testCases.Challan_Mapping_24Q_Test"/>
  <testcase name="Challan_Mapping_24Q_Testcases" time="2.649" classname="pro.saral.testCases.Challan_Mapping_24Q_Test"/>
  <testcase name="Challan_Mapping_24Q_Testcases" time="2.232" classname="pro.saral.testCases.Challan_Mapping_24Q_Test"/>
  <testcase name="Challan_Mapping_24Q_Testcases" time="2.634" classname="pro.saral.testCases.Challan_Mapping_24Q_Test"/>
  <testcase name="Challan_Mapping_24Q_Testcases" time="0.196" classname="pro.saral.testCases.Challan_Mapping_24Q_Test"/>
  <testcase name="Challan_Mapping_24Q_Testcases" time="2.055" classname="pro.saral.testCases.Challan_Mapping_24Q_Test"/>
  <testcase name="Challan_Mapping_24Q_Testcases" time="0.372" classname="pro.saral.testCases.Challan_Mapping_24Q_Test"/>
  <testcase name="Challan_Mapping_24Q_Testcases" time="2.243" classname="pro.saral.testCases.Challan_Mapping_24Q_Test"/>
  <testcase name="Challan_Mapping_24Q_Testcases" time="0.137" classname="pro.saral.testCases.Challan_Mapping_24Q_Test"/>
  <testcase name="Challan_Mapping_24Q_Testcases" time="0.020" classname="pro.saral.testCases.Challan_Mapping_24Q_Test"/>
  <testcase name="Challan_Mapping_24Q_Testcases" time="2.578" classname="pro.saral.testCases.Challan_Mapping_24Q_Test"/>
  <testcase name="Challan_Mapping_24Q_Testcases" time="2.360" classname="pro.saral.testCases.Challan_Mapping_24Q_Test"/>
  <testcase name="Challan_Mapping_24Q_Testcases" time="2.902" classname="pro.saral.testCases.Challan_Mapping_24Q_Test"/>
  <testcase name="Challan_Mapping_24Q_Testcases" time="0.018" classname="pro.saral.testCases.Challan_Mapping_24Q_Test"/>
  <testcase name="Challan_Mapping_24Q_Testcases" time="0.309" classname="pro.saral.testCases.Challan_Mapping_24Q_Test"/>
  <testcase name="Challan_Mapping_24Q_Testcases" time="3.210" classname="pro.saral.testCases.Challan_Mapping_24Q_Test"/>
  <testcase name="Challan_Mapping_24Q_Testcases" time="0.139" classname="pro.saral.testCases.Challan_Mapping_24Q_Test"/>
  <testcase name="Challan_Mapping_24Q_Testcases" time="0.333" classname="pro.saral.testCases.Challan_Mapping_24Q_Test"/>
  <testcase name="Challan_Mapping_24Q_Testcases" time="2.258" classname="pro.saral.testCases.Challan_Mapping_24Q_Test"/>
  <testcase name="Challan_Mapping_24Q_Testcases" time="3.117" classname="pro.saral.testCases.Challan_Mapping_24Q_Test"/>
  <testcase name="Challan_Mapping_24Q_Testcases" time="0.358" classname="pro.saral.testCases.Challan_Mapping_24Q_Test"/>
  <testcase name="Challan_Mapping_24Q_Testcases" time="2.234" classname="pro.saral.testCases.Challan_Mapping_24Q_Test"/>
  <testcase name="Challan_Mapping_24Q_Testcases" time="2.801" classname="pro.saral.testCases.Challan_Mapping_24Q_Test"/>
  <testcase name="Challan_Mapping_24Q_Testcases" time="2.690" classname="pro.saral.testCases.Challan_Mapping_24Q_Test"/>
  <testcase name="Challan_Mapping_24Q_Testcases" time="2.222" classname="pro.saral.testCases.Challan_Mapping_24Q_Test"/>
  <testcase name="Challan_Mapping_24Q_Testcases" time="0.596" classname="pro.saral.testCases.Challan_Mapping_24Q_Test"/>
  <testcase name="Challan_Mapping_24Q_Testcases" time="0.024" classname="pro.saral.testCases.Challan_Mapping_24Q_Test"/>
  <testcase name="Challan_Mapping_24Q_Testcases" time="2.414" classname="pro.saral.testCases.Challan_Mapping_24Q_Test"/>
  <testcase name="Challan_Mapping_24Q_Testcases" time="2.656" classname="pro.saral.testCases.Challan_Mapping_24Q_Test"/>
  <testcase name="Challan_Mapping_24Q_Testcases" time="2.254" classname="pro.saral.testCases.Challan_Mapping_24Q_Test"/>
  <testcase name="Challan_Mapping_24Q_Testcases" time="3.050" classname="pro.saral.testCases.Challan_Mapping_24Q_Test"/>
  <testcase name="Challan_Mapping_24Q_Testcases" time="0.578" classname="pro.saral.testCases.Challan_Mapping_24Q_Test"/>
  <testcase name="Challan_Mapping_24Q_Testcases" time="0.160" classname="pro.saral.testCases.Challan_Mapping_24Q_Test"/>
  <testcase name="Challan_Mapping_24Q_Testcases" time="2.623" classname="pro.saral.testCases.Challan_Mapping_24Q_Test"/>
  <testcase name="Challan_Mapping_24Q_Testcases" time="2.380" classname="pro.saral.testCases.Challan_Mapping_24Q_Test"/>
  <testcase name="Challan_Mapping_24Q_Testcases" time="0.317" classname="pro.saral.testCases.Challan_Mapping_24Q_Test"/>
  <testcase name="Challan_Mapping_24Q_Testcases" time="0.720" classname="pro.saral.testCases.Challan_Mapping_24Q_Test"/>
  <testcase name="Challan_Mapping_24Q_Testcases" time="2.484" classname="pro.saral.testCases.Challan_Mapping_24Q_Test"/>
  <testcase name="Challan_Mapping_24Q_Testcases" time="0.013" classname="pro.saral.testCases.Challan_Mapping_24Q_Test"/>
  <testcase name="Challan_Mapping_24Q_Testcases" time="2.281" classname="pro.saral.testCases.Challan_Mapping_24Q_Test"/>
  <testcase name="Challan_Mapping_24Q_Testcases" time="2.329" classname="pro.saral.testCases.Challan_Mapping_24Q_Test"/>
  <testcase name="Challan_Mapping_24Q_Testcases" time="2.474" classname="pro.saral.testCases.Challan_Mapping_24Q_Test"/>
  <testcase name="Challan_Mapping_24Q_Testcases" time="2.712" classname="pro.saral.testCases.Challan_Mapping_24Q_Test"/>
  <testcase name="Challan_Mapping_24Q_Testcases" time="0.329" classname="pro.saral.testCases.Challan_Mapping_24Q_Test"/>
  <testcase name="Challan_Mapping_24Q_Testcases" time="0.748" classname="pro.saral.testCases.Challan_Mapping_24Q_Test"/>
  <testcase name="Challan_Mapping_24Q_Testcases" time="2.482" classname="pro.saral.testCases.Challan_Mapping_24Q_Test"/>
  <testcase name="Challan_Mapping_24Q_Testcases" time="2.206" classname="pro.saral.testCases.Challan_Mapping_24Q_Test"/>
  <testcase name="Challan_Mapping_24Q_Testcases" time="2.922" classname="pro.saral.testCases.Challan_Mapping_24Q_Test"/>
  <testcase name="Challan_Mapping_24Q_Testcases" time="2.211" classname="pro.saral.testCases.Challan_Mapping_24Q_Test"/>
  <testcase name="Challan_Mapping_24Q_Testcases" time="0.691" classname="pro.saral.testCases.Challan_Mapping_24Q_Test"/>
  <testcase name="Challan_Mapping_24Q_Testcases" time="2.624" classname="pro.saral.testCases.Challan_Mapping_24Q_Test"/>
  <testcase name="Challan_Mapping_24Q_Testcases" time="2.258" classname="pro.saral.testCases.Challan_Mapping_24Q_Test"/>
  <testcase name="Challan_Mapping_24Q_Testcases" time="1.157" classname="pro.saral.testCases.Challan_Mapping_24Q_Test"/>
  <testcase name="Challan_Mapping_24Q_Testcases" time="2.748" classname="pro.saral.testCases.Challan_Mapping_24Q_Test"/>
  <testcase name="Challan_Mapping_24Q_Testcases" time="2.477" classname="pro.saral.testCases.Challan_Mapping_24Q_Test"/>
  <testcase name="Challan_Mapping_24Q_Testcases" time="0.169" classname="pro.saral.testCases.Challan_Mapping_24Q_Test"/>
  <testcase name="Challan_Mapping_24Q_Testcases" time="2.551" classname="pro.saral.testCases.Challan_Mapping_24Q_Test"/>
  <testcase name="Challan_Mapping_24Q_Testcases" time="2.208" classname="pro.saral.testCases.Challan_Mapping_24Q_Test"/>
  <testcase name="Challan_Mapping_24Q_Testcases" time="2.660" classname="pro.saral.testCases.Challan_Mapping_24Q_Test"/>
  <testcase name="Challan_Mapping_24Q_Testcases" time="0.707" classname="pro.saral.testCases.Challan_Mapping_24Q_Test"/>
  <testcase name="Challan_Mapping_24Q_Testcases" time="0.335" classname="pro.saral.testCases.Challan_Mapping_24Q_Test"/>
  <testcase name="Challan_Mapping_24Q_Testcases" time="2.334" classname="pro.saral.testCases.Challan_Mapping_24Q_Test"/>
  <testcase name="Challan_Mapping_24Q_Testcases" time="0.135" classname="pro.saral.testCases.Challan_Mapping_24Q_Test"/>
  <testcase name="Challan_Mapping_24Q_Testcases" time="2.371" classname="pro.saral.testCases.Challan_Mapping_24Q_Test"/>
  <testcase name="Challan_Mapping_24Q_Testcases" time="2.324" classname="pro.saral.testCases.Challan_Mapping_24Q_Test"/>
  <testcase name="Challan_Mapping_24Q_Testcases" time="2.402" classname="pro.saral.testCases.Challan_Mapping_24Q_Test"/>
  <testcase name="Challan_Mapping_24Q_Testcases" time="2.461" classname="pro.saral.testCases.Challan_Mapping_24Q_Test"/>
  <testcase name="Challan_Mapping_24Q_Testcases" time="2.230" classname="pro.saral.testCases.Challan_Mapping_24Q_Test"/>
  <testcase name="Challan_Mapping_24Q_Testcases" time="2.543" classname="pro.saral.testCases.Challan_Mapping_24Q_Test"/>
  <testcase name="Challan_Mapping_24Q_Testcases" time="0.727" classname="pro.saral.testCases.Challan_Mapping_24Q_Test"/>
  <testcase name="Challan_Mapping_24Q_Testcases" time="0.252" classname="pro.saral.testCases.Challan_Mapping_24Q_Test"/>
  <testcase name="Challan_Mapping_24Q_Testcases" time="2.206" classname="pro.saral.testCases.Challan_Mapping_24Q_Test"/>
  <testcase name="Challan_Mapping_24Q_Testcases" time="2.212" classname="pro.saral.testCases.Challan_Mapping_24Q_Test"/>
  <testcase name="Challan_Mapping_24Q_Testcases" time="0.963" classname="pro.saral.testCases.Challan_Mapping_24Q_Test"/>
  <testcase name="Challan_Mapping_24Q_Testcases" time="2.550" classname="pro.saral.testCases.Challan_Mapping_24Q_Test"/>
  <testcase name="Challan_Mapping_24Q_Testcases" time="2.556" classname="pro.saral.testCases.Challan_Mapping_24Q_Test"/>
  <testcase name="Challan_Mapping_24Q_Testcases" time="2.313" classname="pro.saral.testCases.Challan_Mapping_24Q_Test"/>
  <testcase name="Challan_Mapping_24Q_Testcases" time="2.519" classname="pro.saral.testCases.Challan_Mapping_24Q_Test"/>
  <testcase name="Challan_Mapping_24Q_Testcases" time="0.228" classname="pro.saral.testCases.Challan_Mapping_24Q_Test"/>
  <testcase name="Challan_Mapping_24Q_Testcases" time="0.603" classname="pro.saral.testCases.Challan_Mapping_24Q_Test"/>
  <testcase name="Challan_Mapping_24Q_Testcases" time="2.491" classname="pro.saral.testCases.Challan_Mapping_24Q_Test"/>
  <testcase name="Challan_Mapping_24Q_Testcases" time="0.104" classname="pro.saral.testCases.Challan_Mapping_24Q_Test"/>
  <testcase name="Challan_Mapping_24Q_Testcases" time="2.599" classname="pro.saral.testCases.Challan_Mapping_24Q_Test"/>
  <testcase name="Challan_Mapping_24Q_Testcases" time="2.823" classname="pro.saral.testCases.Challan_Mapping_24Q_Test"/>
  <testcase name="Challan_Mapping_24Q_Testcases" time="0.388" classname="pro.saral.testCases.Challan_Mapping_24Q_Test"/>
  <testcase name="Challan_Mapping_24Q_Testcases" time="2.054" classname="pro.saral.testCases.Challan_Mapping_24Q_Test"/>
  <testcase name="Challan_Mapping_24Q_Testcases" time="2.556" classname="pro.saral.testCases.Challan_Mapping_24Q_Test"/>
  <testcase name="Challan_Mapping_24Q_Testcases" time="2.283" classname="pro.saral.testCases.Challan_Mapping_24Q_Test"/>
  <testcase name="Challan_Mapping_24Q_Testcases" time="2.715" classname="pro.saral.testCases.Challan_Mapping_24Q_Test"/>
  <testcase name="Challan_Mapping_24Q_Testcases" time="0.333" classname="pro.saral.testCases.Challan_Mapping_24Q_Test"/>
  <testcase name="Challan_Mapping_24Q_Testcases" time="2.362" classname="pro.saral.testCases.Challan_Mapping_24Q_Test"/>
  <testcase name="Challan_Mapping_24Q_Testcases" time="0.252" classname="pro.saral.testCases.Challan_Mapping_24Q_Test"/>
  <testcase name="Challan_Mapping_24Q_Testcases" time="0.039" classname="pro.saral.testCases.Challan_Mapping_24Q_Test"/>
  <testcase name="Challan_Mapping_24Q_Testcases" time="2.651" classname="pro.saral.testCases.Challan_Mapping_24Q_Test"/>
  <testcase name="Challan_Mapping_24Q_Testcases" time="2.183" classname="pro.saral.testCases.Challan_Mapping_24Q_Test"/>
  <testcase name="Challan_Mapping_24Q_Testcases" time="2.412" classname="pro.saral.testCases.Challan_Mapping_24Q_Test"/>
  <testcase name="Challan_Mapping_24Q_Testcases" time="2.451" classname="pro.saral.testCases.Challan_Mapping_24Q_Test"/>
  <testcase name="Challan_Mapping_24Q_Testcases" time="0.104" classname="pro.saral.testCases.Challan_Mapping_24Q_Test"/>
  <testcase name="Challan_Mapping_24Q_Testcases" time="0.756" classname="pro.saral.testCases.Challan_Mapping_24Q_Test"/>
  <testcase name="Challan_Mapping_24Q_Testcases" time="3.007" classname="pro.saral.testCases.Challan_Mapping_24Q_Test"/>
  <testcase name="Challan_Mapping_24Q_Testcases" time="2.908" classname="pro.saral.testCases.Challan_Mapping_24Q_Test"/>
  <testcase name="Challan_Mapping_24Q_Testcases" time="2.222" classname="pro.saral.testCases.Challan_Mapping_24Q_Test"/>
  <testcase name="Challan_Mapping_24Q_Testcases" time="0.253" classname="pro.saral.testCases.Challan_Mapping_24Q_Test"/>
  <testcase name="Challan_Mapping_24Q_Testcases" time="2.707" classname="pro.saral.testCases.Challan_Mapping_24Q_Test"/>
  <testcase name="Challan_Mapping_24Q_Testcases" time="0.838" classname="pro.saral.testCases.Challan_Mapping_24Q_Test"/>
  <testcase name="Challan_Mapping_24Q_Testcases" time="0.747" classname="pro.saral.testCases.Challan_Mapping_24Q_Test"/>
  <testcase name="Challan_Mapping_24Q_Testcases" time="0.369" classname="pro.saral.testCases.Challan_Mapping_24Q_Test"/>
  <testcase name="Challan_Mapping_24Q_Testcases" time="2.372" classname="pro.saral.testCases.Challan_Mapping_24Q_Test"/>
  <testcase name="Challan_Mapping_24Q_Testcases" time="2.749" classname="pro.saral.testCases.Challan_Mapping_24Q_Test"/>
  <testcase name="Challan_Mapping_24Q_Testcases" time="0.620" classname="pro.saral.testCases.Challan_Mapping_24Q_Test"/>
  <testcase name="Challan_Mapping_24Q_Testcases" time="2.594" classname="pro.saral.testCases.Challan_Mapping_24Q_Test"/>
  <testcase name="Challan_Mapping_24Q_Testcases" time="0.185" classname="pro.saral.testCases.Challan_Mapping_24Q_Test"/>
  <testcase name="Challan_Mapping_24Q_Testcases" time="0.528" classname="pro.saral.testCases.Challan_Mapping_24Q_Test"/>
  <testcase name="Challan_Mapping_24Q_Testcases" time="0.374" classname="pro.saral.testCases.Challan_Mapping_24Q_Test"/>
  <testcase name="Challan_Mapping_24Q_Testcases" time="0.310" classname="pro.saral.testCases.Challan_Mapping_24Q_Test"/>
  <testcase name="Challan_Mapping_24Q_Testcases" time="2.255" classname="pro.saral.testCases.Challan_Mapping_24Q_Test"/>
  <testcase name="Challan_Mapping_24Q_Testcases" time="0.164" classname="pro.saral.testCases.Challan_Mapping_24Q_Test"/>
  <testcase name="Challan_Mapping_24Q_Testcases" time="2.403" classname="pro.saral.testCases.Challan_Mapping_24Q_Test"/>
  <testcase name="Challan_Mapping_24Q_Testcases" time="0.566" classname="pro.saral.testCases.Challan_Mapping_24Q_Test"/>
  <testcase name="Challan_Mapping_24Q_Testcases" time="0.690" classname="pro.saral.testCases.Challan_Mapping_24Q_Test"/>
  <testcase name="Challan_Mapping_24Q_Testcases" time="0.163" classname="pro.saral.testCases.Challan_Mapping_24Q_Test"/>
  <testcase name="Challan_Mapping_24Q_Testcases" time="0.398" classname="pro.saral.testCases.Challan_Mapping_24Q_Test"/>
  <testcase name="Challan_Mapping_24Q_Testcases" time="0.606" classname="pro.saral.testCases.Challan_Mapping_24Q_Test"/>
  <testcase name="Challan_Mapping_24Q_Testcases" time="2.373" classname="pro.saral.testCases.Challan_Mapping_24Q_Test"/>
  <testcase name="Challan_Mapping_24Q_Testcases" time="2.639" classname="pro.saral.testCases.Challan_Mapping_24Q_Test"/>
  <testcase name="Challan_Mapping_24Q_Testcases" time="2.283" classname="pro.saral.testCases.Challan_Mapping_24Q_Test"/>
  <testcase name="Challan_Mapping_24Q_Testcases" time="2.373" classname="pro.saral.testCases.Challan_Mapping_24Q_Test"/>
  <testcase name="Challan_Mapping_24Q_Testcases" time="2.311" classname="pro.saral.testCases.Challan_Mapping_24Q_Test"/>
  <testcase name="Challan_Mapping_24Q_Testcases" time="0.522" classname="pro.saral.testCases.Challan_Mapping_24Q_Test"/>
  <testcase name="Challan_Mapping_24Q_Testcases" time="0.243" classname="pro.saral.testCases.Challan_Mapping_24Q_Test"/>
  <testcase name="Challan_Mapping_24Q_Testcases" time="0.471" classname="pro.saral.testCases.Challan_Mapping_24Q_Test"/>
  <testcase name="Challan_Mapping_24Q_Testcases" time="2.640" classname="pro.saral.testCases.Challan_Mapping_24Q_Test"/>
  <testcase name="Challan_Mapping_24Q_Testcases" time="2.202" classname="pro.saral.testCases.Challan_Mapping_24Q_Test"/>
  <testcase name="Challan_Mapping_24Q_Testcases" time="2.394" classname="pro.saral.testCases.Challan_Mapping_24Q_Test"/>
  <testcase name="Challan_Mapping_24Q_Testcases" time="2.883" classname="pro.saral.testCases.Challan_Mapping_24Q_Test"/>
  <testcase name="Challan_Mapping_24Q_Testcases" time="2.694" classname="pro.saral.testCases.Challan_Mapping_24Q_Test"/>
  <testcase name="Challan_Mapping_24Q_Testcases" time="2.273" classname="pro.saral.testCases.Challan_Mapping_24Q_Test"/>
  <testcase name="Challan_Mapping_24Q_Testcases" time="2.566" classname="pro.saral.testCases.Challan_Mapping_24Q_Test"/>
  <testcase name="Challan_Mapping_24Q_Testcases" time="2.247" classname="pro.saral.testCases.Challan_Mapping_24Q_Test"/>
  <testcase name="Challan_Mapping_24Q_Testcases" time="3.215" classname="pro.saral.testCases.Challan_Mapping_24Q_Test"/>
  <testcase name="Challan_Mapping_24Q_Testcases" time="0.572" classname="pro.saral.testCases.Challan_Mapping_24Q_Test"/>
  <testcase name="Challan_Mapping_24Q_Testcases" time="0.387" classname="pro.saral.testCases.Challan_Mapping_24Q_Test"/>
  <testcase name="Challan_Mapping_24Q_Testcases" time="1.037" classname="pro.saral.testCases.Challan_Mapping_24Q_Test"/>
  <testcase name="Challan_Mapping_24Q_Testcases" time="0.202" classname="pro.saral.testCases.Challan_Mapping_24Q_Test"/>
  <testcase name="Challan_Mapping_24Q_Testcases" time="0.253" classname="pro.saral.testCases.Challan_Mapping_24Q_Test"/>
  <testcase name="Challan_Mapping_24Q_Testcases" time="2.357" classname="pro.saral.testCases.Challan_Mapping_24Q_Test"/>
  <testcase name="Challan_Mapping_24Q_Testcases" time="2.731" classname="pro.saral.testCases.Challan_Mapping_24Q_Test"/>
  <testcase name="Challan_Mapping_24Q_Testcases" time="2.597" classname="pro.saral.testCases.Challan_Mapping_24Q_Test"/>
  <testcase name="Challan_Mapping_24Q_Testcases" time="0.917" classname="pro.saral.testCases.Challan_Mapping_24Q_Test"/>
  <testcase name="Challan_Mapping_24Q_Testcases" time="2.633" classname="pro.saral.testCases.Challan_Mapping_24Q_Test"/>
  <testcase name="Challan_Mapping_24Q_Testcases" time="0.150" classname="pro.saral.testCases.Challan_Mapping_24Q_Test"/>
  <testcase name="Challan_Mapping_24Q_Testcases" time="0.663" classname="pro.saral.testCases.Challan_Mapping_24Q_Test"/>
  <testcase name="Challan_Mapping_24Q_Testcases" time="2.233" classname="pro.saral.testCases.Challan_Mapping_24Q_Test"/>
  <testcase name="Challan_Mapping_24Q_Testcases" time="2.308" classname="pro.saral.testCases.Challan_Mapping_24Q_Test"/>
  <testcase name="Challan_Mapping_24Q_Testcases" time="2.963" classname="pro.saral.testCases.Challan_Mapping_24Q_Test"/>
  <testcase name="Challan_Mapping_24Q_Testcases" time="0.517" classname="pro.saral.testCases.Challan_Mapping_24Q_Test"/>
  <testcase name="Challan_Mapping_24Q_Testcases" time="2.469" classname="pro.saral.testCases.Challan_Mapping_24Q_Test"/>
  <testcase name="Challan_Mapping_24Q_Testcases" time="0.300" classname="pro.saral.testCases.Challan_Mapping_24Q_Test"/>
  <testcase name="Challan_Mapping_24Q_Testcases" time="2.447" classname="pro.saral.testCases.Challan_Mapping_24Q_Test"/>
  <testcase name="Challan_Mapping_24Q_Testcases" time="2.484" classname="pro.saral.testCases.Challan_Mapping_24Q_Test"/>
  <testcase name="Challan_Mapping_24Q_Testcases" time="0.346" classname="pro.saral.testCases.Challan_Mapping_24Q_Test"/>
  <testcase name="Challan_Mapping_24Q_Testcases" time="2.269" classname="pro.saral.testCases.Challan_Mapping_24Q_Test"/>
  <testcase name="Challan_Mapping_24Q_Testcases" time="2.237" classname="pro.saral.testCases.Challan_Mapping_24Q_Test"/>
  <testcase name="Challan_Mapping_24Q_Testcases" time="0.116" classname="pro.saral.testCases.Challan_Mapping_24Q_Test"/>
  <testcase name="Challan_Mapping_24Q_Testcases" time="2.405" classname="pro.saral.testCases.Challan_Mapping_24Q_Test"/>
  <testcase name="Challan_Mapping_24Q_Testcases" time="2.943" classname="pro.saral.testCases.Challan_Mapping_24Q_Test"/>
  <testcase name="Challan_Mapping_24Q_Testcases" time="0.110" classname="pro.saral.testCases.Challan_Mapping_24Q_Test"/>
  <testcase name="Challan_Mapping_24Q_Testcases" time="0.605" classname="pro.saral.testCases.Challan_Mapping_24Q_Test"/>
  <testcase name="Challan_Mapping_24Q_Testcases" time="2.637" classname="pro.saral.testCases.Challan_Mapping_24Q_Test"/>
  <testcase name="Challan_Mapping_24Q_Testcases" time="2.632" classname="pro.saral.testCases.Challan_Mapping_24Q_Test"/>
  <testcase name="Challan_Mapping_24Q_Testcases" time="3.315" classname="pro.saral.testCases.Challan_Mapping_24Q_Test"/>
  <testcase name="Challan_Mapping_24Q_Testcases" time="0.089" classname="pro.saral.testCases.Challan_Mapping_24Q_Test"/>
  <testcase name="Challan_Mapping_24Q_Testcases" time="0.133" classname="pro.saral.testCases.Challan_Mapping_24Q_Test"/>
  <testcase name="Challan_Mapping_24Q_Testcases" time="2.563" classname="pro.saral.testCases.Challan_Mapping_24Q_Test"/>
  <testcase name="Challan_Mapping_24Q_Testcases" time="15.077" classname="pro.saral.testCases.Challan_Mapping_24Q_Test"/>
  <testcase name="Challan_Mapping_24Q_Testcases" time="0.018" classname="pro.saral.testCases.Challan_Mapping_24Q_Test"/>
  <testcase name="Challan_Mapping_24Q_Testcases" time="2.672" classname="pro.saral.testCases.Challan_Mapping_24Q_Test"/>
  <testcase name="Challan_Mapping_24Q_Testcases" time="2.552" classname="pro.saral.testCases.Challan_Mapping_24Q_Test"/>
  <testcase name="Challan_Mapping_24Q_Testcases" time="2.751" classname="pro.saral.testCases.Challan_Mapping_24Q_Test"/>
  <testcase name="Challan_Mapping_24Q_Testcases" time="2.285" classname="pro.saral.testCases.Challan_Mapping_24Q_Test"/>
  <testcase name="Challan_Mapping_24Q_Testcases" time="2.506" classname="pro.saral.testCases.Challan_Mapping_24Q_Test"/>
</testsuite> <!-- pro.saral.testCases.Challan_Mapping_24Q_Test -->
