<?xml version="1.0" encoding="UTF-8"?>
<!-- Generated by org.testng.reporters.JUnitReportReporter -->
<testsuite hostname="Darshan" name="pro.saral.testCases.Predict_Default_24Q_Test" tests="63" failures="0" timestamp="28 Oct 2022 09:41:04 GMT" time="138.808" errors="0">
  <testcase name="PredictDefault_24Q_Testcases" time="0.754" classname="pro.saral.testCases.Predict_Default_24Q_Test"/>
  <testcase name="PredictDefault_24Q_Testcases" time="2.321" classname="pro.saral.testCases.Predict_Default_24Q_Test"/>
  <testcase name="PredictDefault_24Q_Testcases" time="2.483" classname="pro.saral.testCases.Predict_Default_24Q_Test"/>
  <testcase name="PredictDefault_24Q_Testcases" time="2.457" classname="pro.saral.testCases.Predict_Default_24Q_Test"/>
  <testcase name="PredictDefault_24Q_Testcases" time="0.197" classname="pro.saral.testCases.Predict_Default_24Q_Test"/>
  <testcase name="PredictDefault_24Q_Testcases" time="2.590" classname="pro.saral.testCases.Predict_Default_24Q_Test"/>
  <testcase name="PredictDefault_24Q_Testcases" time="0.469" classname="pro.saral.testCases.Predict_Default_24Q_Test"/>
  <testcase name="PredictDefault_24Q_Testcases" time="2.397" classname="pro.saral.testCases.Predict_Default_24Q_Test"/>
  <testcase name="PredictDefault_24Q_Testcases" time="2.684" classname="pro.saral.testCases.Predict_Default_24Q_Test"/>
  <testcase name="PredictDefault_24Q_Testcases" time="0.199" classname="pro.saral.testCases.Predict_Default_24Q_Test"/>
  <testcase name="PredictDefault_24Q_Testcases" time="2.356" classname="pro.saral.testCases.Predict_Default_24Q_Test"/>
  <testcase name="PredictDefault_24Q_Testcases" time="2.496" classname="pro.saral.testCases.Predict_Default_24Q_Test"/>
  <testcase name="PredictDefault_24Q_Testcases" time="2.210" classname="pro.saral.testCases.Predict_Default_24Q_Test"/>
  <testcase name="PredictDefault_24Q_Testcases" time="2.738" classname="pro.saral.testCases.Predict_Default_24Q_Test"/>
  <testcase name="PredictDefault_24Q_Testcases" time="2.631" classname="pro.saral.testCases.Predict_Default_24Q_Test"/>
  <testcase name="PredictDefault_24Q_Testcases" time="2.318" classname="pro.saral.testCases.Predict_Default_24Q_Test"/>
  <testcase name="PredictDefault_24Q_Testcases" time="0.112" classname="pro.saral.testCases.Predict_Default_24Q_Test"/>
  <testcase name="PredictDefault_24Q_Testcases" time="2.311" classname="pro.saral.testCases.Predict_Default_24Q_Test"/>
  <testcase name="PredictDefault_24Q_Testcases" time="2.353" classname="pro.saral.testCases.Predict_Default_24Q_Test"/>
  <testcase name="PredictDefault_24Q_Testcases" time="2.333" classname="pro.saral.testCases.Predict_Default_24Q_Test"/>
  <testcase name="PredictDefault_24Q_Testcases" time="0.090" classname="pro.saral.testCases.Predict_Default_24Q_Test"/>
  <testcase name="PredictDefault_24Q_Testcases" time="2.264" classname="pro.saral.testCases.Predict_Default_24Q_Test"/>
  <testcase name="PredictDefault_24Q_Testcases" time="2.459" classname="pro.saral.testCases.Predict_Default_24Q_Test"/>
  <testcase name="PredictDefault_24Q_Testcases" time="0.085" classname="pro.saral.testCases.Predict_Default_24Q_Test"/>
  <testcase name="PredictDefault_24Q_Testcases" time="0.200" classname="pro.saral.testCases.Predict_Default_24Q_Test"/>
  <testcase name="PredictDefault_24Q_Testcases" time="2.695" classname="pro.saral.testCases.Predict_Default_24Q_Test"/>
  <testcase name="PredictDefault_24Q_Testcases" time="2.065" classname="pro.saral.testCases.Predict_Default_24Q_Test"/>
  <testcase name="PredictDefault_24Q_Testcases" time="35.418" classname="pro.saral.testCases.Predict_Default_24Q_Test"/>
  <testcase name="PredictDefault_24Q_Testcases" time="0.147" classname="pro.saral.testCases.Predict_Default_24Q_Test"/>
  <testcase name="PredictDefault_24Q_Testcases" time="2.422" classname="pro.saral.testCases.Predict_Default_24Q_Test"/>
  <testcase name="PredictDefault_24Q_Testcases" time="0.129" classname="pro.saral.testCases.Predict_Default_24Q_Test"/>
  <testcase name="PredictDefault_24Q_Testcases" time="2.534" classname="pro.saral.testCases.Predict_Default_24Q_Test"/>
  <testcase name="PredictDefault_24Q_Testcases" time="0.108" classname="pro.saral.testCases.Predict_Default_24Q_Test"/>
  <testcase name="PredictDefault_24Q_Testcases" time="2.408" classname="pro.saral.testCases.Predict_Default_24Q_Test"/>
  <testcase name="PredictDefault_24Q_Testcases" time="2.430" classname="pro.saral.testCases.Predict_Default_24Q_Test"/>
  <testcase name="PredictDefault_24Q_Testcases" time="0.286" classname="pro.saral.testCases.Predict_Default_24Q_Test"/>
  <testcase name="PredictDefault_24Q_Testcases" time="3.148" classname="pro.saral.testCases.Predict_Default_24Q_Test"/>
  <testcase name="PredictDefault_24Q_Testcases" time="2.301" classname="pro.saral.testCases.Predict_Default_24Q_Test"/>
  <testcase name="PredictDefault_24Q_Testcases" time="0.021" classname="pro.saral.testCases.Predict_Default_24Q_Test"/>
  <testcase name="PredictDefault_24Q_Testcases" time="2.307" classname="pro.saral.testCases.Predict_Default_24Q_Test"/>
  <testcase name="PredictDefault_24Q_Testcases" time="0.734" classname="pro.saral.testCases.Predict_Default_24Q_Test"/>
  <testcase name="PredictDefault_24Q_Testcases" time="2.535" classname="pro.saral.testCases.Predict_Default_24Q_Test"/>
  <testcase name="PredictDefault_24Q_Testcases" time="2.293" classname="pro.saral.testCases.Predict_Default_24Q_Test"/>
  <testcase name="PredictDefault_24Q_Testcases" time="0.059" classname="pro.saral.testCases.Predict_Default_24Q_Test"/>
  <testcase name="PredictDefault_24Q_Testcases" time="2.332" classname="pro.saral.testCases.Predict_Default_24Q_Test"/>
  <testcase name="PredictDefault_24Q_Testcases" time="0.157" classname="pro.saral.testCases.Predict_Default_24Q_Test"/>
  <testcase name="PredictDefault_24Q_Testcases" time="0.175" classname="pro.saral.testCases.Predict_Default_24Q_Test"/>
  <testcase name="PredictDefault_24Q_Testcases" time="0.112" classname="pro.saral.testCases.Predict_Default_24Q_Test"/>
  <testcase name="PredictDefault_24Q_Testcases" time="2.319" classname="pro.saral.testCases.Predict_Default_24Q_Test"/>
  <testcase name="PredictDefault_24Q_Testcases" time="2.347" classname="pro.saral.testCases.Predict_Default_24Q_Test"/>
  <testcase name="PredictDefault_24Q_Testcases" time="0.017" classname="pro.saral.testCases.Predict_Default_24Q_Test"/>
  <testcase name="PredictDefault_24Q_Testcases" time="0.023" classname="pro.saral.testCases.Predict_Default_24Q_Test"/>
  <testcase name="PredictDefault_24Q_Testcases" time="2.393" classname="pro.saral.testCases.Predict_Default_24Q_Test"/>
  <testcase name="PredictDefault_24Q_Testcases" time="2.188" classname="pro.saral.testCases.Predict_Default_24Q_Test"/>
  <testcase name="PredictDefault_24Q_Testcases" time="4.021" classname="pro.saral.testCases.Predict_Default_24Q_Test"/>
  <testcase name="PredictDefault_24Q_Testcases" time="2.122" classname="pro.saral.testCases.Predict_Default_24Q_Test"/>
  <testcase name="PredictDefault_24Q_Testcases" time="2.293" classname="pro.saral.testCases.Predict_Default_24Q_Test"/>
  <testcase name="PredictDefault_24Q_Testcases" time="3.039" classname="pro.saral.testCases.Predict_Default_24Q_Test"/>
  <testcase name="PredictDefault_24Q_Testcases" time="2.627" classname="pro.saral.testCases.Predict_Default_24Q_Test"/>
  <testcase name="PredictDefault_24Q_Testcases" time="2.373" classname="pro.saral.testCases.Predict_Default_24Q_Test"/>
  <testcase name="PredictDefault_24Q_Testcases" time="0.192" classname="pro.saral.testCases.Predict_Default_24Q_Test"/>
  <testcase name="PredictDefault_24Q_Testcases" time="2.279" classname="pro.saral.testCases.Predict_Default_24Q_Test"/>
  <testcase name="PredictDefault_24Q_Testcases" time="0.252" classname="pro.saral.testCases.Predict_Default_24Q_Test"/>
</testsuite> <!-- pro.saral.testCases.Predict_Default_24Q_Test -->
