<?xml version="1.0" encoding="UTF-8"?>
<!-- Generated by org.testng.reporters.JUnitReportReporter -->
<testsuite hostname="Darshan" name="pro.saral.testCases.Deductee_Test" tests="86" failures="0" timestamp="28 Oct 2022 07:24:28 GMT" time="77.406" errors="0">
  <testcase name="Deductee_Testcases" time="0.277" classname="pro.saral.testCases.Deductee_Test"/>
  <testcase name="Deductee_Testcases" time="2.200" classname="pro.saral.testCases.Deductee_Test"/>
  <testcase name="Deductee_Testcases" time="0.019" classname="pro.saral.testCases.Deductee_Test"/>
  <testcase name="Deductee_Testcases" time="0.183" classname="pro.saral.testCases.Deductee_Test"/>
  <testcase name="Deductee_Testcases" time="0.276" classname="pro.saral.testCases.Deductee_Test"/>
  <testcase name="Deductee_Testcases" time="0.146" classname="pro.saral.testCases.Deductee_Test"/>
  <testcase name="Deductee_Testcases" time="0.215" classname="pro.saral.testCases.Deductee_Test"/>
  <testcase name="Deductee_Testcases" time="0.327" classname="pro.saral.testCases.Deductee_Test"/>
  <testcase name="Deductee_Testcases" time="0.425" classname="pro.saral.testCases.Deductee_Test"/>
  <testcase name="Deductee_Testcases" time="0.310" classname="pro.saral.testCases.Deductee_Test"/>
  <testcase name="Deductee_Testcases" time="0.215" classname="pro.saral.testCases.Deductee_Test"/>
  <testcase name="Deductee_Testcases" time="2.881" classname="pro.saral.testCases.Deductee_Test"/>
  <testcase name="Deductee_Testcases" time="0.109" classname="pro.saral.testCases.Deductee_Test"/>
  <testcase name="Deductee_Testcases" time="0.223" classname="pro.saral.testCases.Deductee_Test"/>
  <testcase name="Deductee_Testcases" time="0.261" classname="pro.saral.testCases.Deductee_Test"/>
  <testcase name="Deductee_Testcases" time="0.010" classname="pro.saral.testCases.Deductee_Test"/>
  <testcase name="Deductee_Testcases" time="2.269" classname="pro.saral.testCases.Deductee_Test"/>
  <testcase name="Deductee_Testcases" time="2.206" classname="pro.saral.testCases.Deductee_Test"/>
  <testcase name="Deductee_Testcases" time="2.186" classname="pro.saral.testCases.Deductee_Test"/>
  <testcase name="Deductee_Testcases" time="0.167" classname="pro.saral.testCases.Deductee_Test"/>
  <testcase name="Deductee_Testcases" time="0.053" classname="pro.saral.testCases.Deductee_Test"/>
  <testcase name="Deductee_Testcases" time="0.061" classname="pro.saral.testCases.Deductee_Test"/>
  <testcase name="Deductee_Testcases" time="2.184" classname="pro.saral.testCases.Deductee_Test"/>
  <testcase name="Deductee_Testcases" time="2.232" classname="pro.saral.testCases.Deductee_Test"/>
  <testcase name="Deductee_Testcases" time="2.188" classname="pro.saral.testCases.Deductee_Test"/>
  <testcase name="Deductee_Testcases" time="0.071" classname="pro.saral.testCases.Deductee_Test"/>
  <testcase name="Deductee_Testcases" time="0.181" classname="pro.saral.testCases.Deductee_Test"/>
  <testcase name="Deductee_Testcases" time="0.044" classname="pro.saral.testCases.Deductee_Test"/>
  <testcase name="Deductee_Testcases" time="0.066" classname="pro.saral.testCases.Deductee_Test"/>
  <testcase name="Deductee_Testcases" time="0.278" classname="pro.saral.testCases.Deductee_Test"/>
  <testcase name="Deductee_Testcases" time="2.169" classname="pro.saral.testCases.Deductee_Test"/>
  <testcase name="Deductee_Testcases" time="0.011" classname="pro.saral.testCases.Deductee_Test"/>
  <testcase name="Deductee_Testcases" time="0.049" classname="pro.saral.testCases.Deductee_Test"/>
  <testcase name="Deductee_Testcases" time="2.262" classname="pro.saral.testCases.Deductee_Test"/>
  <testcase name="Deductee_Testcases" time="2.257" classname="pro.saral.testCases.Deductee_Test"/>
  <testcase name="Deductee_Testcases" time="0.343" classname="pro.saral.testCases.Deductee_Test"/>
  <testcase name="Deductee_Testcases" time="0.427" classname="pro.saral.testCases.Deductee_Test"/>
  <testcase name="Deductee_Testcases" time="2.284" classname="pro.saral.testCases.Deductee_Test"/>
  <testcase name="Deductee_Testcases" time="0.053" classname="pro.saral.testCases.Deductee_Test"/>
  <testcase name="Deductee_Testcases" time="0.009" classname="pro.saral.testCases.Deductee_Test"/>
  <testcase name="Deductee_Testcases" time="0.009" classname="pro.saral.testCases.Deductee_Test"/>
  <testcase name="Deductee_Testcases" time="0.342" classname="pro.saral.testCases.Deductee_Test"/>
  <testcase name="Deductee_Testcases" time="0.428" classname="pro.saral.testCases.Deductee_Test"/>
  <testcase name="Deductee_Testcases" time="0.289" classname="pro.saral.testCases.Deductee_Test"/>
  <testcase name="Deductee_Testcases" time="0.213" classname="pro.saral.testCases.Deductee_Test"/>
  <testcase name="Deductee_Testcases" time="2.139" classname="pro.saral.testCases.Deductee_Test"/>
  <testcase name="Deductee_Testcases" time="2.174" classname="pro.saral.testCases.Deductee_Test"/>
  <testcase name="Deductee_Testcases" time="0.228" classname="pro.saral.testCases.Deductee_Test"/>
  <testcase name="Deductee_Testcases" time="0.011" classname="pro.saral.testCases.Deductee_Test"/>
  <testcase name="Deductee_Testcases" time="2.833" classname="pro.saral.testCases.Deductee_Test"/>
  <testcase name="Deductee_Testcases" time="0.046" classname="pro.saral.testCases.Deductee_Test"/>
  <testcase name="Deductee_Testcases" time="0.328" classname="pro.saral.testCases.Deductee_Test"/>
  <testcase name="Deductee_Testcases" time="0.057" classname="pro.saral.testCases.Deductee_Test"/>
  <testcase name="Deductee_Testcases" time="0.177" classname="pro.saral.testCases.Deductee_Test"/>
  <testcase name="Deductee_Testcases" time="0.282" classname="pro.saral.testCases.Deductee_Test"/>
  <testcase name="Deductee_Testcases" time="2.251" classname="pro.saral.testCases.Deductee_Test"/>
  <testcase name="Deductee_Testcases" time="0.115" classname="pro.saral.testCases.Deductee_Test"/>
  <testcase name="Deductee_Testcases" time="2.230" classname="pro.saral.testCases.Deductee_Test"/>
  <testcase name="Deductee_Testcases" time="0.157" classname="pro.saral.testCases.Deductee_Test"/>
  <testcase name="Deductee_Testcases" time="2.193" classname="pro.saral.testCases.Deductee_Test"/>
  <testcase name="Deductee_Testcases" time="0.283" classname="pro.saral.testCases.Deductee_Test"/>
  <testcase name="Deductee_Testcases" time="0.073" classname="pro.saral.testCases.Deductee_Test"/>
  <testcase name="Deductee_Testcases" time="2.199" classname="pro.saral.testCases.Deductee_Test"/>
  <testcase name="Deductee_Testcases" time="0.122" classname="pro.saral.testCases.Deductee_Test"/>
  <testcase name="Deductee_Testcases" time="0.111" classname="pro.saral.testCases.Deductee_Test"/>
  <testcase name="Deductee_Testcases" time="2.139" classname="pro.saral.testCases.Deductee_Test"/>
  <testcase name="Deductee_Testcases" time="0.200" classname="pro.saral.testCases.Deductee_Test"/>
  <testcase name="Deductee_Testcases" time="0.018" classname="pro.saral.testCases.Deductee_Test"/>
  <testcase name="Deductee_Testcases" time="0.067" classname="pro.saral.testCases.Deductee_Test"/>
  <testcase name="Deductee_Testcases" time="0.155" classname="pro.saral.testCases.Deductee_Test"/>
  <testcase name="Deductee_Testcases" time="2.318" classname="pro.saral.testCases.Deductee_Test"/>
  <testcase name="Deductee_Testcases" time="2.236" classname="pro.saral.testCases.Deductee_Test"/>
  <testcase name="Deductee_Testcases" time="0.067" classname="pro.saral.testCases.Deductee_Test"/>
  <testcase name="Deductee_Testcases" time="2.210" classname="pro.saral.testCases.Deductee_Test"/>
  <testcase name="Deductee_Testcases" time="2.283" classname="pro.saral.testCases.Deductee_Test"/>
  <testcase name="Deductee_Testcases" time="0.175" classname="pro.saral.testCases.Deductee_Test"/>
  <testcase name="Deductee_Testcases" time="0.159" classname="pro.saral.testCases.Deductee_Test"/>
  <testcase name="Deductee_Testcases" time="2.124" classname="pro.saral.testCases.Deductee_Test"/>
  <testcase name="Deductee_Testcases" time="2.177" classname="pro.saral.testCases.Deductee_Test"/>
  <testcase name="Deductee_Testcases" time="2.192" classname="pro.saral.testCases.Deductee_Test"/>
  <testcase name="Deductee_Testcases" time="2.257" classname="pro.saral.testCases.Deductee_Test"/>
  <testcase name="Deductee_Testcases" time="0.171" classname="pro.saral.testCases.Deductee_Test"/>
  <testcase name="Deductee_Testcases" time="0.406" classname="pro.saral.testCases.Deductee_Test"/>
  <testcase name="Deductee_Testcases" time="2.267" classname="pro.saral.testCases.Deductee_Test"/>
  <testcase name="Deductee_Testcases" time="2.250" classname="pro.saral.testCases.Deductee_Test"/>
  <testcase name="Deductee_Testcases" time="0.118" classname="pro.saral.testCases.Deductee_Test"/>
</testsuite> <!-- pro.saral.testCases.Deductee_Test -->
