<?xml version="1.0" encoding="UTF-8"?>
<!-- Generated by org.testng.reporters.JUnitReportReporter -->
<testsuite hostname="Darshan" failures="0" tests="526" name="pro.saral.testCases.Test_26Q" time="926.488" errors="0" timestamp="2023-01-09T15:11:23 IST" skipped="0">
  <testcase classname="pro.saral.testCases.Test_26Q" name="Testcases_26Q" time="0.069"/>
  <system-out/>
  <testcase classname="pro.saral.testCases.Test_26Q" name="Testcases_26Q" time="0.145"/>
  <system-out/>
  <testcase classname="pro.saral.testCases.Test_26Q" name="Testcases_26Q" time="2.510"/>
  <system-out/>
  <testcase classname="pro.saral.testCases.Test_26Q" name="Testcases_26Q" time="2.645"/>
  <system-out/>
  <testcase classname="pro.saral.testCases.Test_26Q" name="Testcases_26Q" time="2.425"/>
  <system-out/>
  <testcase classname="pro.saral.testCases.Test_26Q" name="Testcases_26Q" time="2.519"/>
  <system-out/>
  <testcase classname="pro.saral.testCases.Test_26Q" name="Testcases_26Q" time="2.438"/>
  <system-out/>
  <testcase classname="pro.saral.testCases.Test_26Q" name="Testcases_26Q" time="2.255"/>
  <system-out/>
  <testcase classname="pro.saral.testCases.Test_26Q" name="Testcases_26Q" time="2.640"/>
  <system-out/>
  <testcase classname="pro.saral.testCases.Test_26Q" name="Testcases_26Q" time="2.424"/>
  <system-out/>
  <testcase classname="pro.saral.testCases.Test_26Q" name="Testcases_26Q" time="10.015"/>
  <system-out/>
  <testcase classname="pro.saral.testCases.Test_26Q" name="Testcases_26Q" time="0.098"/>
  <system-out/>
  <testcase classname="pro.saral.testCases.Test_26Q" name="Testcases_26Q" time="2.150"/>
  <system-out/>
  <testcase classname="pro.saral.testCases.Test_26Q" name="Testcases_26Q" time="2.461"/>
  <system-out/>
  <testcase classname="pro.saral.testCases.Test_26Q" name="Testcases_26Q" time="0.301"/>
  <system-out/>
  <testcase classname="pro.saral.testCases.Test_26Q" name="Testcases_26Q" time="2.361"/>
  <system-out/>
  <testcase classname="pro.saral.testCases.Test_26Q" name="Testcases_26Q" time="2.473"/>
  <system-out/>
  <testcase classname="pro.saral.testCases.Test_26Q" name="Testcases_26Q" time="2.554"/>
  <system-out/>
  <testcase classname="pro.saral.testCases.Test_26Q" name="Testcases_26Q" time="2.433"/>
  <system-out/>
  <testcase classname="pro.saral.testCases.Test_26Q" name="Testcases_26Q" time="2.557"/>
  <system-out/>
  <testcase classname="pro.saral.testCases.Test_26Q" name="Testcases_26Q" time="0.192"/>
  <system-out/>
  <testcase classname="pro.saral.testCases.Test_26Q" name="Testcases_26Q" time="2.199"/>
  <system-out/>
  <testcase classname="pro.saral.testCases.Test_26Q" name="Testcases_26Q" time="2.234"/>
  <system-out/>
  <testcase classname="pro.saral.testCases.Test_26Q" name="Testcases_26Q" time="0.109"/>
  <system-out/>
  <testcase classname="pro.saral.testCases.Test_26Q" name="Testcases_26Q" time="2.143"/>
  <system-out/>
  <testcase classname="pro.saral.testCases.Test_26Q" name="Testcases_26Q" time="2.512"/>
  <system-out/>
  <testcase classname="pro.saral.testCases.Test_26Q" name="Testcases_26Q" time="0.508"/>
  <system-out/>
  <testcase classname="pro.saral.testCases.Test_26Q" name="Testcases_26Q" time="2.173"/>
  <system-out/>
  <testcase classname="pro.saral.testCases.Test_26Q" name="Testcases_26Q" time="2.506"/>
  <system-out/>
  <testcase classname="pro.saral.testCases.Test_26Q" name="Testcases_26Q" time="0.359"/>
  <system-out/>
  <testcase classname="pro.saral.testCases.Test_26Q" name="Testcases_26Q" time="2.209"/>
  <system-out/>
  <testcase classname="pro.saral.testCases.Test_26Q" name="Testcases_26Q" time="2.324"/>
  <system-out/>
  <testcase classname="pro.saral.testCases.Test_26Q" name="Testcases_26Q" time="0.154"/>
  <system-out/>
  <testcase classname="pro.saral.testCases.Test_26Q" name="Testcases_26Q" time="0.157"/>
  <system-out/>
  <testcase classname="pro.saral.testCases.Test_26Q" name="Testcases_26Q" time="0.208"/>
  <system-out/>
  <testcase classname="pro.saral.testCases.Test_26Q" name="Testcases_26Q" time="2.440"/>
  <system-out/>
  <testcase classname="pro.saral.testCases.Test_26Q" name="Testcases_26Q" time="2.511"/>
  <system-out/>
  <testcase classname="pro.saral.testCases.Test_26Q" name="Testcases_26Q" time="0.161"/>
  <system-out/>
  <testcase classname="pro.saral.testCases.Test_26Q" name="Testcases_26Q" time="0.376"/>
  <system-out/>
  <testcase classname="pro.saral.testCases.Test_26Q" name="Testcases_26Q" time="2.130"/>
  <system-out/>
  <testcase classname="pro.saral.testCases.Test_26Q" name="Testcases_26Q" time="0.350"/>
  <system-out/>
  <testcase classname="pro.saral.testCases.Test_26Q" name="Testcases_26Q" time="2.505"/>
  <system-out/>
  <testcase classname="pro.saral.testCases.Test_26Q" name="Testcases_26Q" time="2.185"/>
  <system-out/>
  <testcase classname="pro.saral.testCases.Test_26Q" name="Testcases_26Q" time="0.392"/>
  <system-out/>
  <testcase classname="pro.saral.testCases.Test_26Q" name="Testcases_26Q" time="2.275"/>
  <system-out/>
  <testcase classname="pro.saral.testCases.Test_26Q" name="Testcases_26Q" time="2.208"/>
  <system-out/>
  <testcase classname="pro.saral.testCases.Test_26Q" name="Testcases_26Q" time="0.527"/>
  <system-out/>
  <testcase classname="pro.saral.testCases.Test_26Q" name="Testcases_26Q" time="2.182"/>
  <system-out/>
  <testcase classname="pro.saral.testCases.Test_26Q" name="Testcases_26Q" time="0.015"/>
  <system-out/>
  <testcase classname="pro.saral.testCases.Test_26Q" name="Testcases_26Q" time="2.172"/>
  <system-out/>
  <testcase classname="pro.saral.testCases.Test_26Q" name="Testcases_26Q" time="0.275"/>
  <system-out/>
  <testcase classname="pro.saral.testCases.Test_26Q" name="Testcases_26Q" time="0.196"/>
  <system-out/>
  <testcase classname="pro.saral.testCases.Test_26Q" name="Testcases_26Q" time="2.199"/>
  <system-out/>
  <testcase classname="pro.saral.testCases.Test_26Q" name="Testcases_26Q" time="2.160"/>
  <system-out/>
  <testcase classname="pro.saral.testCases.Test_26Q" name="Testcases_26Q" time="0.074"/>
  <system-out/>
  <testcase classname="pro.saral.testCases.Test_26Q" name="Testcases_26Q" time="2.566"/>
  <system-out/>
  <testcase classname="pro.saral.testCases.Test_26Q" name="Testcases_26Q" time="0.164"/>
  <system-out/>
  <testcase classname="pro.saral.testCases.Test_26Q" name="Testcases_26Q" time="2.200"/>
  <system-out/>
  <testcase classname="pro.saral.testCases.Test_26Q" name="Testcases_26Q" time="2.280"/>
  <system-out/>
  <testcase classname="pro.saral.testCases.Test_26Q" name="Testcases_26Q" time="2.488"/>
  <system-out/>
  <testcase classname="pro.saral.testCases.Test_26Q" name="Testcases_26Q" time="2.181"/>
  <system-out/>
  <testcase classname="pro.saral.testCases.Test_26Q" name="Testcases_26Q" time="2.153"/>
  <system-out/>
  <testcase classname="pro.saral.testCases.Test_26Q" name="Testcases_26Q" time="2.401"/>
  <system-out/>
  <testcase classname="pro.saral.testCases.Test_26Q" name="Testcases_26Q" time="2.488"/>
  <system-out/>
  <testcase classname="pro.saral.testCases.Test_26Q" name="Testcases_26Q" time="2.172"/>
  <system-out/>
  <testcase classname="pro.saral.testCases.Test_26Q" name="Testcases_26Q" time="0.055"/>
  <system-out/>
  <testcase classname="pro.saral.testCases.Test_26Q" name="Testcases_26Q" time="0.047"/>
  <system-out/>
  <testcase classname="pro.saral.testCases.Test_26Q" name="Testcases_26Q" time="2.180"/>
  <system-out/>
  <testcase classname="pro.saral.testCases.Test_26Q" name="Testcases_26Q" time="0.482"/>
  <system-out/>
  <testcase classname="pro.saral.testCases.Test_26Q" name="Testcases_26Q" time="2.282"/>
  <system-out/>
  <testcase classname="pro.saral.testCases.Test_26Q" name="Testcases_26Q" time="2.270"/>
  <system-out/>
  <testcase classname="pro.saral.testCases.Test_26Q" name="Testcases_26Q" time="2.608"/>
  <system-out/>
  <testcase classname="pro.saral.testCases.Test_26Q" name="Testcases_26Q" time="2.532"/>
  <system-out/>
  <testcase classname="pro.saral.testCases.Test_26Q" name="Testcases_26Q" time="0.350"/>
  <system-out/>
  <testcase classname="pro.saral.testCases.Test_26Q" name="Testcases_26Q" time="2.228"/>
  <system-out/>
  <testcase classname="pro.saral.testCases.Test_26Q" name="Testcases_26Q" time="2.395"/>
  <system-out/>
  <testcase classname="pro.saral.testCases.Test_26Q" name="Testcases_26Q" time="0.072"/>
  <system-out/>
  <testcase classname="pro.saral.testCases.Test_26Q" name="Testcases_26Q" time="2.240"/>
  <system-out/>
  <testcase classname="pro.saral.testCases.Test_26Q" name="Testcases_26Q" time="0.026"/>
  <system-out/>
  <testcase classname="pro.saral.testCases.Test_26Q" name="Testcases_26Q" time="0.497"/>
  <system-out/>
  <testcase classname="pro.saral.testCases.Test_26Q" name="Testcases_26Q" time="0.280"/>
  <system-out/>
  <testcase classname="pro.saral.testCases.Test_26Q" name="Testcases_26Q" time="0.018"/>
  <system-out/>
  <testcase classname="pro.saral.testCases.Test_26Q" name="Testcases_26Q" time="0.229"/>
  <system-out/>
  <testcase classname="pro.saral.testCases.Test_26Q" name="Testcases_26Q" time="0.409"/>
  <system-out/>
  <testcase classname="pro.saral.testCases.Test_26Q" name="Testcases_26Q" time="2.170"/>
  <system-out/>
  <testcase classname="pro.saral.testCases.Test_26Q" name="Testcases_26Q" time="0.266"/>
  <system-out/>
  <testcase classname="pro.saral.testCases.Test_26Q" name="Testcases_26Q" time="2.711"/>
  <system-out/>
  <testcase classname="pro.saral.testCases.Test_26Q" name="Testcases_26Q" time="0.012"/>
  <system-out/>
  <testcase classname="pro.saral.testCases.Test_26Q" name="Testcases_26Q" time="2.293"/>
  <system-out/>
  <testcase classname="pro.saral.testCases.Test_26Q" name="Testcases_26Q" time="0.406"/>
  <system-out/>
  <testcase classname="pro.saral.testCases.Test_26Q" name="Testcases_26Q" time="2.452"/>
  <system-out/>
  <testcase classname="pro.saral.testCases.Test_26Q" name="Testcases_26Q" time="0.530"/>
  <system-out/>
  <testcase classname="pro.saral.testCases.Test_26Q" name="Testcases_26Q" time="2.637"/>
  <system-out/>
  <testcase classname="pro.saral.testCases.Test_26Q" name="Testcases_26Q" time="2.165"/>
  <system-out/>
  <testcase classname="pro.saral.testCases.Test_26Q" name="Testcases_26Q" time="2.242"/>
  <system-out/>
  <testcase classname="pro.saral.testCases.Test_26Q" name="Testcases_26Q" time="2.183"/>
  <system-out/>
  <testcase classname="pro.saral.testCases.Test_26Q" name="Testcases_26Q" time="2.343"/>
  <system-out/>
  <testcase classname="pro.saral.testCases.Test_26Q" name="Testcases_26Q" time="2.519"/>
  <system-out/>
  <testcase classname="pro.saral.testCases.Test_26Q" name="Testcases_26Q" time="2.330"/>
  <system-out/>
  <testcase classname="pro.saral.testCases.Test_26Q" name="Testcases_26Q" time="0.252"/>
  <system-out/>
  <testcase classname="pro.saral.testCases.Test_26Q" name="Testcases_26Q" time="2.171"/>
  <system-out/>
  <testcase classname="pro.saral.testCases.Test_26Q" name="Testcases_26Q" time="2.556"/>
  <system-out/>
  <testcase classname="pro.saral.testCases.Test_26Q" name="Testcases_26Q" time="0.149"/>
  <system-out/>
  <testcase classname="pro.saral.testCases.Test_26Q" name="Testcases_26Q" time="0.548"/>
  <system-out/>
  <testcase classname="pro.saral.testCases.Test_26Q" name="Testcases_26Q" time="2.036"/>
  <system-out/>
  <testcase classname="pro.saral.testCases.Test_26Q" name="Testcases_26Q" time="2.497"/>
  <system-out/>
  <testcase classname="pro.saral.testCases.Test_26Q" name="Testcases_26Q" time="0.369"/>
  <system-out/>
  <testcase classname="pro.saral.testCases.Test_26Q" name="Testcases_26Q" time="2.497"/>
  <system-out/>
  <testcase classname="pro.saral.testCases.Test_26Q" name="Testcases_26Q" time="0.120"/>
  <system-out/>
  <testcase classname="pro.saral.testCases.Test_26Q" name="Testcases_26Q" time="0.397"/>
  <system-out/>
  <testcase classname="pro.saral.testCases.Test_26Q" name="Testcases_26Q" time="2.480"/>
  <system-out/>
  <testcase classname="pro.saral.testCases.Test_26Q" name="Testcases_26Q" time="2.692"/>
  <system-out/>
  <testcase classname="pro.saral.testCases.Test_26Q" name="Testcases_26Q" time="2.162"/>
  <system-out/>
  <testcase classname="pro.saral.testCases.Test_26Q" name="Testcases_26Q" time="2.334"/>
  <system-out/>
  <testcase classname="pro.saral.testCases.Test_26Q" name="Testcases_26Q" time="2.250"/>
  <system-out/>
  <testcase classname="pro.saral.testCases.Test_26Q" name="Testcases_26Q" time="2.182"/>
  <system-out/>
  <testcase classname="pro.saral.testCases.Test_26Q" name="Testcases_26Q" time="0.319"/>
  <system-out/>
  <testcase classname="pro.saral.testCases.Test_26Q" name="Testcases_26Q" time="0.357"/>
  <system-out/>
  <testcase classname="pro.saral.testCases.Test_26Q" name="Testcases_26Q" time="2.190"/>
  <system-out/>
  <testcase classname="pro.saral.testCases.Test_26Q" name="Testcases_26Q" time="2.202"/>
  <system-out/>
  <testcase classname="pro.saral.testCases.Test_26Q" name="Testcases_26Q" time="0.017"/>
  <system-out/>
  <testcase classname="pro.saral.testCases.Test_26Q" name="Testcases_26Q" time="0.060"/>
  <system-out/>
  <testcase classname="pro.saral.testCases.Test_26Q" name="Testcases_26Q" time="0.316"/>
  <system-out/>
  <testcase classname="pro.saral.testCases.Test_26Q" name="Testcases_26Q" time="0.456"/>
  <system-out/>
  <testcase classname="pro.saral.testCases.Test_26Q" name="Testcases_26Q" time="0.233"/>
  <system-out/>
  <testcase classname="pro.saral.testCases.Test_26Q" name="Testcases_26Q" time="2.179"/>
  <system-out/>
  <testcase classname="pro.saral.testCases.Test_26Q" name="Testcases_26Q" time="0.051"/>
  <system-out/>
  <testcase classname="pro.saral.testCases.Test_26Q" name="Testcases_26Q" time="2.152"/>
  <system-out/>
  <testcase classname="pro.saral.testCases.Test_26Q" name="Testcases_26Q" time="0.014"/>
  <system-out/>
  <testcase classname="pro.saral.testCases.Test_26Q" name="Testcases_26Q" time="2.595"/>
  <system-out/>
  <testcase classname="pro.saral.testCases.Test_26Q" name="Testcases_26Q" time="0.102"/>
  <system-out/>
  <testcase classname="pro.saral.testCases.Test_26Q" name="Testcases_26Q" time="0.079"/>
  <system-out/>
  <testcase classname="pro.saral.testCases.Test_26Q" name="Testcases_26Q" time="2.377"/>
  <system-out/>
  <testcase classname="pro.saral.testCases.Test_26Q" name="Testcases_26Q" time="2.389"/>
  <system-out/>
  <testcase classname="pro.saral.testCases.Test_26Q" name="Testcases_26Q" time="2.587"/>
  <system-out/>
  <testcase classname="pro.saral.testCases.Test_26Q" name="Testcases_26Q" time="2.159"/>
  <system-out/>
  <testcase classname="pro.saral.testCases.Test_26Q" name="Testcases_26Q" time="2.258"/>
  <system-out/>
  <testcase classname="pro.saral.testCases.Test_26Q" name="Testcases_26Q" time="0.042"/>
  <system-out/>
  <testcase classname="pro.saral.testCases.Test_26Q" name="Testcases_26Q" time="2.554"/>
  <system-out/>
  <testcase classname="pro.saral.testCases.Test_26Q" name="Testcases_26Q" time="2.168"/>
  <system-out/>
  <testcase classname="pro.saral.testCases.Test_26Q" name="Testcases_26Q" time="0.016"/>
  <system-out/>
  <testcase classname="pro.saral.testCases.Test_26Q" name="Testcases_26Q" time="0.359"/>
  <system-out/>
  <testcase classname="pro.saral.testCases.Test_26Q" name="Testcases_26Q" time="0.013"/>
  <system-out/>
  <testcase classname="pro.saral.testCases.Test_26Q" name="Testcases_26Q" time="2.450"/>
  <system-out/>
  <testcase classname="pro.saral.testCases.Test_26Q" name="Testcases_26Q" time="2.124"/>
  <system-out/>
  <testcase classname="pro.saral.testCases.Test_26Q" name="Testcases_26Q" time="0.078"/>
  <system-out/>
  <testcase classname="pro.saral.testCases.Test_26Q" name="Testcases_26Q" time="2.149"/>
  <system-out/>
  <testcase classname="pro.saral.testCases.Test_26Q" name="Testcases_26Q" time="0.111"/>
  <system-out/>
  <testcase classname="pro.saral.testCases.Test_26Q" name="Testcases_26Q" time="2.178"/>
  <system-out/>
  <testcase classname="pro.saral.testCases.Test_26Q" name="Testcases_26Q" time="2.168"/>
  <system-out/>
  <testcase classname="pro.saral.testCases.Test_26Q" name="Testcases_26Q" time="0.113"/>
  <system-out/>
  <testcase classname="pro.saral.testCases.Test_26Q" name="Testcases_26Q" time="2.109"/>
  <system-out/>
  <testcase classname="pro.saral.testCases.Test_26Q" name="Testcases_26Q" time="0.201"/>
  <system-out/>
  <testcase classname="pro.saral.testCases.Test_26Q" name="Testcases_26Q" time="20.090"/>
  <system-out/>
  <testcase classname="pro.saral.testCases.Test_26Q" name="Testcases_26Q" time="0.181"/>
  <system-out/>
  <testcase classname="pro.saral.testCases.Test_26Q" name="Testcases_26Q" time="2.243"/>
  <system-out/>
  <testcase classname="pro.saral.testCases.Test_26Q" name="Testcases_26Q" time="0.416"/>
  <system-out/>
  <testcase classname="pro.saral.testCases.Test_26Q" name="Testcases_26Q" time="2.514"/>
  <system-out/>
  <testcase classname="pro.saral.testCases.Test_26Q" name="Testcases_26Q" time="0.013"/>
  <system-out/>
  <testcase classname="pro.saral.testCases.Test_26Q" name="Testcases_26Q" time="2.152"/>
  <system-out/>
  <testcase classname="pro.saral.testCases.Test_26Q" name="Testcases_26Q" time="0.126"/>
  <system-out/>
  <testcase classname="pro.saral.testCases.Test_26Q" name="Testcases_26Q" time="2.234"/>
  <system-out/>
  <testcase classname="pro.saral.testCases.Test_26Q" name="Testcases_26Q" time="2.436"/>
  <system-out/>
  <testcase classname="pro.saral.testCases.Test_26Q" name="Testcases_26Q" time="2.444"/>
  <system-out/>
  <testcase classname="pro.saral.testCases.Test_26Q" name="Testcases_26Q" time="2.373"/>
  <system-out/>
  <testcase classname="pro.saral.testCases.Test_26Q" name="Testcases_26Q" time="0.335"/>
  <system-out/>
  <testcase classname="pro.saral.testCases.Test_26Q" name="Testcases_26Q" time="2.207"/>
  <system-out/>
  <testcase classname="pro.saral.testCases.Test_26Q" name="Testcases_26Q" time="2.170"/>
  <system-out/>
  <testcase classname="pro.saral.testCases.Test_26Q" name="Testcases_26Q" time="2.173"/>
  <system-out/>
  <testcase classname="pro.saral.testCases.Test_26Q" name="Testcases_26Q" time="2.136"/>
  <system-out/>
  <testcase classname="pro.saral.testCases.Test_26Q" name="Testcases_26Q" time="2.561"/>
  <system-out/>
  <testcase classname="pro.saral.testCases.Test_26Q" name="Testcases_26Q" time="2.580"/>
  <system-out/>
  <testcase classname="pro.saral.testCases.Test_26Q" name="Testcases_26Q" time="0.334"/>
  <system-out/>
  <testcase classname="pro.saral.testCases.Test_26Q" name="Testcases_26Q" time="2.608"/>
  <system-out/>
  <testcase classname="pro.saral.testCases.Test_26Q" name="Testcases_26Q" time="2.329"/>
  <system-out/>
  <testcase classname="pro.saral.testCases.Test_26Q" name="Testcases_26Q" time="2.713"/>
  <system-out/>
  <testcase classname="pro.saral.testCases.Test_26Q" name="Testcases_26Q" time="0.148"/>
  <system-out/>
  <testcase classname="pro.saral.testCases.Test_26Q" name="Testcases_26Q" time="2.661"/>
  <system-out/>
  <testcase classname="pro.saral.testCases.Test_26Q" name="Testcases_26Q" time="2.180"/>
  <system-out/>
  <testcase classname="pro.saral.testCases.Test_26Q" name="Testcases_26Q" time="0.337"/>
  <system-out/>
  <testcase classname="pro.saral.testCases.Test_26Q" name="Testcases_26Q" time="2.509"/>
  <system-out/>
  <testcase classname="pro.saral.testCases.Test_26Q" name="Testcases_26Q" time="2.184"/>
  <system-out/>
  <testcase classname="pro.saral.testCases.Test_26Q" name="Testcases_26Q" time="2.619"/>
  <system-out/>
  <testcase classname="pro.saral.testCases.Test_26Q" name="Testcases_26Q" time="2.191"/>
  <system-out/>
  <testcase classname="pro.saral.testCases.Test_26Q" name="Testcases_26Q" time="0.376"/>
  <system-out/>
  <testcase classname="pro.saral.testCases.Test_26Q" name="Testcases_26Q" time="2.362"/>
  <system-out/>
  <testcase classname="pro.saral.testCases.Test_26Q" name="Testcases_26Q" time="2.561"/>
  <system-out/>
  <testcase classname="pro.saral.testCases.Test_26Q" name="Testcases_26Q" time="0.143"/>
  <system-out/>
  <testcase classname="pro.saral.testCases.Test_26Q" name="Testcases_26Q" time="2.040"/>
  <system-out/>
  <testcase classname="pro.saral.testCases.Test_26Q" name="Testcases_26Q" time="0.394"/>
  <system-out/>
  <testcase classname="pro.saral.testCases.Test_26Q" name="Testcases_26Q" time="0.128"/>
  <system-out/>
  <testcase classname="pro.saral.testCases.Test_26Q" name="Testcases_26Q" time="2.325"/>
  <system-out/>
  <testcase classname="pro.saral.testCases.Test_26Q" name="Testcases_26Q" time="2.437"/>
  <system-out/>
  <testcase classname="pro.saral.testCases.Test_26Q" name="Testcases_26Q" time="0.052"/>
  <system-out/>
  <testcase classname="pro.saral.testCases.Test_26Q" name="Testcases_26Q" time="2.532"/>
  <system-out/>
  <testcase classname="pro.saral.testCases.Test_26Q" name="Testcases_26Q" time="2.140"/>
  <system-out/>
  <testcase classname="pro.saral.testCases.Test_26Q" name="Testcases_26Q" time="2.270"/>
  <system-out/>
  <testcase classname="pro.saral.testCases.Test_26Q" name="Testcases_26Q" time="2.143"/>
  <system-out/>
  <testcase classname="pro.saral.testCases.Test_26Q" name="Testcases_26Q" time="2.219"/>
  <system-out/>
  <testcase classname="pro.saral.testCases.Test_26Q" name="Testcases_26Q" time="2.532"/>
  <system-out/>
  <testcase classname="pro.saral.testCases.Test_26Q" name="Testcases_26Q" time="2.363"/>
  <system-out/>
  <testcase classname="pro.saral.testCases.Test_26Q" name="Testcases_26Q" time="2.159"/>
  <system-out/>
  <testcase classname="pro.saral.testCases.Test_26Q" name="Testcases_26Q" time="0.237"/>
  <system-out/>
  <testcase classname="pro.saral.testCases.Test_26Q" name="Testcases_26Q" time="2.575"/>
  <system-out/>
  <testcase classname="pro.saral.testCases.Test_26Q" name="Testcases_26Q" time="2.232"/>
  <system-out/>
  <testcase classname="pro.saral.testCases.Test_26Q" name="Testcases_26Q" time="2.380"/>
  <system-out/>
  <testcase classname="pro.saral.testCases.Test_26Q" name="Testcases_26Q" time="2.377"/>
  <system-out/>
  <testcase classname="pro.saral.testCases.Test_26Q" name="Testcases_26Q" time="2.483"/>
  <system-out/>
  <testcase classname="pro.saral.testCases.Test_26Q" name="Testcases_26Q" time="2.365"/>
  <system-out/>
  <testcase classname="pro.saral.testCases.Test_26Q" name="Testcases_26Q" time="2.551"/>
  <system-out/>
  <testcase classname="pro.saral.testCases.Test_26Q" name="Testcases_26Q" time="2.253"/>
  <system-out/>
  <testcase classname="pro.saral.testCases.Test_26Q" name="Testcases_26Q" time="2.562"/>
  <system-out/>
  <testcase classname="pro.saral.testCases.Test_26Q" name="Testcases_26Q" time="0.451"/>
  <system-out/>
  <testcase classname="pro.saral.testCases.Test_26Q" name="Testcases_26Q" time="0.014"/>
  <system-out/>
  <testcase classname="pro.saral.testCases.Test_26Q" name="Testcases_26Q" time="0.069"/>
  <system-out/>
  <testcase classname="pro.saral.testCases.Test_26Q" name="Testcases_26Q" time="0.069"/>
  <system-out/>
  <testcase classname="pro.saral.testCases.Test_26Q" name="Testcases_26Q" time="0.108"/>
  <system-out/>
  <testcase classname="pro.saral.testCases.Test_26Q" name="Testcases_26Q" time="2.222"/>
  <system-out/>
  <testcase classname="pro.saral.testCases.Test_26Q" name="Testcases_26Q" time="0.338"/>
  <system-out/>
  <testcase classname="pro.saral.testCases.Test_26Q" name="Testcases_26Q" time="0.044"/>
  <system-out/>
  <testcase classname="pro.saral.testCases.Test_26Q" name="Testcases_26Q" time="0.055"/>
  <system-out/>
  <testcase classname="pro.saral.testCases.Test_26Q" name="Testcases_26Q" time="0.303"/>
  <system-out/>
  <testcase classname="pro.saral.testCases.Test_26Q" name="Testcases_26Q" time="2.235"/>
  <system-out/>
  <testcase classname="pro.saral.testCases.Test_26Q" name="Testcases_26Q" time="2.295"/>
  <system-out/>
  <testcase classname="pro.saral.testCases.Test_26Q" name="Testcases_26Q" time="2.475"/>
  <system-out/>
  <testcase classname="pro.saral.testCases.Test_26Q" name="Testcases_26Q" time="0.015"/>
  <system-out/>
  <testcase classname="pro.saral.testCases.Test_26Q" name="Testcases_26Q" time="2.412"/>
  <system-out/>
  <testcase classname="pro.saral.testCases.Test_26Q" name="Testcases_26Q" time="2.526"/>
  <system-out/>
  <testcase classname="pro.saral.testCases.Test_26Q" name="Testcases_26Q" time="0.106"/>
  <system-out/>
  <testcase classname="pro.saral.testCases.Test_26Q" name="Testcases_26Q" time="2.236"/>
  <system-out/>
  <testcase classname="pro.saral.testCases.Test_26Q" name="Testcases_26Q" time="2.224"/>
  <system-out/>
  <testcase classname="pro.saral.testCases.Test_26Q" name="Testcases_26Q" time="0.392"/>
  <system-out/>
  <testcase classname="pro.saral.testCases.Test_26Q" name="Testcases_26Q" time="0.046"/>
  <system-out/>
  <testcase classname="pro.saral.testCases.Test_26Q" name="Testcases_26Q" time="0.106"/>
  <system-out/>
  <testcase classname="pro.saral.testCases.Test_26Q" name="Testcases_26Q" time="0.593"/>
  <system-out/>
  <testcase classname="pro.saral.testCases.Test_26Q" name="Testcases_26Q" time="12.080"/>
  <system-out/>
  <testcase classname="pro.saral.testCases.Test_26Q" name="Testcases_26Q" time="2.380"/>
  <system-out/>
  <testcase classname="pro.saral.testCases.Test_26Q" name="Testcases_26Q" time="2.452"/>
  <system-out/>
  <testcase classname="pro.saral.testCases.Test_26Q" name="Testcases_26Q" time="0.118"/>
  <system-out/>
  <testcase classname="pro.saral.testCases.Test_26Q" name="Testcases_26Q" time="2.295"/>
  <system-out/>
  <testcase classname="pro.saral.testCases.Test_26Q" name="Testcases_26Q" time="2.151"/>
  <system-out/>
  <testcase classname="pro.saral.testCases.Test_26Q" name="Testcases_26Q" time="0.399"/>
  <system-out/>
  <testcase classname="pro.saral.testCases.Test_26Q" name="Testcases_26Q" time="0.030"/>
  <system-out/>
  <testcase classname="pro.saral.testCases.Test_26Q" name="Testcases_26Q" time="2.404"/>
  <system-out/>
  <testcase classname="pro.saral.testCases.Test_26Q" name="Testcases_26Q" time="2.127"/>
  <system-out/>
  <testcase classname="pro.saral.testCases.Test_26Q" name="Testcases_26Q" time="2.391"/>
  <system-out/>
  <testcase classname="pro.saral.testCases.Test_26Q" name="Testcases_26Q" time="2.203"/>
  <system-out/>
  <testcase classname="pro.saral.testCases.Test_26Q" name="Testcases_26Q" time="2.510"/>
  <system-out/>
  <testcase classname="pro.saral.testCases.Test_26Q" name="Testcases_26Q" time="2.166"/>
  <system-out/>
  <testcase classname="pro.saral.testCases.Test_26Q" name="Testcases_26Q" time="2.184"/>
  <system-out/>
  <testcase classname="pro.saral.testCases.Test_26Q" name="Testcases_26Q" time="0.012"/>
  <system-out/>
  <testcase classname="pro.saral.testCases.Test_26Q" name="Testcases_26Q" time="2.356"/>
  <system-out/>
  <testcase classname="pro.saral.testCases.Test_26Q" name="Testcases_26Q" time="2.135"/>
  <system-out/>
  <testcase classname="pro.saral.testCases.Test_26Q" name="Testcases_26Q" time="0.072"/>
  <system-out/>
  <testcase classname="pro.saral.testCases.Test_26Q" name="Testcases_26Q" time="0.032"/>
  <system-out/>
  <testcase classname="pro.saral.testCases.Test_26Q" name="Testcases_26Q" time="0.156"/>
  <system-out/>
  <testcase classname="pro.saral.testCases.Test_26Q" name="Testcases_26Q" time="2.135"/>
  <system-out/>
  <testcase classname="pro.saral.testCases.Test_26Q" name="Testcases_26Q" time="0.198"/>
  <system-out/>
  <testcase classname="pro.saral.testCases.Test_26Q" name="Testcases_26Q" time="2.232"/>
  <system-out/>
  <testcase classname="pro.saral.testCases.Test_26Q" name="Testcases_26Q" time="0.270"/>
  <system-out/>
  <testcase classname="pro.saral.testCases.Test_26Q" name="Testcases_26Q" time="2.389"/>
  <system-out/>
  <testcase classname="pro.saral.testCases.Test_26Q" name="Testcases_26Q" time="2.499"/>
  <system-out/>
  <testcase classname="pro.saral.testCases.Test_26Q" name="Testcases_26Q" time="0.253"/>
  <system-out/>
  <testcase classname="pro.saral.testCases.Test_26Q" name="Testcases_26Q" time="0.449"/>
  <system-out/>
  <testcase classname="pro.saral.testCases.Test_26Q" name="Testcases_26Q" time="0.040"/>
  <system-out/>
  <testcase classname="pro.saral.testCases.Test_26Q" name="Testcases_26Q" time="0.047"/>
  <system-out/>
  <testcase classname="pro.saral.testCases.Test_26Q" name="Testcases_26Q" time="2.025"/>
  <system-out/>
  <testcase classname="pro.saral.testCases.Test_26Q" name="Testcases_26Q" time="2.183"/>
  <system-out/>
  <testcase classname="pro.saral.testCases.Test_26Q" name="Testcases_26Q" time="2.534"/>
  <system-out/>
  <testcase classname="pro.saral.testCases.Test_26Q" name="Testcases_26Q" time="0.092"/>
  <system-out/>
  <testcase classname="pro.saral.testCases.Test_26Q" name="Testcases_26Q" time="2.321"/>
  <system-out/>
  <testcase classname="pro.saral.testCases.Test_26Q" name="Testcases_26Q" time="2.537"/>
  <system-out/>
  <testcase classname="pro.saral.testCases.Test_26Q" name="Testcases_26Q" time="0.119"/>
  <system-out/>
  <testcase classname="pro.saral.testCases.Test_26Q" name="Testcases_26Q" time="2.278"/>
  <system-out/>
  <testcase classname="pro.saral.testCases.Test_26Q" name="Testcases_26Q" time="0.134"/>
  <system-out/>
  <testcase classname="pro.saral.testCases.Test_26Q" name="Testcases_26Q" time="0.038"/>
  <system-out/>
  <testcase classname="pro.saral.testCases.Test_26Q" name="Testcases_26Q" time="2.604"/>
  <system-out/>
  <testcase classname="pro.saral.testCases.Test_26Q" name="Testcases_26Q" time="2.141"/>
  <system-out/>
  <testcase classname="pro.saral.testCases.Test_26Q" name="Testcases_26Q" time="2.280"/>
  <system-out/>
  <testcase classname="pro.saral.testCases.Test_26Q" name="Testcases_26Q" time="2.213"/>
  <system-out/>
  <testcase classname="pro.saral.testCases.Test_26Q" name="Testcases_26Q" time="2.342"/>
  <system-out/>
  <testcase classname="pro.saral.testCases.Test_26Q" name="Testcases_26Q" time="0.430"/>
  <system-out/>
  <testcase classname="pro.saral.testCases.Test_26Q" name="Testcases_26Q" time="0.015"/>
  <system-out/>
  <testcase classname="pro.saral.testCases.Test_26Q" name="Testcases_26Q" time="0.386"/>
  <system-out/>
  <testcase classname="pro.saral.testCases.Test_26Q" name="Testcases_26Q" time="2.026"/>
  <system-out/>
  <testcase classname="pro.saral.testCases.Test_26Q" name="Testcases_26Q" time="0.050"/>
  <system-out/>
  <testcase classname="pro.saral.testCases.Test_26Q" name="Testcases_26Q" time="0.040"/>
  <system-out/>
  <testcase classname="pro.saral.testCases.Test_26Q" name="Testcases_26Q" time="0.885"/>
  <system-out/>
  <testcase classname="pro.saral.testCases.Test_26Q" name="Testcases_26Q" time="2.608"/>
  <system-out/>
  <testcase classname="pro.saral.testCases.Test_26Q" name="Testcases_26Q" time="2.365"/>
  <system-out/>
  <testcase classname="pro.saral.testCases.Test_26Q" name="Testcases_26Q" time="2.236"/>
  <system-out/>
  <testcase classname="pro.saral.testCases.Test_26Q" name="Testcases_26Q" time="0.290"/>
  <system-out/>
  <testcase classname="pro.saral.testCases.Test_26Q" name="Testcases_26Q" time="2.162"/>
  <system-out/>
  <testcase classname="pro.saral.testCases.Test_26Q" name="Testcases_26Q" time="2.360"/>
  <system-out/>
  <testcase classname="pro.saral.testCases.Test_26Q" name="Testcases_26Q" time="2.468"/>
  <system-out/>
  <testcase classname="pro.saral.testCases.Test_26Q" name="Testcases_26Q" time="0.120"/>
  <system-out/>
  <testcase classname="pro.saral.testCases.Test_26Q" name="Testcases_26Q" time="2.460"/>
  <system-out/>
  <testcase classname="pro.saral.testCases.Test_26Q" name="Testcases_26Q" time="2.174"/>
  <system-out/>
  <testcase classname="pro.saral.testCases.Test_26Q" name="Testcases_26Q" time="0.553"/>
  <system-out/>
  <testcase classname="pro.saral.testCases.Test_26Q" name="Testcases_26Q" time="0.066"/>
  <system-out/>
  <testcase classname="pro.saral.testCases.Test_26Q" name="Testcases_26Q" time="0.377"/>
  <system-out/>
  <testcase classname="pro.saral.testCases.Test_26Q" name="Testcases_26Q" time="0.231"/>
  <system-out/>
  <testcase classname="pro.saral.testCases.Test_26Q" name="Testcases_26Q" time="0.037"/>
  <system-out/>
  <testcase classname="pro.saral.testCases.Test_26Q" name="Testcases_26Q" time="0.309"/>
  <system-out/>
  <testcase classname="pro.saral.testCases.Test_26Q" name="Testcases_26Q" time="2.561"/>
  <system-out/>
  <testcase classname="pro.saral.testCases.Test_26Q" name="Testcases_26Q" time="0.993"/>
  <system-out/>
  <testcase classname="pro.saral.testCases.Test_26Q" name="Testcases_26Q" time="35.201"/>
  <system-out/>
  <testcase classname="pro.saral.testCases.Test_26Q" name="Testcases_26Q" time="0.212"/>
  <system-out/>
  <testcase classname="pro.saral.testCases.Test_26Q" name="Testcases_26Q" time="2.153"/>
  <system-out/>
  <testcase classname="pro.saral.testCases.Test_26Q" name="Testcases_26Q" time="2.448"/>
  <system-out/>
  <testcase classname="pro.saral.testCases.Test_26Q" name="Testcases_26Q" time="2.498"/>
  <system-out/>
  <testcase classname="pro.saral.testCases.Test_26Q" name="Testcases_26Q" time="2.173"/>
  <system-out/>
  <testcase classname="pro.saral.testCases.Test_26Q" name="Testcases_26Q" time="2.152"/>
  <system-out/>
  <testcase classname="pro.saral.testCases.Test_26Q" name="Testcases_26Q" time="0.585"/>
  <system-out/>
  <testcase classname="pro.saral.testCases.Test_26Q" name="Testcases_26Q" time="2.425"/>
  <system-out/>
  <testcase classname="pro.saral.testCases.Test_26Q" name="Testcases_26Q" time="2.130"/>
  <system-out/>
  <testcase classname="pro.saral.testCases.Test_26Q" name="Testcases_26Q" time="2.553"/>
  <system-out/>
  <testcase classname="pro.saral.testCases.Test_26Q" name="Testcases_26Q" time="2.605"/>
  <system-out/>
  <testcase classname="pro.saral.testCases.Test_26Q" name="Testcases_26Q" time="2.153"/>
  <system-out/>
  <testcase classname="pro.saral.testCases.Test_26Q" name="Testcases_26Q" time="0.257"/>
  <system-out/>
  <testcase classname="pro.saral.testCases.Test_26Q" name="Testcases_26Q" time="2.311"/>
  <system-out/>
  <testcase classname="pro.saral.testCases.Test_26Q" name="Testcases_26Q" time="2.318"/>
  <system-out/>
  <testcase classname="pro.saral.testCases.Test_26Q" name="Testcases_26Q" time="2.213"/>
  <system-out/>
  <testcase classname="pro.saral.testCases.Test_26Q" name="Testcases_26Q" time="2.247"/>
  <system-out/>
  <testcase classname="pro.saral.testCases.Test_26Q" name="Testcases_26Q" time="0.137"/>
  <system-out/>
  <testcase classname="pro.saral.testCases.Test_26Q" name="Testcases_26Q" time="0.034"/>
  <system-out/>
  <testcase classname="pro.saral.testCases.Test_26Q" name="Testcases_26Q" time="0.108"/>
  <system-out/>
  <testcase classname="pro.saral.testCases.Test_26Q" name="Testcases_26Q" time="2.257"/>
  <system-out/>
  <testcase classname="pro.saral.testCases.Test_26Q" name="Testcases_26Q" time="0.165"/>
  <system-out/>
  <testcase classname="pro.saral.testCases.Test_26Q" name="Testcases_26Q" time="2.192"/>
  <system-out/>
  <testcase classname="pro.saral.testCases.Test_26Q" name="Testcases_26Q" time="0.241"/>
  <system-out/>
  <testcase classname="pro.saral.testCases.Test_26Q" name="Testcases_26Q" time="2.300"/>
  <system-out/>
  <testcase classname="pro.saral.testCases.Test_26Q" name="Testcases_26Q" time="0.232"/>
  <system-out/>
  <testcase classname="pro.saral.testCases.Test_26Q" name="Testcases_26Q" time="2.187"/>
  <system-out/>
  <testcase classname="pro.saral.testCases.Test_26Q" name="Testcases_26Q" time="0.101"/>
  <system-out/>
  <testcase classname="pro.saral.testCases.Test_26Q" name="Testcases_26Q" time="2.181"/>
  <system-out/>
  <testcase classname="pro.saral.testCases.Test_26Q" name="Testcases_26Q" time="2.381"/>
  <system-out/>
  <testcase classname="pro.saral.testCases.Test_26Q" name="Testcases_26Q" time="2.187"/>
  <system-out/>
  <testcase classname="pro.saral.testCases.Test_26Q" name="Testcases_26Q" time="0.320"/>
  <system-out/>
  <testcase classname="pro.saral.testCases.Test_26Q" name="Testcases_26Q" time="0.573"/>
  <system-out/>
  <testcase classname="pro.saral.testCases.Test_26Q" name="Testcases_26Q" time="2.611"/>
  <system-out/>
  <testcase classname="pro.saral.testCases.Test_26Q" name="Testcases_26Q" time="2.488"/>
  <system-out/>
  <testcase classname="pro.saral.testCases.Test_26Q" name="Testcases_26Q" time="2.497"/>
  <system-out/>
  <testcase classname="pro.saral.testCases.Test_26Q" name="Testcases_26Q" time="0.106"/>
  <system-out/>
  <testcase classname="pro.saral.testCases.Test_26Q" name="Testcases_26Q" time="0.473"/>
  <system-out/>
  <testcase classname="pro.saral.testCases.Test_26Q" name="Testcases_26Q" time="2.666"/>
  <system-out/>
  <testcase classname="pro.saral.testCases.Test_26Q" name="Testcases_26Q" time="2.146"/>
  <system-out/>
  <testcase classname="pro.saral.testCases.Test_26Q" name="Testcases_26Q" time="0.066"/>
  <system-out/>
  <testcase classname="pro.saral.testCases.Test_26Q" name="Testcases_26Q" time="2.171"/>
  <system-out/>
  <testcase classname="pro.saral.testCases.Test_26Q" name="Testcases_26Q" time="2.479"/>
  <system-out/>
  <testcase classname="pro.saral.testCases.Test_26Q" name="Testcases_26Q" time="2.220"/>
  <system-out/>
  <testcase classname="pro.saral.testCases.Test_26Q" name="Testcases_26Q" time="2.668"/>
  <system-out/>
  <testcase classname="pro.saral.testCases.Test_26Q" name="Testcases_26Q" time="0.045"/>
  <system-out/>
  <testcase classname="pro.saral.testCases.Test_26Q" name="Testcases_26Q" time="0.094"/>
  <system-out/>
  <testcase classname="pro.saral.testCases.Test_26Q" name="Testcases_26Q" time="2.209"/>
  <system-out/>
  <testcase classname="pro.saral.testCases.Test_26Q" name="Testcases_26Q" time="2.323"/>
  <system-out/>
  <testcase classname="pro.saral.testCases.Test_26Q" name="Testcases_26Q" time="2.378"/>
  <system-out/>
  <testcase classname="pro.saral.testCases.Test_26Q" name="Testcases_26Q" time="2.173"/>
  <system-out/>
  <testcase classname="pro.saral.testCases.Test_26Q" name="Testcases_26Q" time="2.257"/>
  <system-out/>
  <testcase classname="pro.saral.testCases.Test_26Q" name="Testcases_26Q" time="0.327"/>
  <system-out/>
  <testcase classname="pro.saral.testCases.Test_26Q" name="Testcases_26Q" time="0.110"/>
  <system-out/>
  <testcase classname="pro.saral.testCases.Test_26Q" name="Testcases_26Q" time="0.125"/>
  <system-out/>
  <testcase classname="pro.saral.testCases.Test_26Q" name="Testcases_26Q" time="0.344"/>
  <system-out/>
  <testcase classname="pro.saral.testCases.Test_26Q" name="Testcases_26Q" time="0.131"/>
  <system-out/>
  <testcase classname="pro.saral.testCases.Test_26Q" name="Testcases_26Q" time="0.165"/>
  <system-out/>
  <testcase classname="pro.saral.testCases.Test_26Q" name="Testcases_26Q" time="0.103"/>
  <system-out/>
  <testcase classname="pro.saral.testCases.Test_26Q" name="Testcases_26Q" time="2.158"/>
  <system-out/>
  <testcase classname="pro.saral.testCases.Test_26Q" name="Testcases_26Q" time="2.136"/>
  <system-out/>
  <testcase classname="pro.saral.testCases.Test_26Q" name="Testcases_26Q" time="2.481"/>
  <system-out/>
  <testcase classname="pro.saral.testCases.Test_26Q" name="Testcases_26Q" time="20.079"/>
  <system-out/>
  <testcase classname="pro.saral.testCases.Test_26Q" name="Testcases_26Q" time="2.399"/>
  <system-out/>
  <testcase classname="pro.saral.testCases.Test_26Q" name="Testcases_26Q" time="2.495"/>
  <system-out/>
  <testcase classname="pro.saral.testCases.Test_26Q" name="Testcases_26Q" time="6.944"/>
  <system-out/>
  <testcase classname="pro.saral.testCases.Test_26Q" name="Testcases_26Q" time="2.242"/>
  <system-out/>
  <testcase classname="pro.saral.testCases.Test_26Q" name="Testcases_26Q" time="2.230"/>
  <system-out/>
  <testcase classname="pro.saral.testCases.Test_26Q" name="Testcases_26Q" time="0.129"/>
  <system-out/>
  <testcase classname="pro.saral.testCases.Test_26Q" name="Testcases_26Q" time="2.156"/>
  <system-out/>
  <testcase classname="pro.saral.testCases.Test_26Q" name="Testcases_26Q" time="0.344"/>
  <system-out/>
  <testcase classname="pro.saral.testCases.Test_26Q" name="Testcases_26Q" time="2.358"/>
  <system-out/>
  <testcase classname="pro.saral.testCases.Test_26Q" name="Testcases_26Q" time="12.093"/>
  <system-out/>
  <testcase classname="pro.saral.testCases.Test_26Q" name="Testcases_26Q" time="2.292"/>
  <system-out/>
  <testcase classname="pro.saral.testCases.Test_26Q" name="Testcases_26Q" time="0.114"/>
  <system-out/>
  <testcase classname="pro.saral.testCases.Test_26Q" name="Testcases_26Q" time="0.244"/>
  <system-out/>
  <testcase classname="pro.saral.testCases.Test_26Q" name="Testcases_26Q" time="0.492"/>
  <system-out/>
  <testcase classname="pro.saral.testCases.Test_26Q" name="Testcases_26Q" time="2.368"/>
  <system-out/>
  <testcase classname="pro.saral.testCases.Test_26Q" name="Testcases_26Q" time="2.478"/>
  <system-out/>
  <testcase classname="pro.saral.testCases.Test_26Q" name="Testcases_26Q" time="2.797"/>
  <system-out/>
  <testcase classname="pro.saral.testCases.Test_26Q" name="Testcases_26Q" time="0.043"/>
  <system-out/>
  <testcase classname="pro.saral.testCases.Test_26Q" name="Testcases_26Q" time="2.253"/>
  <system-out/>
  <testcase classname="pro.saral.testCases.Test_26Q" name="Testcases_26Q" time="2.452"/>
  <system-out/>
  <testcase classname="pro.saral.testCases.Test_26Q" name="Testcases_26Q" time="2.161"/>
  <system-out/>
  <testcase classname="pro.saral.testCases.Test_26Q" name="Testcases_26Q" time="0.198"/>
  <system-out/>
  <testcase classname="pro.saral.testCases.Test_26Q" name="Testcases_26Q" time="0.385"/>
  <system-out/>
  <testcase classname="pro.saral.testCases.Test_26Q" name="Testcases_26Q" time="2.609"/>
  <system-out/>
  <testcase classname="pro.saral.testCases.Test_26Q" name="Testcases_26Q" time="2.264"/>
  <system-out/>
  <testcase classname="pro.saral.testCases.Test_26Q" name="Testcases_26Q" time="2.542"/>
  <system-out/>
  <testcase classname="pro.saral.testCases.Test_26Q" name="Testcases_26Q" time="0.087"/>
  <system-out/>
  <testcase classname="pro.saral.testCases.Test_26Q" name="Testcases_26Q" time="0.100"/>
  <system-out/>
  <testcase classname="pro.saral.testCases.Test_26Q" name="Testcases_26Q" time="20.180"/>
  <system-out/>
  <testcase classname="pro.saral.testCases.Test_26Q" name="Testcases_26Q" time="2.446"/>
  <system-out/>
  <testcase classname="pro.saral.testCases.Test_26Q" name="Testcases_26Q" time="0.088"/>
  <system-out/>
  <testcase classname="pro.saral.testCases.Test_26Q" name="Testcases_26Q" time="0.011"/>
  <system-out/>
  <testcase classname="pro.saral.testCases.Test_26Q" name="Testcases_26Q" time="35.160"/>
  <system-out/>
  <testcase classname="pro.saral.testCases.Test_26Q" name="Testcases_26Q" time="0.254"/>
  <system-out/>
  <testcase classname="pro.saral.testCases.Test_26Q" name="Testcases_26Q" time="2.360"/>
  <system-out/>
  <testcase classname="pro.saral.testCases.Test_26Q" name="Testcases_26Q" time="0.398"/>
  <system-out/>
  <testcase classname="pro.saral.testCases.Test_26Q" name="Testcases_26Q" time="0.072"/>
  <system-out/>
  <testcase classname="pro.saral.testCases.Test_26Q" name="Testcases_26Q" time="2.351"/>
  <system-out/>
  <testcase classname="pro.saral.testCases.Test_26Q" name="Testcases_26Q" time="0.013"/>
  <system-out/>
  <testcase classname="pro.saral.testCases.Test_26Q" name="Testcases_26Q" time="0.120"/>
  <system-out/>
  <testcase classname="pro.saral.testCases.Test_26Q" name="Testcases_26Q" time="0.160"/>
  <system-out/>
  <testcase classname="pro.saral.testCases.Test_26Q" name="Testcases_26Q" time="0.033"/>
  <system-out/>
  <testcase classname="pro.saral.testCases.Test_26Q" name="Testcases_26Q" time="2.417"/>
  <system-out/>
  <testcase classname="pro.saral.testCases.Test_26Q" name="Testcases_26Q" time="2.368"/>
  <system-out/>
  <testcase classname="pro.saral.testCases.Test_26Q" name="Testcases_26Q" time="2.359"/>
  <system-out/>
  <testcase classname="pro.saral.testCases.Test_26Q" name="Testcases_26Q" time="2.691"/>
  <system-out/>
  <testcase classname="pro.saral.testCases.Test_26Q" name="Testcases_26Q" time="0.303"/>
  <system-out/>
  <testcase classname="pro.saral.testCases.Test_26Q" name="Testcases_26Q" time="0.227"/>
  <system-out/>
  <testcase classname="pro.saral.testCases.Test_26Q" name="Testcases_26Q" time="2.458"/>
  <system-out/>
  <testcase classname="pro.saral.testCases.Test_26Q" name="Testcases_26Q" time="2.488"/>
  <system-out/>
  <testcase classname="pro.saral.testCases.Test_26Q" name="Testcases_26Q" time="0.367"/>
  <system-out/>
  <testcase classname="pro.saral.testCases.Test_26Q" name="Testcases_26Q" time="2.282"/>
  <system-out/>
  <testcase classname="pro.saral.testCases.Test_26Q" name="Testcases_26Q" time="0.119"/>
  <system-out/>
  <testcase classname="pro.saral.testCases.Test_26Q" name="Testcases_26Q" time="2.230"/>
  <system-out/>
  <testcase classname="pro.saral.testCases.Test_26Q" name="Testcases_26Q" time="0.012"/>
  <system-out/>
  <testcase classname="pro.saral.testCases.Test_26Q" name="Testcases_26Q" time="2.483"/>
  <system-out/>
  <testcase classname="pro.saral.testCases.Test_26Q" name="Testcases_26Q" time="0.013"/>
  <system-out/>
  <testcase classname="pro.saral.testCases.Test_26Q" name="Testcases_26Q" time="2.238"/>
  <system-out/>
  <testcase classname="pro.saral.testCases.Test_26Q" name="Testcases_26Q" time="0.111"/>
  <system-out/>
  <testcase classname="pro.saral.testCases.Test_26Q" name="Testcases_26Q" time="0.469"/>
  <system-out/>
  <testcase classname="pro.saral.testCases.Test_26Q" name="Testcases_26Q" time="2.630"/>
  <system-out/>
  <testcase classname="pro.saral.testCases.Test_26Q" name="Testcases_26Q" time="2.554"/>
  <system-out/>
  <testcase classname="pro.saral.testCases.Test_26Q" name="Testcases_26Q" time="2.156"/>
  <system-out/>
  <testcase classname="pro.saral.testCases.Test_26Q" name="Testcases_26Q" time="2.412"/>
  <system-out/>
  <testcase classname="pro.saral.testCases.Test_26Q" name="Testcases_26Q" time="0.210"/>
  <system-out/>
  <testcase classname="pro.saral.testCases.Test_26Q" name="Testcases_26Q" time="0.248"/>
  <system-out/>
  <testcase classname="pro.saral.testCases.Test_26Q" name="Testcases_26Q" time="2.447"/>
  <system-out/>
  <testcase classname="pro.saral.testCases.Test_26Q" name="Testcases_26Q" time="2.427"/>
  <system-out/>
  <testcase classname="pro.saral.testCases.Test_26Q" name="Testcases_26Q" time="0.070"/>
  <system-out/>
  <testcase classname="pro.saral.testCases.Test_26Q" name="Testcases_26Q" time="0.019"/>
  <system-out/>
  <testcase classname="pro.saral.testCases.Test_26Q" name="Testcases_26Q" time="0.468"/>
  <system-out/>
  <testcase classname="pro.saral.testCases.Test_26Q" name="Testcases_26Q" time="0.017"/>
  <system-out/>
  <testcase classname="pro.saral.testCases.Test_26Q" name="Testcases_26Q" time="2.451"/>
  <system-out/>
  <testcase classname="pro.saral.testCases.Test_26Q" name="Testcases_26Q" time="2.442"/>
  <system-out/>
  <testcase classname="pro.saral.testCases.Test_26Q" name="Testcases_26Q" time="0.230"/>
  <system-out/>
  <testcase classname="pro.saral.testCases.Test_26Q" name="Testcases_26Q" time="0.019"/>
  <system-out/>
  <testcase classname="pro.saral.testCases.Test_26Q" name="Testcases_26Q" time="0.229"/>
  <system-out/>
  <testcase classname="pro.saral.testCases.Test_26Q" name="Testcases_26Q" time="2.139"/>
  <system-out/>
  <testcase classname="pro.saral.testCases.Test_26Q" name="Testcases_26Q" time="2.321"/>
  <system-out/>
  <testcase classname="pro.saral.testCases.Test_26Q" name="Testcases_26Q" time="0.315"/>
  <system-out/>
  <testcase classname="pro.saral.testCases.Test_26Q" name="Testcases_26Q" time="0.172"/>
  <system-out/>
  <testcase classname="pro.saral.testCases.Test_26Q" name="Testcases_26Q" time="0.354"/>
  <system-out/>
  <testcase classname="pro.saral.testCases.Test_26Q" name="Testcases_26Q" time="0.109"/>
  <system-out/>
  <testcase classname="pro.saral.testCases.Test_26Q" name="Testcases_26Q" time="2.578"/>
  <system-out/>
  <testcase classname="pro.saral.testCases.Test_26Q" name="Testcases_26Q" time="0.310"/>
  <system-out/>
  <testcase classname="pro.saral.testCases.Test_26Q" name="Testcases_26Q" time="0.279"/>
  <system-out/>
  <testcase classname="pro.saral.testCases.Test_26Q" name="Testcases_26Q" time="2.421"/>
  <system-out/>
  <testcase classname="pro.saral.testCases.Test_26Q" name="Testcases_26Q" time="0.061"/>
  <system-out/>
  <testcase classname="pro.saral.testCases.Test_26Q" name="Testcases_26Q" time="2.162"/>
  <system-out/>
  <testcase classname="pro.saral.testCases.Test_26Q" name="Testcases_26Q" time="2.840"/>
  <system-out/>
  <testcase classname="pro.saral.testCases.Test_26Q" name="Testcases_26Q" time="2.358"/>
  <system-out/>
  <testcase classname="pro.saral.testCases.Test_26Q" name="Testcases_26Q" time="2.223"/>
  <system-out/>
  <testcase classname="pro.saral.testCases.Test_26Q" name="Testcases_26Q" time="2.370"/>
  <system-out/>
  <testcase classname="pro.saral.testCases.Test_26Q" name="Testcases_26Q" time="0.260"/>
  <system-out/>
  <testcase classname="pro.saral.testCases.Test_26Q" name="Testcases_26Q" time="2.357"/>
  <system-out/>
  <testcase classname="pro.saral.testCases.Test_26Q" name="Testcases_26Q" time="0.256"/>
  <system-out/>
  <testcase classname="pro.saral.testCases.Test_26Q" name="Testcases_26Q" time="2.477"/>
  <system-out/>
  <testcase classname="pro.saral.testCases.Test_26Q" name="Testcases_26Q" time="2.456"/>
  <system-out/>
  <testcase classname="pro.saral.testCases.Test_26Q" name="Testcases_26Q" time="2.323"/>
  <system-out/>
  <testcase classname="pro.saral.testCases.Test_26Q" name="Testcases_26Q" time="2.438"/>
  <system-out/>
  <testcase classname="pro.saral.testCases.Test_26Q" name="Testcases_26Q" time="2.212"/>
  <system-out/>
  <testcase classname="pro.saral.testCases.Test_26Q" name="Testcases_26Q" time="2.359"/>
  <system-out/>
  <testcase classname="pro.saral.testCases.Test_26Q" name="Testcases_26Q" time="2.213"/>
  <system-out/>
  <testcase classname="pro.saral.testCases.Test_26Q" name="Testcases_26Q" time="2.528"/>
  <system-out/>
  <testcase classname="pro.saral.testCases.Test_26Q" name="Testcases_26Q" time="0.080"/>
  <system-out/>
  <testcase classname="pro.saral.testCases.Test_26Q" name="Testcases_26Q" time="0.166"/>
  <system-out/>
  <testcase classname="pro.saral.testCases.Test_26Q" name="Testcases_26Q" time="0.111"/>
  <system-out/>
  <testcase classname="pro.saral.testCases.Test_26Q" name="Testcases_26Q" time="0.233"/>
  <system-out/>
  <testcase classname="pro.saral.testCases.Test_26Q" name="Testcases_26Q" time="0.163"/>
  <system-out/>
  <testcase classname="pro.saral.testCases.Test_26Q" name="Testcases_26Q" time="0.042"/>
  <system-out/>
  <testcase classname="pro.saral.testCases.Test_26Q" name="Testcases_26Q" time="0.013"/>
  <system-out/>
  <testcase classname="pro.saral.testCases.Test_26Q" name="Testcases_26Q" time="2.198"/>
  <system-out/>
  <testcase classname="pro.saral.testCases.Test_26Q" name="Testcases_26Q" time="0.042"/>
  <system-out/>
  <testcase classname="pro.saral.testCases.Test_26Q" name="Testcases_26Q" time="2.150"/>
  <system-out/>
  <testcase classname="pro.saral.testCases.Test_26Q" name="Testcases_26Q" time="2.528"/>
  <system-out/>
  <testcase classname="pro.saral.testCases.Test_26Q" name="Testcases_26Q" time="2.349"/>
  <system-out/>
  <testcase classname="pro.saral.testCases.Test_26Q" name="Testcases_26Q" time="2.313"/>
  <system-out/>
  <testcase classname="pro.saral.testCases.Test_26Q" name="Testcases_26Q" time="2.477"/>
  <system-out/>
  <testcase classname="pro.saral.testCases.Test_26Q" name="Testcases_26Q" time="2.593"/>
  <system-out/>
  <testcase classname="pro.saral.testCases.Test_26Q" name="Testcases_26Q" time="2.153"/>
  <system-out/>
  <testcase classname="pro.saral.testCases.Test_26Q" name="Testcases_26Q" time="2.490"/>
  <system-out/>
  <testcase classname="pro.saral.testCases.Test_26Q" name="Testcases_26Q" time="2.290"/>
  <system-out/>
  <testcase classname="pro.saral.testCases.Test_26Q" name="Testcases_26Q" time="0.016"/>
  <system-out/>
  <testcase classname="pro.saral.testCases.Test_26Q" name="Testcases_26Q" time="2.464"/>
  <system-out/>
  <testcase classname="pro.saral.testCases.Test_26Q" name="Testcases_26Q" time="0.089"/>
  <system-out/>
  <testcase classname="pro.saral.testCases.Test_26Q" name="Testcases_26Q" time="2.205"/>
  <system-out/>
  <testcase classname="pro.saral.testCases.Test_26Q" name="Testcases_26Q" time="2.594"/>
  <system-out/>
  <testcase classname="pro.saral.testCases.Test_26Q" name="Testcases_26Q" time="0.162"/>
  <system-out/>
  <testcase classname="pro.saral.testCases.Test_26Q" name="Testcases_26Q" time="2.147"/>
  <system-out/>
  <testcase classname="pro.saral.testCases.Test_26Q" name="Testcases_26Q" time="2.523"/>
  <system-out/>
  <testcase classname="pro.saral.testCases.Test_26Q" name="Testcases_26Q" time="0.109"/>
  <system-out/>
  <testcase classname="pro.saral.testCases.Test_26Q" name="Testcases_26Q" time="2.472"/>
  <system-out/>
  <testcase classname="pro.saral.testCases.Test_26Q" name="Testcases_26Q" time="2.557"/>
  <system-out/>
  <testcase classname="pro.saral.testCases.Test_26Q" name="Testcases_26Q" time="2.556"/>
  <system-out/>
  <testcase classname="pro.saral.testCases.Test_26Q" name="Testcases_26Q" time="2.189"/>
  <system-out/>
  <testcase classname="pro.saral.testCases.Test_26Q" name="Testcases_26Q" time="0.299"/>
  <system-out/>
  <testcase classname="pro.saral.testCases.Test_26Q" name="Testcases_26Q" time="2.173"/>
  <system-out/>
  <testcase classname="pro.saral.testCases.Test_26Q" name="Testcases_26Q" time="2.423"/>
  <system-out/>
  <testcase classname="pro.saral.testCases.Test_26Q" name="Testcases_26Q" time="2.178"/>
  <system-out/>
  <testcase classname="pro.saral.testCases.Test_26Q" name="Testcases_26Q" time="2.247"/>
  <system-out/>
  <testcase classname="pro.saral.testCases.Test_26Q" name="Testcases_26Q" time="2.554"/>
  <system-out/>
  <testcase classname="pro.saral.testCases.Test_26Q" name="Testcases_26Q" time="2.208"/>
  <system-out/>
  <testcase classname="pro.saral.testCases.Test_26Q" name="Testcases_26Q" time="0.011"/>
  <system-out/>
  <testcase classname="pro.saral.testCases.Test_26Q" name="Testcases_26Q" time="0.014"/>
  <system-out/>
  <testcase classname="pro.saral.testCases.Test_26Q" name="Testcases_26Q" time="0.371"/>
  <system-out/>
  <testcase classname="pro.saral.testCases.Test_26Q" name="Testcases_26Q" time="0.307"/>
  <system-out/>
  <testcase classname="pro.saral.testCases.Test_26Q" name="Testcases_26Q" time="2.585"/>
  <system-out/>
  <testcase classname="pro.saral.testCases.Test_26Q" name="Testcases_26Q" time="2.165"/>
  <system-out/>
  <testcase classname="pro.saral.testCases.Test_26Q" name="Testcases_26Q" time="0.373"/>
  <system-out/>
  <testcase classname="pro.saral.testCases.Test_26Q" name="Testcases_26Q" time="2.158"/>
  <system-out/>
  <testcase classname="pro.saral.testCases.Test_26Q" name="Testcases_26Q" time="0.311"/>
  <system-out/>
  <testcase classname="pro.saral.testCases.Test_26Q" name="Testcases_26Q" time="0.176"/>
  <system-out/>
  <testcase classname="pro.saral.testCases.Test_26Q" name="Testcases_26Q" time="0.115"/>
  <system-out/>
  <testcase classname="pro.saral.testCases.Test_26Q" name="Testcases_26Q" time="2.283"/>
  <system-out/>
  <testcase classname="pro.saral.testCases.Test_26Q" name="Testcases_26Q" time="0.132"/>
  <system-out/>
  <testcase classname="pro.saral.testCases.Test_26Q" name="Testcases_26Q" time="0.110"/>
  <system-out/>
</testsuite> <!-- pro.saral.testCases.Test_26Q -->
