<?xml version="1.0" encoding="UTF-8"?>
<!-- Generated by org.testng.reporters.JUnitReportReporter -->
<testsuite hostname="Darshan" name="pro.saral.testCases.Ereturn_26Q_Test" tests="100" failures="0" timestamp="28 Oct 2022 10:45:32 GMT" time="264.663" errors="0">
  <testcase name="Ereturn_26Q_Testcases" time="0.041" classname="pro.saral.testCases.Ereturn_26Q_Test"/>
  <testcase name="Ereturn_26Q_Testcases" time="2.526" classname="pro.saral.testCases.Ereturn_26Q_Test"/>
  <testcase name="Ereturn_26Q_Testcases" time="35.103" classname="pro.saral.testCases.Ereturn_26Q_Test"/>
  <testcase name="Ereturn_26Q_Testcases" time="0.008" classname="pro.saral.testCases.Ereturn_26Q_Test"/>
  <testcase name="Ereturn_26Q_Testcases" time="0.413" classname="pro.saral.testCases.Ereturn_26Q_Test"/>
  <testcase name="Ereturn_26Q_Testcases" time="0.129" classname="pro.saral.testCases.Ereturn_26Q_Test"/>
  <testcase name="Ereturn_26Q_Testcases" time="2.357" classname="pro.saral.testCases.Ereturn_26Q_Test"/>
  <testcase name="Ereturn_26Q_Testcases" time="2.171" classname="pro.saral.testCases.Ereturn_26Q_Test"/>
  <testcase name="Ereturn_26Q_Testcases" time="0.099" classname="pro.saral.testCases.Ereturn_26Q_Test"/>
  <testcase name="Ereturn_26Q_Testcases" time="2.274" classname="pro.saral.testCases.Ereturn_26Q_Test"/>
  <testcase name="Ereturn_26Q_Testcases" time="2.224" classname="pro.saral.testCases.Ereturn_26Q_Test"/>
  <testcase name="Ereturn_26Q_Testcases" time="0.067" classname="pro.saral.testCases.Ereturn_26Q_Test"/>
  <testcase name="Ereturn_26Q_Testcases" time="2.135" classname="pro.saral.testCases.Ereturn_26Q_Test"/>
  <testcase name="Ereturn_26Q_Testcases" time="2.528" classname="pro.saral.testCases.Ereturn_26Q_Test"/>
  <testcase name="Ereturn_26Q_Testcases" time="2.393" classname="pro.saral.testCases.Ereturn_26Q_Test"/>
  <testcase name="Ereturn_26Q_Testcases" time="2.556" classname="pro.saral.testCases.Ereturn_26Q_Test"/>
  <testcase name="Ereturn_26Q_Testcases" time="2.387" classname="pro.saral.testCases.Ereturn_26Q_Test"/>
  <testcase name="Ereturn_26Q_Testcases" time="2.336" classname="pro.saral.testCases.Ereturn_26Q_Test"/>
  <testcase name="Ereturn_26Q_Testcases" time="14.402" classname="pro.saral.testCases.Ereturn_26Q_Test"/>
  <testcase name="Ereturn_26Q_Testcases" time="3.010" classname="pro.saral.testCases.Ereturn_26Q_Test"/>
  <testcase name="Ereturn_26Q_Testcases" time="2.288" classname="pro.saral.testCases.Ereturn_26Q_Test"/>
  <testcase name="Ereturn_26Q_Testcases" time="0.269" classname="pro.saral.testCases.Ereturn_26Q_Test"/>
  <testcase name="Ereturn_26Q_Testcases" time="2.342" classname="pro.saral.testCases.Ereturn_26Q_Test"/>
  <testcase name="Ereturn_26Q_Testcases" time="2.041" classname="pro.saral.testCases.Ereturn_26Q_Test"/>
  <testcase name="Ereturn_26Q_Testcases" time="0.829" classname="pro.saral.testCases.Ereturn_26Q_Test"/>
  <testcase name="Ereturn_26Q_Testcases" time="0.121" classname="pro.saral.testCases.Ereturn_26Q_Test"/>
  <testcase name="Ereturn_26Q_Testcases" time="0.054" classname="pro.saral.testCases.Ereturn_26Q_Test"/>
  <testcase name="Ereturn_26Q_Testcases" time="2.180" classname="pro.saral.testCases.Ereturn_26Q_Test"/>
  <testcase name="Ereturn_26Q_Testcases" time="0.042" classname="pro.saral.testCases.Ereturn_26Q_Test"/>
  <testcase name="Ereturn_26Q_Testcases" time="2.226" classname="pro.saral.testCases.Ereturn_26Q_Test"/>
  <testcase name="Ereturn_26Q_Testcases" time="2.427" classname="pro.saral.testCases.Ereturn_26Q_Test"/>
  <testcase name="Ereturn_26Q_Testcases" time="2.812" classname="pro.saral.testCases.Ereturn_26Q_Test"/>
  <testcase name="Ereturn_26Q_Testcases" time="2.708" classname="pro.saral.testCases.Ereturn_26Q_Test"/>
  <testcase name="Ereturn_26Q_Testcases" time="0.008" classname="pro.saral.testCases.Ereturn_26Q_Test"/>
  <testcase name="Ereturn_26Q_Testcases" time="2.271" classname="pro.saral.testCases.Ereturn_26Q_Test"/>
  <testcase name="Ereturn_26Q_Testcases" time="0.083" classname="pro.saral.testCases.Ereturn_26Q_Test"/>
  <testcase name="Ereturn_26Q_Testcases" time="2.224" classname="pro.saral.testCases.Ereturn_26Q_Test"/>
  <testcase name="Ereturn_26Q_Testcases" time="2.339" classname="pro.saral.testCases.Ereturn_26Q_Test"/>
  <testcase name="Ereturn_26Q_Testcases" time="2.204" classname="pro.saral.testCases.Ereturn_26Q_Test"/>
  <testcase name="Ereturn_26Q_Testcases" time="0.114" classname="pro.saral.testCases.Ereturn_26Q_Test"/>
  <testcase name="Ereturn_26Q_Testcases" time="2.132" classname="pro.saral.testCases.Ereturn_26Q_Test"/>
  <testcase name="Ereturn_26Q_Testcases" time="0.043" classname="pro.saral.testCases.Ereturn_26Q_Test"/>
  <testcase name="Ereturn_26Q_Testcases" time="0.093" classname="pro.saral.testCases.Ereturn_26Q_Test"/>
  <testcase name="Ereturn_26Q_Testcases" time="2.635" classname="pro.saral.testCases.Ereturn_26Q_Test"/>
  <testcase name="Ereturn_26Q_Testcases" time="10.018" classname="pro.saral.testCases.Ereturn_26Q_Test"/>
  <testcase name="Ereturn_26Q_Testcases" time="2.659" classname="pro.saral.testCases.Ereturn_26Q_Test"/>
  <testcase name="Ereturn_26Q_Testcases" time="2.226" classname="pro.saral.testCases.Ereturn_26Q_Test"/>
  <testcase name="Ereturn_26Q_Testcases" time="0.170" classname="pro.saral.testCases.Ereturn_26Q_Test"/>
  <testcase name="Ereturn_26Q_Testcases" time="0.631" classname="pro.saral.testCases.Ereturn_26Q_Test"/>
  <testcase name="Ereturn_26Q_Testcases" time="0.650" classname="pro.saral.testCases.Ereturn_26Q_Test"/>
  <testcase name="Ereturn_26Q_Testcases" time="2.125" classname="pro.saral.testCases.Ereturn_26Q_Test"/>
  <testcase name="Ereturn_26Q_Testcases" time="2.389" classname="pro.saral.testCases.Ereturn_26Q_Test"/>
  <testcase name="Ereturn_26Q_Testcases" time="36.881" classname="pro.saral.testCases.Ereturn_26Q_Test"/>
  <testcase name="Ereturn_26Q_Testcases" time="2.112" classname="pro.saral.testCases.Ereturn_26Q_Test"/>
  <testcase name="Ereturn_26Q_Testcases" time="2.511" classname="pro.saral.testCases.Ereturn_26Q_Test"/>
  <testcase name="Ereturn_26Q_Testcases" time="2.211" classname="pro.saral.testCases.Ereturn_26Q_Test"/>
  <testcase name="Ereturn_26Q_Testcases" time="2.156" classname="pro.saral.testCases.Ereturn_26Q_Test"/>
  <testcase name="Ereturn_26Q_Testcases" time="2.342" classname="pro.saral.testCases.Ereturn_26Q_Test"/>
  <testcase name="Ereturn_26Q_Testcases" time="2.590" classname="pro.saral.testCases.Ereturn_26Q_Test"/>
  <testcase name="Ereturn_26Q_Testcases" time="2.310" classname="pro.saral.testCases.Ereturn_26Q_Test"/>
  <testcase name="Ereturn_26Q_Testcases" time="0.071" classname="pro.saral.testCases.Ereturn_26Q_Test"/>
  <testcase name="Ereturn_26Q_Testcases" time="2.186" classname="pro.saral.testCases.Ereturn_26Q_Test"/>
  <testcase name="Ereturn_26Q_Testcases" time="2.356" classname="pro.saral.testCases.Ereturn_26Q_Test"/>
  <testcase name="Ereturn_26Q_Testcases" time="2.362" classname="pro.saral.testCases.Ereturn_26Q_Test"/>
  <testcase name="Ereturn_26Q_Testcases" time="2.623" classname="pro.saral.testCases.Ereturn_26Q_Test"/>
  <testcase name="Ereturn_26Q_Testcases" time="2.502" classname="pro.saral.testCases.Ereturn_26Q_Test"/>
  <testcase name="Ereturn_26Q_Testcases" time="0.064" classname="pro.saral.testCases.Ereturn_26Q_Test"/>
  <testcase name="Ereturn_26Q_Testcases" time="2.208" classname="pro.saral.testCases.Ereturn_26Q_Test"/>
  <testcase name="Ereturn_26Q_Testcases" time="2.163" classname="pro.saral.testCases.Ereturn_26Q_Test"/>
  <testcase name="Ereturn_26Q_Testcases" time="0.037" classname="pro.saral.testCases.Ereturn_26Q_Test"/>
  <testcase name="Ereturn_26Q_Testcases" time="2.248" classname="pro.saral.testCases.Ereturn_26Q_Test"/>
  <testcase name="Ereturn_26Q_Testcases" time="2.232" classname="pro.saral.testCases.Ereturn_26Q_Test"/>
  <testcase name="Ereturn_26Q_Testcases" time="2.322" classname="pro.saral.testCases.Ereturn_26Q_Test"/>
  <testcase name="Ereturn_26Q_Testcases" time="2.530" classname="pro.saral.testCases.Ereturn_26Q_Test"/>
  <testcase name="Ereturn_26Q_Testcases" time="2.329" classname="pro.saral.testCases.Ereturn_26Q_Test"/>
  <testcase name="Ereturn_26Q_Testcases" time="2.157" classname="pro.saral.testCases.Ereturn_26Q_Test"/>
  <testcase name="Ereturn_26Q_Testcases" time="2.125" classname="pro.saral.testCases.Ereturn_26Q_Test"/>
  <testcase name="Ereturn_26Q_Testcases" time="0.067" classname="pro.saral.testCases.Ereturn_26Q_Test"/>
  <testcase name="Ereturn_26Q_Testcases" time="2.139" classname="pro.saral.testCases.Ereturn_26Q_Test"/>
  <testcase name="Ereturn_26Q_Testcases" time="0.043" classname="pro.saral.testCases.Ereturn_26Q_Test"/>
  <testcase name="Ereturn_26Q_Testcases" time="2.385" classname="pro.saral.testCases.Ereturn_26Q_Test"/>
  <testcase name="Ereturn_26Q_Testcases" time="2.253" classname="pro.saral.testCases.Ereturn_26Q_Test"/>
  <testcase name="Ereturn_26Q_Testcases" time="0.473" classname="pro.saral.testCases.Ereturn_26Q_Test"/>
  <testcase name="Ereturn_26Q_Testcases" time="0.184" classname="pro.saral.testCases.Ereturn_26Q_Test"/>
  <testcase name="Ereturn_26Q_Testcases" time="2.273" classname="pro.saral.testCases.Ereturn_26Q_Test"/>
  <testcase name="Ereturn_26Q_Testcases" time="2.275" classname="pro.saral.testCases.Ereturn_26Q_Test"/>
  <testcase name="Ereturn_26Q_Testcases" time="2.141" classname="pro.saral.testCases.Ereturn_26Q_Test"/>
  <testcase name="Ereturn_26Q_Testcases" time="2.108" classname="pro.saral.testCases.Ereturn_26Q_Test"/>
  <testcase name="Ereturn_26Q_Testcases" time="2.391" classname="pro.saral.testCases.Ereturn_26Q_Test"/>
  <testcase name="Ereturn_26Q_Testcases" time="8.556" classname="pro.saral.testCases.Ereturn_26Q_Test"/>
  <testcase name="Ereturn_26Q_Testcases" time="2.743" classname="pro.saral.testCases.Ereturn_26Q_Test"/>
  <testcase name="Ereturn_26Q_Testcases" time="0.099" classname="pro.saral.testCases.Ereturn_26Q_Test"/>
  <testcase name="Ereturn_26Q_Testcases" time="2.293" classname="pro.saral.testCases.Ereturn_26Q_Test"/>
  <testcase name="Ereturn_26Q_Testcases" time="2.137" classname="pro.saral.testCases.Ereturn_26Q_Test"/>
  <testcase name="Ereturn_26Q_Testcases" time="0.139" classname="pro.saral.testCases.Ereturn_26Q_Test"/>
  <testcase name="Ereturn_26Q_Testcases" time="2.374" classname="pro.saral.testCases.Ereturn_26Q_Test"/>
  <testcase name="Ereturn_26Q_Testcases" time="2.505" classname="pro.saral.testCases.Ereturn_26Q_Test"/>
  <testcase name="Ereturn_26Q_Testcases" time="2.609" classname="pro.saral.testCases.Ereturn_26Q_Test"/>
  <testcase name="Ereturn_26Q_Testcases" time="0.053" classname="pro.saral.testCases.Ereturn_26Q_Test"/>
  <testcase name="Ereturn_26Q_Testcases" time="2.283" classname="pro.saral.testCases.Ereturn_26Q_Test"/>
</testsuite> <!-- pro.saral.testCases.Ereturn_26Q_Test -->
