<?xml version="1.0" encoding="UTF-8"?>
<!-- Generated by org.testng.reporters.JUnitReportReporter -->
<testsuite hostname="Darshan" failures="0" tests="8" name="pro.saral.testCases.Import_24Q_Test" time="478.520" errors="0" timestamp="2023-01-09T14:44:30 IST" skipped="0">
  <testcase classname="pro.saral.testCases.Import_24Q_Test" name="Download_Template_And_Verify" time="30.576"/>
  <system-out/>
  <testcase classname="pro.saral.testCases.Import_24Q_Test" name="Check_Tan_Validation" time="27.302"/>
  <system-out/>
  <testcase classname="pro.saral.testCases.Import_24Q_Test" name="Click_On_Upload_File_without_Selecting_Excel_File_and_verify_validation" time="25.212"/>
  <system-out/>
  <testcase classname="pro.saral.testCases.Import_24Q_Test" name="Upload_Valid_Excel_And_Check_Sucess_Status" time="109.432"/>
  <system-out/>
  <testcase classname="pro.saral.testCases.Import_24Q_Test" name="Upload_Invalid_Excel_And_Check_Errors" time="57.675"/>
  <system-out/>
  <testcase classname="pro.saral.testCases.Import_24Q_Test" name="Upload_Valid_Conso_And_Check_Sucess_Status" time="72.424"/>
  <system-out/>
  <testcase classname="pro.saral.testCases.Import_24Q_Test" name="Upload_Valid_Text_And_Check_Sucess_Status" time="93.392"/>
  <system-out/>
  <testcase classname="pro.saral.testCases.Import_24Q_Test" name="Upload_Valid_Master_Excel_And_Check_Sucess_Status" time="62.507"/>
  <system-out/>
</testsuite> <!-- pro.saral.testCases.Import_24Q_Test -->
