<?xml version="1.0" encoding="UTF-8"?>
<!-- Generated by org.testng.reporters.JUnitReportReporter -->
<testsuite hostname="Darshan" name="pro.saral.testCases.Predict_Default_27EQ_Test" tests="64" failures="0" timestamp="28 Oct 2022 12:14:43 GMT" time="137.532" errors="0">
  <testcase name="PredictDefault_27EQ_Testcases" time="2.291" classname="pro.saral.testCases.Predict_Default_27EQ_Test"/>
  <testcase name="PredictDefault_27EQ_Testcases" time="2.274" classname="pro.saral.testCases.Predict_Default_27EQ_Test"/>
  <testcase name="PredictDefault_27EQ_Testcases" time="2.284" classname="pro.saral.testCases.Predict_Default_27EQ_Test"/>
  <testcase name="PredictDefault_27EQ_Testcases" time="2.208" classname="pro.saral.testCases.Predict_Default_27EQ_Test"/>
  <testcase name="PredictDefault_27EQ_Testcases" time="2.324" classname="pro.saral.testCases.Predict_Default_27EQ_Test"/>
  <testcase name="PredictDefault_27EQ_Testcases" time="0.125" classname="pro.saral.testCases.Predict_Default_27EQ_Test"/>
  <testcase name="PredictDefault_27EQ_Testcases" time="3.175" classname="pro.saral.testCases.Predict_Default_27EQ_Test"/>
  <testcase name="PredictDefault_27EQ_Testcases" time="2.535" classname="pro.saral.testCases.Predict_Default_27EQ_Test"/>
  <testcase name="PredictDefault_27EQ_Testcases" time="2.599" classname="pro.saral.testCases.Predict_Default_27EQ_Test"/>
  <testcase name="PredictDefault_27EQ_Testcases" time="35.222" classname="pro.saral.testCases.Predict_Default_27EQ_Test"/>
  <testcase name="PredictDefault_27EQ_Testcases" time="2.259" classname="pro.saral.testCases.Predict_Default_27EQ_Test"/>
  <testcase name="PredictDefault_27EQ_Testcases" time="0.068" classname="pro.saral.testCases.Predict_Default_27EQ_Test"/>
  <testcase name="PredictDefault_27EQ_Testcases" time="2.327" classname="pro.saral.testCases.Predict_Default_27EQ_Test"/>
  <testcase name="PredictDefault_27EQ_Testcases" time="2.445" classname="pro.saral.testCases.Predict_Default_27EQ_Test"/>
  <testcase name="PredictDefault_27EQ_Testcases" time="0.265" classname="pro.saral.testCases.Predict_Default_27EQ_Test"/>
  <testcase name="PredictDefault_27EQ_Testcases" time="2.225" classname="pro.saral.testCases.Predict_Default_27EQ_Test"/>
  <testcase name="PredictDefault_27EQ_Testcases" time="0.287" classname="pro.saral.testCases.Predict_Default_27EQ_Test"/>
  <testcase name="PredictDefault_27EQ_Testcases" time="0.132" classname="pro.saral.testCases.Predict_Default_27EQ_Test"/>
  <testcase name="PredictDefault_27EQ_Testcases" time="0.060" classname="pro.saral.testCases.Predict_Default_27EQ_Test"/>
  <testcase name="PredictDefault_27EQ_Testcases" time="0.770" classname="pro.saral.testCases.Predict_Default_27EQ_Test"/>
  <testcase name="PredictDefault_27EQ_Testcases" time="2.273" classname="pro.saral.testCases.Predict_Default_27EQ_Test"/>
  <testcase name="PredictDefault_27EQ_Testcases" time="0.108" classname="pro.saral.testCases.Predict_Default_27EQ_Test"/>
  <testcase name="PredictDefault_27EQ_Testcases" time="3.438" classname="pro.saral.testCases.Predict_Default_27EQ_Test"/>
  <testcase name="PredictDefault_27EQ_Testcases" time="0.094" classname="pro.saral.testCases.Predict_Default_27EQ_Test"/>
  <testcase name="PredictDefault_27EQ_Testcases" time="2.265" classname="pro.saral.testCases.Predict_Default_27EQ_Test"/>
  <testcase name="PredictDefault_27EQ_Testcases" time="0.201" classname="pro.saral.testCases.Predict_Default_27EQ_Test"/>
  <testcase name="PredictDefault_27EQ_Testcases" time="2.292" classname="pro.saral.testCases.Predict_Default_27EQ_Test"/>
  <testcase name="PredictDefault_27EQ_Testcases" time="2.760" classname="pro.saral.testCases.Predict_Default_27EQ_Test"/>
  <testcase name="PredictDefault_27EQ_Testcases" time="2.453" classname="pro.saral.testCases.Predict_Default_27EQ_Test"/>
  <testcase name="PredictDefault_27EQ_Testcases" time="0.173" classname="pro.saral.testCases.Predict_Default_27EQ_Test"/>
  <testcase name="PredictDefault_27EQ_Testcases" time="2.954" classname="pro.saral.testCases.Predict_Default_27EQ_Test"/>
  <testcase name="PredictDefault_27EQ_Testcases" time="2.165" classname="pro.saral.testCases.Predict_Default_27EQ_Test"/>
  <testcase name="PredictDefault_27EQ_Testcases" time="2.241" classname="pro.saral.testCases.Predict_Default_27EQ_Test"/>
  <testcase name="PredictDefault_27EQ_Testcases" time="2.674" classname="pro.saral.testCases.Predict_Default_27EQ_Test"/>
  <testcase name="PredictDefault_27EQ_Testcases" time="0.092" classname="pro.saral.testCases.Predict_Default_27EQ_Test"/>
  <testcase name="PredictDefault_27EQ_Testcases" time="2.178" classname="pro.saral.testCases.Predict_Default_27EQ_Test"/>
  <testcase name="PredictDefault_27EQ_Testcases" time="0.956" classname="pro.saral.testCases.Predict_Default_27EQ_Test"/>
  <testcase name="PredictDefault_27EQ_Testcases" time="2.181" classname="pro.saral.testCases.Predict_Default_27EQ_Test"/>
  <testcase name="PredictDefault_27EQ_Testcases" time="2.652" classname="pro.saral.testCases.Predict_Default_27EQ_Test"/>
  <testcase name="PredictDefault_27EQ_Testcases" time="0.110" classname="pro.saral.testCases.Predict_Default_27EQ_Test"/>
  <testcase name="PredictDefault_27EQ_Testcases" time="2.451" classname="pro.saral.testCases.Predict_Default_27EQ_Test"/>
  <testcase name="PredictDefault_27EQ_Testcases" time="0.016" classname="pro.saral.testCases.Predict_Default_27EQ_Test"/>
  <testcase name="PredictDefault_27EQ_Testcases" time="2.268" classname="pro.saral.testCases.Predict_Default_27EQ_Test"/>
  <testcase name="PredictDefault_27EQ_Testcases" time="2.305" classname="pro.saral.testCases.Predict_Default_27EQ_Test"/>
  <testcase name="PredictDefault_27EQ_Testcases" time="2.220" classname="pro.saral.testCases.Predict_Default_27EQ_Test"/>
  <testcase name="PredictDefault_27EQ_Testcases" time="2.556" classname="pro.saral.testCases.Predict_Default_27EQ_Test"/>
  <testcase name="PredictDefault_27EQ_Testcases" time="2.595" classname="pro.saral.testCases.Predict_Default_27EQ_Test"/>
  <testcase name="PredictDefault_27EQ_Testcases" time="2.231" classname="pro.saral.testCases.Predict_Default_27EQ_Test"/>
  <testcase name="PredictDefault_27EQ_Testcases" time="2.631" classname="pro.saral.testCases.Predict_Default_27EQ_Test"/>
  <testcase name="PredictDefault_27EQ_Testcases" time="0.059" classname="pro.saral.testCases.Predict_Default_27EQ_Test"/>
  <testcase name="PredictDefault_27EQ_Testcases" time="2.222" classname="pro.saral.testCases.Predict_Default_27EQ_Test"/>
  <testcase name="PredictDefault_27EQ_Testcases" time="2.610" classname="pro.saral.testCases.Predict_Default_27EQ_Test"/>
  <testcase name="PredictDefault_27EQ_Testcases" time="0.077" classname="pro.saral.testCases.Predict_Default_27EQ_Test"/>
  <testcase name="PredictDefault_27EQ_Testcases" time="0.057" classname="pro.saral.testCases.Predict_Default_27EQ_Test"/>
  <testcase name="PredictDefault_27EQ_Testcases" time="0.020" classname="pro.saral.testCases.Predict_Default_27EQ_Test"/>
  <testcase name="PredictDefault_27EQ_Testcases" time="0.124" classname="pro.saral.testCases.Predict_Default_27EQ_Test"/>
  <testcase name="PredictDefault_27EQ_Testcases" time="2.417" classname="pro.saral.testCases.Predict_Default_27EQ_Test"/>
  <testcase name="PredictDefault_27EQ_Testcases" time="0.052" classname="pro.saral.testCases.Predict_Default_27EQ_Test"/>
  <testcase name="PredictDefault_27EQ_Testcases" time="2.235" classname="pro.saral.testCases.Predict_Default_27EQ_Test"/>
  <testcase name="PredictDefault_27EQ_Testcases" time="2.796" classname="pro.saral.testCases.Predict_Default_27EQ_Test"/>
  <testcase name="PredictDefault_27EQ_Testcases" time="0.116" classname="pro.saral.testCases.Predict_Default_27EQ_Test"/>
  <testcase name="PredictDefault_27EQ_Testcases" time="3.035" classname="pro.saral.testCases.Predict_Default_27EQ_Test"/>
  <testcase name="PredictDefault_27EQ_Testcases" time="2.286" classname="pro.saral.testCases.Predict_Default_27EQ_Test"/>
  <testcase name="PredictDefault_27EQ_Testcases" time="0.018" classname="pro.saral.testCases.Predict_Default_27EQ_Test"/>
</testsuite> <!-- pro.saral.testCases.Predict_Default_27EQ_Test -->
