<?xml version="1.0" encoding="UTF-8"?>
<!-- Generated by org.testng.reporters.JUnitReportReporter -->
<testsuite hostname="Darshan" failures="0" tests="8" name="pro.saral.testCases.Import_26Q_Test" time="609.227" errors="0" timestamp="2023-01-09T15:11:23 IST" skipped="0">
  <testcase classname="pro.saral.testCases.Import_26Q_Test" name="Download_Template_And_Verify_26Q" time="35.889"/>
  <system-out/>
  <testcase classname="pro.saral.testCases.Import_26Q_Test" name="Check_Tan_Validation" time="32.017"/>
  <system-out/>
  <testcase classname="pro.saral.testCases.Import_26Q_Test" name="Click_On_Upload_File_without_Selecting_Excel_File_and_verify_validation" time="46.001"/>
  <system-out/>
  <testcase classname="pro.saral.testCases.Import_26Q_Test" name="Upload_Valid_Excel_And_Check_Sucess_Status" time="113.808"/>
  <system-out/>
  <testcase classname="pro.saral.testCases.Import_26Q_Test" name="Upload_Invalid_Excel_And_Check_Errors" time="67.550"/>
  <system-out/>
  <testcase classname="pro.saral.testCases.Import_26Q_Test" name="Upload_Valid_Conso_And_Check_Sucess_Status" time="146.781"/>
  <system-out/>
  <testcase classname="pro.saral.testCases.Import_26Q_Test" name="Upload_Valid_Text_And_Check_Sucess_Status" time="98.387"/>
  <system-out/>
  <testcase classname="pro.saral.testCases.Import_26Q_Test" name="Upload_Valid_Mster_Excel_And_Check_Sucess_Status" time="68.794"/>
  <system-out/>
</testsuite> <!-- pro.saral.testCases.Import_26Q_Test -->
