<?xml version="1.0" encoding="UTF-8"?>
<!-- Generated by org.testng.reporters.JUnitReportReporter -->
<testsuite hostname="Darshan" name="pro.saral.testCases.Employee_Test" tests="536" failures="0" timestamp="2 Nov 2022 07:48:21 GMT" time="854.978" errors="0">
  <testcase name="Employee_Testcases" time="0.222" classname="pro.saral.testCases.Employee_Test"/>
  <testcase name="Employee_Testcases" time="0.315" classname="pro.saral.testCases.Employee_Test"/>
  <testcase name="Employee_Testcases" time="2.136" classname="pro.saral.testCases.Employee_Test"/>
  <testcase name="Employee_Testcases" time="2.253" classname="pro.saral.testCases.Employee_Test"/>
  <testcase name="Employee_Testcases" time="0.031" classname="pro.saral.testCases.Employee_Test"/>
  <testcase name="Employee_Testcases" time="2.926" classname="pro.saral.testCases.Employee_Test"/>
  <testcase name="Employee_Testcases" time="0.592" classname="pro.saral.testCases.Employee_Test"/>
  <testcase name="Employee_Testcases" time="0.203" classname="pro.saral.testCases.Employee_Test"/>
  <testcase name="Employee_Testcases" time="2.900" classname="pro.saral.testCases.Employee_Test"/>
  <testcase name="Employee_Testcases" time="0.102" classname="pro.saral.testCases.Employee_Test"/>
  <testcase name="Employee_Testcases" time="0.376" classname="pro.saral.testCases.Employee_Test"/>
  <testcase name="Employee_Testcases" time="0.256" classname="pro.saral.testCases.Employee_Test"/>
  <testcase name="Employee_Testcases" time="2.227" classname="pro.saral.testCases.Employee_Test"/>
  <testcase name="Employee_Testcases" time="2.230" classname="pro.saral.testCases.Employee_Test"/>
  <testcase name="Employee_Testcases" time="2.317" classname="pro.saral.testCases.Employee_Test"/>
  <testcase name="Employee_Testcases" time="2.292" classname="pro.saral.testCases.Employee_Test"/>
  <testcase name="Employee_Testcases" time="2.170" classname="pro.saral.testCases.Employee_Test"/>
  <testcase name="Employee_Testcases" time="0.086" classname="pro.saral.testCases.Employee_Test"/>
  <testcase name="Employee_Testcases" time="2.313" classname="pro.saral.testCases.Employee_Test"/>
  <testcase name="Employee_Testcases" time="2.253" classname="pro.saral.testCases.Employee_Test"/>
  <testcase name="Employee_Testcases" time="0.235" classname="pro.saral.testCases.Employee_Test"/>
  <testcase name="Employee_Testcases" time="0.396" classname="pro.saral.testCases.Employee_Test"/>
  <testcase name="Employee_Testcases" time="2.426" classname="pro.saral.testCases.Employee_Test"/>
  <testcase name="Employee_Testcases" time="0.049" classname="pro.saral.testCases.Employee_Test"/>
  <testcase name="Employee_Testcases" time="0.241" classname="pro.saral.testCases.Employee_Test"/>
  <testcase name="Employee_Testcases" time="2.381" classname="pro.saral.testCases.Employee_Test"/>
  <testcase name="Employee_Testcases" time="2.267" classname="pro.saral.testCases.Employee_Test"/>
  <testcase name="Employee_Testcases" time="2.209" classname="pro.saral.testCases.Employee_Test"/>
  <testcase name="Employee_Testcases" time="0.013" classname="pro.saral.testCases.Employee_Test"/>
  <testcase name="Employee_Testcases" time="0.103" classname="pro.saral.testCases.Employee_Test"/>
  <testcase name="Employee_Testcases" time="2.257" classname="pro.saral.testCases.Employee_Test"/>
  <testcase name="Employee_Testcases" time="2.427" classname="pro.saral.testCases.Employee_Test"/>
  <testcase name="Employee_Testcases" time="2.179" classname="pro.saral.testCases.Employee_Test"/>
  <testcase name="Employee_Testcases" time="0.358" classname="pro.saral.testCases.Employee_Test"/>
  <testcase name="Employee_Testcases" time="2.506" classname="pro.saral.testCases.Employee_Test"/>
  <testcase name="Employee_Testcases" time="2.236" classname="pro.saral.testCases.Employee_Test"/>
  <testcase name="Employee_Testcases" time="2.133" classname="pro.saral.testCases.Employee_Test"/>
  <testcase name="Employee_Testcases" time="2.352" classname="pro.saral.testCases.Employee_Test"/>
  <testcase name="Employee_Testcases" time="2.322" classname="pro.saral.testCases.Employee_Test"/>
  <testcase name="Employee_Testcases" time="0.112" classname="pro.saral.testCases.Employee_Test"/>
  <testcase name="Employee_Testcases" time="2.491" classname="pro.saral.testCases.Employee_Test"/>
  <testcase name="Employee_Testcases" time="2.371" classname="pro.saral.testCases.Employee_Test"/>
  <testcase name="Employee_Testcases" time="0.280" classname="pro.saral.testCases.Employee_Test"/>
  <testcase name="Employee_Testcases" time="2.352" classname="pro.saral.testCases.Employee_Test"/>
  <testcase name="Employee_Testcases" time="0.077" classname="pro.saral.testCases.Employee_Test"/>
  <testcase name="Employee_Testcases" time="0.240" classname="pro.saral.testCases.Employee_Test"/>
  <testcase name="Employee_Testcases" time="2.411" classname="pro.saral.testCases.Employee_Test"/>
  <testcase name="Employee_Testcases" time="2.217" classname="pro.saral.testCases.Employee_Test"/>
  <testcase name="Employee_Testcases" time="2.505" classname="pro.saral.testCases.Employee_Test"/>
  <testcase name="Employee_Testcases" time="0.198" classname="pro.saral.testCases.Employee_Test"/>
  <testcase name="Employee_Testcases" time="2.352" classname="pro.saral.testCases.Employee_Test"/>
  <testcase name="Employee_Testcases" time="2.502" classname="pro.saral.testCases.Employee_Test"/>
  <testcase name="Employee_Testcases" time="2.353" classname="pro.saral.testCases.Employee_Test"/>
  <testcase name="Employee_Testcases" time="0.039" classname="pro.saral.testCases.Employee_Test"/>
  <testcase name="Employee_Testcases" time="0.093" classname="pro.saral.testCases.Employee_Test"/>
  <testcase name="Employee_Testcases" time="0.241" classname="pro.saral.testCases.Employee_Test"/>
  <testcase name="Employee_Testcases" time="0.073" classname="pro.saral.testCases.Employee_Test"/>
  <testcase name="Employee_Testcases" time="2.454" classname="pro.saral.testCases.Employee_Test"/>
  <testcase name="Employee_Testcases" time="0.275" classname="pro.saral.testCases.Employee_Test"/>
  <testcase name="Employee_Testcases" time="2.251" classname="pro.saral.testCases.Employee_Test"/>
  <testcase name="Employee_Testcases" time="2.283" classname="pro.saral.testCases.Employee_Test"/>
  <testcase name="Employee_Testcases" time="2.642" classname="pro.saral.testCases.Employee_Test"/>
  <testcase name="Employee_Testcases" time="0.186" classname="pro.saral.testCases.Employee_Test"/>
  <testcase name="Employee_Testcases" time="0.099" classname="pro.saral.testCases.Employee_Test"/>
  <testcase name="Employee_Testcases" time="2.186" classname="pro.saral.testCases.Employee_Test"/>
  <testcase name="Employee_Testcases" time="0.222" classname="pro.saral.testCases.Employee_Test"/>
  <testcase name="Employee_Testcases" time="2.410" classname="pro.saral.testCases.Employee_Test"/>
  <testcase name="Employee_Testcases" time="2.413" classname="pro.saral.testCases.Employee_Test"/>
  <testcase name="Employee_Testcases" time="0.185" classname="pro.saral.testCases.Employee_Test"/>
  <testcase name="Employee_Testcases" time="2.176" classname="pro.saral.testCases.Employee_Test"/>
  <testcase name="Employee_Testcases" time="0.256" classname="pro.saral.testCases.Employee_Test"/>
  <testcase name="Employee_Testcases" time="2.242" classname="pro.saral.testCases.Employee_Test"/>
  <testcase name="Employee_Testcases" time="2.891" classname="pro.saral.testCases.Employee_Test"/>
  <testcase name="Employee_Testcases" time="0.093" classname="pro.saral.testCases.Employee_Test"/>
  <testcase name="Employee_Testcases" time="10.007" classname="pro.saral.testCases.Employee_Test"/>
  <testcase name="Employee_Testcases" time="2.588" classname="pro.saral.testCases.Employee_Test"/>
  <testcase name="Employee_Testcases" time="2.354" classname="pro.saral.testCases.Employee_Test"/>
  <testcase name="Employee_Testcases" time="2.123" classname="pro.saral.testCases.Employee_Test"/>
  <testcase name="Employee_Testcases" time="2.310" classname="pro.saral.testCases.Employee_Test"/>
  <testcase name="Employee_Testcases" time="2.139" classname="pro.saral.testCases.Employee_Test"/>
  <testcase name="Employee_Testcases" time="2.333" classname="pro.saral.testCases.Employee_Test"/>
  <testcase name="Employee_Testcases" time="2.192" classname="pro.saral.testCases.Employee_Test"/>
  <testcase name="Employee_Testcases" time="2.432" classname="pro.saral.testCases.Employee_Test"/>
  <testcase name="Employee_Testcases" time="2.487" classname="pro.saral.testCases.Employee_Test"/>
  <testcase name="Employee_Testcases" time="0.151" classname="pro.saral.testCases.Employee_Test"/>
  <testcase name="Employee_Testcases" time="2.438" classname="pro.saral.testCases.Employee_Test"/>
  <testcase name="Employee_Testcases" time="2.210" classname="pro.saral.testCases.Employee_Test"/>
  <testcase name="Employee_Testcases" time="2.268" classname="pro.saral.testCases.Employee_Test"/>
  <testcase name="Employee_Testcases" time="0.234" classname="pro.saral.testCases.Employee_Test"/>
  <testcase name="Employee_Testcases" time="2.171" classname="pro.saral.testCases.Employee_Test"/>
  <testcase name="Employee_Testcases" time="0.319" classname="pro.saral.testCases.Employee_Test"/>
  <testcase name="Employee_Testcases" time="2.487" classname="pro.saral.testCases.Employee_Test"/>
  <testcase name="Employee_Testcases" time="2.321" classname="pro.saral.testCases.Employee_Test"/>
  <testcase name="Employee_Testcases" time="2.290" classname="pro.saral.testCases.Employee_Test"/>
  <testcase name="Employee_Testcases" time="2.156" classname="pro.saral.testCases.Employee_Test"/>
  <testcase name="Employee_Testcases" time="2.332" classname="pro.saral.testCases.Employee_Test"/>
  <testcase name="Employee_Testcases" time="2.300" classname="pro.saral.testCases.Employee_Test"/>
  <testcase name="Employee_Testcases" time="2.425" classname="pro.saral.testCases.Employee_Test"/>
  <testcase name="Employee_Testcases" time="2.485" classname="pro.saral.testCases.Employee_Test"/>
  <testcase name="Employee_Testcases" time="0.049" classname="pro.saral.testCases.Employee_Test"/>
  <testcase name="Employee_Testcases" time="0.094" classname="pro.saral.testCases.Employee_Test"/>
  <testcase name="Employee_Testcases" time="0.227" classname="pro.saral.testCases.Employee_Test"/>
  <testcase name="Employee_Testcases" time="0.214" classname="pro.saral.testCases.Employee_Test"/>
  <testcase name="Employee_Testcases" time="2.264" classname="pro.saral.testCases.Employee_Test"/>
  <testcase name="Employee_Testcases" time="0.375" classname="pro.saral.testCases.Employee_Test"/>
  <testcase name="Employee_Testcases" time="2.322" classname="pro.saral.testCases.Employee_Test"/>
  <testcase name="Employee_Testcases" time="2.277" classname="pro.saral.testCases.Employee_Test"/>
  <testcase name="Employee_Testcases" time="0.241" classname="pro.saral.testCases.Employee_Test"/>
  <testcase name="Employee_Testcases" time="2.215" classname="pro.saral.testCases.Employee_Test"/>
  <testcase name="Employee_Testcases" time="0.031" classname="pro.saral.testCases.Employee_Test"/>
  <testcase name="Employee_Testcases" time="0.400" classname="pro.saral.testCases.Employee_Test"/>
  <testcase name="Employee_Testcases" time="2.409" classname="pro.saral.testCases.Employee_Test"/>
  <testcase name="Employee_Testcases" time="0.332" classname="pro.saral.testCases.Employee_Test"/>
  <testcase name="Employee_Testcases" time="2.334" classname="pro.saral.testCases.Employee_Test"/>
  <testcase name="Employee_Testcases" time="2.185" classname="pro.saral.testCases.Employee_Test"/>
  <testcase name="Employee_Testcases" time="2.423" classname="pro.saral.testCases.Employee_Test"/>
  <testcase name="Employee_Testcases" time="2.522" classname="pro.saral.testCases.Employee_Test"/>
  <testcase name="Employee_Testcases" time="0.315" classname="pro.saral.testCases.Employee_Test"/>
  <testcase name="Employee_Testcases" time="2.291" classname="pro.saral.testCases.Employee_Test"/>
  <testcase name="Employee_Testcases" time="2.321" classname="pro.saral.testCases.Employee_Test"/>
  <testcase name="Employee_Testcases" time="0.186" classname="pro.saral.testCases.Employee_Test"/>
  <testcase name="Employee_Testcases" time="0.496" classname="pro.saral.testCases.Employee_Test"/>
  <testcase name="Employee_Testcases" time="2.389" classname="pro.saral.testCases.Employee_Test"/>
  <testcase name="Employee_Testcases" time="0.348" classname="pro.saral.testCases.Employee_Test"/>
  <testcase name="Employee_Testcases" time="2.212" classname="pro.saral.testCases.Employee_Test"/>
  <testcase name="Employee_Testcases" time="2.604" classname="pro.saral.testCases.Employee_Test"/>
  <testcase name="Employee_Testcases" time="2.188" classname="pro.saral.testCases.Employee_Test"/>
  <testcase name="Employee_Testcases" time="0.063" classname="pro.saral.testCases.Employee_Test"/>
  <testcase name="Employee_Testcases" time="2.381" classname="pro.saral.testCases.Employee_Test"/>
  <testcase name="Employee_Testcases" time="5.998" classname="pro.saral.testCases.Employee_Test"/>
  <testcase name="Employee_Testcases" time="0.139" classname="pro.saral.testCases.Employee_Test"/>
  <testcase name="Employee_Testcases" time="0.221" classname="pro.saral.testCases.Employee_Test"/>
  <testcase name="Employee_Testcases" time="2.256" classname="pro.saral.testCases.Employee_Test"/>
  <testcase name="Employee_Testcases" time="0.104" classname="pro.saral.testCases.Employee_Test"/>
  <testcase name="Employee_Testcases" time="0.161" classname="pro.saral.testCases.Employee_Test"/>
  <testcase name="Employee_Testcases" time="2.579" classname="pro.saral.testCases.Employee_Test"/>
  <testcase name="Employee_Testcases" time="0.010" classname="pro.saral.testCases.Employee_Test"/>
  <testcase name="Employee_Testcases" time="0.063" classname="pro.saral.testCases.Employee_Test"/>
  <testcase name="Employee_Testcases" time="0.037" classname="pro.saral.testCases.Employee_Test"/>
  <testcase name="Employee_Testcases" time="2.143" classname="pro.saral.testCases.Employee_Test"/>
  <testcase name="Employee_Testcases" time="2.411" classname="pro.saral.testCases.Employee_Test"/>
  <testcase name="Employee_Testcases" time="0.102" classname="pro.saral.testCases.Employee_Test"/>
  <testcase name="Employee_Testcases" time="2.193" classname="pro.saral.testCases.Employee_Test"/>
  <testcase name="Employee_Testcases" time="0.204" classname="pro.saral.testCases.Employee_Test"/>
  <testcase name="Employee_Testcases" time="0.444" classname="pro.saral.testCases.Employee_Test"/>
  <testcase name="Employee_Testcases" time="0.243" classname="pro.saral.testCases.Employee_Test"/>
  <testcase name="Employee_Testcases" time="2.223" classname="pro.saral.testCases.Employee_Test"/>
  <testcase name="Employee_Testcases" time="2.384" classname="pro.saral.testCases.Employee_Test"/>
  <testcase name="Employee_Testcases" time="2.146" classname="pro.saral.testCases.Employee_Test"/>
  <testcase name="Employee_Testcases" time="2.459" classname="pro.saral.testCases.Employee_Test"/>
  <testcase name="Employee_Testcases" time="0.194" classname="pro.saral.testCases.Employee_Test"/>
  <testcase name="Employee_Testcases" time="2.461" classname="pro.saral.testCases.Employee_Test"/>
  <testcase name="Employee_Testcases" time="2.191" classname="pro.saral.testCases.Employee_Test"/>
  <testcase name="Employee_Testcases" time="2.187" classname="pro.saral.testCases.Employee_Test"/>
  <testcase name="Employee_Testcases" time="2.346" classname="pro.saral.testCases.Employee_Test"/>
  <testcase name="Employee_Testcases" time="0.251" classname="pro.saral.testCases.Employee_Test"/>
  <testcase name="Employee_Testcases" time="0.065" classname="pro.saral.testCases.Employee_Test"/>
  <testcase name="Employee_Testcases" time="2.392" classname="pro.saral.testCases.Employee_Test"/>
  <testcase name="Employee_Testcases" time="2.263" classname="pro.saral.testCases.Employee_Test"/>
  <testcase name="Employee_Testcases" time="2.159" classname="pro.saral.testCases.Employee_Test"/>
  <testcase name="Employee_Testcases" time="2.150" classname="pro.saral.testCases.Employee_Test"/>
  <testcase name="Employee_Testcases" time="0.041" classname="pro.saral.testCases.Employee_Test"/>
  <testcase name="Employee_Testcases" time="0.017" classname="pro.saral.testCases.Employee_Test"/>
  <testcase name="Employee_Testcases" time="2.499" classname="pro.saral.testCases.Employee_Test"/>
  <testcase name="Employee_Testcases" time="2.258" classname="pro.saral.testCases.Employee_Test"/>
  <testcase name="Employee_Testcases" time="0.411" classname="pro.saral.testCases.Employee_Test"/>
  <testcase name="Employee_Testcases" time="0.099" classname="pro.saral.testCases.Employee_Test"/>
  <testcase name="Employee_Testcases" time="0.187" classname="pro.saral.testCases.Employee_Test"/>
  <testcase name="Employee_Testcases" time="2.157" classname="pro.saral.testCases.Employee_Test"/>
  <testcase name="Employee_Testcases" time="2.337" classname="pro.saral.testCases.Employee_Test"/>
  <testcase name="Employee_Testcases" time="0.109" classname="pro.saral.testCases.Employee_Test"/>
  <testcase name="Employee_Testcases" time="0.184" classname="pro.saral.testCases.Employee_Test"/>
  <testcase name="Employee_Testcases" time="2.156" classname="pro.saral.testCases.Employee_Test"/>
  <testcase name="Employee_Testcases" time="0.121" classname="pro.saral.testCases.Employee_Test"/>
  <testcase name="Employee_Testcases" time="0.030" classname="pro.saral.testCases.Employee_Test"/>
  <testcase name="Employee_Testcases" time="0.171" classname="pro.saral.testCases.Employee_Test"/>
  <testcase name="Employee_Testcases" time="0.350" classname="pro.saral.testCases.Employee_Test"/>
  <testcase name="Employee_Testcases" time="0.110" classname="pro.saral.testCases.Employee_Test"/>
  <testcase name="Employee_Testcases" time="2.426" classname="pro.saral.testCases.Employee_Test"/>
  <testcase name="Employee_Testcases" time="2.396" classname="pro.saral.testCases.Employee_Test"/>
  <testcase name="Employee_Testcases" time="2.213" classname="pro.saral.testCases.Employee_Test"/>
  <testcase name="Employee_Testcases" time="2.320" classname="pro.saral.testCases.Employee_Test"/>
  <testcase name="Employee_Testcases" time="2.345" classname="pro.saral.testCases.Employee_Test"/>
  <testcase name="Employee_Testcases" time="2.216" classname="pro.saral.testCases.Employee_Test"/>
  <testcase name="Employee_Testcases" time="2.090" classname="pro.saral.testCases.Employee_Test"/>
  <testcase name="Employee_Testcases" time="2.202" classname="pro.saral.testCases.Employee_Test"/>
  <testcase name="Employee_Testcases" time="2.154" classname="pro.saral.testCases.Employee_Test"/>
  <testcase name="Employee_Testcases" time="2.247" classname="pro.saral.testCases.Employee_Test"/>
  <testcase name="Employee_Testcases" time="2.404" classname="pro.saral.testCases.Employee_Test"/>
  <testcase name="Employee_Testcases" time="0.294" classname="pro.saral.testCases.Employee_Test"/>
  <testcase name="Employee_Testcases" time="0.010" classname="pro.saral.testCases.Employee_Test"/>
  <testcase name="Employee_Testcases" time="0.012" classname="pro.saral.testCases.Employee_Test"/>
  <testcase name="Employee_Testcases" time="2.372" classname="pro.saral.testCases.Employee_Test"/>
  <testcase name="Employee_Testcases" time="0.070" classname="pro.saral.testCases.Employee_Test"/>
  <testcase name="Employee_Testcases" time="2.348" classname="pro.saral.testCases.Employee_Test"/>
  <testcase name="Employee_Testcases" time="2.276" classname="pro.saral.testCases.Employee_Test"/>
  <testcase name="Employee_Testcases" time="0.007" classname="pro.saral.testCases.Employee_Test"/>
  <testcase name="Employee_Testcases" time="2.061" classname="pro.saral.testCases.Employee_Test"/>
  <testcase name="Employee_Testcases" time="2.805" classname="pro.saral.testCases.Employee_Test"/>
  <testcase name="Employee_Testcases" time="2.395" classname="pro.saral.testCases.Employee_Test"/>
  <testcase name="Employee_Testcases" time="2.287" classname="pro.saral.testCases.Employee_Test"/>
  <testcase name="Employee_Testcases" time="0.217" classname="pro.saral.testCases.Employee_Test"/>
  <testcase name="Employee_Testcases" time="2.514" classname="pro.saral.testCases.Employee_Test"/>
  <testcase name="Employee_Testcases" time="2.322" classname="pro.saral.testCases.Employee_Test"/>
  <testcase name="Employee_Testcases" time="0.081" classname="pro.saral.testCases.Employee_Test"/>
  <testcase name="Employee_Testcases" time="2.263" classname="pro.saral.testCases.Employee_Test"/>
  <testcase name="Employee_Testcases" time="2.486" classname="pro.saral.testCases.Employee_Test"/>
  <testcase name="Employee_Testcases" time="2.158" classname="pro.saral.testCases.Employee_Test"/>
  <testcase name="Employee_Testcases" time="0.110" classname="pro.saral.testCases.Employee_Test"/>
  <testcase name="Employee_Testcases" time="0.168" classname="pro.saral.testCases.Employee_Test"/>
  <testcase name="Employee_Testcases" time="2.243" classname="pro.saral.testCases.Employee_Test"/>
  <testcase name="Employee_Testcases" time="0.122" classname="pro.saral.testCases.Employee_Test"/>
  <testcase name="Employee_Testcases" time="2.307" classname="pro.saral.testCases.Employee_Test"/>
  <testcase name="Employee_Testcases" time="2.441" classname="pro.saral.testCases.Employee_Test"/>
  <testcase name="Employee_Testcases" time="2.151" classname="pro.saral.testCases.Employee_Test"/>
  <testcase name="Employee_Testcases" time="2.341" classname="pro.saral.testCases.Employee_Test"/>
  <testcase name="Employee_Testcases" time="0.053" classname="pro.saral.testCases.Employee_Test"/>
  <testcase name="Employee_Testcases" time="2.623" classname="pro.saral.testCases.Employee_Test"/>
  <testcase name="Employee_Testcases" time="2.386" classname="pro.saral.testCases.Employee_Test"/>
  <testcase name="Employee_Testcases" time="0.309" classname="pro.saral.testCases.Employee_Test"/>
  <testcase name="Employee_Testcases" time="0.010" classname="pro.saral.testCases.Employee_Test"/>
  <testcase name="Employee_Testcases" time="2.425" classname="pro.saral.testCases.Employee_Test"/>
  <testcase name="Employee_Testcases" time="0.066" classname="pro.saral.testCases.Employee_Test"/>
  <testcase name="Employee_Testcases" time="2.388" classname="pro.saral.testCases.Employee_Test"/>
  <testcase name="Employee_Testcases" time="2.324" classname="pro.saral.testCases.Employee_Test"/>
  <testcase name="Employee_Testcases" time="2.480" classname="pro.saral.testCases.Employee_Test"/>
  <testcase name="Employee_Testcases" time="2.133" classname="pro.saral.testCases.Employee_Test"/>
  <testcase name="Employee_Testcases" time="2.159" classname="pro.saral.testCases.Employee_Test"/>
  <testcase name="Employee_Testcases" time="2.376" classname="pro.saral.testCases.Employee_Test"/>
  <testcase name="Employee_Testcases" time="0.259" classname="pro.saral.testCases.Employee_Test"/>
  <testcase name="Employee_Testcases" time="0.407" classname="pro.saral.testCases.Employee_Test"/>
  <testcase name="Employee_Testcases" time="0.312" classname="pro.saral.testCases.Employee_Test"/>
  <testcase name="Employee_Testcases" time="0.081" classname="pro.saral.testCases.Employee_Test"/>
  <testcase name="Employee_Testcases" time="0.011" classname="pro.saral.testCases.Employee_Test"/>
  <testcase name="Employee_Testcases" time="0.161" classname="pro.saral.testCases.Employee_Test"/>
  <testcase name="Employee_Testcases" time="2.237" classname="pro.saral.testCases.Employee_Test"/>
  <testcase name="Employee_Testcases" time="2.355" classname="pro.saral.testCases.Employee_Test"/>
  <testcase name="Employee_Testcases" time="2.132" classname="pro.saral.testCases.Employee_Test"/>
  <testcase name="Employee_Testcases" time="0.440" classname="pro.saral.testCases.Employee_Test"/>
  <testcase name="Employee_Testcases" time="0.126" classname="pro.saral.testCases.Employee_Test"/>
  <testcase name="Employee_Testcases" time="2.239" classname="pro.saral.testCases.Employee_Test"/>
  <testcase name="Employee_Testcases" time="0.252" classname="pro.saral.testCases.Employee_Test"/>
  <testcase name="Employee_Testcases" time="0.091" classname="pro.saral.testCases.Employee_Test"/>
  <testcase name="Employee_Testcases" time="0.107" classname="pro.saral.testCases.Employee_Test"/>
  <testcase name="Employee_Testcases" time="2.248" classname="pro.saral.testCases.Employee_Test"/>
  <testcase name="Employee_Testcases" time="0.046" classname="pro.saral.testCases.Employee_Test"/>
  <testcase name="Employee_Testcases" time="0.089" classname="pro.saral.testCases.Employee_Test"/>
  <testcase name="Employee_Testcases" time="2.286" classname="pro.saral.testCases.Employee_Test"/>
  <testcase name="Employee_Testcases" time="0.008" classname="pro.saral.testCases.Employee_Test"/>
  <testcase name="Employee_Testcases" time="0.066" classname="pro.saral.testCases.Employee_Test"/>
  <testcase name="Employee_Testcases" time="2.139" classname="pro.saral.testCases.Employee_Test"/>
  <testcase name="Employee_Testcases" time="2.403" classname="pro.saral.testCases.Employee_Test"/>
  <testcase name="Employee_Testcases" time="2.399" classname="pro.saral.testCases.Employee_Test"/>
  <testcase name="Employee_Testcases" time="0.330" classname="pro.saral.testCases.Employee_Test"/>
  <testcase name="Employee_Testcases" time="0.298" classname="pro.saral.testCases.Employee_Test"/>
  <testcase name="Employee_Testcases" time="0.123" classname="pro.saral.testCases.Employee_Test"/>
  <testcase name="Employee_Testcases" time="2.293" classname="pro.saral.testCases.Employee_Test"/>
  <testcase name="Employee_Testcases" time="2.373" classname="pro.saral.testCases.Employee_Test"/>
  <testcase name="Employee_Testcases" time="0.068" classname="pro.saral.testCases.Employee_Test"/>
  <testcase name="Employee_Testcases" time="2.342" classname="pro.saral.testCases.Employee_Test"/>
  <testcase name="Employee_Testcases" time="0.061" classname="pro.saral.testCases.Employee_Test"/>
  <testcase name="Employee_Testcases" time="0.381" classname="pro.saral.testCases.Employee_Test"/>
  <testcase name="Employee_Testcases" time="0.085" classname="pro.saral.testCases.Employee_Test"/>
  <testcase name="Employee_Testcases" time="0.166" classname="pro.saral.testCases.Employee_Test"/>
  <testcase name="Employee_Testcases" time="2.375" classname="pro.saral.testCases.Employee_Test"/>
  <testcase name="Employee_Testcases" time="0.098" classname="pro.saral.testCases.Employee_Test"/>
  <testcase name="Employee_Testcases" time="2.178" classname="pro.saral.testCases.Employee_Test"/>
  <testcase name="Employee_Testcases" time="2.295" classname="pro.saral.testCases.Employee_Test"/>
  <testcase name="Employee_Testcases" time="0.098" classname="pro.saral.testCases.Employee_Test"/>
  <testcase name="Employee_Testcases" time="0.286" classname="pro.saral.testCases.Employee_Test"/>
  <testcase name="Employee_Testcases" time="2.205" classname="pro.saral.testCases.Employee_Test"/>
  <testcase name="Employee_Testcases" time="2.669" classname="pro.saral.testCases.Employee_Test"/>
  <testcase name="Employee_Testcases" time="2.395" classname="pro.saral.testCases.Employee_Test"/>
  <testcase name="Employee_Testcases" time="0.038" classname="pro.saral.testCases.Employee_Test"/>
  <testcase name="Employee_Testcases" time="0.170" classname="pro.saral.testCases.Employee_Test"/>
  <testcase name="Employee_Testcases" time="2.417" classname="pro.saral.testCases.Employee_Test"/>
  <testcase name="Employee_Testcases" time="2.303" classname="pro.saral.testCases.Employee_Test"/>
  <testcase name="Employee_Testcases" time="0.191" classname="pro.saral.testCases.Employee_Test"/>
  <testcase name="Employee_Testcases" time="0.034" classname="pro.saral.testCases.Employee_Test"/>
  <testcase name="Employee_Testcases" time="0.284" classname="pro.saral.testCases.Employee_Test"/>
  <testcase name="Employee_Testcases" time="0.164" classname="pro.saral.testCases.Employee_Test"/>
  <testcase name="Employee_Testcases" time="2.218" classname="pro.saral.testCases.Employee_Test"/>
  <testcase name="Employee_Testcases" time="2.172" classname="pro.saral.testCases.Employee_Test"/>
  <testcase name="Employee_Testcases" time="0.131" classname="pro.saral.testCases.Employee_Test"/>
  <testcase name="Employee_Testcases" time="2.248" classname="pro.saral.testCases.Employee_Test"/>
  <testcase name="Employee_Testcases" time="0.121" classname="pro.saral.testCases.Employee_Test"/>
  <testcase name="Employee_Testcases" time="2.894" classname="pro.saral.testCases.Employee_Test"/>
  <testcase name="Employee_Testcases" time="2.143" classname="pro.saral.testCases.Employee_Test"/>
  <testcase name="Employee_Testcases" time="2.293" classname="pro.saral.testCases.Employee_Test"/>
  <testcase name="Employee_Testcases" time="0.304" classname="pro.saral.testCases.Employee_Test"/>
  <testcase name="Employee_Testcases" time="2.490" classname="pro.saral.testCases.Employee_Test"/>
  <testcase name="Employee_Testcases" time="0.139" classname="pro.saral.testCases.Employee_Test"/>
  <testcase name="Employee_Testcases" time="2.528" classname="pro.saral.testCases.Employee_Test"/>
  <testcase name="Employee_Testcases" time="2.726" classname="pro.saral.testCases.Employee_Test"/>
  <testcase name="Employee_Testcases" time="0.245" classname="pro.saral.testCases.Employee_Test"/>
  <testcase name="Employee_Testcases" time="0.012" classname="pro.saral.testCases.Employee_Test"/>
  <testcase name="Employee_Testcases" time="2.269" classname="pro.saral.testCases.Employee_Test"/>
  <testcase name="Employee_Testcases" time="2.244" classname="pro.saral.testCases.Employee_Test"/>
  <testcase name="Employee_Testcases" time="2.500" classname="pro.saral.testCases.Employee_Test"/>
  <testcase name="Employee_Testcases" time="0.350" classname="pro.saral.testCases.Employee_Test"/>
  <testcase name="Employee_Testcases" time="0.404" classname="pro.saral.testCases.Employee_Test"/>
  <testcase name="Employee_Testcases" time="2.031" classname="pro.saral.testCases.Employee_Test"/>
  <testcase name="Employee_Testcases" time="0.206" classname="pro.saral.testCases.Employee_Test"/>
  <testcase name="Employee_Testcases" time="0.205" classname="pro.saral.testCases.Employee_Test"/>
  <testcase name="Employee_Testcases" time="0.256" classname="pro.saral.testCases.Employee_Test"/>
  <testcase name="Employee_Testcases" time="2.345" classname="pro.saral.testCases.Employee_Test"/>
  <testcase name="Employee_Testcases" time="2.505" classname="pro.saral.testCases.Employee_Test"/>
  <testcase name="Employee_Testcases" time="2.437" classname="pro.saral.testCases.Employee_Test"/>
  <testcase name="Employee_Testcases" time="2.179" classname="pro.saral.testCases.Employee_Test"/>
  <testcase name="Employee_Testcases" time="2.260" classname="pro.saral.testCases.Employee_Test"/>
  <testcase name="Employee_Testcases" time="2.483" classname="pro.saral.testCases.Employee_Test"/>
  <testcase name="Employee_Testcases" time="2.132" classname="pro.saral.testCases.Employee_Test"/>
  <testcase name="Employee_Testcases" time="2.273" classname="pro.saral.testCases.Employee_Test"/>
  <testcase name="Employee_Testcases" time="2.235" classname="pro.saral.testCases.Employee_Test"/>
  <testcase name="Employee_Testcases" time="2.258" classname="pro.saral.testCases.Employee_Test"/>
  <testcase name="Employee_Testcases" time="2.401" classname="pro.saral.testCases.Employee_Test"/>
  <testcase name="Employee_Testcases" time="0.273" classname="pro.saral.testCases.Employee_Test"/>
  <testcase name="Employee_Testcases" time="2.282" classname="pro.saral.testCases.Employee_Test"/>
  <testcase name="Employee_Testcases" time="0.012" classname="pro.saral.testCases.Employee_Test"/>
  <testcase name="Employee_Testcases" time="0.069" classname="pro.saral.testCases.Employee_Test"/>
  <testcase name="Employee_Testcases" time="2.269" classname="pro.saral.testCases.Employee_Test"/>
  <testcase name="Employee_Testcases" time="35.148" classname="pro.saral.testCases.Employee_Test"/>
  <testcase name="Employee_Testcases" time="2.287" classname="pro.saral.testCases.Employee_Test"/>
  <testcase name="Employee_Testcases" time="2.367" classname="pro.saral.testCases.Employee_Test"/>
  <testcase name="Employee_Testcases" time="0.134" classname="pro.saral.testCases.Employee_Test"/>
  <testcase name="Employee_Testcases" time="0.016" classname="pro.saral.testCases.Employee_Test"/>
  <testcase name="Employee_Testcases" time="0.073" classname="pro.saral.testCases.Employee_Test"/>
  <testcase name="Employee_Testcases" time="0.009" classname="pro.saral.testCases.Employee_Test"/>
  <testcase name="Employee_Testcases" time="0.351" classname="pro.saral.testCases.Employee_Test"/>
  <testcase name="Employee_Testcases" time="2.229" classname="pro.saral.testCases.Employee_Test"/>
  <testcase name="Employee_Testcases" time="2.259" classname="pro.saral.testCases.Employee_Test"/>
  <testcase name="Employee_Testcases" time="0.823" classname="pro.saral.testCases.Employee_Test"/>
  <testcase name="Employee_Testcases" time="2.196" classname="pro.saral.testCases.Employee_Test"/>
  <testcase name="Employee_Testcases" time="0.052" classname="pro.saral.testCases.Employee_Test"/>
  <testcase name="Employee_Testcases" time="2.587" classname="pro.saral.testCases.Employee_Test"/>
  <testcase name="Employee_Testcases" time="2.240" classname="pro.saral.testCases.Employee_Test"/>
  <testcase name="Employee_Testcases" time="0.299" classname="pro.saral.testCases.Employee_Test"/>
  <testcase name="Employee_Testcases" time="0.416" classname="pro.saral.testCases.Employee_Test"/>
  <testcase name="Employee_Testcases" time="0.164" classname="pro.saral.testCases.Employee_Test"/>
  <testcase name="Employee_Testcases" time="2.187" classname="pro.saral.testCases.Employee_Test"/>
  <testcase name="Employee_Testcases" time="2.652" classname="pro.saral.testCases.Employee_Test"/>
  <testcase name="Employee_Testcases" time="0.106" classname="pro.saral.testCases.Employee_Test"/>
  <testcase name="Employee_Testcases" time="2.536" classname="pro.saral.testCases.Employee_Test"/>
  <testcase name="Employee_Testcases" time="0.177" classname="pro.saral.testCases.Employee_Test"/>
  <testcase name="Employee_Testcases" time="2.558" classname="pro.saral.testCases.Employee_Test"/>
  <testcase name="Employee_Testcases" time="2.172" classname="pro.saral.testCases.Employee_Test"/>
  <testcase name="Employee_Testcases" time="0.134" classname="pro.saral.testCases.Employee_Test"/>
  <testcase name="Employee_Testcases" time="0.164" classname="pro.saral.testCases.Employee_Test"/>
  <testcase name="Employee_Testcases" time="0.087" classname="pro.saral.testCases.Employee_Test"/>
  <testcase name="Employee_Testcases" time="2.482" classname="pro.saral.testCases.Employee_Test"/>
  <testcase name="Employee_Testcases" time="0.035" classname="pro.saral.testCases.Employee_Test"/>
  <testcase name="Employee_Testcases" time="2.328" classname="pro.saral.testCases.Employee_Test"/>
  <testcase name="Employee_Testcases" time="2.239" classname="pro.saral.testCases.Employee_Test"/>
  <testcase name="Employee_Testcases" time="0.055" classname="pro.saral.testCases.Employee_Test"/>
  <testcase name="Employee_Testcases" time="2.211" classname="pro.saral.testCases.Employee_Test"/>
  <testcase name="Employee_Testcases" time="2.240" classname="pro.saral.testCases.Employee_Test"/>
  <testcase name="Employee_Testcases" time="2.683" classname="pro.saral.testCases.Employee_Test"/>
  <testcase name="Employee_Testcases" time="0.028" classname="pro.saral.testCases.Employee_Test"/>
  <testcase name="Employee_Testcases" time="2.247" classname="pro.saral.testCases.Employee_Test"/>
  <testcase name="Employee_Testcases" time="0.014" classname="pro.saral.testCases.Employee_Test"/>
  <testcase name="Employee_Testcases" time="2.572" classname="pro.saral.testCases.Employee_Test"/>
  <testcase name="Employee_Testcases" time="2.126" classname="pro.saral.testCases.Employee_Test"/>
  <testcase name="Employee_Testcases" time="0.070" classname="pro.saral.testCases.Employee_Test"/>
  <testcase name="Employee_Testcases" time="0.117" classname="pro.saral.testCases.Employee_Test"/>
  <testcase name="Employee_Testcases" time="2.361" classname="pro.saral.testCases.Employee_Test"/>
  <testcase name="Employee_Testcases" time="0.112" classname="pro.saral.testCases.Employee_Test"/>
  <testcase name="Employee_Testcases" time="2.351" classname="pro.saral.testCases.Employee_Test"/>
  <testcase name="Employee_Testcases" time="2.763" classname="pro.saral.testCases.Employee_Test"/>
  <testcase name="Employee_Testcases" time="2.151" classname="pro.saral.testCases.Employee_Test"/>
  <testcase name="Employee_Testcases" time="0.006" classname="pro.saral.testCases.Employee_Test"/>
  <testcase name="Employee_Testcases" time="0.349" classname="pro.saral.testCases.Employee_Test"/>
  <testcase name="Employee_Testcases" time="2.250" classname="pro.saral.testCases.Employee_Test"/>
  <testcase name="Employee_Testcases" time="2.193" classname="pro.saral.testCases.Employee_Test"/>
  <testcase name="Employee_Testcases" time="2.315" classname="pro.saral.testCases.Employee_Test"/>
  <testcase name="Employee_Testcases" time="0.170" classname="pro.saral.testCases.Employee_Test"/>
  <testcase name="Employee_Testcases" time="2.414" classname="pro.saral.testCases.Employee_Test"/>
  <testcase name="Employee_Testcases" time="2.418" classname="pro.saral.testCases.Employee_Test"/>
  <testcase name="Employee_Testcases" time="2.290" classname="pro.saral.testCases.Employee_Test"/>
  <testcase name="Employee_Testcases" time="2.149" classname="pro.saral.testCases.Employee_Test"/>
  <testcase name="Employee_Testcases" time="2.157" classname="pro.saral.testCases.Employee_Test"/>
  <testcase name="Employee_Testcases" time="2.250" classname="pro.saral.testCases.Employee_Test"/>
  <testcase name="Employee_Testcases" time="2.140" classname="pro.saral.testCases.Employee_Test"/>
  <testcase name="Employee_Testcases" time="0.011" classname="pro.saral.testCases.Employee_Test"/>
  <testcase name="Employee_Testcases" time="2.427" classname="pro.saral.testCases.Employee_Test"/>
  <testcase name="Employee_Testcases" time="2.452" classname="pro.saral.testCases.Employee_Test"/>
  <testcase name="Employee_Testcases" time="0.101" classname="pro.saral.testCases.Employee_Test"/>
  <testcase name="Employee_Testcases" time="0.080" classname="pro.saral.testCases.Employee_Test"/>
  <testcase name="Employee_Testcases" time="2.458" classname="pro.saral.testCases.Employee_Test"/>
  <testcase name="Employee_Testcases" time="2.330" classname="pro.saral.testCases.Employee_Test"/>
  <testcase name="Employee_Testcases" time="0.148" classname="pro.saral.testCases.Employee_Test"/>
  <testcase name="Employee_Testcases" time="0.180" classname="pro.saral.testCases.Employee_Test"/>
  <testcase name="Employee_Testcases" time="0.102" classname="pro.saral.testCases.Employee_Test"/>
  <testcase name="Employee_Testcases" time="0.293" classname="pro.saral.testCases.Employee_Test"/>
  <testcase name="Employee_Testcases" time="10.354" classname="pro.saral.testCases.Employee_Test"/>
  <testcase name="Employee_Testcases" time="0.102" classname="pro.saral.testCases.Employee_Test"/>
  <testcase name="Employee_Testcases" time="0.016" classname="pro.saral.testCases.Employee_Test"/>
  <testcase name="Employee_Testcases" time="2.381" classname="pro.saral.testCases.Employee_Test"/>
  <testcase name="Employee_Testcases" time="2.140" classname="pro.saral.testCases.Employee_Test"/>
  <testcase name="Employee_Testcases" time="2.555" classname="pro.saral.testCases.Employee_Test"/>
  <testcase name="Employee_Testcases" time="2.354" classname="pro.saral.testCases.Employee_Test"/>
  <testcase name="Employee_Testcases" time="2.655" classname="pro.saral.testCases.Employee_Test"/>
  <testcase name="Employee_Testcases" time="0.110" classname="pro.saral.testCases.Employee_Test"/>
  <testcase name="Employee_Testcases" time="0.382" classname="pro.saral.testCases.Employee_Test"/>
  <testcase name="Employee_Testcases" time="2.383" classname="pro.saral.testCases.Employee_Test"/>
  <testcase name="Employee_Testcases" time="0.529" classname="pro.saral.testCases.Employee_Test"/>
  <testcase name="Employee_Testcases" time="2.268" classname="pro.saral.testCases.Employee_Test"/>
  <testcase name="Employee_Testcases" time="2.570" classname="pro.saral.testCases.Employee_Test"/>
  <testcase name="Employee_Testcases" time="0.056" classname="pro.saral.testCases.Employee_Test"/>
  <testcase name="Employee_Testcases" time="2.149" classname="pro.saral.testCases.Employee_Test"/>
  <testcase name="Employee_Testcases" time="35.132" classname="pro.saral.testCases.Employee_Test"/>
  <testcase name="Employee_Testcases" time="2.025" classname="pro.saral.testCases.Employee_Test"/>
  <testcase name="Employee_Testcases" time="0.014" classname="pro.saral.testCases.Employee_Test"/>
  <testcase name="Employee_Testcases" time="0.121" classname="pro.saral.testCases.Employee_Test"/>
  <testcase name="Employee_Testcases" time="2.260" classname="pro.saral.testCases.Employee_Test"/>
  <testcase name="Employee_Testcases" time="2.320" classname="pro.saral.testCases.Employee_Test"/>
  <testcase name="Employee_Testcases" time="0.380" classname="pro.saral.testCases.Employee_Test"/>
  <testcase name="Employee_Testcases" time="2.131" classname="pro.saral.testCases.Employee_Test"/>
  <testcase name="Employee_Testcases" time="0.065" classname="pro.saral.testCases.Employee_Test"/>
  <testcase name="Employee_Testcases" time="2.249" classname="pro.saral.testCases.Employee_Test"/>
  <testcase name="Employee_Testcases" time="2.458" classname="pro.saral.testCases.Employee_Test"/>
  <testcase name="Employee_Testcases" time="2.096" classname="pro.saral.testCases.Employee_Test"/>
  <testcase name="Employee_Testcases" time="0.449" classname="pro.saral.testCases.Employee_Test"/>
  <testcase name="Employee_Testcases" time="2.487" classname="pro.saral.testCases.Employee_Test"/>
  <testcase name="Employee_Testcases" time="2.261" classname="pro.saral.testCases.Employee_Test"/>
  <testcase name="Employee_Testcases" time="0.358" classname="pro.saral.testCases.Employee_Test"/>
  <testcase name="Employee_Testcases" time="2.558" classname="pro.saral.testCases.Employee_Test"/>
  <testcase name="Employee_Testcases" time="0.434" classname="pro.saral.testCases.Employee_Test"/>
  <testcase name="Employee_Testcases" time="2.150" classname="pro.saral.testCases.Employee_Test"/>
  <testcase name="Employee_Testcases" time="0.268" classname="pro.saral.testCases.Employee_Test"/>
  <testcase name="Employee_Testcases" time="0.263" classname="pro.saral.testCases.Employee_Test"/>
  <testcase name="Employee_Testcases" time="2.264" classname="pro.saral.testCases.Employee_Test"/>
  <testcase name="Employee_Testcases" time="0.194" classname="pro.saral.testCases.Employee_Test"/>
  <testcase name="Employee_Testcases" time="2.209" classname="pro.saral.testCases.Employee_Test"/>
  <testcase name="Employee_Testcases" time="2.298" classname="pro.saral.testCases.Employee_Test"/>
  <testcase name="Employee_Testcases" time="0.230" classname="pro.saral.testCases.Employee_Test"/>
  <testcase name="Employee_Testcases" time="2.505" classname="pro.saral.testCases.Employee_Test"/>
  <testcase name="Employee_Testcases" time="0.211" classname="pro.saral.testCases.Employee_Test"/>
  <testcase name="Employee_Testcases" time="2.188" classname="pro.saral.testCases.Employee_Test"/>
  <testcase name="Employee_Testcases" time="0.084" classname="pro.saral.testCases.Employee_Test"/>
  <testcase name="Employee_Testcases" time="2.191" classname="pro.saral.testCases.Employee_Test"/>
  <testcase name="Employee_Testcases" time="2.461" classname="pro.saral.testCases.Employee_Test"/>
  <testcase name="Employee_Testcases" time="2.650" classname="pro.saral.testCases.Employee_Test"/>
  <testcase name="Employee_Testcases" time="0.080" classname="pro.saral.testCases.Employee_Test"/>
  <testcase name="Employee_Testcases" time="0.189" classname="pro.saral.testCases.Employee_Test"/>
  <testcase name="Employee_Testcases" time="0.144" classname="pro.saral.testCases.Employee_Test"/>
  <testcase name="Employee_Testcases" time="0.245" classname="pro.saral.testCases.Employee_Test"/>
  <testcase name="Employee_Testcases" time="2.150" classname="pro.saral.testCases.Employee_Test"/>
  <testcase name="Employee_Testcases" time="2.322" classname="pro.saral.testCases.Employee_Test"/>
  <testcase name="Employee_Testcases" time="0.011" classname="pro.saral.testCases.Employee_Test"/>
  <testcase name="Employee_Testcases" time="2.751" classname="pro.saral.testCases.Employee_Test"/>
  <testcase name="Employee_Testcases" time="2.142" classname="pro.saral.testCases.Employee_Test"/>
  <testcase name="Employee_Testcases" time="2.281" classname="pro.saral.testCases.Employee_Test"/>
  <testcase name="Employee_Testcases" time="2.273" classname="pro.saral.testCases.Employee_Test"/>
  <testcase name="Employee_Testcases" time="2.550" classname="pro.saral.testCases.Employee_Test"/>
  <testcase name="Employee_Testcases" time="0.112" classname="pro.saral.testCases.Employee_Test"/>
  <testcase name="Employee_Testcases" time="0.121" classname="pro.saral.testCases.Employee_Test"/>
  <testcase name="Employee_Testcases" time="2.189" classname="pro.saral.testCases.Employee_Test"/>
  <testcase name="Employee_Testcases" time="5.094" classname="pro.saral.testCases.Employee_Test"/>
  <testcase name="Employee_Testcases" time="2.357" classname="pro.saral.testCases.Employee_Test"/>
  <testcase name="Employee_Testcases" time="0.474" classname="pro.saral.testCases.Employee_Test"/>
  <testcase name="Employee_Testcases" time="0.042" classname="pro.saral.testCases.Employee_Test"/>
  <testcase name="Employee_Testcases" time="2.466" classname="pro.saral.testCases.Employee_Test"/>
  <testcase name="Employee_Testcases" time="2.449" classname="pro.saral.testCases.Employee_Test"/>
  <testcase name="Employee_Testcases" time="2.172" classname="pro.saral.testCases.Employee_Test"/>
  <testcase name="Employee_Testcases" time="2.458" classname="pro.saral.testCases.Employee_Test"/>
  <testcase name="Employee_Testcases" time="2.419" classname="pro.saral.testCases.Employee_Test"/>
  <testcase name="Employee_Testcases" time="0.085" classname="pro.saral.testCases.Employee_Test"/>
  <testcase name="Employee_Testcases" time="2.186" classname="pro.saral.testCases.Employee_Test"/>
  <testcase name="Employee_Testcases" time="2.361" classname="pro.saral.testCases.Employee_Test"/>
  <testcase name="Employee_Testcases" time="2.521" classname="pro.saral.testCases.Employee_Test"/>
  <testcase name="Employee_Testcases" time="0.426" classname="pro.saral.testCases.Employee_Test"/>
  <testcase name="Employee_Testcases" time="2.279" classname="pro.saral.testCases.Employee_Test"/>
  <testcase name="Employee_Testcases" time="2.335" classname="pro.saral.testCases.Employee_Test"/>
  <testcase name="Employee_Testcases" time="2.336" classname="pro.saral.testCases.Employee_Test"/>
  <testcase name="Employee_Testcases" time="2.286" classname="pro.saral.testCases.Employee_Test"/>
  <testcase name="Employee_Testcases" time="0.312" classname="pro.saral.testCases.Employee_Test"/>
  <testcase name="Employee_Testcases" time="2.248" classname="pro.saral.testCases.Employee_Test"/>
  <testcase name="Employee_Testcases" time="0.075" classname="pro.saral.testCases.Employee_Test"/>
  <testcase name="Employee_Testcases" time="0.105" classname="pro.saral.testCases.Employee_Test"/>
  <testcase name="Employee_Testcases" time="2.236" classname="pro.saral.testCases.Employee_Test"/>
  <testcase name="Employee_Testcases" time="0.048" classname="pro.saral.testCases.Employee_Test"/>
  <testcase name="Employee_Testcases" time="0.187" classname="pro.saral.testCases.Employee_Test"/>
  <testcase name="Employee_Testcases" time="2.106" classname="pro.saral.testCases.Employee_Test"/>
  <testcase name="Employee_Testcases" time="2.268" classname="pro.saral.testCases.Employee_Test"/>
  <testcase name="Employee_Testcases" time="0.114" classname="pro.saral.testCases.Employee_Test"/>
  <testcase name="Employee_Testcases" time="0.172" classname="pro.saral.testCases.Employee_Test"/>
  <testcase name="Employee_Testcases" time="2.179" classname="pro.saral.testCases.Employee_Test"/>
  <testcase name="Employee_Testcases" time="2.279" classname="pro.saral.testCases.Employee_Test"/>
  <testcase name="Employee_Testcases" time="2.177" classname="pro.saral.testCases.Employee_Test"/>
  <testcase name="Employee_Testcases" time="2.259" classname="pro.saral.testCases.Employee_Test"/>
  <testcase name="Employee_Testcases" time="2.350" classname="pro.saral.testCases.Employee_Test"/>
  <testcase name="Employee_Testcases" time="0.042" classname="pro.saral.testCases.Employee_Test"/>
  <testcase name="Employee_Testcases" time="2.030" classname="pro.saral.testCases.Employee_Test"/>
  <testcase name="Employee_Testcases" time="2.134" classname="pro.saral.testCases.Employee_Test"/>
  <testcase name="Employee_Testcases" time="0.180" classname="pro.saral.testCases.Employee_Test"/>
  <testcase name="Employee_Testcases" time="2.364" classname="pro.saral.testCases.Employee_Test"/>
  <testcase name="Employee_Testcases" time="2.264" classname="pro.saral.testCases.Employee_Test"/>
  <testcase name="Employee_Testcases" time="0.197" classname="pro.saral.testCases.Employee_Test"/>
  <testcase name="Employee_Testcases" time="0.251" classname="pro.saral.testCases.Employee_Test"/>
  <testcase name="Employee_Testcases" time="0.013" classname="pro.saral.testCases.Employee_Test"/>
  <testcase name="Employee_Testcases" time="2.156" classname="pro.saral.testCases.Employee_Test"/>
  <testcase name="Employee_Testcases" time="0.012" classname="pro.saral.testCases.Employee_Test"/>
  <testcase name="Employee_Testcases" time="0.069" classname="pro.saral.testCases.Employee_Test"/>
  <testcase name="Employee_Testcases" time="2.184" classname="pro.saral.testCases.Employee_Test"/>
  <testcase name="Employee_Testcases" time="2.326" classname="pro.saral.testCases.Employee_Test"/>
  <testcase name="Employee_Testcases" time="2.232" classname="pro.saral.testCases.Employee_Test"/>
  <testcase name="Employee_Testcases" time="2.371" classname="pro.saral.testCases.Employee_Test"/>
  <testcase name="Employee_Testcases" time="0.088" classname="pro.saral.testCases.Employee_Test"/>
  <testcase name="Employee_Testcases" time="2.280" classname="pro.saral.testCases.Employee_Test"/>
  <testcase name="Employee_Testcases" time="2.352" classname="pro.saral.testCases.Employee_Test"/>
  <testcase name="Employee_Testcases" time="0.083" classname="pro.saral.testCases.Employee_Test"/>
  <testcase name="Employee_Testcases" time="2.163" classname="pro.saral.testCases.Employee_Test"/>
  <testcase name="Employee_Testcases" time="2.463" classname="pro.saral.testCases.Employee_Test"/>
  <testcase name="Employee_Testcases" time="0.254" classname="pro.saral.testCases.Employee_Test"/>
  <testcase name="Employee_Testcases" time="2.149" classname="pro.saral.testCases.Employee_Test"/>
  <testcase name="Employee_Testcases" time="2.423" classname="pro.saral.testCases.Employee_Test"/>
  <testcase name="Employee_Testcases" time="0.104" classname="pro.saral.testCases.Employee_Test"/>
  <testcase name="Employee_Testcases" time="2.299" classname="pro.saral.testCases.Employee_Test"/>
  <testcase name="Employee_Testcases" time="2.371" classname="pro.saral.testCases.Employee_Test"/>
  <testcase name="Employee_Testcases" time="2.032" classname="pro.saral.testCases.Employee_Test"/>
  <testcase name="Employee_Testcases" time="2.338" classname="pro.saral.testCases.Employee_Test"/>
  <testcase name="Employee_Testcases" time="2.534" classname="pro.saral.testCases.Employee_Test"/>
  <testcase name="Employee_Testcases" time="0.216" classname="pro.saral.testCases.Employee_Test"/>
  <testcase name="Employee_Testcases" time="2.093" classname="pro.saral.testCases.Employee_Test"/>
  <testcase name="Employee_Testcases" time="2.366" classname="pro.saral.testCases.Employee_Test"/>
  <testcase name="Employee_Testcases" time="0.209" classname="pro.saral.testCases.Employee_Test"/>
  <testcase name="Employee_Testcases" time="2.518" classname="pro.saral.testCases.Employee_Test"/>
  <testcase name="Employee_Testcases" time="0.375" classname="pro.saral.testCases.Employee_Test"/>
  <testcase name="Employee_Testcases" time="0.081" classname="pro.saral.testCases.Employee_Test"/>
  <testcase name="Employee_Testcases" time="0.421" classname="pro.saral.testCases.Employee_Test"/>
  <testcase name="Employee_Testcases" time="2.377" classname="pro.saral.testCases.Employee_Test"/>
  <testcase name="Employee_Testcases" time="2.210" classname="pro.saral.testCases.Employee_Test"/>
  <testcase name="Employee_Testcases" time="0.105" classname="pro.saral.testCases.Employee_Test"/>
  <testcase name="Employee_Testcases" time="0.312" classname="pro.saral.testCases.Employee_Test"/>
  <testcase name="Employee_Testcases" time="2.322" classname="pro.saral.testCases.Employee_Test"/>
  <testcase name="Employee_Testcases" time="0.036" classname="pro.saral.testCases.Employee_Test"/>
</testsuite> <!-- pro.saral.testCases.Employee_Test -->
