<?xml version="1.0" encoding="UTF-8"?>
<!-- Generated by org.testng.reporters.JUnitReportReporter -->
<testsuite hostname="Darshan" name="pro.saral.testCases.Challan_Mapping_27EQ_Test" tests="228" failures="0" timestamp="28 Oct 2022 12:11:09 GMT" time="361.020" errors="0">
  <testcase name="Challan_Mapping_27EQ_Testcases" time="2.906" classname="pro.saral.testCases.Challan_Mapping_27EQ_Test"/>
  <testcase name="Challan_Mapping_27EQ_Testcases" time="2.430" classname="pro.saral.testCases.Challan_Mapping_27EQ_Test"/>
  <testcase name="Challan_Mapping_27EQ_Testcases" time="0.266" classname="pro.saral.testCases.Challan_Mapping_27EQ_Test"/>
  <testcase name="Challan_Mapping_27EQ_Testcases" time="2.666" classname="pro.saral.testCases.Challan_Mapping_27EQ_Test"/>
  <testcase name="Challan_Mapping_27EQ_Testcases" time="0.441" classname="pro.saral.testCases.Challan_Mapping_27EQ_Test"/>
  <testcase name="Challan_Mapping_27EQ_Testcases" time="3.057" classname="pro.saral.testCases.Challan_Mapping_27EQ_Test"/>
  <testcase name="Challan_Mapping_27EQ_Testcases" time="0.027" classname="pro.saral.testCases.Challan_Mapping_27EQ_Test"/>
  <testcase name="Challan_Mapping_27EQ_Testcases" time="2.638" classname="pro.saral.testCases.Challan_Mapping_27EQ_Test"/>
  <testcase name="Challan_Mapping_27EQ_Testcases" time="2.321" classname="pro.saral.testCases.Challan_Mapping_27EQ_Test"/>
  <testcase name="Challan_Mapping_27EQ_Testcases" time="2.232" classname="pro.saral.testCases.Challan_Mapping_27EQ_Test"/>
  <testcase name="Challan_Mapping_27EQ_Testcases" time="2.927" classname="pro.saral.testCases.Challan_Mapping_27EQ_Test"/>
  <testcase name="Challan_Mapping_27EQ_Testcases" time="2.639" classname="pro.saral.testCases.Challan_Mapping_27EQ_Test"/>
  <testcase name="Challan_Mapping_27EQ_Testcases" time="2.554" classname="pro.saral.testCases.Challan_Mapping_27EQ_Test"/>
  <testcase name="Challan_Mapping_27EQ_Testcases" time="0.273" classname="pro.saral.testCases.Challan_Mapping_27EQ_Test"/>
  <testcase name="Challan_Mapping_27EQ_Testcases" time="2.246" classname="pro.saral.testCases.Challan_Mapping_27EQ_Test"/>
  <testcase name="Challan_Mapping_27EQ_Testcases" time="0.103" classname="pro.saral.testCases.Challan_Mapping_27EQ_Test"/>
  <testcase name="Challan_Mapping_27EQ_Testcases" time="2.173" classname="pro.saral.testCases.Challan_Mapping_27EQ_Test"/>
  <testcase name="Challan_Mapping_27EQ_Testcases" time="2.189" classname="pro.saral.testCases.Challan_Mapping_27EQ_Test"/>
  <testcase name="Challan_Mapping_27EQ_Testcases" time="2.274" classname="pro.saral.testCases.Challan_Mapping_27EQ_Test"/>
  <testcase name="Challan_Mapping_27EQ_Testcases" time="0.324" classname="pro.saral.testCases.Challan_Mapping_27EQ_Test"/>
  <testcase name="Challan_Mapping_27EQ_Testcases" time="0.199" classname="pro.saral.testCases.Challan_Mapping_27EQ_Test"/>
  <testcase name="Challan_Mapping_27EQ_Testcases" time="0.610" classname="pro.saral.testCases.Challan_Mapping_27EQ_Test"/>
  <testcase name="Challan_Mapping_27EQ_Testcases" time="2.570" classname="pro.saral.testCases.Challan_Mapping_27EQ_Test"/>
  <testcase name="Challan_Mapping_27EQ_Testcases" time="2.864" classname="pro.saral.testCases.Challan_Mapping_27EQ_Test"/>
  <testcase name="Challan_Mapping_27EQ_Testcases" time="2.385" classname="pro.saral.testCases.Challan_Mapping_27EQ_Test"/>
  <testcase name="Challan_Mapping_27EQ_Testcases" time="2.589" classname="pro.saral.testCases.Challan_Mapping_27EQ_Test"/>
  <testcase name="Challan_Mapping_27EQ_Testcases" time="3.140" classname="pro.saral.testCases.Challan_Mapping_27EQ_Test"/>
  <testcase name="Challan_Mapping_27EQ_Testcases" time="2.168" classname="pro.saral.testCases.Challan_Mapping_27EQ_Test"/>
  <testcase name="Challan_Mapping_27EQ_Testcases" time="0.476" classname="pro.saral.testCases.Challan_Mapping_27EQ_Test"/>
  <testcase name="Challan_Mapping_27EQ_Testcases" time="0.224" classname="pro.saral.testCases.Challan_Mapping_27EQ_Test"/>
  <testcase name="Challan_Mapping_27EQ_Testcases" time="2.036" classname="pro.saral.testCases.Challan_Mapping_27EQ_Test"/>
  <testcase name="Challan_Mapping_27EQ_Testcases" time="2.309" classname="pro.saral.testCases.Challan_Mapping_27EQ_Test"/>
  <testcase name="Challan_Mapping_27EQ_Testcases" time="0.159" classname="pro.saral.testCases.Challan_Mapping_27EQ_Test"/>
  <testcase name="Challan_Mapping_27EQ_Testcases" time="2.642" classname="pro.saral.testCases.Challan_Mapping_27EQ_Test"/>
  <testcase name="Challan_Mapping_27EQ_Testcases" time="2.612" classname="pro.saral.testCases.Challan_Mapping_27EQ_Test"/>
  <testcase name="Challan_Mapping_27EQ_Testcases" time="0.261" classname="pro.saral.testCases.Challan_Mapping_27EQ_Test"/>
  <testcase name="Challan_Mapping_27EQ_Testcases" time="2.731" classname="pro.saral.testCases.Challan_Mapping_27EQ_Test"/>
  <testcase name="Challan_Mapping_27EQ_Testcases" time="0.308" classname="pro.saral.testCases.Challan_Mapping_27EQ_Test"/>
  <testcase name="Challan_Mapping_27EQ_Testcases" time="2.227" classname="pro.saral.testCases.Challan_Mapping_27EQ_Test"/>
  <testcase name="Challan_Mapping_27EQ_Testcases" time="0.023" classname="pro.saral.testCases.Challan_Mapping_27EQ_Test"/>
  <testcase name="Challan_Mapping_27EQ_Testcases" time="2.377" classname="pro.saral.testCases.Challan_Mapping_27EQ_Test"/>
  <testcase name="Challan_Mapping_27EQ_Testcases" time="0.258" classname="pro.saral.testCases.Challan_Mapping_27EQ_Test"/>
  <testcase name="Challan_Mapping_27EQ_Testcases" time="2.625" classname="pro.saral.testCases.Challan_Mapping_27EQ_Test"/>
  <testcase name="Challan_Mapping_27EQ_Testcases" time="0.638" classname="pro.saral.testCases.Challan_Mapping_27EQ_Test"/>
  <testcase name="Challan_Mapping_27EQ_Testcases" time="3.202" classname="pro.saral.testCases.Challan_Mapping_27EQ_Test"/>
  <testcase name="Challan_Mapping_27EQ_Testcases" time="0.166" classname="pro.saral.testCases.Challan_Mapping_27EQ_Test"/>
  <testcase name="Challan_Mapping_27EQ_Testcases" time="2.295" classname="pro.saral.testCases.Challan_Mapping_27EQ_Test"/>
  <testcase name="Challan_Mapping_27EQ_Testcases" time="2.484" classname="pro.saral.testCases.Challan_Mapping_27EQ_Test"/>
  <testcase name="Challan_Mapping_27EQ_Testcases" time="2.688" classname="pro.saral.testCases.Challan_Mapping_27EQ_Test"/>
  <testcase name="Challan_Mapping_27EQ_Testcases" time="2.158" classname="pro.saral.testCases.Challan_Mapping_27EQ_Test"/>
  <testcase name="Challan_Mapping_27EQ_Testcases" time="3.420" classname="pro.saral.testCases.Challan_Mapping_27EQ_Test"/>
  <testcase name="Challan_Mapping_27EQ_Testcases" time="2.576" classname="pro.saral.testCases.Challan_Mapping_27EQ_Test"/>
  <testcase name="Challan_Mapping_27EQ_Testcases" time="2.811" classname="pro.saral.testCases.Challan_Mapping_27EQ_Test"/>
  <testcase name="Challan_Mapping_27EQ_Testcases" time="0.221" classname="pro.saral.testCases.Challan_Mapping_27EQ_Test"/>
  <testcase name="Challan_Mapping_27EQ_Testcases" time="2.385" classname="pro.saral.testCases.Challan_Mapping_27EQ_Test"/>
  <testcase name="Challan_Mapping_27EQ_Testcases" time="0.336" classname="pro.saral.testCases.Challan_Mapping_27EQ_Test"/>
  <testcase name="Challan_Mapping_27EQ_Testcases" time="0.325" classname="pro.saral.testCases.Challan_Mapping_27EQ_Test"/>
  <testcase name="Challan_Mapping_27EQ_Testcases" time="0.176" classname="pro.saral.testCases.Challan_Mapping_27EQ_Test"/>
  <testcase name="Challan_Mapping_27EQ_Testcases" time="2.274" classname="pro.saral.testCases.Challan_Mapping_27EQ_Test"/>
  <testcase name="Challan_Mapping_27EQ_Testcases" time="0.313" classname="pro.saral.testCases.Challan_Mapping_27EQ_Test"/>
  <testcase name="Challan_Mapping_27EQ_Testcases" time="0.260" classname="pro.saral.testCases.Challan_Mapping_27EQ_Test"/>
  <testcase name="Challan_Mapping_27EQ_Testcases" time="2.846" classname="pro.saral.testCases.Challan_Mapping_27EQ_Test"/>
  <testcase name="Challan_Mapping_27EQ_Testcases" time="2.207" classname="pro.saral.testCases.Challan_Mapping_27EQ_Test"/>
  <testcase name="Challan_Mapping_27EQ_Testcases" time="0.288" classname="pro.saral.testCases.Challan_Mapping_27EQ_Test"/>
  <testcase name="Challan_Mapping_27EQ_Testcases" time="2.557" classname="pro.saral.testCases.Challan_Mapping_27EQ_Test"/>
  <testcase name="Challan_Mapping_27EQ_Testcases" time="3.470" classname="pro.saral.testCases.Challan_Mapping_27EQ_Test"/>
  <testcase name="Challan_Mapping_27EQ_Testcases" time="2.462" classname="pro.saral.testCases.Challan_Mapping_27EQ_Test"/>
  <testcase name="Challan_Mapping_27EQ_Testcases" time="0.250" classname="pro.saral.testCases.Challan_Mapping_27EQ_Test"/>
  <testcase name="Challan_Mapping_27EQ_Testcases" time="0.168" classname="pro.saral.testCases.Challan_Mapping_27EQ_Test"/>
  <testcase name="Challan_Mapping_27EQ_Testcases" time="2.169" classname="pro.saral.testCases.Challan_Mapping_27EQ_Test"/>
  <testcase name="Challan_Mapping_27EQ_Testcases" time="2.877" classname="pro.saral.testCases.Challan_Mapping_27EQ_Test"/>
  <testcase name="Challan_Mapping_27EQ_Testcases" time="0.324" classname="pro.saral.testCases.Challan_Mapping_27EQ_Test"/>
  <testcase name="Challan_Mapping_27EQ_Testcases" time="2.382" classname="pro.saral.testCases.Challan_Mapping_27EQ_Test"/>
  <testcase name="Challan_Mapping_27EQ_Testcases" time="2.404" classname="pro.saral.testCases.Challan_Mapping_27EQ_Test"/>
  <testcase name="Challan_Mapping_27EQ_Testcases" time="2.685" classname="pro.saral.testCases.Challan_Mapping_27EQ_Test"/>
  <testcase name="Challan_Mapping_27EQ_Testcases" time="2.315" classname="pro.saral.testCases.Challan_Mapping_27EQ_Test"/>
  <testcase name="Challan_Mapping_27EQ_Testcases" time="0.186" classname="pro.saral.testCases.Challan_Mapping_27EQ_Test"/>
  <testcase name="Challan_Mapping_27EQ_Testcases" time="2.659" classname="pro.saral.testCases.Challan_Mapping_27EQ_Test"/>
  <testcase name="Challan_Mapping_27EQ_Testcases" time="0.207" classname="pro.saral.testCases.Challan_Mapping_27EQ_Test"/>
  <testcase name="Challan_Mapping_27EQ_Testcases" time="2.291" classname="pro.saral.testCases.Challan_Mapping_27EQ_Test"/>
  <testcase name="Challan_Mapping_27EQ_Testcases" time="2.162" classname="pro.saral.testCases.Challan_Mapping_27EQ_Test"/>
  <testcase name="Challan_Mapping_27EQ_Testcases" time="0.124" classname="pro.saral.testCases.Challan_Mapping_27EQ_Test"/>
  <testcase name="Challan_Mapping_27EQ_Testcases" time="2.554" classname="pro.saral.testCases.Challan_Mapping_27EQ_Test"/>
  <testcase name="Challan_Mapping_27EQ_Testcases" time="2.206" classname="pro.saral.testCases.Challan_Mapping_27EQ_Test"/>
  <testcase name="Challan_Mapping_27EQ_Testcases" time="0.480" classname="pro.saral.testCases.Challan_Mapping_27EQ_Test"/>
  <testcase name="Challan_Mapping_27EQ_Testcases" time="0.233" classname="pro.saral.testCases.Challan_Mapping_27EQ_Test"/>
  <testcase name="Challan_Mapping_27EQ_Testcases" time="3.043" classname="pro.saral.testCases.Challan_Mapping_27EQ_Test"/>
  <testcase name="Challan_Mapping_27EQ_Testcases" time="0.085" classname="pro.saral.testCases.Challan_Mapping_27EQ_Test"/>
  <testcase name="Challan_Mapping_27EQ_Testcases" time="2.291" classname="pro.saral.testCases.Challan_Mapping_27EQ_Test"/>
  <testcase name="Challan_Mapping_27EQ_Testcases" time="2.372" classname="pro.saral.testCases.Challan_Mapping_27EQ_Test"/>
  <testcase name="Challan_Mapping_27EQ_Testcases" time="2.914" classname="pro.saral.testCases.Challan_Mapping_27EQ_Test"/>
  <testcase name="Challan_Mapping_27EQ_Testcases" time="2.448" classname="pro.saral.testCases.Challan_Mapping_27EQ_Test"/>
  <testcase name="Challan_Mapping_27EQ_Testcases" time="0.746" classname="pro.saral.testCases.Challan_Mapping_27EQ_Test"/>
  <testcase name="Challan_Mapping_27EQ_Testcases" time="2.402" classname="pro.saral.testCases.Challan_Mapping_27EQ_Test"/>
  <testcase name="Challan_Mapping_27EQ_Testcases" time="2.509" classname="pro.saral.testCases.Challan_Mapping_27EQ_Test"/>
  <testcase name="Challan_Mapping_27EQ_Testcases" time="0.114" classname="pro.saral.testCases.Challan_Mapping_27EQ_Test"/>
  <testcase name="Challan_Mapping_27EQ_Testcases" time="2.240" classname="pro.saral.testCases.Challan_Mapping_27EQ_Test"/>
  <testcase name="Challan_Mapping_27EQ_Testcases" time="2.545" classname="pro.saral.testCases.Challan_Mapping_27EQ_Test"/>
  <testcase name="Challan_Mapping_27EQ_Testcases" time="0.146" classname="pro.saral.testCases.Challan_Mapping_27EQ_Test"/>
  <testcase name="Challan_Mapping_27EQ_Testcases" time="0.190" classname="pro.saral.testCases.Challan_Mapping_27EQ_Test"/>
  <testcase name="Challan_Mapping_27EQ_Testcases" time="2.200" classname="pro.saral.testCases.Challan_Mapping_27EQ_Test"/>
  <testcase name="Challan_Mapping_27EQ_Testcases" time="2.795" classname="pro.saral.testCases.Challan_Mapping_27EQ_Test"/>
  <testcase name="Challan_Mapping_27EQ_Testcases" time="2.297" classname="pro.saral.testCases.Challan_Mapping_27EQ_Test"/>
  <testcase name="Challan_Mapping_27EQ_Testcases" time="2.213" classname="pro.saral.testCases.Challan_Mapping_27EQ_Test"/>
  <testcase name="Challan_Mapping_27EQ_Testcases" time="2.431" classname="pro.saral.testCases.Challan_Mapping_27EQ_Test"/>
  <testcase name="Challan_Mapping_27EQ_Testcases" time="3.004" classname="pro.saral.testCases.Challan_Mapping_27EQ_Test"/>
  <testcase name="Challan_Mapping_27EQ_Testcases" time="0.205" classname="pro.saral.testCases.Challan_Mapping_27EQ_Test"/>
  <testcase name="Challan_Mapping_27EQ_Testcases" time="2.355" classname="pro.saral.testCases.Challan_Mapping_27EQ_Test"/>
  <testcase name="Challan_Mapping_27EQ_Testcases" time="0.016" classname="pro.saral.testCases.Challan_Mapping_27EQ_Test"/>
  <testcase name="Challan_Mapping_27EQ_Testcases" time="0.459" classname="pro.saral.testCases.Challan_Mapping_27EQ_Test"/>
  <testcase name="Challan_Mapping_27EQ_Testcases" time="0.021" classname="pro.saral.testCases.Challan_Mapping_27EQ_Test"/>
  <testcase name="Challan_Mapping_27EQ_Testcases" time="2.660" classname="pro.saral.testCases.Challan_Mapping_27EQ_Test"/>
  <testcase name="Challan_Mapping_27EQ_Testcases" time="2.569" classname="pro.saral.testCases.Challan_Mapping_27EQ_Test"/>
  <testcase name="Challan_Mapping_27EQ_Testcases" time="2.470" classname="pro.saral.testCases.Challan_Mapping_27EQ_Test"/>
  <testcase name="Challan_Mapping_27EQ_Testcases" time="2.449" classname="pro.saral.testCases.Challan_Mapping_27EQ_Test"/>
  <testcase name="Challan_Mapping_27EQ_Testcases" time="2.207" classname="pro.saral.testCases.Challan_Mapping_27EQ_Test"/>
  <testcase name="Challan_Mapping_27EQ_Testcases" time="0.494" classname="pro.saral.testCases.Challan_Mapping_27EQ_Test"/>
  <testcase name="Challan_Mapping_27EQ_Testcases" time="0.658" classname="pro.saral.testCases.Challan_Mapping_27EQ_Test"/>
  <testcase name="Challan_Mapping_27EQ_Testcases" time="0.282" classname="pro.saral.testCases.Challan_Mapping_27EQ_Test"/>
  <testcase name="Challan_Mapping_27EQ_Testcases" time="0.172" classname="pro.saral.testCases.Challan_Mapping_27EQ_Test"/>
  <testcase name="Challan_Mapping_27EQ_Testcases" time="2.225" classname="pro.saral.testCases.Challan_Mapping_27EQ_Test"/>
  <testcase name="Challan_Mapping_27EQ_Testcases" time="2.512" classname="pro.saral.testCases.Challan_Mapping_27EQ_Test"/>
  <testcase name="Challan_Mapping_27EQ_Testcases" time="0.077" classname="pro.saral.testCases.Challan_Mapping_27EQ_Test"/>
  <testcase name="Challan_Mapping_27EQ_Testcases" time="2.734" classname="pro.saral.testCases.Challan_Mapping_27EQ_Test"/>
  <testcase name="Challan_Mapping_27EQ_Testcases" time="0.299" classname="pro.saral.testCases.Challan_Mapping_27EQ_Test"/>
  <testcase name="Challan_Mapping_27EQ_Testcases" time="0.216" classname="pro.saral.testCases.Challan_Mapping_27EQ_Test"/>
  <testcase name="Challan_Mapping_27EQ_Testcases" time="0.153" classname="pro.saral.testCases.Challan_Mapping_27EQ_Test"/>
  <testcase name="Challan_Mapping_27EQ_Testcases" time="0.034" classname="pro.saral.testCases.Challan_Mapping_27EQ_Test"/>
  <testcase name="Challan_Mapping_27EQ_Testcases" time="2.217" classname="pro.saral.testCases.Challan_Mapping_27EQ_Test"/>
  <testcase name="Challan_Mapping_27EQ_Testcases" time="2.769" classname="pro.saral.testCases.Challan_Mapping_27EQ_Test"/>
  <testcase name="Challan_Mapping_27EQ_Testcases" time="0.021" classname="pro.saral.testCases.Challan_Mapping_27EQ_Test"/>
  <testcase name="Challan_Mapping_27EQ_Testcases" time="0.352" classname="pro.saral.testCases.Challan_Mapping_27EQ_Test"/>
  <testcase name="Challan_Mapping_27EQ_Testcases" time="3.048" classname="pro.saral.testCases.Challan_Mapping_27EQ_Test"/>
  <testcase name="Challan_Mapping_27EQ_Testcases" time="0.020" classname="pro.saral.testCases.Challan_Mapping_27EQ_Test"/>
  <testcase name="Challan_Mapping_27EQ_Testcases" time="0.260" classname="pro.saral.testCases.Challan_Mapping_27EQ_Test"/>
  <testcase name="Challan_Mapping_27EQ_Testcases" time="0.294" classname="pro.saral.testCases.Challan_Mapping_27EQ_Test"/>
  <testcase name="Challan_Mapping_27EQ_Testcases" time="2.934" classname="pro.saral.testCases.Challan_Mapping_27EQ_Test"/>
  <testcase name="Challan_Mapping_27EQ_Testcases" time="2.645" classname="pro.saral.testCases.Challan_Mapping_27EQ_Test"/>
  <testcase name="Challan_Mapping_27EQ_Testcases" time="2.807" classname="pro.saral.testCases.Challan_Mapping_27EQ_Test"/>
  <testcase name="Challan_Mapping_27EQ_Testcases" time="2.550" classname="pro.saral.testCases.Challan_Mapping_27EQ_Test"/>
  <testcase name="Challan_Mapping_27EQ_Testcases" time="0.354" classname="pro.saral.testCases.Challan_Mapping_27EQ_Test"/>
  <testcase name="Challan_Mapping_27EQ_Testcases" time="2.367" classname="pro.saral.testCases.Challan_Mapping_27EQ_Test"/>
  <testcase name="Challan_Mapping_27EQ_Testcases" time="3.028" classname="pro.saral.testCases.Challan_Mapping_27EQ_Test"/>
  <testcase name="Challan_Mapping_27EQ_Testcases" time="2.204" classname="pro.saral.testCases.Challan_Mapping_27EQ_Test"/>
  <testcase name="Challan_Mapping_27EQ_Testcases" time="0.206" classname="pro.saral.testCases.Challan_Mapping_27EQ_Test"/>
  <testcase name="Challan_Mapping_27EQ_Testcases" time="0.014" classname="pro.saral.testCases.Challan_Mapping_27EQ_Test"/>
  <testcase name="Challan_Mapping_27EQ_Testcases" time="0.243" classname="pro.saral.testCases.Challan_Mapping_27EQ_Test"/>
  <testcase name="Challan_Mapping_27EQ_Testcases" time="2.246" classname="pro.saral.testCases.Challan_Mapping_27EQ_Test"/>
  <testcase name="Challan_Mapping_27EQ_Testcases" time="0.713" classname="pro.saral.testCases.Challan_Mapping_27EQ_Test"/>
  <testcase name="Challan_Mapping_27EQ_Testcases" time="2.861" classname="pro.saral.testCases.Challan_Mapping_27EQ_Test"/>
  <testcase name="Challan_Mapping_27EQ_Testcases" time="2.364" classname="pro.saral.testCases.Challan_Mapping_27EQ_Test"/>
  <testcase name="Challan_Mapping_27EQ_Testcases" time="2.970" classname="pro.saral.testCases.Challan_Mapping_27EQ_Test"/>
  <testcase name="Challan_Mapping_27EQ_Testcases" time="2.570" classname="pro.saral.testCases.Challan_Mapping_27EQ_Test"/>
  <testcase name="Challan_Mapping_27EQ_Testcases" time="0.446" classname="pro.saral.testCases.Challan_Mapping_27EQ_Test"/>
  <testcase name="Challan_Mapping_27EQ_Testcases" time="2.362" classname="pro.saral.testCases.Challan_Mapping_27EQ_Test"/>
  <testcase name="Challan_Mapping_27EQ_Testcases" time="0.295" classname="pro.saral.testCases.Challan_Mapping_27EQ_Test"/>
  <testcase name="Challan_Mapping_27EQ_Testcases" time="2.610" classname="pro.saral.testCases.Challan_Mapping_27EQ_Test"/>
  <testcase name="Challan_Mapping_27EQ_Testcases" time="0.369" classname="pro.saral.testCases.Challan_Mapping_27EQ_Test"/>
  <testcase name="Challan_Mapping_27EQ_Testcases" time="0.177" classname="pro.saral.testCases.Challan_Mapping_27EQ_Test"/>
  <testcase name="Challan_Mapping_27EQ_Testcases" time="2.599" classname="pro.saral.testCases.Challan_Mapping_27EQ_Test"/>
  <testcase name="Challan_Mapping_27EQ_Testcases" time="2.482" classname="pro.saral.testCases.Challan_Mapping_27EQ_Test"/>
  <testcase name="Challan_Mapping_27EQ_Testcases" time="0.286" classname="pro.saral.testCases.Challan_Mapping_27EQ_Test"/>
  <testcase name="Challan_Mapping_27EQ_Testcases" time="0.172" classname="pro.saral.testCases.Challan_Mapping_27EQ_Test"/>
  <testcase name="Challan_Mapping_27EQ_Testcases" time="3.016" classname="pro.saral.testCases.Challan_Mapping_27EQ_Test"/>
  <testcase name="Challan_Mapping_27EQ_Testcases" time="0.084" classname="pro.saral.testCases.Challan_Mapping_27EQ_Test"/>
  <testcase name="Challan_Mapping_27EQ_Testcases" time="2.251" classname="pro.saral.testCases.Challan_Mapping_27EQ_Test"/>
  <testcase name="Challan_Mapping_27EQ_Testcases" time="2.692" classname="pro.saral.testCases.Challan_Mapping_27EQ_Test"/>
  <testcase name="Challan_Mapping_27EQ_Testcases" time="2.724" classname="pro.saral.testCases.Challan_Mapping_27EQ_Test"/>
  <testcase name="Challan_Mapping_27EQ_Testcases" time="0.200" classname="pro.saral.testCases.Challan_Mapping_27EQ_Test"/>
  <testcase name="Challan_Mapping_27EQ_Testcases" time="0.470" classname="pro.saral.testCases.Challan_Mapping_27EQ_Test"/>
  <testcase name="Challan_Mapping_27EQ_Testcases" time="0.600" classname="pro.saral.testCases.Challan_Mapping_27EQ_Test"/>
  <testcase name="Challan_Mapping_27EQ_Testcases" time="2.804" classname="pro.saral.testCases.Challan_Mapping_27EQ_Test"/>
  <testcase name="Challan_Mapping_27EQ_Testcases" time="2.301" classname="pro.saral.testCases.Challan_Mapping_27EQ_Test"/>
  <testcase name="Challan_Mapping_27EQ_Testcases" time="0.253" classname="pro.saral.testCases.Challan_Mapping_27EQ_Test"/>
  <testcase name="Challan_Mapping_27EQ_Testcases" time="2.171" classname="pro.saral.testCases.Challan_Mapping_27EQ_Test"/>
  <testcase name="Challan_Mapping_27EQ_Testcases" time="0.414" classname="pro.saral.testCases.Challan_Mapping_27EQ_Test"/>
  <testcase name="Challan_Mapping_27EQ_Testcases" time="2.250" classname="pro.saral.testCases.Challan_Mapping_27EQ_Test"/>
  <testcase name="Challan_Mapping_27EQ_Testcases" time="3.083" classname="pro.saral.testCases.Challan_Mapping_27EQ_Test"/>
  <testcase name="Challan_Mapping_27EQ_Testcases" time="0.020" classname="pro.saral.testCases.Challan_Mapping_27EQ_Test"/>
  <testcase name="Challan_Mapping_27EQ_Testcases" time="2.719" classname="pro.saral.testCases.Challan_Mapping_27EQ_Test"/>
  <testcase name="Challan_Mapping_27EQ_Testcases" time="0.390" classname="pro.saral.testCases.Challan_Mapping_27EQ_Test"/>
  <testcase name="Challan_Mapping_27EQ_Testcases" time="2.375" classname="pro.saral.testCases.Challan_Mapping_27EQ_Test"/>
  <testcase name="Challan_Mapping_27EQ_Testcases" time="0.321" classname="pro.saral.testCases.Challan_Mapping_27EQ_Test"/>
  <testcase name="Challan_Mapping_27EQ_Testcases" time="2.471" classname="pro.saral.testCases.Challan_Mapping_27EQ_Test"/>
  <testcase name="Challan_Mapping_27EQ_Testcases" time="0.666" classname="pro.saral.testCases.Challan_Mapping_27EQ_Test"/>
  <testcase name="Challan_Mapping_27EQ_Testcases" time="1.025" classname="pro.saral.testCases.Challan_Mapping_27EQ_Test"/>
  <testcase name="Challan_Mapping_27EQ_Testcases" time="0.031" classname="pro.saral.testCases.Challan_Mapping_27EQ_Test"/>
  <testcase name="Challan_Mapping_27EQ_Testcases" time="2.208" classname="pro.saral.testCases.Challan_Mapping_27EQ_Test"/>
  <testcase name="Challan_Mapping_27EQ_Testcases" time="2.258" classname="pro.saral.testCases.Challan_Mapping_27EQ_Test"/>
  <testcase name="Challan_Mapping_27EQ_Testcases" time="2.224" classname="pro.saral.testCases.Challan_Mapping_27EQ_Test"/>
  <testcase name="Challan_Mapping_27EQ_Testcases" time="2.844" classname="pro.saral.testCases.Challan_Mapping_27EQ_Test"/>
  <testcase name="Challan_Mapping_27EQ_Testcases" time="2.251" classname="pro.saral.testCases.Challan_Mapping_27EQ_Test"/>
  <testcase name="Challan_Mapping_27EQ_Testcases" time="2.988" classname="pro.saral.testCases.Challan_Mapping_27EQ_Test"/>
  <testcase name="Challan_Mapping_27EQ_Testcases" time="2.259" classname="pro.saral.testCases.Challan_Mapping_27EQ_Test"/>
  <testcase name="Challan_Mapping_27EQ_Testcases" time="0.120" classname="pro.saral.testCases.Challan_Mapping_27EQ_Test"/>
  <testcase name="Challan_Mapping_27EQ_Testcases" time="0.650" classname="pro.saral.testCases.Challan_Mapping_27EQ_Test"/>
  <testcase name="Challan_Mapping_27EQ_Testcases" time="0.205" classname="pro.saral.testCases.Challan_Mapping_27EQ_Test"/>
  <testcase name="Challan_Mapping_27EQ_Testcases" time="0.179" classname="pro.saral.testCases.Challan_Mapping_27EQ_Test"/>
  <testcase name="Challan_Mapping_27EQ_Testcases" time="0.258" classname="pro.saral.testCases.Challan_Mapping_27EQ_Test"/>
  <testcase name="Challan_Mapping_27EQ_Testcases" time="0.398" classname="pro.saral.testCases.Challan_Mapping_27EQ_Test"/>
  <testcase name="Challan_Mapping_27EQ_Testcases" time="0.178" classname="pro.saral.testCases.Challan_Mapping_27EQ_Test"/>
  <testcase name="Challan_Mapping_27EQ_Testcases" time="2.583" classname="pro.saral.testCases.Challan_Mapping_27EQ_Test"/>
  <testcase name="Challan_Mapping_27EQ_Testcases" time="0.769" classname="pro.saral.testCases.Challan_Mapping_27EQ_Test"/>
  <testcase name="Challan_Mapping_27EQ_Testcases" time="0.604" classname="pro.saral.testCases.Challan_Mapping_27EQ_Test"/>
  <testcase name="Challan_Mapping_27EQ_Testcases" time="0.217" classname="pro.saral.testCases.Challan_Mapping_27EQ_Test"/>
  <testcase name="Challan_Mapping_27EQ_Testcases" time="2.931" classname="pro.saral.testCases.Challan_Mapping_27EQ_Test"/>
  <testcase name="Challan_Mapping_27EQ_Testcases" time="0.794" classname="pro.saral.testCases.Challan_Mapping_27EQ_Test"/>
  <testcase name="Challan_Mapping_27EQ_Testcases" time="2.689" classname="pro.saral.testCases.Challan_Mapping_27EQ_Test"/>
  <testcase name="Challan_Mapping_27EQ_Testcases" time="0.373" classname="pro.saral.testCases.Challan_Mapping_27EQ_Test"/>
  <testcase name="Challan_Mapping_27EQ_Testcases" time="2.722" classname="pro.saral.testCases.Challan_Mapping_27EQ_Test"/>
  <testcase name="Challan_Mapping_27EQ_Testcases" time="2.423" classname="pro.saral.testCases.Challan_Mapping_27EQ_Test"/>
  <testcase name="Challan_Mapping_27EQ_Testcases" time="2.552" classname="pro.saral.testCases.Challan_Mapping_27EQ_Test"/>
  <testcase name="Challan_Mapping_27EQ_Testcases" time="0.710" classname="pro.saral.testCases.Challan_Mapping_27EQ_Test"/>
  <testcase name="Challan_Mapping_27EQ_Testcases" time="2.668" classname="pro.saral.testCases.Challan_Mapping_27EQ_Test"/>
  <testcase name="Challan_Mapping_27EQ_Testcases" time="0.630" classname="pro.saral.testCases.Challan_Mapping_27EQ_Test"/>
  <testcase name="Challan_Mapping_27EQ_Testcases" time="2.502" classname="pro.saral.testCases.Challan_Mapping_27EQ_Test"/>
  <testcase name="Challan_Mapping_27EQ_Testcases" time="0.072" classname="pro.saral.testCases.Challan_Mapping_27EQ_Test"/>
  <testcase name="Challan_Mapping_27EQ_Testcases" time="0.492" classname="pro.saral.testCases.Challan_Mapping_27EQ_Test"/>
  <testcase name="Challan_Mapping_27EQ_Testcases" time="0.022" classname="pro.saral.testCases.Challan_Mapping_27EQ_Test"/>
  <testcase name="Challan_Mapping_27EQ_Testcases" time="2.493" classname="pro.saral.testCases.Challan_Mapping_27EQ_Test"/>
  <testcase name="Challan_Mapping_27EQ_Testcases" time="2.404" classname="pro.saral.testCases.Challan_Mapping_27EQ_Test"/>
  <testcase name="Challan_Mapping_27EQ_Testcases" time="2.339" classname="pro.saral.testCases.Challan_Mapping_27EQ_Test"/>
  <testcase name="Challan_Mapping_27EQ_Testcases" time="2.574" classname="pro.saral.testCases.Challan_Mapping_27EQ_Test"/>
  <testcase name="Challan_Mapping_27EQ_Testcases" time="2.197" classname="pro.saral.testCases.Challan_Mapping_27EQ_Test"/>
  <testcase name="Challan_Mapping_27EQ_Testcases" time="2.030" classname="pro.saral.testCases.Challan_Mapping_27EQ_Test"/>
  <testcase name="Challan_Mapping_27EQ_Testcases" time="0.363" classname="pro.saral.testCases.Challan_Mapping_27EQ_Test"/>
  <testcase name="Challan_Mapping_27EQ_Testcases" time="0.288" classname="pro.saral.testCases.Challan_Mapping_27EQ_Test"/>
  <testcase name="Challan_Mapping_27EQ_Testcases" time="2.408" classname="pro.saral.testCases.Challan_Mapping_27EQ_Test"/>
</testsuite> <!-- pro.saral.testCases.Challan_Mapping_27EQ_Test -->
