<?xml version="1.0" encoding="UTF-8"?>
<!-- Generated by org.testng.reporters.JUnitReportReporter -->
<testsuite hostname="Darshan" name="pro.saral.testCases.Deduction_26Q_Test" tests="157" failures="0" timestamp="28 Oct 2022 10:10:28 GMT" time="248.439" errors="0">
  <testcase name="Deduction_26Q_Testcases" time="2.715" classname="pro.saral.testCases.Deduction_26Q_Test"/>
  <testcase name="Deduction_26Q_Testcases" time="2.938" classname="pro.saral.testCases.Deduction_26Q_Test"/>
  <testcase name="Deduction_26Q_Testcases" time="0.017" classname="pro.saral.testCases.Deduction_26Q_Test"/>
  <testcase name="Deduction_26Q_Testcases" time="1.147" classname="pro.saral.testCases.Deduction_26Q_Test"/>
  <testcase name="Deduction_26Q_Testcases" time="2.420" classname="pro.saral.testCases.Deduction_26Q_Test"/>
  <testcase name="Deduction_26Q_Testcases" time="2.558" classname="pro.saral.testCases.Deduction_26Q_Test"/>
  <testcase name="Deduction_26Q_Testcases" time="0.259" classname="pro.saral.testCases.Deduction_26Q_Test"/>
  <testcase name="Deduction_26Q_Testcases" time="2.604" classname="pro.saral.testCases.Deduction_26Q_Test"/>
  <testcase name="Deduction_26Q_Testcases" time="2.475" classname="pro.saral.testCases.Deduction_26Q_Test"/>
  <testcase name="Deduction_26Q_Testcases" time="0.680" classname="pro.saral.testCases.Deduction_26Q_Test"/>
  <testcase name="Deduction_26Q_Testcases" time="2.616" classname="pro.saral.testCases.Deduction_26Q_Test"/>
  <testcase name="Deduction_26Q_Testcases" time="0.683" classname="pro.saral.testCases.Deduction_26Q_Test"/>
  <testcase name="Deduction_26Q_Testcases" time="0.020" classname="pro.saral.testCases.Deduction_26Q_Test"/>
  <testcase name="Deduction_26Q_Testcases" time="0.314" classname="pro.saral.testCases.Deduction_26Q_Test"/>
  <testcase name="Deduction_26Q_Testcases" time="0.062" classname="pro.saral.testCases.Deduction_26Q_Test"/>
  <testcase name="Deduction_26Q_Testcases" time="2.387" classname="pro.saral.testCases.Deduction_26Q_Test"/>
  <testcase name="Deduction_26Q_Testcases" time="0.132" classname="pro.saral.testCases.Deduction_26Q_Test"/>
  <testcase name="Deduction_26Q_Testcases" time="0.857" classname="pro.saral.testCases.Deduction_26Q_Test"/>
  <testcase name="Deduction_26Q_Testcases" time="0.386" classname="pro.saral.testCases.Deduction_26Q_Test"/>
  <testcase name="Deduction_26Q_Testcases" time="0.521" classname="pro.saral.testCases.Deduction_26Q_Test"/>
  <testcase name="Deduction_26Q_Testcases" time="2.497" classname="pro.saral.testCases.Deduction_26Q_Test"/>
  <testcase name="Deduction_26Q_Testcases" time="0.015" classname="pro.saral.testCases.Deduction_26Q_Test"/>
  <testcase name="Deduction_26Q_Testcases" time="0.142" classname="pro.saral.testCases.Deduction_26Q_Test"/>
  <testcase name="Deduction_26Q_Testcases" time="3.544" classname="pro.saral.testCases.Deduction_26Q_Test"/>
  <testcase name="Deduction_26Q_Testcases" time="1.064" classname="pro.saral.testCases.Deduction_26Q_Test"/>
  <testcase name="Deduction_26Q_Testcases" time="0.165" classname="pro.saral.testCases.Deduction_26Q_Test"/>
  <testcase name="Deduction_26Q_Testcases" time="2.539" classname="pro.saral.testCases.Deduction_26Q_Test"/>
  <testcase name="Deduction_26Q_Testcases" time="0.897" classname="pro.saral.testCases.Deduction_26Q_Test"/>
  <testcase name="Deduction_26Q_Testcases" time="0.500" classname="pro.saral.testCases.Deduction_26Q_Test"/>
  <testcase name="Deduction_26Q_Testcases" time="2.312" classname="pro.saral.testCases.Deduction_26Q_Test"/>
  <testcase name="Deduction_26Q_Testcases" time="0.293" classname="pro.saral.testCases.Deduction_26Q_Test"/>
  <testcase name="Deduction_26Q_Testcases" time="0.198" classname="pro.saral.testCases.Deduction_26Q_Test"/>
  <testcase name="Deduction_26Q_Testcases" time="0.358" classname="pro.saral.testCases.Deduction_26Q_Test"/>
  <testcase name="Deduction_26Q_Testcases" time="2.823" classname="pro.saral.testCases.Deduction_26Q_Test"/>
  <testcase name="Deduction_26Q_Testcases" time="0.105" classname="pro.saral.testCases.Deduction_26Q_Test"/>
  <testcase name="Deduction_26Q_Testcases" time="2.757" classname="pro.saral.testCases.Deduction_26Q_Test"/>
  <testcase name="Deduction_26Q_Testcases" time="0.648" classname="pro.saral.testCases.Deduction_26Q_Test"/>
  <testcase name="Deduction_26Q_Testcases" time="0.407" classname="pro.saral.testCases.Deduction_26Q_Test"/>
  <testcase name="Deduction_26Q_Testcases" time="0.345" classname="pro.saral.testCases.Deduction_26Q_Test"/>
  <testcase name="Deduction_26Q_Testcases" time="0.442" classname="pro.saral.testCases.Deduction_26Q_Test"/>
  <testcase name="Deduction_26Q_Testcases" time="2.470" classname="pro.saral.testCases.Deduction_26Q_Test"/>
  <testcase name="Deduction_26Q_Testcases" time="0.035" classname="pro.saral.testCases.Deduction_26Q_Test"/>
  <testcase name="Deduction_26Q_Testcases" time="2.591" classname="pro.saral.testCases.Deduction_26Q_Test"/>
  <testcase name="Deduction_26Q_Testcases" time="2.398" classname="pro.saral.testCases.Deduction_26Q_Test"/>
  <testcase name="Deduction_26Q_Testcases" time="0.312" classname="pro.saral.testCases.Deduction_26Q_Test"/>
  <testcase name="Deduction_26Q_Testcases" time="0.577" classname="pro.saral.testCases.Deduction_26Q_Test"/>
  <testcase name="Deduction_26Q_Testcases" time="2.706" classname="pro.saral.testCases.Deduction_26Q_Test"/>
  <testcase name="Deduction_26Q_Testcases" time="0.128" classname="pro.saral.testCases.Deduction_26Q_Test"/>
  <testcase name="Deduction_26Q_Testcases" time="2.434" classname="pro.saral.testCases.Deduction_26Q_Test"/>
  <testcase name="Deduction_26Q_Testcases" time="0.017" classname="pro.saral.testCases.Deduction_26Q_Test"/>
  <testcase name="Deduction_26Q_Testcases" time="0.509" classname="pro.saral.testCases.Deduction_26Q_Test"/>
  <testcase name="Deduction_26Q_Testcases" time="0.338" classname="pro.saral.testCases.Deduction_26Q_Test"/>
  <testcase name="Deduction_26Q_Testcases" time="3.304" classname="pro.saral.testCases.Deduction_26Q_Test"/>
  <testcase name="Deduction_26Q_Testcases" time="0.410" classname="pro.saral.testCases.Deduction_26Q_Test"/>
  <testcase name="Deduction_26Q_Testcases" time="0.777" classname="pro.saral.testCases.Deduction_26Q_Test"/>
  <testcase name="Deduction_26Q_Testcases" time="2.521" classname="pro.saral.testCases.Deduction_26Q_Test"/>
  <testcase name="Deduction_26Q_Testcases" time="0.325" classname="pro.saral.testCases.Deduction_26Q_Test"/>
  <testcase name="Deduction_26Q_Testcases" time="0.629" classname="pro.saral.testCases.Deduction_26Q_Test"/>
  <testcase name="Deduction_26Q_Testcases" time="0.657" classname="pro.saral.testCases.Deduction_26Q_Test"/>
  <testcase name="Deduction_26Q_Testcases" time="2.701" classname="pro.saral.testCases.Deduction_26Q_Test"/>
  <testcase name="Deduction_26Q_Testcases" time="0.014" classname="pro.saral.testCases.Deduction_26Q_Test"/>
  <testcase name="Deduction_26Q_Testcases" time="2.908" classname="pro.saral.testCases.Deduction_26Q_Test"/>
  <testcase name="Deduction_26Q_Testcases" time="2.605" classname="pro.saral.testCases.Deduction_26Q_Test"/>
  <testcase name="Deduction_26Q_Testcases" time="0.850" classname="pro.saral.testCases.Deduction_26Q_Test"/>
  <testcase name="Deduction_26Q_Testcases" time="2.639" classname="pro.saral.testCases.Deduction_26Q_Test"/>
  <testcase name="Deduction_26Q_Testcases" time="2.521" classname="pro.saral.testCases.Deduction_26Q_Test"/>
  <testcase name="Deduction_26Q_Testcases" time="0.018" classname="pro.saral.testCases.Deduction_26Q_Test"/>
  <testcase name="Deduction_26Q_Testcases" time="0.194" classname="pro.saral.testCases.Deduction_26Q_Test"/>
  <testcase name="Deduction_26Q_Testcases" time="0.768" classname="pro.saral.testCases.Deduction_26Q_Test"/>
  <testcase name="Deduction_26Q_Testcases" time="2.332" classname="pro.saral.testCases.Deduction_26Q_Test"/>
  <testcase name="Deduction_26Q_Testcases" time="2.744" classname="pro.saral.testCases.Deduction_26Q_Test"/>
  <testcase name="Deduction_26Q_Testcases" time="2.328" classname="pro.saral.testCases.Deduction_26Q_Test"/>
  <testcase name="Deduction_26Q_Testcases" time="2.574" classname="pro.saral.testCases.Deduction_26Q_Test"/>
  <testcase name="Deduction_26Q_Testcases" time="3.191" classname="pro.saral.testCases.Deduction_26Q_Test"/>
  <testcase name="Deduction_26Q_Testcases" time="0.687" classname="pro.saral.testCases.Deduction_26Q_Test"/>
  <testcase name="Deduction_26Q_Testcases" time="0.162" classname="pro.saral.testCases.Deduction_26Q_Test"/>
  <testcase name="Deduction_26Q_Testcases" time="3.078" classname="pro.saral.testCases.Deduction_26Q_Test"/>
  <testcase name="Deduction_26Q_Testcases" time="2.488" classname="pro.saral.testCases.Deduction_26Q_Test"/>
  <testcase name="Deduction_26Q_Testcases" time="0.315" classname="pro.saral.testCases.Deduction_26Q_Test"/>
  <testcase name="Deduction_26Q_Testcases" time="2.920" classname="pro.saral.testCases.Deduction_26Q_Test"/>
  <testcase name="Deduction_26Q_Testcases" time="2.852" classname="pro.saral.testCases.Deduction_26Q_Test"/>
  <testcase name="Deduction_26Q_Testcases" time="2.938" classname="pro.saral.testCases.Deduction_26Q_Test"/>
  <testcase name="Deduction_26Q_Testcases" time="2.463" classname="pro.saral.testCases.Deduction_26Q_Test"/>
  <testcase name="Deduction_26Q_Testcases" time="0.738" classname="pro.saral.testCases.Deduction_26Q_Test"/>
  <testcase name="Deduction_26Q_Testcases" time="2.502" classname="pro.saral.testCases.Deduction_26Q_Test"/>
  <testcase name="Deduction_26Q_Testcases" time="3.143" classname="pro.saral.testCases.Deduction_26Q_Test"/>
  <testcase name="Deduction_26Q_Testcases" time="2.397" classname="pro.saral.testCases.Deduction_26Q_Test"/>
  <testcase name="Deduction_26Q_Testcases" time="0.756" classname="pro.saral.testCases.Deduction_26Q_Test"/>
  <testcase name="Deduction_26Q_Testcases" time="3.762" classname="pro.saral.testCases.Deduction_26Q_Test"/>
  <testcase name="Deduction_26Q_Testcases" time="2.774" classname="pro.saral.testCases.Deduction_26Q_Test"/>
  <testcase name="Deduction_26Q_Testcases" time="0.712" classname="pro.saral.testCases.Deduction_26Q_Test"/>
  <testcase name="Deduction_26Q_Testcases" time="0.601" classname="pro.saral.testCases.Deduction_26Q_Test"/>
  <testcase name="Deduction_26Q_Testcases" time="2.418" classname="pro.saral.testCases.Deduction_26Q_Test"/>
  <testcase name="Deduction_26Q_Testcases" time="0.265" classname="pro.saral.testCases.Deduction_26Q_Test"/>
  <testcase name="Deduction_26Q_Testcases" time="2.839" classname="pro.saral.testCases.Deduction_26Q_Test"/>
  <testcase name="Deduction_26Q_Testcases" time="2.761" classname="pro.saral.testCases.Deduction_26Q_Test"/>
  <testcase name="Deduction_26Q_Testcases" time="0.175" classname="pro.saral.testCases.Deduction_26Q_Test"/>
  <testcase name="Deduction_26Q_Testcases" time="0.263" classname="pro.saral.testCases.Deduction_26Q_Test"/>
  <testcase name="Deduction_26Q_Testcases" time="2.579" classname="pro.saral.testCases.Deduction_26Q_Test"/>
  <testcase name="Deduction_26Q_Testcases" time="0.650" classname="pro.saral.testCases.Deduction_26Q_Test"/>
  <testcase name="Deduction_26Q_Testcases" time="0.364" classname="pro.saral.testCases.Deduction_26Q_Test"/>
  <testcase name="Deduction_26Q_Testcases" time="0.303" classname="pro.saral.testCases.Deduction_26Q_Test"/>
  <testcase name="Deduction_26Q_Testcases" time="2.698" classname="pro.saral.testCases.Deduction_26Q_Test"/>
  <testcase name="Deduction_26Q_Testcases" time="2.862" classname="pro.saral.testCases.Deduction_26Q_Test"/>
  <testcase name="Deduction_26Q_Testcases" time="0.137" classname="pro.saral.testCases.Deduction_26Q_Test"/>
  <testcase name="Deduction_26Q_Testcases" time="0.014" classname="pro.saral.testCases.Deduction_26Q_Test"/>
  <testcase name="Deduction_26Q_Testcases" time="1.073" classname="pro.saral.testCases.Deduction_26Q_Test"/>
  <testcase name="Deduction_26Q_Testcases" time="2.221" classname="pro.saral.testCases.Deduction_26Q_Test"/>
  <testcase name="Deduction_26Q_Testcases" time="2.796" classname="pro.saral.testCases.Deduction_26Q_Test"/>
  <testcase name="Deduction_26Q_Testcases" time="2.951" classname="pro.saral.testCases.Deduction_26Q_Test"/>
  <testcase name="Deduction_26Q_Testcases" time="0.151" classname="pro.saral.testCases.Deduction_26Q_Test"/>
  <testcase name="Deduction_26Q_Testcases" time="2.823" classname="pro.saral.testCases.Deduction_26Q_Test"/>
  <testcase name="Deduction_26Q_Testcases" time="0.252" classname="pro.saral.testCases.Deduction_26Q_Test"/>
  <testcase name="Deduction_26Q_Testcases" time="0.199" classname="pro.saral.testCases.Deduction_26Q_Test"/>
  <testcase name="Deduction_26Q_Testcases" time="2.935" classname="pro.saral.testCases.Deduction_26Q_Test"/>
  <testcase name="Deduction_26Q_Testcases" time="2.676" classname="pro.saral.testCases.Deduction_26Q_Test"/>
  <testcase name="Deduction_26Q_Testcases" time="3.949" classname="pro.saral.testCases.Deduction_26Q_Test"/>
  <testcase name="Deduction_26Q_Testcases" time="0.012" classname="pro.saral.testCases.Deduction_26Q_Test"/>
  <testcase name="Deduction_26Q_Testcases" time="0.561" classname="pro.saral.testCases.Deduction_26Q_Test"/>
  <testcase name="Deduction_26Q_Testcases" time="2.552" classname="pro.saral.testCases.Deduction_26Q_Test"/>
  <testcase name="Deduction_26Q_Testcases" time="0.844" classname="pro.saral.testCases.Deduction_26Q_Test"/>
  <testcase name="Deduction_26Q_Testcases" time="0.848" classname="pro.saral.testCases.Deduction_26Q_Test"/>
  <testcase name="Deduction_26Q_Testcases" time="0.143" classname="pro.saral.testCases.Deduction_26Q_Test"/>
  <testcase name="Deduction_26Q_Testcases" time="2.820" classname="pro.saral.testCases.Deduction_26Q_Test"/>
  <testcase name="Deduction_26Q_Testcases" time="2.572" classname="pro.saral.testCases.Deduction_26Q_Test"/>
  <testcase name="Deduction_26Q_Testcases" time="2.418" classname="pro.saral.testCases.Deduction_26Q_Test"/>
  <testcase name="Deduction_26Q_Testcases" time="2.475" classname="pro.saral.testCases.Deduction_26Q_Test"/>
  <testcase name="Deduction_26Q_Testcases" time="2.862" classname="pro.saral.testCases.Deduction_26Q_Test"/>
  <testcase name="Deduction_26Q_Testcases" time="2.714" classname="pro.saral.testCases.Deduction_26Q_Test"/>
  <testcase name="Deduction_26Q_Testcases" time="0.156" classname="pro.saral.testCases.Deduction_26Q_Test"/>
  <testcase name="Deduction_26Q_Testcases" time="2.914" classname="pro.saral.testCases.Deduction_26Q_Test"/>
  <testcase name="Deduction_26Q_Testcases" time="0.595" classname="pro.saral.testCases.Deduction_26Q_Test"/>
  <testcase name="Deduction_26Q_Testcases" time="0.787" classname="pro.saral.testCases.Deduction_26Q_Test"/>
  <testcase name="Deduction_26Q_Testcases" time="0.218" classname="pro.saral.testCases.Deduction_26Q_Test"/>
  <testcase name="Deduction_26Q_Testcases" time="0.966" classname="pro.saral.testCases.Deduction_26Q_Test"/>
  <testcase name="Deduction_26Q_Testcases" time="2.671" classname="pro.saral.testCases.Deduction_26Q_Test"/>
  <testcase name="Deduction_26Q_Testcases" time="2.542" classname="pro.saral.testCases.Deduction_26Q_Test"/>
  <testcase name="Deduction_26Q_Testcases" time="1.682" classname="pro.saral.testCases.Deduction_26Q_Test"/>
  <testcase name="Deduction_26Q_Testcases" time="2.588" classname="pro.saral.testCases.Deduction_26Q_Test"/>
  <testcase name="Deduction_26Q_Testcases" time="2.644" classname="pro.saral.testCases.Deduction_26Q_Test"/>
  <testcase name="Deduction_26Q_Testcases" time="2.766" classname="pro.saral.testCases.Deduction_26Q_Test"/>
  <testcase name="Deduction_26Q_Testcases" time="2.753" classname="pro.saral.testCases.Deduction_26Q_Test"/>
  <testcase name="Deduction_26Q_Testcases" time="1.099" classname="pro.saral.testCases.Deduction_26Q_Test"/>
  <testcase name="Deduction_26Q_Testcases" time="2.737" classname="pro.saral.testCases.Deduction_26Q_Test"/>
  <testcase name="Deduction_26Q_Testcases" time="0.484" classname="pro.saral.testCases.Deduction_26Q_Test"/>
  <testcase name="Deduction_26Q_Testcases" time="0.853" classname="pro.saral.testCases.Deduction_26Q_Test"/>
  <testcase name="Deduction_26Q_Testcases" time="2.603" classname="pro.saral.testCases.Deduction_26Q_Test"/>
  <testcase name="Deduction_26Q_Testcases" time="2.039" classname="pro.saral.testCases.Deduction_26Q_Test"/>
  <testcase name="Deduction_26Q_Testcases" time="2.522" classname="pro.saral.testCases.Deduction_26Q_Test"/>
  <testcase name="Deduction_26Q_Testcases" time="2.461" classname="pro.saral.testCases.Deduction_26Q_Test"/>
  <testcase name="Deduction_26Q_Testcases" time="2.652" classname="pro.saral.testCases.Deduction_26Q_Test"/>
  <testcase name="Deduction_26Q_Testcases" time="2.636" classname="pro.saral.testCases.Deduction_26Q_Test"/>
  <testcase name="Deduction_26Q_Testcases" time="2.833" classname="pro.saral.testCases.Deduction_26Q_Test"/>
  <testcase name="Deduction_26Q_Testcases" time="2.611" classname="pro.saral.testCases.Deduction_26Q_Test"/>
  <testcase name="Deduction_26Q_Testcases" time="0.513" classname="pro.saral.testCases.Deduction_26Q_Test"/>
  <testcase name="Deduction_26Q_Testcases" time="3.110" classname="pro.saral.testCases.Deduction_26Q_Test"/>
  <testcase name="Deduction_26Q_Testcases" time="0.174" classname="pro.saral.testCases.Deduction_26Q_Test"/>
</testsuite> <!-- pro.saral.testCases.Deduction_26Q_Test -->
