<?xml version="1.0" encoding="UTF-8"?>
<!-- Generated by org.testng.reporters.JUnitReportReporter -->
<testsuite hostname="Darshan" name="pro.saral.testCases.Employee_Test1" tests="75" failures="0" timestamp="18 Oct 2022 10:42:02 GMT" time="74.674" errors="0">
  <testcase name="Employee_Testcases" time="0.166" classname="pro.saral.testCases.Employee_Test1"/>
  <testcase name="Employee_Testcases" time="2.305" classname="pro.saral.testCases.Employee_Test1"/>
  <testcase name="Employee_Testcases" time="2.203" classname="pro.saral.testCases.Employee_Test1"/>
  <testcase name="Employee_Testcases" time="2.282" classname="pro.saral.testCases.Employee_Test1"/>
  <testcase name="Employee_Testcases" time="2.246" classname="pro.saral.testCases.Employee_Test1"/>
  <testcase name="Employee_Testcases" time="2.244" classname="pro.saral.testCases.Employee_Test1"/>
  <testcase name="Employee_Testcases" time="0.057" classname="pro.saral.testCases.Employee_Test1"/>
  <testcase name="Employee_Testcases" time="0.186" classname="pro.saral.testCases.Employee_Test1"/>
  <testcase name="Employee_Testcases" time="0.058" classname="pro.saral.testCases.Employee_Test1"/>
  <testcase name="Employee_Testcases" time="0.226" classname="pro.saral.testCases.Employee_Test1"/>
  <testcase name="Employee_Testcases" time="0.059" classname="pro.saral.testCases.Employee_Test1"/>
  <testcase name="Employee_Testcases" time="2.362" classname="pro.saral.testCases.Employee_Test1"/>
  <testcase name="Employee_Testcases" time="0.062" classname="pro.saral.testCases.Employee_Test1"/>
  <testcase name="Employee_Testcases" time="0.117" classname="pro.saral.testCases.Employee_Test1"/>
  <testcase name="Employee_Testcases" time="0.180" classname="pro.saral.testCases.Employee_Test1"/>
  <testcase name="Employee_Testcases" time="2.252" classname="pro.saral.testCases.Employee_Test1"/>
  <testcase name="Employee_Testcases" time="0.231" classname="pro.saral.testCases.Employee_Test1"/>
  <testcase name="Employee_Testcases" time="0.326" classname="pro.saral.testCases.Employee_Test1"/>
  <testcase name="Employee_Testcases" time="0.456" classname="pro.saral.testCases.Employee_Test1"/>
  <testcase name="Employee_Testcases" time="0.021" classname="pro.saral.testCases.Employee_Test1"/>
  <testcase name="Employee_Testcases" time="2.315" classname="pro.saral.testCases.Employee_Test1"/>
  <testcase name="Employee_Testcases" time="2.170" classname="pro.saral.testCases.Employee_Test1"/>
  <testcase name="Employee_Testcases" time="0.300" classname="pro.saral.testCases.Employee_Test1"/>
  <testcase name="Employee_Testcases" time="0.182" classname="pro.saral.testCases.Employee_Test1"/>
  <testcase name="Employee_Testcases" time="0.098" classname="pro.saral.testCases.Employee_Test1"/>
  <testcase name="Employee_Testcases" time="0.089" classname="pro.saral.testCases.Employee_Test1"/>
  <testcase name="Employee_Testcases" time="2.201" classname="pro.saral.testCases.Employee_Test1"/>
  <testcase name="Employee_Testcases" time="0.085" classname="pro.saral.testCases.Employee_Test1"/>
  <testcase name="Employee_Testcases" time="2.224" classname="pro.saral.testCases.Employee_Test1"/>
  <testcase name="Employee_Testcases" time="2.266" classname="pro.saral.testCases.Employee_Test1"/>
  <testcase name="Employee_Testcases" time="0.085" classname="pro.saral.testCases.Employee_Test1"/>
  <testcase name="Employee_Testcases" time="2.402" classname="pro.saral.testCases.Employee_Test1"/>
  <testcase name="Employee_Testcases" time="0.351" classname="pro.saral.testCases.Employee_Test1"/>
  <testcase name="Employee_Testcases" time="0.395" classname="pro.saral.testCases.Employee_Test1"/>
  <testcase name="Employee_Testcases" time="0.064" classname="pro.saral.testCases.Employee_Test1"/>
  <testcase name="Employee_Testcases" time="0.322" classname="pro.saral.testCases.Employee_Test1"/>
  <testcase name="Employee_Testcases" time="0.344" classname="pro.saral.testCases.Employee_Test1"/>
  <testcase name="Employee_Testcases" time="2.295" classname="pro.saral.testCases.Employee_Test1"/>
  <testcase name="Employee_Testcases" time="2.211" classname="pro.saral.testCases.Employee_Test1"/>
  <testcase name="Employee_Testcases" time="0.236" classname="pro.saral.testCases.Employee_Test1"/>
  <testcase name="Employee_Testcases" time="0.291" classname="pro.saral.testCases.Employee_Test1"/>
  <testcase name="Employee_Testcases" time="2.246" classname="pro.saral.testCases.Employee_Test1"/>
  <testcase name="Employee_Testcases" time="0.065" classname="pro.saral.testCases.Employee_Test1"/>
  <testcase name="Employee_Testcases" time="0.336" classname="pro.saral.testCases.Employee_Test1"/>
  <testcase name="Employee_Testcases" time="2.290" classname="pro.saral.testCases.Employee_Test1"/>
  <testcase name="Employee_Testcases" time="0.287" classname="pro.saral.testCases.Employee_Test1"/>
  <testcase name="Employee_Testcases" time="2.186" classname="pro.saral.testCases.Employee_Test1"/>
  <testcase name="Employee_Testcases" time="2.208" classname="pro.saral.testCases.Employee_Test1"/>
  <testcase name="Employee_Testcases" time="0.110" classname="pro.saral.testCases.Employee_Test1"/>
  <testcase name="Employee_Testcases" time="0.265" classname="pro.saral.testCases.Employee_Test1"/>
  <testcase name="Employee_Testcases" time="2.234" classname="pro.saral.testCases.Employee_Test1"/>
  <testcase name="Employee_Testcases" time="2.297" classname="pro.saral.testCases.Employee_Test1"/>
  <testcase name="Employee_Testcases" time="0.244" classname="pro.saral.testCases.Employee_Test1"/>
  <testcase name="Employee_Testcases" time="0.086" classname="pro.saral.testCases.Employee_Test1"/>
  <testcase name="Employee_Testcases" time="0.374" classname="pro.saral.testCases.Employee_Test1"/>
  <testcase name="Employee_Testcases" time="0.078" classname="pro.saral.testCases.Employee_Test1"/>
  <testcase name="Employee_Testcases" time="2.237" classname="pro.saral.testCases.Employee_Test1"/>
  <testcase name="Employee_Testcases" time="0.285" classname="pro.saral.testCases.Employee_Test1"/>
  <testcase name="Employee_Testcases" time="2.273" classname="pro.saral.testCases.Employee_Test1"/>
  <testcase name="Employee_Testcases" time="0.201" classname="pro.saral.testCases.Employee_Test1"/>
  <testcase name="Employee_Testcases" time="2.174" classname="pro.saral.testCases.Employee_Test1"/>
  <testcase name="Employee_Testcases" time="0.050" classname="pro.saral.testCases.Employee_Test1"/>
  <testcase name="Employee_Testcases" time="2.199" classname="pro.saral.testCases.Employee_Test1"/>
  <testcase name="Employee_Testcases" time="0.287" classname="pro.saral.testCases.Employee_Test1"/>
  <testcase name="Employee_Testcases" time="0.234" classname="pro.saral.testCases.Employee_Test1"/>
  <testcase name="Employee_Testcases" time="0.069" classname="pro.saral.testCases.Employee_Test1"/>
  <testcase name="Employee_Testcases" time="2.278" classname="pro.saral.testCases.Employee_Test1"/>
  <testcase name="Employee_Testcases" time="0.186" classname="pro.saral.testCases.Employee_Test1"/>
  <testcase name="Employee_Testcases" time="2.241" classname="pro.saral.testCases.Employee_Test1"/>
  <testcase name="Employee_Testcases" time="2.298" classname="pro.saral.testCases.Employee_Test1"/>
  <testcase name="Employee_Testcases" time="0.205" classname="pro.saral.testCases.Employee_Test1"/>
  <testcase name="Employee_Testcases" time="0.386" classname="pro.saral.testCases.Employee_Test1"/>
  <testcase name="Employee_Testcases" time="0.070" classname="pro.saral.testCases.Employee_Test1"/>
  <testcase name="Employee_Testcases" time="2.331" classname="pro.saral.testCases.Employee_Test1"/>
  <testcase name="Employee_Testcases" time="0.399" classname="pro.saral.testCases.Employee_Test1"/>
</testsuite> <!-- pro.saral.testCases.Employee_Test1 -->
