<?xml version="1.0" encoding="UTF-8"?>
<!-- Generated by org.testng.reporters.JUnitReportReporter -->
<testsuite hostname="Darshan" name="pro.saral.testCases.Challan_Mapping_26Q_Test" tests="220" failures="0" timestamp="28 Oct 2022 10:45:31 GMT" time="345.277" errors="0">
  <testcase name="Challan_Mapping_26Q_Testcases" time="0.243" classname="pro.saral.testCases.Challan_Mapping_26Q_Test"/>
  <testcase name="Challan_Mapping_26Q_Testcases" time="2.484" classname="pro.saral.testCases.Challan_Mapping_26Q_Test"/>
  <testcase name="Challan_Mapping_26Q_Testcases" time="0.241" classname="pro.saral.testCases.Challan_Mapping_26Q_Test"/>
  <testcase name="Challan_Mapping_26Q_Testcases" time="2.420" classname="pro.saral.testCases.Challan_Mapping_26Q_Test"/>
  <testcase name="Challan_Mapping_26Q_Testcases" time="2.231" classname="pro.saral.testCases.Challan_Mapping_26Q_Test"/>
  <testcase name="Challan_Mapping_26Q_Testcases" time="2.176" classname="pro.saral.testCases.Challan_Mapping_26Q_Test"/>
  <testcase name="Challan_Mapping_26Q_Testcases" time="2.185" classname="pro.saral.testCases.Challan_Mapping_26Q_Test"/>
  <testcase name="Challan_Mapping_26Q_Testcases" time="2.268" classname="pro.saral.testCases.Challan_Mapping_26Q_Test"/>
  <testcase name="Challan_Mapping_26Q_Testcases" time="2.356" classname="pro.saral.testCases.Challan_Mapping_26Q_Test"/>
  <testcase name="Challan_Mapping_26Q_Testcases" time="0.547" classname="pro.saral.testCases.Challan_Mapping_26Q_Test"/>
  <testcase name="Challan_Mapping_26Q_Testcases" time="2.638" classname="pro.saral.testCases.Challan_Mapping_26Q_Test"/>
  <testcase name="Challan_Mapping_26Q_Testcases" time="0.072" classname="pro.saral.testCases.Challan_Mapping_26Q_Test"/>
  <testcase name="Challan_Mapping_26Q_Testcases" time="0.142" classname="pro.saral.testCases.Challan_Mapping_26Q_Test"/>
  <testcase name="Challan_Mapping_26Q_Testcases" time="2.894" classname="pro.saral.testCases.Challan_Mapping_26Q_Test"/>
  <testcase name="Challan_Mapping_26Q_Testcases" time="0.011" classname="pro.saral.testCases.Challan_Mapping_26Q_Test"/>
  <testcase name="Challan_Mapping_26Q_Testcases" time="2.463" classname="pro.saral.testCases.Challan_Mapping_26Q_Test"/>
  <testcase name="Challan_Mapping_26Q_Testcases" time="2.393" classname="pro.saral.testCases.Challan_Mapping_26Q_Test"/>
  <testcase name="Challan_Mapping_26Q_Testcases" time="2.441" classname="pro.saral.testCases.Challan_Mapping_26Q_Test"/>
  <testcase name="Challan_Mapping_26Q_Testcases" time="0.321" classname="pro.saral.testCases.Challan_Mapping_26Q_Test"/>
  <testcase name="Challan_Mapping_26Q_Testcases" time="2.424" classname="pro.saral.testCases.Challan_Mapping_26Q_Test"/>
  <testcase name="Challan_Mapping_26Q_Testcases" time="0.215" classname="pro.saral.testCases.Challan_Mapping_26Q_Test"/>
  <testcase name="Challan_Mapping_26Q_Testcases" time="2.397" classname="pro.saral.testCases.Challan_Mapping_26Q_Test"/>
  <testcase name="Challan_Mapping_26Q_Testcases" time="2.203" classname="pro.saral.testCases.Challan_Mapping_26Q_Test"/>
  <testcase name="Challan_Mapping_26Q_Testcases" time="3.242" classname="pro.saral.testCases.Challan_Mapping_26Q_Test"/>
  <testcase name="Challan_Mapping_26Q_Testcases" time="2.260" classname="pro.saral.testCases.Challan_Mapping_26Q_Test"/>
  <testcase name="Challan_Mapping_26Q_Testcases" time="2.594" classname="pro.saral.testCases.Challan_Mapping_26Q_Test"/>
  <testcase name="Challan_Mapping_26Q_Testcases" time="3.045" classname="pro.saral.testCases.Challan_Mapping_26Q_Test"/>
  <testcase name="Challan_Mapping_26Q_Testcases" time="0.512" classname="pro.saral.testCases.Challan_Mapping_26Q_Test"/>
  <testcase name="Challan_Mapping_26Q_Testcases" time="2.167" classname="pro.saral.testCases.Challan_Mapping_26Q_Test"/>
  <testcase name="Challan_Mapping_26Q_Testcases" time="2.279" classname="pro.saral.testCases.Challan_Mapping_26Q_Test"/>
  <testcase name="Challan_Mapping_26Q_Testcases" time="2.278" classname="pro.saral.testCases.Challan_Mapping_26Q_Test"/>
  <testcase name="Challan_Mapping_26Q_Testcases" time="0.019" classname="pro.saral.testCases.Challan_Mapping_26Q_Test"/>
  <testcase name="Challan_Mapping_26Q_Testcases" time="0.472" classname="pro.saral.testCases.Challan_Mapping_26Q_Test"/>
  <testcase name="Challan_Mapping_26Q_Testcases" time="0.015" classname="pro.saral.testCases.Challan_Mapping_26Q_Test"/>
  <testcase name="Challan_Mapping_26Q_Testcases" time="0.723" classname="pro.saral.testCases.Challan_Mapping_26Q_Test"/>
  <testcase name="Challan_Mapping_26Q_Testcases" time="2.567" classname="pro.saral.testCases.Challan_Mapping_26Q_Test"/>
  <testcase name="Challan_Mapping_26Q_Testcases" time="2.975" classname="pro.saral.testCases.Challan_Mapping_26Q_Test"/>
  <testcase name="Challan_Mapping_26Q_Testcases" time="0.240" classname="pro.saral.testCases.Challan_Mapping_26Q_Test"/>
  <testcase name="Challan_Mapping_26Q_Testcases" time="0.453" classname="pro.saral.testCases.Challan_Mapping_26Q_Test"/>
  <testcase name="Challan_Mapping_26Q_Testcases" time="0.442" classname="pro.saral.testCases.Challan_Mapping_26Q_Test"/>
  <testcase name="Challan_Mapping_26Q_Testcases" time="0.287" classname="pro.saral.testCases.Challan_Mapping_26Q_Test"/>
  <testcase name="Challan_Mapping_26Q_Testcases" time="0.568" classname="pro.saral.testCases.Challan_Mapping_26Q_Test"/>
  <testcase name="Challan_Mapping_26Q_Testcases" time="2.671" classname="pro.saral.testCases.Challan_Mapping_26Q_Test"/>
  <testcase name="Challan_Mapping_26Q_Testcases" time="2.285" classname="pro.saral.testCases.Challan_Mapping_26Q_Test"/>
  <testcase name="Challan_Mapping_26Q_Testcases" time="2.861" classname="pro.saral.testCases.Challan_Mapping_26Q_Test"/>
  <testcase name="Challan_Mapping_26Q_Testcases" time="0.267" classname="pro.saral.testCases.Challan_Mapping_26Q_Test"/>
  <testcase name="Challan_Mapping_26Q_Testcases" time="2.560" classname="pro.saral.testCases.Challan_Mapping_26Q_Test"/>
  <testcase name="Challan_Mapping_26Q_Testcases" time="2.756" classname="pro.saral.testCases.Challan_Mapping_26Q_Test"/>
  <testcase name="Challan_Mapping_26Q_Testcases" time="2.288" classname="pro.saral.testCases.Challan_Mapping_26Q_Test"/>
  <testcase name="Challan_Mapping_26Q_Testcases" time="0.274" classname="pro.saral.testCases.Challan_Mapping_26Q_Test"/>
  <testcase name="Challan_Mapping_26Q_Testcases" time="2.643" classname="pro.saral.testCases.Challan_Mapping_26Q_Test"/>
  <testcase name="Challan_Mapping_26Q_Testcases" time="0.658" classname="pro.saral.testCases.Challan_Mapping_26Q_Test"/>
  <testcase name="Challan_Mapping_26Q_Testcases" time="2.393" classname="pro.saral.testCases.Challan_Mapping_26Q_Test"/>
  <testcase name="Challan_Mapping_26Q_Testcases" time="0.109" classname="pro.saral.testCases.Challan_Mapping_26Q_Test"/>
  <testcase name="Challan_Mapping_26Q_Testcases" time="2.459" classname="pro.saral.testCases.Challan_Mapping_26Q_Test"/>
  <testcase name="Challan_Mapping_26Q_Testcases" time="2.982" classname="pro.saral.testCases.Challan_Mapping_26Q_Test"/>
  <testcase name="Challan_Mapping_26Q_Testcases" time="0.236" classname="pro.saral.testCases.Challan_Mapping_26Q_Test"/>
  <testcase name="Challan_Mapping_26Q_Testcases" time="2.436" classname="pro.saral.testCases.Challan_Mapping_26Q_Test"/>
  <testcase name="Challan_Mapping_26Q_Testcases" time="0.298" classname="pro.saral.testCases.Challan_Mapping_26Q_Test"/>
  <testcase name="Challan_Mapping_26Q_Testcases" time="2.306" classname="pro.saral.testCases.Challan_Mapping_26Q_Test"/>
  <testcase name="Challan_Mapping_26Q_Testcases" time="0.426" classname="pro.saral.testCases.Challan_Mapping_26Q_Test"/>
  <testcase name="Challan_Mapping_26Q_Testcases" time="0.121" classname="pro.saral.testCases.Challan_Mapping_26Q_Test"/>
  <testcase name="Challan_Mapping_26Q_Testcases" time="0.407" classname="pro.saral.testCases.Challan_Mapping_26Q_Test"/>
  <testcase name="Challan_Mapping_26Q_Testcases" time="2.561" classname="pro.saral.testCases.Challan_Mapping_26Q_Test"/>
  <testcase name="Challan_Mapping_26Q_Testcases" time="2.763" classname="pro.saral.testCases.Challan_Mapping_26Q_Test"/>
  <testcase name="Challan_Mapping_26Q_Testcases" time="0.022" classname="pro.saral.testCases.Challan_Mapping_26Q_Test"/>
  <testcase name="Challan_Mapping_26Q_Testcases" time="2.442" classname="pro.saral.testCases.Challan_Mapping_26Q_Test"/>
  <testcase name="Challan_Mapping_26Q_Testcases" time="2.366" classname="pro.saral.testCases.Challan_Mapping_26Q_Test"/>
  <testcase name="Challan_Mapping_26Q_Testcases" time="2.821" classname="pro.saral.testCases.Challan_Mapping_26Q_Test"/>
  <testcase name="Challan_Mapping_26Q_Testcases" time="2.397" classname="pro.saral.testCases.Challan_Mapping_26Q_Test"/>
  <testcase name="Challan_Mapping_26Q_Testcases" time="2.476" classname="pro.saral.testCases.Challan_Mapping_26Q_Test"/>
  <testcase name="Challan_Mapping_26Q_Testcases" time="0.160" classname="pro.saral.testCases.Challan_Mapping_26Q_Test"/>
  <testcase name="Challan_Mapping_26Q_Testcases" time="0.203" classname="pro.saral.testCases.Challan_Mapping_26Q_Test"/>
  <testcase name="Challan_Mapping_26Q_Testcases" time="2.165" classname="pro.saral.testCases.Challan_Mapping_26Q_Test"/>
  <testcase name="Challan_Mapping_26Q_Testcases" time="2.444" classname="pro.saral.testCases.Challan_Mapping_26Q_Test"/>
  <testcase name="Challan_Mapping_26Q_Testcases" time="0.011" classname="pro.saral.testCases.Challan_Mapping_26Q_Test"/>
  <testcase name="Challan_Mapping_26Q_Testcases" time="2.750" classname="pro.saral.testCases.Challan_Mapping_26Q_Test"/>
  <testcase name="Challan_Mapping_26Q_Testcases" time="2.652" classname="pro.saral.testCases.Challan_Mapping_26Q_Test"/>
  <testcase name="Challan_Mapping_26Q_Testcases" time="0.445" classname="pro.saral.testCases.Challan_Mapping_26Q_Test"/>
  <testcase name="Challan_Mapping_26Q_Testcases" time="0.286" classname="pro.saral.testCases.Challan_Mapping_26Q_Test"/>
  <testcase name="Challan_Mapping_26Q_Testcases" time="2.618" classname="pro.saral.testCases.Challan_Mapping_26Q_Test"/>
  <testcase name="Challan_Mapping_26Q_Testcases" time="0.251" classname="pro.saral.testCases.Challan_Mapping_26Q_Test"/>
  <testcase name="Challan_Mapping_26Q_Testcases" time="2.536" classname="pro.saral.testCases.Challan_Mapping_26Q_Test"/>
  <testcase name="Challan_Mapping_26Q_Testcases" time="3.270" classname="pro.saral.testCases.Challan_Mapping_26Q_Test"/>
  <testcase name="Challan_Mapping_26Q_Testcases" time="0.178" classname="pro.saral.testCases.Challan_Mapping_26Q_Test"/>
  <testcase name="Challan_Mapping_26Q_Testcases" time="0.019" classname="pro.saral.testCases.Challan_Mapping_26Q_Test"/>
  <testcase name="Challan_Mapping_26Q_Testcases" time="0.107" classname="pro.saral.testCases.Challan_Mapping_26Q_Test"/>
  <testcase name="Challan_Mapping_26Q_Testcases" time="2.394" classname="pro.saral.testCases.Challan_Mapping_26Q_Test"/>
  <testcase name="Challan_Mapping_26Q_Testcases" time="2.689" classname="pro.saral.testCases.Challan_Mapping_26Q_Test"/>
  <testcase name="Challan_Mapping_26Q_Testcases" time="2.211" classname="pro.saral.testCases.Challan_Mapping_26Q_Test"/>
  <testcase name="Challan_Mapping_26Q_Testcases" time="2.196" classname="pro.saral.testCases.Challan_Mapping_26Q_Test"/>
  <testcase name="Challan_Mapping_26Q_Testcases" time="2.312" classname="pro.saral.testCases.Challan_Mapping_26Q_Test"/>
  <testcase name="Challan_Mapping_26Q_Testcases" time="2.291" classname="pro.saral.testCases.Challan_Mapping_26Q_Test"/>
  <testcase name="Challan_Mapping_26Q_Testcases" time="0.175" classname="pro.saral.testCases.Challan_Mapping_26Q_Test"/>
  <testcase name="Challan_Mapping_26Q_Testcases" time="0.239" classname="pro.saral.testCases.Challan_Mapping_26Q_Test"/>
  <testcase name="Challan_Mapping_26Q_Testcases" time="2.801" classname="pro.saral.testCases.Challan_Mapping_26Q_Test"/>
  <testcase name="Challan_Mapping_26Q_Testcases" time="2.343" classname="pro.saral.testCases.Challan_Mapping_26Q_Test"/>
  <testcase name="Challan_Mapping_26Q_Testcases" time="2.504" classname="pro.saral.testCases.Challan_Mapping_26Q_Test"/>
  <testcase name="Challan_Mapping_26Q_Testcases" time="0.158" classname="pro.saral.testCases.Challan_Mapping_26Q_Test"/>
  <testcase name="Challan_Mapping_26Q_Testcases" time="0.543" classname="pro.saral.testCases.Challan_Mapping_26Q_Test"/>
  <testcase name="Challan_Mapping_26Q_Testcases" time="0.258" classname="pro.saral.testCases.Challan_Mapping_26Q_Test"/>
  <testcase name="Challan_Mapping_26Q_Testcases" time="2.598" classname="pro.saral.testCases.Challan_Mapping_26Q_Test"/>
  <testcase name="Challan_Mapping_26Q_Testcases" time="2.285" classname="pro.saral.testCases.Challan_Mapping_26Q_Test"/>
  <testcase name="Challan_Mapping_26Q_Testcases" time="0.016" classname="pro.saral.testCases.Challan_Mapping_26Q_Test"/>
  <testcase name="Challan_Mapping_26Q_Testcases" time="2.498" classname="pro.saral.testCases.Challan_Mapping_26Q_Test"/>
  <testcase name="Challan_Mapping_26Q_Testcases" time="0.271" classname="pro.saral.testCases.Challan_Mapping_26Q_Test"/>
  <testcase name="Challan_Mapping_26Q_Testcases" time="2.463" classname="pro.saral.testCases.Challan_Mapping_26Q_Test"/>
  <testcase name="Challan_Mapping_26Q_Testcases" time="2.581" classname="pro.saral.testCases.Challan_Mapping_26Q_Test"/>
  <testcase name="Challan_Mapping_26Q_Testcases" time="0.103" classname="pro.saral.testCases.Challan_Mapping_26Q_Test"/>
  <testcase name="Challan_Mapping_26Q_Testcases" time="0.162" classname="pro.saral.testCases.Challan_Mapping_26Q_Test"/>
  <testcase name="Challan_Mapping_26Q_Testcases" time="2.851" classname="pro.saral.testCases.Challan_Mapping_26Q_Test"/>
  <testcase name="Challan_Mapping_26Q_Testcases" time="0.015" classname="pro.saral.testCases.Challan_Mapping_26Q_Test"/>
  <testcase name="Challan_Mapping_26Q_Testcases" time="2.342" classname="pro.saral.testCases.Challan_Mapping_26Q_Test"/>
  <testcase name="Challan_Mapping_26Q_Testcases" time="2.483" classname="pro.saral.testCases.Challan_Mapping_26Q_Test"/>
  <testcase name="Challan_Mapping_26Q_Testcases" time="0.661" classname="pro.saral.testCases.Challan_Mapping_26Q_Test"/>
  <testcase name="Challan_Mapping_26Q_Testcases" time="2.309" classname="pro.saral.testCases.Challan_Mapping_26Q_Test"/>
  <testcase name="Challan_Mapping_26Q_Testcases" time="2.743" classname="pro.saral.testCases.Challan_Mapping_26Q_Test"/>
  <testcase name="Challan_Mapping_26Q_Testcases" time="2.390" classname="pro.saral.testCases.Challan_Mapping_26Q_Test"/>
  <testcase name="Challan_Mapping_26Q_Testcases" time="2.395" classname="pro.saral.testCases.Challan_Mapping_26Q_Test"/>
  <testcase name="Challan_Mapping_26Q_Testcases" time="0.108" classname="pro.saral.testCases.Challan_Mapping_26Q_Test"/>
  <testcase name="Challan_Mapping_26Q_Testcases" time="2.612" classname="pro.saral.testCases.Challan_Mapping_26Q_Test"/>
  <testcase name="Challan_Mapping_26Q_Testcases" time="0.251" classname="pro.saral.testCases.Challan_Mapping_26Q_Test"/>
  <testcase name="Challan_Mapping_26Q_Testcases" time="0.373" classname="pro.saral.testCases.Challan_Mapping_26Q_Test"/>
  <testcase name="Challan_Mapping_26Q_Testcases" time="2.184" classname="pro.saral.testCases.Challan_Mapping_26Q_Test"/>
  <testcase name="Challan_Mapping_26Q_Testcases" time="3.158" classname="pro.saral.testCases.Challan_Mapping_26Q_Test"/>
  <testcase name="Challan_Mapping_26Q_Testcases" time="0.262" classname="pro.saral.testCases.Challan_Mapping_26Q_Test"/>
  <testcase name="Challan_Mapping_26Q_Testcases" time="2.451" classname="pro.saral.testCases.Challan_Mapping_26Q_Test"/>
  <testcase name="Challan_Mapping_26Q_Testcases" time="2.499" classname="pro.saral.testCases.Challan_Mapping_26Q_Test"/>
  <testcase name="Challan_Mapping_26Q_Testcases" time="0.430" classname="pro.saral.testCases.Challan_Mapping_26Q_Test"/>
  <testcase name="Challan_Mapping_26Q_Testcases" time="0.287" classname="pro.saral.testCases.Challan_Mapping_26Q_Test"/>
  <testcase name="Challan_Mapping_26Q_Testcases" time="2.258" classname="pro.saral.testCases.Challan_Mapping_26Q_Test"/>
  <testcase name="Challan_Mapping_26Q_Testcases" time="2.398" classname="pro.saral.testCases.Challan_Mapping_26Q_Test"/>
  <testcase name="Challan_Mapping_26Q_Testcases" time="2.482" classname="pro.saral.testCases.Challan_Mapping_26Q_Test"/>
  <testcase name="Challan_Mapping_26Q_Testcases" time="2.480" classname="pro.saral.testCases.Challan_Mapping_26Q_Test"/>
  <testcase name="Challan_Mapping_26Q_Testcases" time="2.184" classname="pro.saral.testCases.Challan_Mapping_26Q_Test"/>
  <testcase name="Challan_Mapping_26Q_Testcases" time="1.112" classname="pro.saral.testCases.Challan_Mapping_26Q_Test"/>
  <testcase name="Challan_Mapping_26Q_Testcases" time="0.272" classname="pro.saral.testCases.Challan_Mapping_26Q_Test"/>
  <testcase name="Challan_Mapping_26Q_Testcases" time="2.327" classname="pro.saral.testCases.Challan_Mapping_26Q_Test"/>
  <testcase name="Challan_Mapping_26Q_Testcases" time="2.358" classname="pro.saral.testCases.Challan_Mapping_26Q_Test"/>
  <testcase name="Challan_Mapping_26Q_Testcases" time="2.669" classname="pro.saral.testCases.Challan_Mapping_26Q_Test"/>
  <testcase name="Challan_Mapping_26Q_Testcases" time="2.348" classname="pro.saral.testCases.Challan_Mapping_26Q_Test"/>
  <testcase name="Challan_Mapping_26Q_Testcases" time="2.391" classname="pro.saral.testCases.Challan_Mapping_26Q_Test"/>
  <testcase name="Challan_Mapping_26Q_Testcases" time="2.748" classname="pro.saral.testCases.Challan_Mapping_26Q_Test"/>
  <testcase name="Challan_Mapping_26Q_Testcases" time="2.291" classname="pro.saral.testCases.Challan_Mapping_26Q_Test"/>
  <testcase name="Challan_Mapping_26Q_Testcases" time="2.207" classname="pro.saral.testCases.Challan_Mapping_26Q_Test"/>
  <testcase name="Challan_Mapping_26Q_Testcases" time="2.208" classname="pro.saral.testCases.Challan_Mapping_26Q_Test"/>
  <testcase name="Challan_Mapping_26Q_Testcases" time="0.351" classname="pro.saral.testCases.Challan_Mapping_26Q_Test"/>
  <testcase name="Challan_Mapping_26Q_Testcases" time="0.231" classname="pro.saral.testCases.Challan_Mapping_26Q_Test"/>
  <testcase name="Challan_Mapping_26Q_Testcases" time="0.452" classname="pro.saral.testCases.Challan_Mapping_26Q_Test"/>
  <testcase name="Challan_Mapping_26Q_Testcases" time="2.467" classname="pro.saral.testCases.Challan_Mapping_26Q_Test"/>
  <testcase name="Challan_Mapping_26Q_Testcases" time="0.456" classname="pro.saral.testCases.Challan_Mapping_26Q_Test"/>
  <testcase name="Challan_Mapping_26Q_Testcases" time="2.338" classname="pro.saral.testCases.Challan_Mapping_26Q_Test"/>
  <testcase name="Challan_Mapping_26Q_Testcases" time="2.581" classname="pro.saral.testCases.Challan_Mapping_26Q_Test"/>
  <testcase name="Challan_Mapping_26Q_Testcases" time="2.289" classname="pro.saral.testCases.Challan_Mapping_26Q_Test"/>
  <testcase name="Challan_Mapping_26Q_Testcases" time="2.038" classname="pro.saral.testCases.Challan_Mapping_26Q_Test"/>
  <testcase name="Challan_Mapping_26Q_Testcases" time="0.085" classname="pro.saral.testCases.Challan_Mapping_26Q_Test"/>
  <testcase name="Challan_Mapping_26Q_Testcases" time="0.434" classname="pro.saral.testCases.Challan_Mapping_26Q_Test"/>
  <testcase name="Challan_Mapping_26Q_Testcases" time="2.699" classname="pro.saral.testCases.Challan_Mapping_26Q_Test"/>
  <testcase name="Challan_Mapping_26Q_Testcases" time="0.960" classname="pro.saral.testCases.Challan_Mapping_26Q_Test"/>
  <testcase name="Challan_Mapping_26Q_Testcases" time="2.732" classname="pro.saral.testCases.Challan_Mapping_26Q_Test"/>
  <testcase name="Challan_Mapping_26Q_Testcases" time="2.537" classname="pro.saral.testCases.Challan_Mapping_26Q_Test"/>
  <testcase name="Challan_Mapping_26Q_Testcases" time="0.366" classname="pro.saral.testCases.Challan_Mapping_26Q_Test"/>
  <testcase name="Challan_Mapping_26Q_Testcases" time="0.120" classname="pro.saral.testCases.Challan_Mapping_26Q_Test"/>
  <testcase name="Challan_Mapping_26Q_Testcases" time="0.025" classname="pro.saral.testCases.Challan_Mapping_26Q_Test"/>
  <testcase name="Challan_Mapping_26Q_Testcases" time="0.423" classname="pro.saral.testCases.Challan_Mapping_26Q_Test"/>
  <testcase name="Challan_Mapping_26Q_Testcases" time="2.326" classname="pro.saral.testCases.Challan_Mapping_26Q_Test"/>
  <testcase name="Challan_Mapping_26Q_Testcases" time="0.056" classname="pro.saral.testCases.Challan_Mapping_26Q_Test"/>
  <testcase name="Challan_Mapping_26Q_Testcases" time="0.414" classname="pro.saral.testCases.Challan_Mapping_26Q_Test"/>
  <testcase name="Challan_Mapping_26Q_Testcases" time="0.650" classname="pro.saral.testCases.Challan_Mapping_26Q_Test"/>
  <testcase name="Challan_Mapping_26Q_Testcases" time="0.741" classname="pro.saral.testCases.Challan_Mapping_26Q_Test"/>
  <testcase name="Challan_Mapping_26Q_Testcases" time="0.014" classname="pro.saral.testCases.Challan_Mapping_26Q_Test"/>
  <testcase name="Challan_Mapping_26Q_Testcases" time="2.213" classname="pro.saral.testCases.Challan_Mapping_26Q_Test"/>
  <testcase name="Challan_Mapping_26Q_Testcases" time="0.310" classname="pro.saral.testCases.Challan_Mapping_26Q_Test"/>
  <testcase name="Challan_Mapping_26Q_Testcases" time="2.477" classname="pro.saral.testCases.Challan_Mapping_26Q_Test"/>
  <testcase name="Challan_Mapping_26Q_Testcases" time="0.536" classname="pro.saral.testCases.Challan_Mapping_26Q_Test"/>
  <testcase name="Challan_Mapping_26Q_Testcases" time="2.621" classname="pro.saral.testCases.Challan_Mapping_26Q_Test"/>
  <testcase name="Challan_Mapping_26Q_Testcases" time="2.498" classname="pro.saral.testCases.Challan_Mapping_26Q_Test"/>
  <testcase name="Challan_Mapping_26Q_Testcases" time="0.198" classname="pro.saral.testCases.Challan_Mapping_26Q_Test"/>
  <testcase name="Challan_Mapping_26Q_Testcases" time="2.163" classname="pro.saral.testCases.Challan_Mapping_26Q_Test"/>
  <testcase name="Challan_Mapping_26Q_Testcases" time="0.117" classname="pro.saral.testCases.Challan_Mapping_26Q_Test"/>
  <testcase name="Challan_Mapping_26Q_Testcases" time="0.232" classname="pro.saral.testCases.Challan_Mapping_26Q_Test"/>
  <testcase name="Challan_Mapping_26Q_Testcases" time="2.886" classname="pro.saral.testCases.Challan_Mapping_26Q_Test"/>
  <testcase name="Challan_Mapping_26Q_Testcases" time="0.540" classname="pro.saral.testCases.Challan_Mapping_26Q_Test"/>
  <testcase name="Challan_Mapping_26Q_Testcases" time="2.243" classname="pro.saral.testCases.Challan_Mapping_26Q_Test"/>
  <testcase name="Challan_Mapping_26Q_Testcases" time="2.169" classname="pro.saral.testCases.Challan_Mapping_26Q_Test"/>
  <testcase name="Challan_Mapping_26Q_Testcases" time="2.146" classname="pro.saral.testCases.Challan_Mapping_26Q_Test"/>
  <testcase name="Challan_Mapping_26Q_Testcases" time="0.181" classname="pro.saral.testCases.Challan_Mapping_26Q_Test"/>
  <testcase name="Challan_Mapping_26Q_Testcases" time="2.199" classname="pro.saral.testCases.Challan_Mapping_26Q_Test"/>
  <testcase name="Challan_Mapping_26Q_Testcases" time="2.271" classname="pro.saral.testCases.Challan_Mapping_26Q_Test"/>
  <testcase name="Challan_Mapping_26Q_Testcases" time="3.018" classname="pro.saral.testCases.Challan_Mapping_26Q_Test"/>
  <testcase name="Challan_Mapping_26Q_Testcases" time="0.284" classname="pro.saral.testCases.Challan_Mapping_26Q_Test"/>
  <testcase name="Challan_Mapping_26Q_Testcases" time="2.786" classname="pro.saral.testCases.Challan_Mapping_26Q_Test"/>
  <testcase name="Challan_Mapping_26Q_Testcases" time="2.811" classname="pro.saral.testCases.Challan_Mapping_26Q_Test"/>
  <testcase name="Challan_Mapping_26Q_Testcases" time="0.023" classname="pro.saral.testCases.Challan_Mapping_26Q_Test"/>
  <testcase name="Challan_Mapping_26Q_Testcases" time="0.234" classname="pro.saral.testCases.Challan_Mapping_26Q_Test"/>
  <testcase name="Challan_Mapping_26Q_Testcases" time="3.161" classname="pro.saral.testCases.Challan_Mapping_26Q_Test"/>
  <testcase name="Challan_Mapping_26Q_Testcases" time="0.146" classname="pro.saral.testCases.Challan_Mapping_26Q_Test"/>
  <testcase name="Challan_Mapping_26Q_Testcases" time="2.286" classname="pro.saral.testCases.Challan_Mapping_26Q_Test"/>
  <testcase name="Challan_Mapping_26Q_Testcases" time="2.195" classname="pro.saral.testCases.Challan_Mapping_26Q_Test"/>
  <testcase name="Challan_Mapping_26Q_Testcases" time="0.465" classname="pro.saral.testCases.Challan_Mapping_26Q_Test"/>
  <testcase name="Challan_Mapping_26Q_Testcases" time="2.479" classname="pro.saral.testCases.Challan_Mapping_26Q_Test"/>
  <testcase name="Challan_Mapping_26Q_Testcases" time="0.409" classname="pro.saral.testCases.Challan_Mapping_26Q_Test"/>
  <testcase name="Challan_Mapping_26Q_Testcases" time="2.485" classname="pro.saral.testCases.Challan_Mapping_26Q_Test"/>
  <testcase name="Challan_Mapping_26Q_Testcases" time="2.269" classname="pro.saral.testCases.Challan_Mapping_26Q_Test"/>
  <testcase name="Challan_Mapping_26Q_Testcases" time="0.345" classname="pro.saral.testCases.Challan_Mapping_26Q_Test"/>
  <testcase name="Challan_Mapping_26Q_Testcases" time="0.314" classname="pro.saral.testCases.Challan_Mapping_26Q_Test"/>
  <testcase name="Challan_Mapping_26Q_Testcases" time="2.904" classname="pro.saral.testCases.Challan_Mapping_26Q_Test"/>
  <testcase name="Challan_Mapping_26Q_Testcases" time="2.251" classname="pro.saral.testCases.Challan_Mapping_26Q_Test"/>
  <testcase name="Challan_Mapping_26Q_Testcases" time="2.285" classname="pro.saral.testCases.Challan_Mapping_26Q_Test"/>
  <testcase name="Challan_Mapping_26Q_Testcases" time="2.473" classname="pro.saral.testCases.Challan_Mapping_26Q_Test"/>
  <testcase name="Challan_Mapping_26Q_Testcases" time="0.279" classname="pro.saral.testCases.Challan_Mapping_26Q_Test"/>
  <testcase name="Challan_Mapping_26Q_Testcases" time="2.418" classname="pro.saral.testCases.Challan_Mapping_26Q_Test"/>
  <testcase name="Challan_Mapping_26Q_Testcases" time="2.635" classname="pro.saral.testCases.Challan_Mapping_26Q_Test"/>
  <testcase name="Challan_Mapping_26Q_Testcases" time="0.238" classname="pro.saral.testCases.Challan_Mapping_26Q_Test"/>
  <testcase name="Challan_Mapping_26Q_Testcases" time="0.073" classname="pro.saral.testCases.Challan_Mapping_26Q_Test"/>
  <testcase name="Challan_Mapping_26Q_Testcases" time="2.670" classname="pro.saral.testCases.Challan_Mapping_26Q_Test"/>
  <testcase name="Challan_Mapping_26Q_Testcases" time="0.391" classname="pro.saral.testCases.Challan_Mapping_26Q_Test"/>
  <testcase name="Challan_Mapping_26Q_Testcases" time="2.480" classname="pro.saral.testCases.Challan_Mapping_26Q_Test"/>
  <testcase name="Challan_Mapping_26Q_Testcases" time="0.243" classname="pro.saral.testCases.Challan_Mapping_26Q_Test"/>
  <testcase name="Challan_Mapping_26Q_Testcases" time="2.532" classname="pro.saral.testCases.Challan_Mapping_26Q_Test"/>
</testsuite> <!-- pro.saral.testCases.Challan_Mapping_26Q_Test -->
