<?xml version="1.0" encoding="UTF-8"?>
<!-- Generated by org.testng.reporters.JUnitReportReporter -->
<testsuite hostname="Darshan" name="pro.saral.testCases.Ereturn_27EQ_Test" tests="100" failures="0" timestamp="28 Oct 2022 12:19:29 GMT" time="229.362" errors="0">
  <testcase name="Ereturn_27EQ_Testcases" time="2.216" classname="pro.saral.testCases.Ereturn_27EQ_Test"/>
  <testcase name="Ereturn_27EQ_Testcases" time="2.503" classname="pro.saral.testCases.Ereturn_27EQ_Test"/>
  <testcase name="Ereturn_27EQ_Testcases" time="2.239" classname="pro.saral.testCases.Ereturn_27EQ_Test"/>
  <testcase name="Ereturn_27EQ_Testcases" time="0.083" classname="pro.saral.testCases.Ereturn_27EQ_Test"/>
  <testcase name="Ereturn_27EQ_Testcases" time="0.016" classname="pro.saral.testCases.Ereturn_27EQ_Test"/>
  <testcase name="Ereturn_27EQ_Testcases" time="2.332" classname="pro.saral.testCases.Ereturn_27EQ_Test"/>
  <testcase name="Ereturn_27EQ_Testcases" time="2.627" classname="pro.saral.testCases.Ereturn_27EQ_Test"/>
  <testcase name="Ereturn_27EQ_Testcases" time="0.322" classname="pro.saral.testCases.Ereturn_27EQ_Test"/>
  <testcase name="Ereturn_27EQ_Testcases" time="2.493" classname="pro.saral.testCases.Ereturn_27EQ_Test"/>
  <testcase name="Ereturn_27EQ_Testcases" time="2.555" classname="pro.saral.testCases.Ereturn_27EQ_Test"/>
  <testcase name="Ereturn_27EQ_Testcases" time="2.225" classname="pro.saral.testCases.Ereturn_27EQ_Test"/>
  <testcase name="Ereturn_27EQ_Testcases" time="2.989" classname="pro.saral.testCases.Ereturn_27EQ_Test"/>
  <testcase name="Ereturn_27EQ_Testcases" time="2.423" classname="pro.saral.testCases.Ereturn_27EQ_Test"/>
  <testcase name="Ereturn_27EQ_Testcases" time="0.058" classname="pro.saral.testCases.Ereturn_27EQ_Test"/>
  <testcase name="Ereturn_27EQ_Testcases" time="2.763" classname="pro.saral.testCases.Ereturn_27EQ_Test"/>
  <testcase name="Ereturn_27EQ_Testcases" time="2.358" classname="pro.saral.testCases.Ereturn_27EQ_Test"/>
  <testcase name="Ereturn_27EQ_Testcases" time="2.445" classname="pro.saral.testCases.Ereturn_27EQ_Test"/>
  <testcase name="Ereturn_27EQ_Testcases" time="2.325" classname="pro.saral.testCases.Ereturn_27EQ_Test"/>
  <testcase name="Ereturn_27EQ_Testcases" time="35.394" classname="pro.saral.testCases.Ereturn_27EQ_Test"/>
  <testcase name="Ereturn_27EQ_Testcases" time="0.141" classname="pro.saral.testCases.Ereturn_27EQ_Test"/>
  <testcase name="Ereturn_27EQ_Testcases" time="2.061" classname="pro.saral.testCases.Ereturn_27EQ_Test"/>
  <testcase name="Ereturn_27EQ_Testcases" time="2.608" classname="pro.saral.testCases.Ereturn_27EQ_Test"/>
  <testcase name="Ereturn_27EQ_Testcases" time="2.479" classname="pro.saral.testCases.Ereturn_27EQ_Test"/>
  <testcase name="Ereturn_27EQ_Testcases" time="2.537" classname="pro.saral.testCases.Ereturn_27EQ_Test"/>
  <testcase name="Ereturn_27EQ_Testcases" time="0.292" classname="pro.saral.testCases.Ereturn_27EQ_Test"/>
  <testcase name="Ereturn_27EQ_Testcases" time="2.426" classname="pro.saral.testCases.Ereturn_27EQ_Test"/>
  <testcase name="Ereturn_27EQ_Testcases" time="2.246" classname="pro.saral.testCases.Ereturn_27EQ_Test"/>
  <testcase name="Ereturn_27EQ_Testcases" time="0.486" classname="pro.saral.testCases.Ereturn_27EQ_Test"/>
  <testcase name="Ereturn_27EQ_Testcases" time="2.699" classname="pro.saral.testCases.Ereturn_27EQ_Test"/>
  <testcase name="Ereturn_27EQ_Testcases" time="1.191" classname="pro.saral.testCases.Ereturn_27EQ_Test"/>
  <testcase name="Ereturn_27EQ_Testcases" time="2.338" classname="pro.saral.testCases.Ereturn_27EQ_Test"/>
  <testcase name="Ereturn_27EQ_Testcases" time="2.148" classname="pro.saral.testCases.Ereturn_27EQ_Test"/>
  <testcase name="Ereturn_27EQ_Testcases" time="2.595" classname="pro.saral.testCases.Ereturn_27EQ_Test"/>
  <testcase name="Ereturn_27EQ_Testcases" time="2.407" classname="pro.saral.testCases.Ereturn_27EQ_Test"/>
  <testcase name="Ereturn_27EQ_Testcases" time="2.309" classname="pro.saral.testCases.Ereturn_27EQ_Test"/>
  <testcase name="Ereturn_27EQ_Testcases" time="2.199" classname="pro.saral.testCases.Ereturn_27EQ_Test"/>
  <testcase name="Ereturn_27EQ_Testcases" time="2.340" classname="pro.saral.testCases.Ereturn_27EQ_Test"/>
  <testcase name="Ereturn_27EQ_Testcases" time="2.256" classname="pro.saral.testCases.Ereturn_27EQ_Test"/>
  <testcase name="Ereturn_27EQ_Testcases" time="0.079" classname="pro.saral.testCases.Ereturn_27EQ_Test"/>
  <testcase name="Ereturn_27EQ_Testcases" time="0.077" classname="pro.saral.testCases.Ereturn_27EQ_Test"/>
  <testcase name="Ereturn_27EQ_Testcases" time="3.004" classname="pro.saral.testCases.Ereturn_27EQ_Test"/>
  <testcase name="Ereturn_27EQ_Testcases" time="0.113" classname="pro.saral.testCases.Ereturn_27EQ_Test"/>
  <testcase name="Ereturn_27EQ_Testcases" time="2.157" classname="pro.saral.testCases.Ereturn_27EQ_Test"/>
  <testcase name="Ereturn_27EQ_Testcases" time="2.254" classname="pro.saral.testCases.Ereturn_27EQ_Test"/>
  <testcase name="Ereturn_27EQ_Testcases" time="2.520" classname="pro.saral.testCases.Ereturn_27EQ_Test"/>
  <testcase name="Ereturn_27EQ_Testcases" time="7.990" classname="pro.saral.testCases.Ereturn_27EQ_Test"/>
  <testcase name="Ereturn_27EQ_Testcases" time="0.054" classname="pro.saral.testCases.Ereturn_27EQ_Test"/>
  <testcase name="Ereturn_27EQ_Testcases" time="2.556" classname="pro.saral.testCases.Ereturn_27EQ_Test"/>
  <testcase name="Ereturn_27EQ_Testcases" time="2.194" classname="pro.saral.testCases.Ereturn_27EQ_Test"/>
  <testcase name="Ereturn_27EQ_Testcases" time="0.383" classname="pro.saral.testCases.Ereturn_27EQ_Test"/>
  <testcase name="Ereturn_27EQ_Testcases" time="2.541" classname="pro.saral.testCases.Ereturn_27EQ_Test"/>
  <testcase name="Ereturn_27EQ_Testcases" time="2.381" classname="pro.saral.testCases.Ereturn_27EQ_Test"/>
  <testcase name="Ereturn_27EQ_Testcases" time="2.573" classname="pro.saral.testCases.Ereturn_27EQ_Test"/>
  <testcase name="Ereturn_27EQ_Testcases" time="2.306" classname="pro.saral.testCases.Ereturn_27EQ_Test"/>
  <testcase name="Ereturn_27EQ_Testcases" time="2.577" classname="pro.saral.testCases.Ereturn_27EQ_Test"/>
  <testcase name="Ereturn_27EQ_Testcases" time="2.156" classname="pro.saral.testCases.Ereturn_27EQ_Test"/>
  <testcase name="Ereturn_27EQ_Testcases" time="2.377" classname="pro.saral.testCases.Ereturn_27EQ_Test"/>
  <testcase name="Ereturn_27EQ_Testcases" time="0.062" classname="pro.saral.testCases.Ereturn_27EQ_Test"/>
  <testcase name="Ereturn_27EQ_Testcases" time="0.126" classname="pro.saral.testCases.Ereturn_27EQ_Test"/>
  <testcase name="Ereturn_27EQ_Testcases" time="10.019" classname="pro.saral.testCases.Ereturn_27EQ_Test"/>
  <testcase name="Ereturn_27EQ_Testcases" time="0.021" classname="pro.saral.testCases.Ereturn_27EQ_Test"/>
  <testcase name="Ereturn_27EQ_Testcases" time="2.857" classname="pro.saral.testCases.Ereturn_27EQ_Test"/>
  <testcase name="Ereturn_27EQ_Testcases" time="0.232" classname="pro.saral.testCases.Ereturn_27EQ_Test"/>
  <testcase name="Ereturn_27EQ_Testcases" time="2.354" classname="pro.saral.testCases.Ereturn_27EQ_Test"/>
  <testcase name="Ereturn_27EQ_Testcases" time="2.588" classname="pro.saral.testCases.Ereturn_27EQ_Test"/>
  <testcase name="Ereturn_27EQ_Testcases" time="0.112" classname="pro.saral.testCases.Ereturn_27EQ_Test"/>
  <testcase name="Ereturn_27EQ_Testcases" time="2.536" classname="pro.saral.testCases.Ereturn_27EQ_Test"/>
  <testcase name="Ereturn_27EQ_Testcases" time="0.195" classname="pro.saral.testCases.Ereturn_27EQ_Test"/>
  <testcase name="Ereturn_27EQ_Testcases" time="2.630" classname="pro.saral.testCases.Ereturn_27EQ_Test"/>
  <testcase name="Ereturn_27EQ_Testcases" time="2.294" classname="pro.saral.testCases.Ereturn_27EQ_Test"/>
  <testcase name="Ereturn_27EQ_Testcases" time="0.115" classname="pro.saral.testCases.Ereturn_27EQ_Test"/>
  <testcase name="Ereturn_27EQ_Testcases" time="2.406" classname="pro.saral.testCases.Ereturn_27EQ_Test"/>
  <testcase name="Ereturn_27EQ_Testcases" time="2.485" classname="pro.saral.testCases.Ereturn_27EQ_Test"/>
  <testcase name="Ereturn_27EQ_Testcases" time="2.263" classname="pro.saral.testCases.Ereturn_27EQ_Test"/>
  <testcase name="Ereturn_27EQ_Testcases" time="2.808" classname="pro.saral.testCases.Ereturn_27EQ_Test"/>
  <testcase name="Ereturn_27EQ_Testcases" time="2.719" classname="pro.saral.testCases.Ereturn_27EQ_Test"/>
  <testcase name="Ereturn_27EQ_Testcases" time="2.371" classname="pro.saral.testCases.Ereturn_27EQ_Test"/>
  <testcase name="Ereturn_27EQ_Testcases" time="2.232" classname="pro.saral.testCases.Ereturn_27EQ_Test"/>
  <testcase name="Ereturn_27EQ_Testcases" time="2.293" classname="pro.saral.testCases.Ereturn_27EQ_Test"/>
  <testcase name="Ereturn_27EQ_Testcases" time="2.855" classname="pro.saral.testCases.Ereturn_27EQ_Test"/>
  <testcase name="Ereturn_27EQ_Testcases" time="2.643" classname="pro.saral.testCases.Ereturn_27EQ_Test"/>
  <testcase name="Ereturn_27EQ_Testcases" time="0.132" classname="pro.saral.testCases.Ereturn_27EQ_Test"/>
  <testcase name="Ereturn_27EQ_Testcases" time="2.359" classname="pro.saral.testCases.Ereturn_27EQ_Test"/>
  <testcase name="Ereturn_27EQ_Testcases" time="0.063" classname="pro.saral.testCases.Ereturn_27EQ_Test"/>
  <testcase name="Ereturn_27EQ_Testcases" time="0.048" classname="pro.saral.testCases.Ereturn_27EQ_Test"/>
  <testcase name="Ereturn_27EQ_Testcases" time="5.925" classname="pro.saral.testCases.Ereturn_27EQ_Test"/>
  <testcase name="Ereturn_27EQ_Testcases" time="0.227" classname="pro.saral.testCases.Ereturn_27EQ_Test"/>
  <testcase name="Ereturn_27EQ_Testcases" time="2.436" classname="pro.saral.testCases.Ereturn_27EQ_Test"/>
  <testcase name="Ereturn_27EQ_Testcases" time="1.352" classname="pro.saral.testCases.Ereturn_27EQ_Test"/>
  <testcase name="Ereturn_27EQ_Testcases" time="2.430" classname="pro.saral.testCases.Ereturn_27EQ_Test"/>
  <testcase name="Ereturn_27EQ_Testcases" time="2.487" classname="pro.saral.testCases.Ereturn_27EQ_Test"/>
  <testcase name="Ereturn_27EQ_Testcases" time="2.329" classname="pro.saral.testCases.Ereturn_27EQ_Test"/>
  <testcase name="Ereturn_27EQ_Testcases" time="0.206" classname="pro.saral.testCases.Ereturn_27EQ_Test"/>
  <testcase name="Ereturn_27EQ_Testcases" time="0.107" classname="pro.saral.testCases.Ereturn_27EQ_Test"/>
  <testcase name="Ereturn_27EQ_Testcases" time="2.394" classname="pro.saral.testCases.Ereturn_27EQ_Test"/>
  <testcase name="Ereturn_27EQ_Testcases" time="2.178" classname="pro.saral.testCases.Ereturn_27EQ_Test"/>
  <testcase name="Ereturn_27EQ_Testcases" time="0.149" classname="pro.saral.testCases.Ereturn_27EQ_Test"/>
  <testcase name="Ereturn_27EQ_Testcases" time="0.052" classname="pro.saral.testCases.Ereturn_27EQ_Test"/>
  <testcase name="Ereturn_27EQ_Testcases" time="2.553" classname="pro.saral.testCases.Ereturn_27EQ_Test"/>
  <testcase name="Ereturn_27EQ_Testcases" time="2.303" classname="pro.saral.testCases.Ereturn_27EQ_Test"/>
</testsuite> <!-- pro.saral.testCases.Ereturn_27EQ_Test -->
