<?xml version="1.0" encoding="UTF-8"?>
<!-- Generated by org.testng.reporters.JUnitReportReporter -->
<testsuite hostname="Darshan" failures="0" tests="511" name="pro.saral.testCases.Test_24Q" time="884.359" errors="0" timestamp="2023-01-09T14:35:32 IST" skipped="0">
  <testcase classname="pro.saral.testCases.Test_24Q" name="Testcases_24Q" time="2.149"/>
  <system-out/>
  <testcase classname="pro.saral.testCases.Test_24Q" name="Testcases_24Q" time="0.066"/>
  <system-out/>
  <testcase classname="pro.saral.testCases.Test_24Q" name="Testcases_24Q" time="0.067"/>
  <system-out/>
  <testcase classname="pro.saral.testCases.Test_24Q" name="Testcases_24Q" time="0.159"/>
  <system-out/>
  <testcase classname="pro.saral.testCases.Test_24Q" name="Testcases_24Q" time="2.205"/>
  <system-out/>
  <testcase classname="pro.saral.testCases.Test_24Q" name="Testcases_24Q" time="0.167"/>
  <system-out/>
  <testcase classname="pro.saral.testCases.Test_24Q" name="Testcases_24Q" time="2.320"/>
  <system-out/>
  <testcase classname="pro.saral.testCases.Test_24Q" name="Testcases_24Q" time="0.072"/>
  <system-out/>
  <testcase classname="pro.saral.testCases.Test_24Q" name="Testcases_24Q" time="2.378"/>
  <system-out/>
  <testcase classname="pro.saral.testCases.Test_24Q" name="Testcases_24Q" time="0.106"/>
  <system-out/>
  <testcase classname="pro.saral.testCases.Test_24Q" name="Testcases_24Q" time="2.174"/>
  <system-out/>
  <testcase classname="pro.saral.testCases.Test_24Q" name="Testcases_24Q" time="0.227"/>
  <system-out/>
  <testcase classname="pro.saral.testCases.Test_24Q" name="Testcases_24Q" time="2.169"/>
  <system-out/>
  <testcase classname="pro.saral.testCases.Test_24Q" name="Testcases_24Q" time="2.188"/>
  <system-out/>
  <testcase classname="pro.saral.testCases.Test_24Q" name="Testcases_24Q" time="2.192"/>
  <system-out/>
  <testcase classname="pro.saral.testCases.Test_24Q" name="Testcases_24Q" time="2.046"/>
  <system-out/>
  <testcase classname="pro.saral.testCases.Test_24Q" name="Testcases_24Q" time="0.226"/>
  <system-out/>
  <testcase classname="pro.saral.testCases.Test_24Q" name="Testcases_24Q" time="2.353"/>
  <system-out/>
  <testcase classname="pro.saral.testCases.Test_24Q" name="Testcases_24Q" time="0.244"/>
  <system-out/>
  <testcase classname="pro.saral.testCases.Test_24Q" name="Testcases_24Q" time="2.254"/>
  <system-out/>
  <testcase classname="pro.saral.testCases.Test_24Q" name="Testcases_24Q" time="2.195"/>
  <system-out/>
  <testcase classname="pro.saral.testCases.Test_24Q" name="Testcases_24Q" time="0.189"/>
  <system-out/>
  <testcase classname="pro.saral.testCases.Test_24Q" name="Testcases_24Q" time="2.356"/>
  <system-out/>
  <testcase classname="pro.saral.testCases.Test_24Q" name="Testcases_24Q" time="0.135"/>
  <system-out/>
  <testcase classname="pro.saral.testCases.Test_24Q" name="Testcases_24Q" time="0.094"/>
  <system-out/>
  <testcase classname="pro.saral.testCases.Test_24Q" name="Testcases_24Q" time="2.489"/>
  <system-out/>
  <testcase classname="pro.saral.testCases.Test_24Q" name="Testcases_24Q" time="0.169"/>
  <system-out/>
  <testcase classname="pro.saral.testCases.Test_24Q" name="Testcases_24Q" time="0.155"/>
  <system-out/>
  <testcase classname="pro.saral.testCases.Test_24Q" name="Testcases_24Q" time="0.219"/>
  <system-out/>
  <testcase classname="pro.saral.testCases.Test_24Q" name="Testcases_24Q" time="0.014"/>
  <system-out/>
  <testcase classname="pro.saral.testCases.Test_24Q" name="Testcases_24Q" time="0.398"/>
  <system-out/>
  <testcase classname="pro.saral.testCases.Test_24Q" name="Testcases_24Q" time="2.154"/>
  <system-out/>
  <testcase classname="pro.saral.testCases.Test_24Q" name="Testcases_24Q" time="2.635"/>
  <system-out/>
  <testcase classname="pro.saral.testCases.Test_24Q" name="Testcases_24Q" time="0.098"/>
  <system-out/>
  <testcase classname="pro.saral.testCases.Test_24Q" name="Testcases_24Q" time="2.194"/>
  <system-out/>
  <testcase classname="pro.saral.testCases.Test_24Q" name="Testcases_24Q" time="2.335"/>
  <system-out/>
  <testcase classname="pro.saral.testCases.Test_24Q" name="Testcases_24Q" time="0.160"/>
  <system-out/>
  <testcase classname="pro.saral.testCases.Test_24Q" name="Testcases_24Q" time="2.330"/>
  <system-out/>
  <testcase classname="pro.saral.testCases.Test_24Q" name="Testcases_24Q" time="0.248"/>
  <system-out/>
  <testcase classname="pro.saral.testCases.Test_24Q" name="Testcases_24Q" time="0.296"/>
  <system-out/>
  <testcase classname="pro.saral.testCases.Test_24Q" name="Testcases_24Q" time="2.227"/>
  <system-out/>
  <testcase classname="pro.saral.testCases.Test_24Q" name="Testcases_24Q" time="2.280"/>
  <system-out/>
  <testcase classname="pro.saral.testCases.Test_24Q" name="Testcases_24Q" time="2.238"/>
  <system-out/>
  <testcase classname="pro.saral.testCases.Test_24Q" name="Testcases_24Q" time="2.223"/>
  <system-out/>
  <testcase classname="pro.saral.testCases.Test_24Q" name="Testcases_24Q" time="2.293"/>
  <system-out/>
  <testcase classname="pro.saral.testCases.Test_24Q" name="Testcases_24Q" time="2.427"/>
  <system-out/>
  <testcase classname="pro.saral.testCases.Test_24Q" name="Testcases_24Q" time="2.314"/>
  <system-out/>
  <testcase classname="pro.saral.testCases.Test_24Q" name="Testcases_24Q" time="2.282"/>
  <system-out/>
  <testcase classname="pro.saral.testCases.Test_24Q" name="Testcases_24Q" time="2.132"/>
  <system-out/>
  <testcase classname="pro.saral.testCases.Test_24Q" name="Testcases_24Q" time="0.162"/>
  <system-out/>
  <testcase classname="pro.saral.testCases.Test_24Q" name="Testcases_24Q" time="0.109"/>
  <system-out/>
  <testcase classname="pro.saral.testCases.Test_24Q" name="Testcases_24Q" time="0.241"/>
  <system-out/>
  <testcase classname="pro.saral.testCases.Test_24Q" name="Testcases_24Q" time="2.214"/>
  <system-out/>
  <testcase classname="pro.saral.testCases.Test_24Q" name="Testcases_24Q" time="2.553"/>
  <system-out/>
  <testcase classname="pro.saral.testCases.Test_24Q" name="Testcases_24Q" time="12.250"/>
  <system-out/>
  <testcase classname="pro.saral.testCases.Test_24Q" name="Testcases_24Q" time="2.175"/>
  <system-out/>
  <testcase classname="pro.saral.testCases.Test_24Q" name="Testcases_24Q" time="0.015"/>
  <system-out/>
  <testcase classname="pro.saral.testCases.Test_24Q" name="Testcases_24Q" time="2.234"/>
  <system-out/>
  <testcase classname="pro.saral.testCases.Test_24Q" name="Testcases_24Q" time="2.199"/>
  <system-out/>
  <testcase classname="pro.saral.testCases.Test_24Q" name="Testcases_24Q" time="0.113"/>
  <system-out/>
  <testcase classname="pro.saral.testCases.Test_24Q" name="Testcases_24Q" time="2.270"/>
  <system-out/>
  <testcase classname="pro.saral.testCases.Test_24Q" name="Testcases_24Q" time="0.303"/>
  <system-out/>
  <testcase classname="pro.saral.testCases.Test_24Q" name="Testcases_24Q" time="0.054"/>
  <system-out/>
  <testcase classname="pro.saral.testCases.Test_24Q" name="Testcases_24Q" time="2.234"/>
  <system-out/>
  <testcase classname="pro.saral.testCases.Test_24Q" name="Testcases_24Q" time="2.131"/>
  <system-out/>
  <testcase classname="pro.saral.testCases.Test_24Q" name="Testcases_24Q" time="0.092"/>
  <system-out/>
  <testcase classname="pro.saral.testCases.Test_24Q" name="Testcases_24Q" time="0.011"/>
  <system-out/>
  <testcase classname="pro.saral.testCases.Test_24Q" name="Testcases_24Q" time="2.238"/>
  <system-out/>
  <testcase classname="pro.saral.testCases.Test_24Q" name="Testcases_24Q" time="2.189"/>
  <system-out/>
  <testcase classname="pro.saral.testCases.Test_24Q" name="Testcases_24Q" time="2.410"/>
  <system-out/>
  <testcase classname="pro.saral.testCases.Test_24Q" name="Testcases_24Q" time="0.261"/>
  <system-out/>
  <testcase classname="pro.saral.testCases.Test_24Q" name="Testcases_24Q" time="2.177"/>
  <system-out/>
  <testcase classname="pro.saral.testCases.Test_24Q" name="Testcases_24Q" time="2.339"/>
  <system-out/>
  <testcase classname="pro.saral.testCases.Test_24Q" name="Testcases_24Q" time="2.131"/>
  <system-out/>
  <testcase classname="pro.saral.testCases.Test_24Q" name="Testcases_24Q" time="0.111"/>
  <system-out/>
  <testcase classname="pro.saral.testCases.Test_24Q" name="Testcases_24Q" time="0.424"/>
  <system-out/>
  <testcase classname="pro.saral.testCases.Test_24Q" name="Testcases_24Q" time="2.184"/>
  <system-out/>
  <testcase classname="pro.saral.testCases.Test_24Q" name="Testcases_24Q" time="2.258"/>
  <system-out/>
  <testcase classname="pro.saral.testCases.Test_24Q" name="Testcases_24Q" time="2.503"/>
  <system-out/>
  <testcase classname="pro.saral.testCases.Test_24Q" name="Testcases_24Q" time="0.014"/>
  <system-out/>
  <testcase classname="pro.saral.testCases.Test_24Q" name="Testcases_24Q" time="0.016"/>
  <system-out/>
  <testcase classname="pro.saral.testCases.Test_24Q" name="Testcases_24Q" time="0.070"/>
  <system-out/>
  <testcase classname="pro.saral.testCases.Test_24Q" name="Testcases_24Q" time="2.262"/>
  <system-out/>
  <testcase classname="pro.saral.testCases.Test_24Q" name="Testcases_24Q" time="0.069"/>
  <system-out/>
  <testcase classname="pro.saral.testCases.Test_24Q" name="Testcases_24Q" time="2.202"/>
  <system-out/>
  <testcase classname="pro.saral.testCases.Test_24Q" name="Testcases_24Q" time="0.155"/>
  <system-out/>
  <testcase classname="pro.saral.testCases.Test_24Q" name="Testcases_24Q" time="0.009"/>
  <system-out/>
  <testcase classname="pro.saral.testCases.Test_24Q" name="Testcases_24Q" time="2.209"/>
  <system-out/>
  <testcase classname="pro.saral.testCases.Test_24Q" name="Testcases_24Q" time="0.318"/>
  <system-out/>
  <testcase classname="pro.saral.testCases.Test_24Q" name="Testcases_24Q" time="0.236"/>
  <system-out/>
  <testcase classname="pro.saral.testCases.Test_24Q" name="Testcases_24Q" time="2.185"/>
  <system-out/>
  <testcase classname="pro.saral.testCases.Test_24Q" name="Testcases_24Q" time="2.162"/>
  <system-out/>
  <testcase classname="pro.saral.testCases.Test_24Q" name="Testcases_24Q" time="0.133"/>
  <system-out/>
  <testcase classname="pro.saral.testCases.Test_24Q" name="Testcases_24Q" time="0.015"/>
  <system-out/>
  <testcase classname="pro.saral.testCases.Test_24Q" name="Testcases_24Q" time="2.347"/>
  <system-out/>
  <testcase classname="pro.saral.testCases.Test_24Q" name="Testcases_24Q" time="0.241"/>
  <system-out/>
  <testcase classname="pro.saral.testCases.Test_24Q" name="Testcases_24Q" time="2.530"/>
  <system-out/>
  <testcase classname="pro.saral.testCases.Test_24Q" name="Testcases_24Q" time="2.339"/>
  <system-out/>
  <testcase classname="pro.saral.testCases.Test_24Q" name="Testcases_24Q" time="2.182"/>
  <system-out/>
  <testcase classname="pro.saral.testCases.Test_24Q" name="Testcases_24Q" time="2.174"/>
  <system-out/>
  <testcase classname="pro.saral.testCases.Test_24Q" name="Testcases_24Q" time="2.137"/>
  <system-out/>
  <testcase classname="pro.saral.testCases.Test_24Q" name="Testcases_24Q" time="2.119"/>
  <system-out/>
  <testcase classname="pro.saral.testCases.Test_24Q" name="Testcases_24Q" time="2.341"/>
  <system-out/>
  <testcase classname="pro.saral.testCases.Test_24Q" name="Testcases_24Q" time="2.274"/>
  <system-out/>
  <testcase classname="pro.saral.testCases.Test_24Q" name="Testcases_24Q" time="0.112"/>
  <system-out/>
  <testcase classname="pro.saral.testCases.Test_24Q" name="Testcases_24Q" time="0.201"/>
  <system-out/>
  <testcase classname="pro.saral.testCases.Test_24Q" name="Testcases_24Q" time="2.353"/>
  <system-out/>
  <testcase classname="pro.saral.testCases.Test_24Q" name="Testcases_24Q" time="0.311"/>
  <system-out/>
  <testcase classname="pro.saral.testCases.Test_24Q" name="Testcases_24Q" time="0.193"/>
  <system-out/>
  <testcase classname="pro.saral.testCases.Test_24Q" name="Testcases_24Q" time="2.297"/>
  <system-out/>
  <testcase classname="pro.saral.testCases.Test_24Q" name="Testcases_24Q" time="2.161"/>
  <system-out/>
  <testcase classname="pro.saral.testCases.Test_24Q" name="Testcases_24Q" time="2.361"/>
  <system-out/>
  <testcase classname="pro.saral.testCases.Test_24Q" name="Testcases_24Q" time="2.436"/>
  <system-out/>
  <testcase classname="pro.saral.testCases.Test_24Q" name="Testcases_24Q" time="0.063"/>
  <system-out/>
  <testcase classname="pro.saral.testCases.Test_24Q" name="Testcases_24Q" time="0.017"/>
  <system-out/>
  <testcase classname="pro.saral.testCases.Test_24Q" name="Testcases_24Q" time="2.389"/>
  <system-out/>
  <testcase classname="pro.saral.testCases.Test_24Q" name="Testcases_24Q" time="0.547"/>
  <system-out/>
  <testcase classname="pro.saral.testCases.Test_24Q" name="Testcases_24Q" time="2.200"/>
  <system-out/>
  <testcase classname="pro.saral.testCases.Test_24Q" name="Testcases_24Q" time="2.211"/>
  <system-out/>
  <testcase classname="pro.saral.testCases.Test_24Q" name="Testcases_24Q" time="2.346"/>
  <system-out/>
  <testcase classname="pro.saral.testCases.Test_24Q" name="Testcases_24Q" time="2.320"/>
  <system-out/>
  <testcase classname="pro.saral.testCases.Test_24Q" name="Testcases_24Q" time="0.052"/>
  <system-out/>
  <testcase classname="pro.saral.testCases.Test_24Q" name="Testcases_24Q" time="0.101"/>
  <system-out/>
  <testcase classname="pro.saral.testCases.Test_24Q" name="Testcases_24Q" time="0.463"/>
  <system-out/>
  <testcase classname="pro.saral.testCases.Test_24Q" name="Testcases_24Q" time="0.192"/>
  <system-out/>
  <testcase classname="pro.saral.testCases.Test_24Q" name="Testcases_24Q" time="2.339"/>
  <system-out/>
  <testcase classname="pro.saral.testCases.Test_24Q" name="Testcases_24Q" time="20.077"/>
  <system-out/>
  <testcase classname="pro.saral.testCases.Test_24Q" name="Testcases_24Q" time="0.170"/>
  <system-out/>
  <testcase classname="pro.saral.testCases.Test_24Q" name="Testcases_24Q" time="0.056"/>
  <system-out/>
  <testcase classname="pro.saral.testCases.Test_24Q" name="Testcases_24Q" time="0.013"/>
  <system-out/>
  <testcase classname="pro.saral.testCases.Test_24Q" name="Testcases_24Q" time="2.322"/>
  <system-out/>
  <testcase classname="pro.saral.testCases.Test_24Q" name="Testcases_24Q" time="2.138"/>
  <system-out/>
  <testcase classname="pro.saral.testCases.Test_24Q" name="Testcases_24Q" time="0.146"/>
  <system-out/>
  <testcase classname="pro.saral.testCases.Test_24Q" name="Testcases_24Q" time="2.229"/>
  <system-out/>
  <testcase classname="pro.saral.testCases.Test_24Q" name="Testcases_24Q" time="0.135"/>
  <system-out/>
  <testcase classname="pro.saral.testCases.Test_24Q" name="Testcases_24Q" time="2.175"/>
  <system-out/>
  <testcase classname="pro.saral.testCases.Test_24Q" name="Testcases_24Q" time="2.603"/>
  <system-out/>
  <testcase classname="pro.saral.testCases.Test_24Q" name="Testcases_24Q" time="2.325"/>
  <system-out/>
  <testcase classname="pro.saral.testCases.Test_24Q" name="Testcases_24Q" time="0.059"/>
  <system-out/>
  <testcase classname="pro.saral.testCases.Test_24Q" name="Testcases_24Q" time="0.347"/>
  <system-out/>
  <testcase classname="pro.saral.testCases.Test_24Q" name="Testcases_24Q" time="2.266"/>
  <system-out/>
  <testcase classname="pro.saral.testCases.Test_24Q" name="Testcases_24Q" time="0.199"/>
  <system-out/>
  <testcase classname="pro.saral.testCases.Test_24Q" name="Testcases_24Q" time="2.380"/>
  <system-out/>
  <testcase classname="pro.saral.testCases.Test_24Q" name="Testcases_24Q" time="0.217"/>
  <system-out/>
  <testcase classname="pro.saral.testCases.Test_24Q" name="Testcases_24Q" time="0.426"/>
  <system-out/>
  <testcase classname="pro.saral.testCases.Test_24Q" name="Testcases_24Q" time="2.203"/>
  <system-out/>
  <testcase classname="pro.saral.testCases.Test_24Q" name="Testcases_24Q" time="2.272"/>
  <system-out/>
  <testcase classname="pro.saral.testCases.Test_24Q" name="Testcases_24Q" time="2.124"/>
  <system-out/>
  <testcase classname="pro.saral.testCases.Test_24Q" name="Testcases_24Q" time="0.210"/>
  <system-out/>
  <testcase classname="pro.saral.testCases.Test_24Q" name="Testcases_24Q" time="2.340"/>
  <system-out/>
  <testcase classname="pro.saral.testCases.Test_24Q" name="Testcases_24Q" time="2.730"/>
  <system-out/>
  <testcase classname="pro.saral.testCases.Test_24Q" name="Testcases_24Q" time="2.150"/>
  <system-out/>
  <testcase classname="pro.saral.testCases.Test_24Q" name="Testcases_24Q" time="0.227"/>
  <system-out/>
  <testcase classname="pro.saral.testCases.Test_24Q" name="Testcases_24Q" time="0.056"/>
  <system-out/>
  <testcase classname="pro.saral.testCases.Test_24Q" name="Testcases_24Q" time="2.221"/>
  <system-out/>
  <testcase classname="pro.saral.testCases.Test_24Q" name="Testcases_24Q" time="0.133"/>
  <system-out/>
  <testcase classname="pro.saral.testCases.Test_24Q" name="Testcases_24Q" time="0.083"/>
  <system-out/>
  <testcase classname="pro.saral.testCases.Test_24Q" name="Testcases_24Q" time="0.113"/>
  <system-out/>
  <testcase classname="pro.saral.testCases.Test_24Q" name="Testcases_24Q" time="2.202"/>
  <system-out/>
  <testcase classname="pro.saral.testCases.Test_24Q" name="Testcases_24Q" time="0.105"/>
  <system-out/>
  <testcase classname="pro.saral.testCases.Test_24Q" name="Testcases_24Q" time="0.020"/>
  <system-out/>
  <testcase classname="pro.saral.testCases.Test_24Q" name="Testcases_24Q" time="2.210"/>
  <system-out/>
  <testcase classname="pro.saral.testCases.Test_24Q" name="Testcases_24Q" time="0.477"/>
  <system-out/>
  <testcase classname="pro.saral.testCases.Test_24Q" name="Testcases_24Q" time="0.015"/>
  <system-out/>
  <testcase classname="pro.saral.testCases.Test_24Q" name="Testcases_24Q" time="2.344"/>
  <system-out/>
  <testcase classname="pro.saral.testCases.Test_24Q" name="Testcases_24Q" time="2.333"/>
  <system-out/>
  <testcase classname="pro.saral.testCases.Test_24Q" name="Testcases_24Q" time="0.120"/>
  <system-out/>
  <testcase classname="pro.saral.testCases.Test_24Q" name="Testcases_24Q" time="0.245"/>
  <system-out/>
  <testcase classname="pro.saral.testCases.Test_24Q" name="Testcases_24Q" time="0.323"/>
  <system-out/>
  <testcase classname="pro.saral.testCases.Test_24Q" name="Testcases_24Q" time="2.039"/>
  <system-out/>
  <testcase classname="pro.saral.testCases.Test_24Q" name="Testcases_24Q" time="2.202"/>
  <system-out/>
  <testcase classname="pro.saral.testCases.Test_24Q" name="Testcases_24Q" time="2.257"/>
  <system-out/>
  <testcase classname="pro.saral.testCases.Test_24Q" name="Testcases_24Q" time="2.261"/>
  <system-out/>
  <testcase classname="pro.saral.testCases.Test_24Q" name="Testcases_24Q" time="2.439"/>
  <system-out/>
  <testcase classname="pro.saral.testCases.Test_24Q" name="Testcases_24Q" time="2.520"/>
  <system-out/>
  <testcase classname="pro.saral.testCases.Test_24Q" name="Testcases_24Q" time="0.144"/>
  <system-out/>
  <testcase classname="pro.saral.testCases.Test_24Q" name="Testcases_24Q" time="0.275"/>
  <system-out/>
  <testcase classname="pro.saral.testCases.Test_24Q" name="Testcases_24Q" time="2.260"/>
  <system-out/>
  <testcase classname="pro.saral.testCases.Test_24Q" name="Testcases_24Q" time="0.386"/>
  <system-out/>
  <testcase classname="pro.saral.testCases.Test_24Q" name="Testcases_24Q" time="2.180"/>
  <system-out/>
  <testcase classname="pro.saral.testCases.Test_24Q" name="Testcases_24Q" time="2.179"/>
  <system-out/>
  <testcase classname="pro.saral.testCases.Test_24Q" name="Testcases_24Q" time="2.325"/>
  <system-out/>
  <testcase classname="pro.saral.testCases.Test_24Q" name="Testcases_24Q" time="2.211"/>
  <system-out/>
  <testcase classname="pro.saral.testCases.Test_24Q" name="Testcases_24Q" time="2.225"/>
  <system-out/>
  <testcase classname="pro.saral.testCases.Test_24Q" name="Testcases_24Q" time="0.245"/>
  <system-out/>
  <testcase classname="pro.saral.testCases.Test_24Q" name="Testcases_24Q" time="0.015"/>
  <system-out/>
  <testcase classname="pro.saral.testCases.Test_24Q" name="Testcases_24Q" time="2.157"/>
  <system-out/>
  <testcase classname="pro.saral.testCases.Test_24Q" name="Testcases_24Q" time="2.242"/>
  <system-out/>
  <testcase classname="pro.saral.testCases.Test_24Q" name="Testcases_24Q" time="2.316"/>
  <system-out/>
  <testcase classname="pro.saral.testCases.Test_24Q" name="Testcases_24Q" time="0.280"/>
  <system-out/>
  <testcase classname="pro.saral.testCases.Test_24Q" name="Testcases_24Q" time="2.239"/>
  <system-out/>
  <testcase classname="pro.saral.testCases.Test_24Q" name="Testcases_24Q" time="2.047"/>
  <system-out/>
  <testcase classname="pro.saral.testCases.Test_24Q" name="Testcases_24Q" time="0.045"/>
  <system-out/>
  <testcase classname="pro.saral.testCases.Test_24Q" name="Testcases_24Q" time="0.081"/>
  <system-out/>
  <testcase classname="pro.saral.testCases.Test_24Q" name="Testcases_24Q" time="2.179"/>
  <system-out/>
  <testcase classname="pro.saral.testCases.Test_24Q" name="Testcases_24Q" time="0.074"/>
  <system-out/>
  <testcase classname="pro.saral.testCases.Test_24Q" name="Testcases_24Q" time="2.333"/>
  <system-out/>
  <testcase classname="pro.saral.testCases.Test_24Q" name="Testcases_24Q" time="0.448"/>
  <system-out/>
  <testcase classname="pro.saral.testCases.Test_24Q" name="Testcases_24Q" time="2.209"/>
  <system-out/>
  <testcase classname="pro.saral.testCases.Test_24Q" name="Testcases_24Q" time="0.095"/>
  <system-out/>
  <testcase classname="pro.saral.testCases.Test_24Q" name="Testcases_24Q" time="2.143"/>
  <system-out/>
  <testcase classname="pro.saral.testCases.Test_24Q" name="Testcases_24Q" time="0.153"/>
  <system-out/>
  <testcase classname="pro.saral.testCases.Test_24Q" name="Testcases_24Q" time="2.353"/>
  <system-out/>
  <testcase classname="pro.saral.testCases.Test_24Q" name="Testcases_24Q" time="0.134"/>
  <system-out/>
  <testcase classname="pro.saral.testCases.Test_24Q" name="Testcases_24Q" time="0.057"/>
  <system-out/>
  <testcase classname="pro.saral.testCases.Test_24Q" name="Testcases_24Q" time="0.104"/>
  <system-out/>
  <testcase classname="pro.saral.testCases.Test_24Q" name="Testcases_24Q" time="0.038"/>
  <system-out/>
  <testcase classname="pro.saral.testCases.Test_24Q" name="Testcases_24Q" time="0.355"/>
  <system-out/>
  <testcase classname="pro.saral.testCases.Test_24Q" name="Testcases_24Q" time="2.193"/>
  <system-out/>
  <testcase classname="pro.saral.testCases.Test_24Q" name="Testcases_24Q" time="20.160"/>
  <system-out/>
  <testcase classname="pro.saral.testCases.Test_24Q" name="Testcases_24Q" time="0.144"/>
  <system-out/>
  <testcase classname="pro.saral.testCases.Test_24Q" name="Testcases_24Q" time="2.549"/>
  <system-out/>
  <testcase classname="pro.saral.testCases.Test_24Q" name="Testcases_24Q" time="0.215"/>
  <system-out/>
  <testcase classname="pro.saral.testCases.Test_24Q" name="Testcases_24Q" time="2.194"/>
  <system-out/>
  <testcase classname="pro.saral.testCases.Test_24Q" name="Testcases_24Q" time="2.181"/>
  <system-out/>
  <testcase classname="pro.saral.testCases.Test_24Q" name="Testcases_24Q" time="0.017"/>
  <system-out/>
  <testcase classname="pro.saral.testCases.Test_24Q" name="Testcases_24Q" time="0.186"/>
  <system-out/>
  <testcase classname="pro.saral.testCases.Test_24Q" name="Testcases_24Q" time="2.222"/>
  <system-out/>
  <testcase classname="pro.saral.testCases.Test_24Q" name="Testcases_24Q" time="2.518"/>
  <system-out/>
  <testcase classname="pro.saral.testCases.Test_24Q" name="Testcases_24Q" time="0.059"/>
  <system-out/>
  <testcase classname="pro.saral.testCases.Test_24Q" name="Testcases_24Q" time="2.173"/>
  <system-out/>
  <testcase classname="pro.saral.testCases.Test_24Q" name="Testcases_24Q" time="20.129"/>
  <system-out/>
  <testcase classname="pro.saral.testCases.Test_24Q" name="Testcases_24Q" time="2.169"/>
  <system-out/>
  <testcase classname="pro.saral.testCases.Test_24Q" name="Testcases_24Q" time="0.218"/>
  <system-out/>
  <testcase classname="pro.saral.testCases.Test_24Q" name="Testcases_24Q" time="0.175"/>
  <system-out/>
  <testcase classname="pro.saral.testCases.Test_24Q" name="Testcases_24Q" time="2.143"/>
  <system-out/>
  <testcase classname="pro.saral.testCases.Test_24Q" name="Testcases_24Q" time="2.220"/>
  <system-out/>
  <testcase classname="pro.saral.testCases.Test_24Q" name="Testcases_24Q" time="0.033"/>
  <system-out/>
  <testcase classname="pro.saral.testCases.Test_24Q" name="Testcases_24Q" time="2.305"/>
  <system-out/>
  <testcase classname="pro.saral.testCases.Test_24Q" name="Testcases_24Q" time="2.251"/>
  <system-out/>
  <testcase classname="pro.saral.testCases.Test_24Q" name="Testcases_24Q" time="0.151"/>
  <system-out/>
  <testcase classname="pro.saral.testCases.Test_24Q" name="Testcases_24Q" time="2.143"/>
  <system-out/>
  <testcase classname="pro.saral.testCases.Test_24Q" name="Testcases_24Q" time="0.237"/>
  <system-out/>
  <testcase classname="pro.saral.testCases.Test_24Q" name="Testcases_24Q" time="2.370"/>
  <system-out/>
  <testcase classname="pro.saral.testCases.Test_24Q" name="Testcases_24Q" time="2.377"/>
  <system-out/>
  <testcase classname="pro.saral.testCases.Test_24Q" name="Testcases_24Q" time="2.295"/>
  <system-out/>
  <testcase classname="pro.saral.testCases.Test_24Q" name="Testcases_24Q" time="20.043"/>
  <system-out/>
  <testcase classname="pro.saral.testCases.Test_24Q" name="Testcases_24Q" time="2.144"/>
  <system-out/>
  <testcase classname="pro.saral.testCases.Test_24Q" name="Testcases_24Q" time="2.423"/>
  <system-out/>
  <testcase classname="pro.saral.testCases.Test_24Q" name="Testcases_24Q" time="2.204"/>
  <system-out/>
  <testcase classname="pro.saral.testCases.Test_24Q" name="Testcases_24Q" time="2.458"/>
  <system-out/>
  <testcase classname="pro.saral.testCases.Test_24Q" name="Testcases_24Q" time="2.339"/>
  <system-out/>
  <testcase classname="pro.saral.testCases.Test_24Q" name="Testcases_24Q" time="0.371"/>
  <system-out/>
  <testcase classname="pro.saral.testCases.Test_24Q" name="Testcases_24Q" time="0.351"/>
  <system-out/>
  <testcase classname="pro.saral.testCases.Test_24Q" name="Testcases_24Q" time="0.090"/>
  <system-out/>
  <testcase classname="pro.saral.testCases.Test_24Q" name="Testcases_24Q" time="0.210"/>
  <system-out/>
  <testcase classname="pro.saral.testCases.Test_24Q" name="Testcases_24Q" time="2.644"/>
  <system-out/>
  <testcase classname="pro.saral.testCases.Test_24Q" name="Testcases_24Q" time="0.313"/>
  <system-out/>
  <testcase classname="pro.saral.testCases.Test_24Q" name="Testcases_24Q" time="2.369"/>
  <system-out/>
  <testcase classname="pro.saral.testCases.Test_24Q" name="Testcases_24Q" time="2.305"/>
  <system-out/>
  <testcase classname="pro.saral.testCases.Test_24Q" name="Testcases_24Q" time="0.070"/>
  <system-out/>
  <testcase classname="pro.saral.testCases.Test_24Q" name="Testcases_24Q" time="0.061"/>
  <system-out/>
  <testcase classname="pro.saral.testCases.Test_24Q" name="Testcases_24Q" time="2.534"/>
  <system-out/>
  <testcase classname="pro.saral.testCases.Test_24Q" name="Testcases_24Q" time="0.056"/>
  <system-out/>
  <testcase classname="pro.saral.testCases.Test_24Q" name="Testcases_24Q" time="2.139"/>
  <system-out/>
  <testcase classname="pro.saral.testCases.Test_24Q" name="Testcases_24Q" time="0.309"/>
  <system-out/>
  <testcase classname="pro.saral.testCases.Test_24Q" name="Testcases_24Q" time="2.353"/>
  <system-out/>
  <testcase classname="pro.saral.testCases.Test_24Q" name="Testcases_24Q" time="0.071"/>
  <system-out/>
  <testcase classname="pro.saral.testCases.Test_24Q" name="Testcases_24Q" time="2.252"/>
  <system-out/>
  <testcase classname="pro.saral.testCases.Test_24Q" name="Testcases_24Q" time="2.155"/>
  <system-out/>
  <testcase classname="pro.saral.testCases.Test_24Q" name="Testcases_24Q" time="2.310"/>
  <system-out/>
  <testcase classname="pro.saral.testCases.Test_24Q" name="Testcases_24Q" time="2.221"/>
  <system-out/>
  <testcase classname="pro.saral.testCases.Test_24Q" name="Testcases_24Q" time="2.190"/>
  <system-out/>
  <testcase classname="pro.saral.testCases.Test_24Q" name="Testcases_24Q" time="2.504"/>
  <system-out/>
  <testcase classname="pro.saral.testCases.Test_24Q" name="Testcases_24Q" time="2.392"/>
  <system-out/>
  <testcase classname="pro.saral.testCases.Test_24Q" name="Testcases_24Q" time="2.197"/>
  <system-out/>
  <testcase classname="pro.saral.testCases.Test_24Q" name="Testcases_24Q" time="2.179"/>
  <system-out/>
  <testcase classname="pro.saral.testCases.Test_24Q" name="Testcases_24Q" time="2.161"/>
  <system-out/>
  <testcase classname="pro.saral.testCases.Test_24Q" name="Testcases_24Q" time="0.363"/>
  <system-out/>
  <testcase classname="pro.saral.testCases.Test_24Q" name="Testcases_24Q" time="2.049"/>
  <system-out/>
  <testcase classname="pro.saral.testCases.Test_24Q" name="Testcases_24Q" time="0.165"/>
  <system-out/>
  <testcase classname="pro.saral.testCases.Test_24Q" name="Testcases_24Q" time="0.086"/>
  <system-out/>
  <testcase classname="pro.saral.testCases.Test_24Q" name="Testcases_24Q" time="2.280"/>
  <system-out/>
  <testcase classname="pro.saral.testCases.Test_24Q" name="Testcases_24Q" time="2.344"/>
  <system-out/>
  <testcase classname="pro.saral.testCases.Test_24Q" name="Testcases_24Q" time="2.314"/>
  <system-out/>
  <testcase classname="pro.saral.testCases.Test_24Q" name="Testcases_24Q" time="2.204"/>
  <system-out/>
  <testcase classname="pro.saral.testCases.Test_24Q" name="Testcases_24Q" time="2.331"/>
  <system-out/>
  <testcase classname="pro.saral.testCases.Test_24Q" name="Testcases_24Q" time="2.147"/>
  <system-out/>
  <testcase classname="pro.saral.testCases.Test_24Q" name="Testcases_24Q" time="2.422"/>
  <system-out/>
  <testcase classname="pro.saral.testCases.Test_24Q" name="Testcases_24Q" time="0.038"/>
  <system-out/>
  <testcase classname="pro.saral.testCases.Test_24Q" name="Testcases_24Q" time="0.062"/>
  <system-out/>
  <testcase classname="pro.saral.testCases.Test_24Q" name="Testcases_24Q" time="2.272"/>
  <system-out/>
  <testcase classname="pro.saral.testCases.Test_24Q" name="Testcases_24Q" time="2.210"/>
  <system-out/>
  <testcase classname="pro.saral.testCases.Test_24Q" name="Testcases_24Q" time="2.325"/>
  <system-out/>
  <testcase classname="pro.saral.testCases.Test_24Q" name="Testcases_24Q" time="0.217"/>
  <system-out/>
  <testcase classname="pro.saral.testCases.Test_24Q" name="Testcases_24Q" time="2.227"/>
  <system-out/>
  <testcase classname="pro.saral.testCases.Test_24Q" name="Testcases_24Q" time="0.084"/>
  <system-out/>
  <testcase classname="pro.saral.testCases.Test_24Q" name="Testcases_24Q" time="0.166"/>
  <system-out/>
  <testcase classname="pro.saral.testCases.Test_24Q" name="Testcases_24Q" time="2.184"/>
  <system-out/>
  <testcase classname="pro.saral.testCases.Test_24Q" name="Testcases_24Q" time="2.305"/>
  <system-out/>
  <testcase classname="pro.saral.testCases.Test_24Q" name="Testcases_24Q" time="2.316"/>
  <system-out/>
  <testcase classname="pro.saral.testCases.Test_24Q" name="Testcases_24Q" time="2.260"/>
  <system-out/>
  <testcase classname="pro.saral.testCases.Test_24Q" name="Testcases_24Q" time="0.056"/>
  <system-out/>
  <testcase classname="pro.saral.testCases.Test_24Q" name="Testcases_24Q" time="2.444"/>
  <system-out/>
  <testcase classname="pro.saral.testCases.Test_24Q" name="Testcases_24Q" time="2.154"/>
  <system-out/>
  <testcase classname="pro.saral.testCases.Test_24Q" name="Testcases_24Q" time="2.251"/>
  <system-out/>
  <testcase classname="pro.saral.testCases.Test_24Q" name="Testcases_24Q" time="2.435"/>
  <system-out/>
  <testcase classname="pro.saral.testCases.Test_24Q" name="Testcases_24Q" time="2.330"/>
  <system-out/>
  <testcase classname="pro.saral.testCases.Test_24Q" name="Testcases_24Q" time="0.087"/>
  <system-out/>
  <testcase classname="pro.saral.testCases.Test_24Q" name="Testcases_24Q" time="2.144"/>
  <system-out/>
  <testcase classname="pro.saral.testCases.Test_24Q" name="Testcases_24Q" time="0.044"/>
  <system-out/>
  <testcase classname="pro.saral.testCases.Test_24Q" name="Testcases_24Q" time="2.184"/>
  <system-out/>
  <testcase classname="pro.saral.testCases.Test_24Q" name="Testcases_24Q" time="2.225"/>
  <system-out/>
  <testcase classname="pro.saral.testCases.Test_24Q" name="Testcases_24Q" time="2.381"/>
  <system-out/>
  <testcase classname="pro.saral.testCases.Test_24Q" name="Testcases_24Q" time="2.227"/>
  <system-out/>
  <testcase classname="pro.saral.testCases.Test_24Q" name="Testcases_24Q" time="35.159"/>
  <system-out/>
  <testcase classname="pro.saral.testCases.Test_24Q" name="Testcases_24Q" time="2.605"/>
  <system-out/>
  <testcase classname="pro.saral.testCases.Test_24Q" name="Testcases_24Q" time="0.080"/>
  <system-out/>
  <testcase classname="pro.saral.testCases.Test_24Q" name="Testcases_24Q" time="2.362"/>
  <system-out/>
  <testcase classname="pro.saral.testCases.Test_24Q" name="Testcases_24Q" time="0.393"/>
  <system-out/>
  <testcase classname="pro.saral.testCases.Test_24Q" name="Testcases_24Q" time="0.041"/>
  <system-out/>
  <testcase classname="pro.saral.testCases.Test_24Q" name="Testcases_24Q" time="0.284"/>
  <system-out/>
  <testcase classname="pro.saral.testCases.Test_24Q" name="Testcases_24Q" time="2.172"/>
  <system-out/>
  <testcase classname="pro.saral.testCases.Test_24Q" name="Testcases_24Q" time="0.072"/>
  <system-out/>
  <testcase classname="pro.saral.testCases.Test_24Q" name="Testcases_24Q" time="2.329"/>
  <system-out/>
  <testcase classname="pro.saral.testCases.Test_24Q" name="Testcases_24Q" time="2.242"/>
  <system-out/>
  <testcase classname="pro.saral.testCases.Test_24Q" name="Testcases_24Q" time="0.016"/>
  <system-out/>
  <testcase classname="pro.saral.testCases.Test_24Q" name="Testcases_24Q" time="0.317"/>
  <system-out/>
  <testcase classname="pro.saral.testCases.Test_24Q" name="Testcases_24Q" time="2.284"/>
  <system-out/>
  <testcase classname="pro.saral.testCases.Test_24Q" name="Testcases_24Q" time="0.120"/>
  <system-out/>
  <testcase classname="pro.saral.testCases.Test_24Q" name="Testcases_24Q" time="0.229"/>
  <system-out/>
  <testcase classname="pro.saral.testCases.Test_24Q" name="Testcases_24Q" time="2.152"/>
  <system-out/>
  <testcase classname="pro.saral.testCases.Test_24Q" name="Testcases_24Q" time="0.226"/>
  <system-out/>
  <testcase classname="pro.saral.testCases.Test_24Q" name="Testcases_24Q" time="2.438"/>
  <system-out/>
  <testcase classname="pro.saral.testCases.Test_24Q" name="Testcases_24Q" time="0.078"/>
  <system-out/>
  <testcase classname="pro.saral.testCases.Test_24Q" name="Testcases_24Q" time="0.082"/>
  <system-out/>
  <testcase classname="pro.saral.testCases.Test_24Q" name="Testcases_24Q" time="2.376"/>
  <system-out/>
  <testcase classname="pro.saral.testCases.Test_24Q" name="Testcases_24Q" time="2.263"/>
  <system-out/>
  <testcase classname="pro.saral.testCases.Test_24Q" name="Testcases_24Q" time="0.204"/>
  <system-out/>
  <testcase classname="pro.saral.testCases.Test_24Q" name="Testcases_24Q" time="2.380"/>
  <system-out/>
  <testcase classname="pro.saral.testCases.Test_24Q" name="Testcases_24Q" time="2.281"/>
  <system-out/>
  <testcase classname="pro.saral.testCases.Test_24Q" name="Testcases_24Q" time="0.249"/>
  <system-out/>
  <testcase classname="pro.saral.testCases.Test_24Q" name="Testcases_24Q" time="2.173"/>
  <system-out/>
  <testcase classname="pro.saral.testCases.Test_24Q" name="Testcases_24Q" time="2.228"/>
  <system-out/>
  <testcase classname="pro.saral.testCases.Test_24Q" name="Testcases_24Q" time="0.254"/>
  <system-out/>
  <testcase classname="pro.saral.testCases.Test_24Q" name="Testcases_24Q" time="2.230"/>
  <system-out/>
  <testcase classname="pro.saral.testCases.Test_24Q" name="Testcases_24Q" time="0.055"/>
  <system-out/>
  <testcase classname="pro.saral.testCases.Test_24Q" name="Testcases_24Q" time="0.130"/>
  <system-out/>
  <testcase classname="pro.saral.testCases.Test_24Q" name="Testcases_24Q" time="2.227"/>
  <system-out/>
  <testcase classname="pro.saral.testCases.Test_24Q" name="Testcases_24Q" time="0.225"/>
  <system-out/>
  <testcase classname="pro.saral.testCases.Test_24Q" name="Testcases_24Q" time="2.196"/>
  <system-out/>
  <testcase classname="pro.saral.testCases.Test_24Q" name="Testcases_24Q" time="0.469"/>
  <system-out/>
  <testcase classname="pro.saral.testCases.Test_24Q" name="Testcases_24Q" time="2.187"/>
  <system-out/>
  <testcase classname="pro.saral.testCases.Test_24Q" name="Testcases_24Q" time="0.078"/>
  <system-out/>
  <testcase classname="pro.saral.testCases.Test_24Q" name="Testcases_24Q" time="2.156"/>
  <system-out/>
  <testcase classname="pro.saral.testCases.Test_24Q" name="Testcases_24Q" time="2.420"/>
  <system-out/>
  <testcase classname="pro.saral.testCases.Test_24Q" name="Testcases_24Q" time="2.243"/>
  <system-out/>
  <testcase classname="pro.saral.testCases.Test_24Q" name="Testcases_24Q" time="2.184"/>
  <system-out/>
  <testcase classname="pro.saral.testCases.Test_24Q" name="Testcases_24Q" time="2.205"/>
  <system-out/>
  <testcase classname="pro.saral.testCases.Test_24Q" name="Testcases_24Q" time="2.284"/>
  <system-out/>
  <testcase classname="pro.saral.testCases.Test_24Q" name="Testcases_24Q" time="2.450"/>
  <system-out/>
  <testcase classname="pro.saral.testCases.Test_24Q" name="Testcases_24Q" time="2.207"/>
  <system-out/>
  <testcase classname="pro.saral.testCases.Test_24Q" name="Testcases_24Q" time="0.035"/>
  <system-out/>
  <testcase classname="pro.saral.testCases.Test_24Q" name="Testcases_24Q" time="2.121"/>
  <system-out/>
  <testcase classname="pro.saral.testCases.Test_24Q" name="Testcases_24Q" time="0.205"/>
  <system-out/>
  <testcase classname="pro.saral.testCases.Test_24Q" name="Testcases_24Q" time="2.282"/>
  <system-out/>
  <testcase classname="pro.saral.testCases.Test_24Q" name="Testcases_24Q" time="2.344"/>
  <system-out/>
  <testcase classname="pro.saral.testCases.Test_24Q" name="Testcases_24Q" time="2.554"/>
  <system-out/>
  <testcase classname="pro.saral.testCases.Test_24Q" name="Testcases_24Q" time="0.340"/>
  <system-out/>
  <testcase classname="pro.saral.testCases.Test_24Q" name="Testcases_24Q" time="2.404"/>
  <system-out/>
  <testcase classname="pro.saral.testCases.Test_24Q" name="Testcases_24Q" time="0.013"/>
  <system-out/>
  <testcase classname="pro.saral.testCases.Test_24Q" name="Testcases_24Q" time="2.229"/>
  <system-out/>
  <testcase classname="pro.saral.testCases.Test_24Q" name="Testcases_24Q" time="2.254"/>
  <system-out/>
  <testcase classname="pro.saral.testCases.Test_24Q" name="Testcases_24Q" time="2.204"/>
  <system-out/>
  <testcase classname="pro.saral.testCases.Test_24Q" name="Testcases_24Q" time="0.078"/>
  <system-out/>
  <testcase classname="pro.saral.testCases.Test_24Q" name="Testcases_24Q" time="2.461"/>
  <system-out/>
  <testcase classname="pro.saral.testCases.Test_24Q" name="Testcases_24Q" time="2.280"/>
  <system-out/>
  <testcase classname="pro.saral.testCases.Test_24Q" name="Testcases_24Q" time="2.250"/>
  <system-out/>
  <testcase classname="pro.saral.testCases.Test_24Q" name="Testcases_24Q" time="0.210"/>
  <system-out/>
  <testcase classname="pro.saral.testCases.Test_24Q" name="Testcases_24Q" time="2.205"/>
  <system-out/>
  <testcase classname="pro.saral.testCases.Test_24Q" name="Testcases_24Q" time="2.188"/>
  <system-out/>
  <testcase classname="pro.saral.testCases.Test_24Q" name="Testcases_24Q" time="0.180"/>
  <system-out/>
  <testcase classname="pro.saral.testCases.Test_24Q" name="Testcases_24Q" time="0.208"/>
  <system-out/>
  <testcase classname="pro.saral.testCases.Test_24Q" name="Testcases_24Q" time="0.451"/>
  <system-out/>
  <testcase classname="pro.saral.testCases.Test_24Q" name="Testcases_24Q" time="2.220"/>
  <system-out/>
  <testcase classname="pro.saral.testCases.Test_24Q" name="Testcases_24Q" time="2.429"/>
  <system-out/>
  <testcase classname="pro.saral.testCases.Test_24Q" name="Testcases_24Q" time="0.010"/>
  <system-out/>
  <testcase classname="pro.saral.testCases.Test_24Q" name="Testcases_24Q" time="0.138"/>
  <system-out/>
  <testcase classname="pro.saral.testCases.Test_24Q" name="Testcases_24Q" time="35.148"/>
  <system-out/>
  <testcase classname="pro.saral.testCases.Test_24Q" name="Testcases_24Q" time="2.243"/>
  <system-out/>
  <testcase classname="pro.saral.testCases.Test_24Q" name="Testcases_24Q" time="2.372"/>
  <system-out/>
  <testcase classname="pro.saral.testCases.Test_24Q" name="Testcases_24Q" time="0.063"/>
  <system-out/>
  <testcase classname="pro.saral.testCases.Test_24Q" name="Testcases_24Q" time="2.187"/>
  <system-out/>
  <testcase classname="pro.saral.testCases.Test_24Q" name="Testcases_24Q" time="2.295"/>
  <system-out/>
  <testcase classname="pro.saral.testCases.Test_24Q" name="Testcases_24Q" time="0.227"/>
  <system-out/>
  <testcase classname="pro.saral.testCases.Test_24Q" name="Testcases_24Q" time="2.171"/>
  <system-out/>
  <testcase classname="pro.saral.testCases.Test_24Q" name="Testcases_24Q" time="0.070"/>
  <system-out/>
  <testcase classname="pro.saral.testCases.Test_24Q" name="Testcases_24Q" time="2.154"/>
  <system-out/>
  <testcase classname="pro.saral.testCases.Test_24Q" name="Testcases_24Q" time="2.480"/>
  <system-out/>
  <testcase classname="pro.saral.testCases.Test_24Q" name="Testcases_24Q" time="2.542"/>
  <system-out/>
  <testcase classname="pro.saral.testCases.Test_24Q" name="Testcases_24Q" time="2.687"/>
  <system-out/>
  <testcase classname="pro.saral.testCases.Test_24Q" name="Testcases_24Q" time="1.334"/>
  <system-out/>
  <testcase classname="pro.saral.testCases.Test_24Q" name="Testcases_24Q" time="12.400"/>
  <system-out/>
  <testcase classname="pro.saral.testCases.Test_24Q" name="Testcases_24Q" time="2.193"/>
  <system-out/>
  <testcase classname="pro.saral.testCases.Test_24Q" name="Testcases_24Q" time="2.309"/>
  <system-out/>
  <testcase classname="pro.saral.testCases.Test_24Q" name="Testcases_24Q" time="0.039"/>
  <system-out/>
  <testcase classname="pro.saral.testCases.Test_24Q" name="Testcases_24Q" time="0.074"/>
  <system-out/>
  <testcase classname="pro.saral.testCases.Test_24Q" name="Testcases_24Q" time="0.019"/>
  <system-out/>
  <testcase classname="pro.saral.testCases.Test_24Q" name="Testcases_24Q" time="2.231"/>
  <system-out/>
  <testcase classname="pro.saral.testCases.Test_24Q" name="Testcases_24Q" time="2.140"/>
  <system-out/>
  <testcase classname="pro.saral.testCases.Test_24Q" name="Testcases_24Q" time="0.046"/>
  <system-out/>
  <testcase classname="pro.saral.testCases.Test_24Q" name="Testcases_24Q" time="2.208"/>
  <system-out/>
  <testcase classname="pro.saral.testCases.Test_24Q" name="Testcases_24Q" time="0.219"/>
  <system-out/>
  <testcase classname="pro.saral.testCases.Test_24Q" name="Testcases_24Q" time="0.012"/>
  <system-out/>
  <testcase classname="pro.saral.testCases.Test_24Q" name="Testcases_24Q" time="2.250"/>
  <system-out/>
  <testcase classname="pro.saral.testCases.Test_24Q" name="Testcases_24Q" time="2.213"/>
  <system-out/>
  <testcase classname="pro.saral.testCases.Test_24Q" name="Testcases_24Q" time="2.212"/>
  <system-out/>
  <testcase classname="pro.saral.testCases.Test_24Q" name="Testcases_24Q" time="2.180"/>
  <system-out/>
  <testcase classname="pro.saral.testCases.Test_24Q" name="Testcases_24Q" time="2.264"/>
  <system-out/>
  <testcase classname="pro.saral.testCases.Test_24Q" name="Testcases_24Q" time="2.389"/>
  <system-out/>
  <testcase classname="pro.saral.testCases.Test_24Q" name="Testcases_24Q" time="0.263"/>
  <system-out/>
  <testcase classname="pro.saral.testCases.Test_24Q" name="Testcases_24Q" time="0.015"/>
  <system-out/>
  <testcase classname="pro.saral.testCases.Test_24Q" name="Testcases_24Q" time="0.093"/>
  <system-out/>
  <testcase classname="pro.saral.testCases.Test_24Q" name="Testcases_24Q" time="0.050"/>
  <system-out/>
  <testcase classname="pro.saral.testCases.Test_24Q" name="Testcases_24Q" time="2.216"/>
  <system-out/>
  <testcase classname="pro.saral.testCases.Test_24Q" name="Testcases_24Q" time="2.394"/>
  <system-out/>
  <testcase classname="pro.saral.testCases.Test_24Q" name="Testcases_24Q" time="0.070"/>
  <system-out/>
  <testcase classname="pro.saral.testCases.Test_24Q" name="Testcases_24Q" time="2.290"/>
  <system-out/>
  <testcase classname="pro.saral.testCases.Test_24Q" name="Testcases_24Q" time="0.054"/>
  <system-out/>
  <testcase classname="pro.saral.testCases.Test_24Q" name="Testcases_24Q" time="0.768"/>
  <system-out/>
  <testcase classname="pro.saral.testCases.Test_24Q" name="Testcases_24Q" time="0.225"/>
  <system-out/>
  <testcase classname="pro.saral.testCases.Test_24Q" name="Testcases_24Q" time="2.169"/>
  <system-out/>
  <testcase classname="pro.saral.testCases.Test_24Q" name="Testcases_24Q" time="0.122"/>
  <system-out/>
  <testcase classname="pro.saral.testCases.Test_24Q" name="Testcases_24Q" time="0.314"/>
  <system-out/>
  <testcase classname="pro.saral.testCases.Test_24Q" name="Testcases_24Q" time="2.412"/>
  <system-out/>
  <testcase classname="pro.saral.testCases.Test_24Q" name="Testcases_24Q" time="2.342"/>
  <system-out/>
  <testcase classname="pro.saral.testCases.Test_24Q" name="Testcases_24Q" time="2.384"/>
  <system-out/>
  <testcase classname="pro.saral.testCases.Test_24Q" name="Testcases_24Q" time="0.403"/>
  <system-out/>
  <testcase classname="pro.saral.testCases.Test_24Q" name="Testcases_24Q" time="2.186"/>
  <system-out/>
  <testcase classname="pro.saral.testCases.Test_24Q" name="Testcases_24Q" time="2.310"/>
  <system-out/>
  <testcase classname="pro.saral.testCases.Test_24Q" name="Testcases_24Q" time="2.493"/>
  <system-out/>
  <testcase classname="pro.saral.testCases.Test_24Q" name="Testcases_24Q" time="2.245"/>
  <system-out/>
  <testcase classname="pro.saral.testCases.Test_24Q" name="Testcases_24Q" time="2.310"/>
  <system-out/>
  <testcase classname="pro.saral.testCases.Test_24Q" name="Testcases_24Q" time="0.066"/>
  <system-out/>
  <testcase classname="pro.saral.testCases.Test_24Q" name="Testcases_24Q" time="2.454"/>
  <system-out/>
  <testcase classname="pro.saral.testCases.Test_24Q" name="Testcases_24Q" time="2.187"/>
  <system-out/>
  <testcase classname="pro.saral.testCases.Test_24Q" name="Testcases_24Q" time="2.197"/>
  <system-out/>
  <testcase classname="pro.saral.testCases.Test_24Q" name="Testcases_24Q" time="2.151"/>
  <system-out/>
  <testcase classname="pro.saral.testCases.Test_24Q" name="Testcases_24Q" time="6.945"/>
  <system-out/>
  <testcase classname="pro.saral.testCases.Test_24Q" name="Testcases_24Q" time="0.012"/>
  <system-out/>
  <testcase classname="pro.saral.testCases.Test_24Q" name="Testcases_24Q" time="0.016"/>
  <system-out/>
  <testcase classname="pro.saral.testCases.Test_24Q" name="Testcases_24Q" time="2.365"/>
  <system-out/>
  <testcase classname="pro.saral.testCases.Test_24Q" name="Testcases_24Q" time="2.332"/>
  <system-out/>
  <testcase classname="pro.saral.testCases.Test_24Q" name="Testcases_24Q" time="2.283"/>
  <system-out/>
  <testcase classname="pro.saral.testCases.Test_24Q" name="Testcases_24Q" time="2.501"/>
  <system-out/>
  <testcase classname="pro.saral.testCases.Test_24Q" name="Testcases_24Q" time="2.322"/>
  <system-out/>
  <testcase classname="pro.saral.testCases.Test_24Q" name="Testcases_24Q" time="2.226"/>
  <system-out/>
  <testcase classname="pro.saral.testCases.Test_24Q" name="Testcases_24Q" time="0.254"/>
  <system-out/>
  <testcase classname="pro.saral.testCases.Test_24Q" name="Testcases_24Q" time="2.150"/>
  <system-out/>
  <testcase classname="pro.saral.testCases.Test_24Q" name="Testcases_24Q" time="2.314"/>
  <system-out/>
  <testcase classname="pro.saral.testCases.Test_24Q" name="Testcases_24Q" time="0.270"/>
  <system-out/>
  <testcase classname="pro.saral.testCases.Test_24Q" name="Testcases_24Q" time="2.339"/>
  <system-out/>
  <testcase classname="pro.saral.testCases.Test_24Q" name="Testcases_24Q" time="0.097"/>
  <system-out/>
  <testcase classname="pro.saral.testCases.Test_24Q" name="Testcases_24Q" time="0.369"/>
  <system-out/>
  <testcase classname="pro.saral.testCases.Test_24Q" name="Testcases_24Q" time="2.221"/>
  <system-out/>
  <testcase classname="pro.saral.testCases.Test_24Q" name="Testcases_24Q" time="2.215"/>
  <system-out/>
  <testcase classname="pro.saral.testCases.Test_24Q" name="Testcases_24Q" time="2.302"/>
  <system-out/>
  <testcase classname="pro.saral.testCases.Test_24Q" name="Testcases_24Q" time="2.253"/>
  <system-out/>
  <testcase classname="pro.saral.testCases.Test_24Q" name="Testcases_24Q" time="2.248"/>
  <system-out/>
  <testcase classname="pro.saral.testCases.Test_24Q" name="Testcases_24Q" time="2.489"/>
  <system-out/>
  <testcase classname="pro.saral.testCases.Test_24Q" name="Testcases_24Q" time="0.225"/>
  <system-out/>
  <testcase classname="pro.saral.testCases.Test_24Q" name="Testcases_24Q" time="0.221"/>
  <system-out/>
  <testcase classname="pro.saral.testCases.Test_24Q" name="Testcases_24Q" time="0.074"/>
  <system-out/>
  <testcase classname="pro.saral.testCases.Test_24Q" name="Testcases_24Q" time="0.361"/>
  <system-out/>
  <testcase classname="pro.saral.testCases.Test_24Q" name="Testcases_24Q" time="0.015"/>
  <system-out/>
  <testcase classname="pro.saral.testCases.Test_24Q" name="Testcases_24Q" time="0.071"/>
  <system-out/>
  <testcase classname="pro.saral.testCases.Test_24Q" name="Testcases_24Q" time="2.623"/>
  <system-out/>
  <testcase classname="pro.saral.testCases.Test_24Q" name="Testcases_24Q" time="0.258"/>
  <system-out/>
  <testcase classname="pro.saral.testCases.Test_24Q" name="Testcases_24Q" time="2.230"/>
  <system-out/>
  <testcase classname="pro.saral.testCases.Test_24Q" name="Testcases_24Q" time="0.052"/>
  <system-out/>
  <testcase classname="pro.saral.testCases.Test_24Q" name="Testcases_24Q" time="0.043"/>
  <system-out/>
  <testcase classname="pro.saral.testCases.Test_24Q" name="Testcases_24Q" time="0.076"/>
  <system-out/>
  <testcase classname="pro.saral.testCases.Test_24Q" name="Testcases_24Q" time="0.279"/>
  <system-out/>
  <testcase classname="pro.saral.testCases.Test_24Q" name="Testcases_24Q" time="2.391"/>
  <system-out/>
  <testcase classname="pro.saral.testCases.Test_24Q" name="Testcases_24Q" time="2.261"/>
  <system-out/>
  <testcase classname="pro.saral.testCases.Test_24Q" name="Testcases_24Q" time="0.210"/>
  <system-out/>
  <testcase classname="pro.saral.testCases.Test_24Q" name="Testcases_24Q" time="0.057"/>
  <system-out/>
  <testcase classname="pro.saral.testCases.Test_24Q" name="Testcases_24Q" time="0.043"/>
  <system-out/>
  <testcase classname="pro.saral.testCases.Test_24Q" name="Testcases_24Q" time="0.069"/>
  <system-out/>
  <testcase classname="pro.saral.testCases.Test_24Q" name="Testcases_24Q" time="2.257"/>
  <system-out/>
  <testcase classname="pro.saral.testCases.Test_24Q" name="Testcases_24Q" time="0.265"/>
  <system-out/>
  <testcase classname="pro.saral.testCases.Test_24Q" name="Testcases_24Q" time="2.427"/>
  <system-out/>
  <testcase classname="pro.saral.testCases.Test_24Q" name="Testcases_24Q" time="2.572"/>
  <system-out/>
  <testcase classname="pro.saral.testCases.Test_24Q" name="Testcases_24Q" time="2.182"/>
  <system-out/>
  <testcase classname="pro.saral.testCases.Test_24Q" name="Testcases_24Q" time="10.025"/>
  <system-out/>
  <testcase classname="pro.saral.testCases.Test_24Q" name="Testcases_24Q" time="2.623"/>
  <system-out/>
  <testcase classname="pro.saral.testCases.Test_24Q" name="Testcases_24Q" time="0.097"/>
  <system-out/>
  <testcase classname="pro.saral.testCases.Test_24Q" name="Testcases_24Q" time="2.325"/>
  <system-out/>
  <testcase classname="pro.saral.testCases.Test_24Q" name="Testcases_24Q" time="0.066"/>
  <system-out/>
  <testcase classname="pro.saral.testCases.Test_24Q" name="Testcases_24Q" time="2.437"/>
  <system-out/>
  <testcase classname="pro.saral.testCases.Test_24Q" name="Testcases_24Q" time="2.206"/>
  <system-out/>
  <testcase classname="pro.saral.testCases.Test_24Q" name="Testcases_24Q" time="2.467"/>
  <system-out/>
  <testcase classname="pro.saral.testCases.Test_24Q" name="Testcases_24Q" time="0.112"/>
  <system-out/>
  <testcase classname="pro.saral.testCases.Test_24Q" name="Testcases_24Q" time="0.304"/>
  <system-out/>
  <testcase classname="pro.saral.testCases.Test_24Q" name="Testcases_24Q" time="0.054"/>
  <system-out/>
  <testcase classname="pro.saral.testCases.Test_24Q" name="Testcases_24Q" time="0.071"/>
  <system-out/>
  <testcase classname="pro.saral.testCases.Test_24Q" name="Testcases_24Q" time="2.167"/>
  <system-out/>
  <testcase classname="pro.saral.testCases.Test_24Q" name="Testcases_24Q" time="0.446"/>
  <system-out/>
  <testcase classname="pro.saral.testCases.Test_24Q" name="Testcases_24Q" time="0.370"/>
  <system-out/>
  <testcase classname="pro.saral.testCases.Test_24Q" name="Testcases_24Q" time="0.297"/>
  <system-out/>
  <testcase classname="pro.saral.testCases.Test_24Q" name="Testcases_24Q" time="2.133"/>
  <system-out/>
  <testcase classname="pro.saral.testCases.Test_24Q" name="Testcases_24Q" time="2.459"/>
  <system-out/>
  <testcase classname="pro.saral.testCases.Test_24Q" name="Testcases_24Q" time="2.189"/>
  <system-out/>
  <testcase classname="pro.saral.testCases.Test_24Q" name="Testcases_24Q" time="0.181"/>
  <system-out/>
  <testcase classname="pro.saral.testCases.Test_24Q" name="Testcases_24Q" time="2.266"/>
  <system-out/>
  <testcase classname="pro.saral.testCases.Test_24Q" name="Testcases_24Q" time="2.331"/>
  <system-out/>
  <testcase classname="pro.saral.testCases.Test_24Q" name="Testcases_24Q" time="2.396"/>
  <system-out/>
  <testcase classname="pro.saral.testCases.Test_24Q" name="Testcases_24Q" time="0.344"/>
  <system-out/>
  <testcase classname="pro.saral.testCases.Test_24Q" name="Testcases_24Q" time="0.135"/>
  <system-out/>
  <testcase classname="pro.saral.testCases.Test_24Q" name="Testcases_24Q" time="2.405"/>
  <system-out/>
  <testcase classname="pro.saral.testCases.Test_24Q" name="Testcases_24Q" time="0.194"/>
  <system-out/>
</testsuite> <!-- pro.saral.testCases.Test_24Q -->
