<?xml version="1.0" encoding="UTF-8"?>
<!-- Generated by org.testng.reporters.JUnitReportReporter -->
<testsuite hostname="Darshan" name="pro.saral.testCases.Collection_27EQ_Test" tests="163" failures="0" timestamp="28 Oct 2022 12:04:04 GMT" time="239.261" errors="0">
  <testcase name="Collection_27EQ_Testcases" time="2.572" classname="pro.saral.testCases.Collection_27EQ_Test"/>
  <testcase name="Collection_27EQ_Testcases" time="0.499" classname="pro.saral.testCases.Collection_27EQ_Test"/>
  <testcase name="Collection_27EQ_Testcases" time="0.123" classname="pro.saral.testCases.Collection_27EQ_Test"/>
  <testcase name="Collection_27EQ_Testcases" time="0.140" classname="pro.saral.testCases.Collection_27EQ_Test"/>
  <testcase name="Collection_27EQ_Testcases" time="0.146" classname="pro.saral.testCases.Collection_27EQ_Test"/>
  <testcase name="Collection_27EQ_Testcases" time="0.023" classname="pro.saral.testCases.Collection_27EQ_Test"/>
  <testcase name="Collection_27EQ_Testcases" time="0.717" classname="pro.saral.testCases.Collection_27EQ_Test"/>
  <testcase name="Collection_27EQ_Testcases" time="0.256" classname="pro.saral.testCases.Collection_27EQ_Test"/>
  <testcase name="Collection_27EQ_Testcases" time="2.508" classname="pro.saral.testCases.Collection_27EQ_Test"/>
  <testcase name="Collection_27EQ_Testcases" time="2.570" classname="pro.saral.testCases.Collection_27EQ_Test"/>
  <testcase name="Collection_27EQ_Testcases" time="0.501" classname="pro.saral.testCases.Collection_27EQ_Test"/>
  <testcase name="Collection_27EQ_Testcases" time="2.518" classname="pro.saral.testCases.Collection_27EQ_Test"/>
  <testcase name="Collection_27EQ_Testcases" time="0.195" classname="pro.saral.testCases.Collection_27EQ_Test"/>
  <testcase name="Collection_27EQ_Testcases" time="3.185" classname="pro.saral.testCases.Collection_27EQ_Test"/>
  <testcase name="Collection_27EQ_Testcases" time="1.285" classname="pro.saral.testCases.Collection_27EQ_Test"/>
  <testcase name="Collection_27EQ_Testcases" time="2.655" classname="pro.saral.testCases.Collection_27EQ_Test"/>
  <testcase name="Collection_27EQ_Testcases" time="0.159" classname="pro.saral.testCases.Collection_27EQ_Test"/>
  <testcase name="Collection_27EQ_Testcases" time="0.588" classname="pro.saral.testCases.Collection_27EQ_Test"/>
  <testcase name="Collection_27EQ_Testcases" time="2.737" classname="pro.saral.testCases.Collection_27EQ_Test"/>
  <testcase name="Collection_27EQ_Testcases" time="2.479" classname="pro.saral.testCases.Collection_27EQ_Test"/>
  <testcase name="Collection_27EQ_Testcases" time="0.477" classname="pro.saral.testCases.Collection_27EQ_Test"/>
  <testcase name="Collection_27EQ_Testcases" time="0.285" classname="pro.saral.testCases.Collection_27EQ_Test"/>
  <testcase name="Collection_27EQ_Testcases" time="0.686" classname="pro.saral.testCases.Collection_27EQ_Test"/>
  <testcase name="Collection_27EQ_Testcases" time="0.414" classname="pro.saral.testCases.Collection_27EQ_Test"/>
  <testcase name="Collection_27EQ_Testcases" time="0.567" classname="pro.saral.testCases.Collection_27EQ_Test"/>
  <testcase name="Collection_27EQ_Testcases" time="0.544" classname="pro.saral.testCases.Collection_27EQ_Test"/>
  <testcase name="Collection_27EQ_Testcases" time="0.201" classname="pro.saral.testCases.Collection_27EQ_Test"/>
  <testcase name="Collection_27EQ_Testcases" time="2.658" classname="pro.saral.testCases.Collection_27EQ_Test"/>
  <testcase name="Collection_27EQ_Testcases" time="2.579" classname="pro.saral.testCases.Collection_27EQ_Test"/>
  <testcase name="Collection_27EQ_Testcases" time="0.234" classname="pro.saral.testCases.Collection_27EQ_Test"/>
  <testcase name="Collection_27EQ_Testcases" time="0.182" classname="pro.saral.testCases.Collection_27EQ_Test"/>
  <testcase name="Collection_27EQ_Testcases" time="2.516" classname="pro.saral.testCases.Collection_27EQ_Test"/>
  <testcase name="Collection_27EQ_Testcases" time="0.135" classname="pro.saral.testCases.Collection_27EQ_Test"/>
  <testcase name="Collection_27EQ_Testcases" time="0.448" classname="pro.saral.testCases.Collection_27EQ_Test"/>
  <testcase name="Collection_27EQ_Testcases" time="0.210" classname="pro.saral.testCases.Collection_27EQ_Test"/>
  <testcase name="Collection_27EQ_Testcases" time="0.535" classname="pro.saral.testCases.Collection_27EQ_Test"/>
  <testcase name="Collection_27EQ_Testcases" time="2.642" classname="pro.saral.testCases.Collection_27EQ_Test"/>
  <testcase name="Collection_27EQ_Testcases" time="0.491" classname="pro.saral.testCases.Collection_27EQ_Test"/>
  <testcase name="Collection_27EQ_Testcases" time="0.186" classname="pro.saral.testCases.Collection_27EQ_Test"/>
  <testcase name="Collection_27EQ_Testcases" time="2.409" classname="pro.saral.testCases.Collection_27EQ_Test"/>
  <testcase name="Collection_27EQ_Testcases" time="2.917" classname="pro.saral.testCases.Collection_27EQ_Test"/>
  <testcase name="Collection_27EQ_Testcases" time="2.480" classname="pro.saral.testCases.Collection_27EQ_Test"/>
  <testcase name="Collection_27EQ_Testcases" time="2.841" classname="pro.saral.testCases.Collection_27EQ_Test"/>
  <testcase name="Collection_27EQ_Testcases" time="0.040" classname="pro.saral.testCases.Collection_27EQ_Test"/>
  <testcase name="Collection_27EQ_Testcases" time="2.700" classname="pro.saral.testCases.Collection_27EQ_Test"/>
  <testcase name="Collection_27EQ_Testcases" time="2.477" classname="pro.saral.testCases.Collection_27EQ_Test"/>
  <testcase name="Collection_27EQ_Testcases" time="0.448" classname="pro.saral.testCases.Collection_27EQ_Test"/>
  <testcase name="Collection_27EQ_Testcases" time="0.253" classname="pro.saral.testCases.Collection_27EQ_Test"/>
  <testcase name="Collection_27EQ_Testcases" time="2.615" classname="pro.saral.testCases.Collection_27EQ_Test"/>
  <testcase name="Collection_27EQ_Testcases" time="2.679" classname="pro.saral.testCases.Collection_27EQ_Test"/>
  <testcase name="Collection_27EQ_Testcases" time="0.629" classname="pro.saral.testCases.Collection_27EQ_Test"/>
  <testcase name="Collection_27EQ_Testcases" time="0.971" classname="pro.saral.testCases.Collection_27EQ_Test"/>
  <testcase name="Collection_27EQ_Testcases" time="2.440" classname="pro.saral.testCases.Collection_27EQ_Test"/>
  <testcase name="Collection_27EQ_Testcases" time="2.583" classname="pro.saral.testCases.Collection_27EQ_Test"/>
  <testcase name="Collection_27EQ_Testcases" time="2.934" classname="pro.saral.testCases.Collection_27EQ_Test"/>
  <testcase name="Collection_27EQ_Testcases" time="0.064" classname="pro.saral.testCases.Collection_27EQ_Test"/>
  <testcase name="Collection_27EQ_Testcases" time="2.801" classname="pro.saral.testCases.Collection_27EQ_Test"/>
  <testcase name="Collection_27EQ_Testcases" time="0.930" classname="pro.saral.testCases.Collection_27EQ_Test"/>
  <testcase name="Collection_27EQ_Testcases" time="2.741" classname="pro.saral.testCases.Collection_27EQ_Test"/>
  <testcase name="Collection_27EQ_Testcases" time="0.559" classname="pro.saral.testCases.Collection_27EQ_Test"/>
  <testcase name="Collection_27EQ_Testcases" time="0.463" classname="pro.saral.testCases.Collection_27EQ_Test"/>
  <testcase name="Collection_27EQ_Testcases" time="2.296" classname="pro.saral.testCases.Collection_27EQ_Test"/>
  <testcase name="Collection_27EQ_Testcases" time="0.200" classname="pro.saral.testCases.Collection_27EQ_Test"/>
  <testcase name="Collection_27EQ_Testcases" time="0.653" classname="pro.saral.testCases.Collection_27EQ_Test"/>
  <testcase name="Collection_27EQ_Testcases" time="0.116" classname="pro.saral.testCases.Collection_27EQ_Test"/>
  <testcase name="Collection_27EQ_Testcases" time="2.587" classname="pro.saral.testCases.Collection_27EQ_Test"/>
  <testcase name="Collection_27EQ_Testcases" time="0.402" classname="pro.saral.testCases.Collection_27EQ_Test"/>
  <testcase name="Collection_27EQ_Testcases" time="0.217" classname="pro.saral.testCases.Collection_27EQ_Test"/>
  <testcase name="Collection_27EQ_Testcases" time="0.436" classname="pro.saral.testCases.Collection_27EQ_Test"/>
  <testcase name="Collection_27EQ_Testcases" time="0.236" classname="pro.saral.testCases.Collection_27EQ_Test"/>
  <testcase name="Collection_27EQ_Testcases" time="0.615" classname="pro.saral.testCases.Collection_27EQ_Test"/>
  <testcase name="Collection_27EQ_Testcases" time="2.639" classname="pro.saral.testCases.Collection_27EQ_Test"/>
  <testcase name="Collection_27EQ_Testcases" time="2.396" classname="pro.saral.testCases.Collection_27EQ_Test"/>
  <testcase name="Collection_27EQ_Testcases" time="0.886" classname="pro.saral.testCases.Collection_27EQ_Test"/>
  <testcase name="Collection_27EQ_Testcases" time="0.321" classname="pro.saral.testCases.Collection_27EQ_Test"/>
  <testcase name="Collection_27EQ_Testcases" time="0.470" classname="pro.saral.testCases.Collection_27EQ_Test"/>
  <testcase name="Collection_27EQ_Testcases" time="2.800" classname="pro.saral.testCases.Collection_27EQ_Test"/>
  <testcase name="Collection_27EQ_Testcases" time="2.769" classname="pro.saral.testCases.Collection_27EQ_Test"/>
  <testcase name="Collection_27EQ_Testcases" time="2.819" classname="pro.saral.testCases.Collection_27EQ_Test"/>
  <testcase name="Collection_27EQ_Testcases" time="0.266" classname="pro.saral.testCases.Collection_27EQ_Test"/>
  <testcase name="Collection_27EQ_Testcases" time="2.449" classname="pro.saral.testCases.Collection_27EQ_Test"/>
  <testcase name="Collection_27EQ_Testcases" time="2.748" classname="pro.saral.testCases.Collection_27EQ_Test"/>
  <testcase name="Collection_27EQ_Testcases" time="2.821" classname="pro.saral.testCases.Collection_27EQ_Test"/>
  <testcase name="Collection_27EQ_Testcases" time="0.025" classname="pro.saral.testCases.Collection_27EQ_Test"/>
  <testcase name="Collection_27EQ_Testcases" time="0.525" classname="pro.saral.testCases.Collection_27EQ_Test"/>
  <testcase name="Collection_27EQ_Testcases" time="0.732" classname="pro.saral.testCases.Collection_27EQ_Test"/>
  <testcase name="Collection_27EQ_Testcases" time="0.295" classname="pro.saral.testCases.Collection_27EQ_Test"/>
  <testcase name="Collection_27EQ_Testcases" time="0.189" classname="pro.saral.testCases.Collection_27EQ_Test"/>
  <testcase name="Collection_27EQ_Testcases" time="0.636" classname="pro.saral.testCases.Collection_27EQ_Test"/>
  <testcase name="Collection_27EQ_Testcases" time="2.663" classname="pro.saral.testCases.Collection_27EQ_Test"/>
  <testcase name="Collection_27EQ_Testcases" time="0.439" classname="pro.saral.testCases.Collection_27EQ_Test"/>
  <testcase name="Collection_27EQ_Testcases" time="0.016" classname="pro.saral.testCases.Collection_27EQ_Test"/>
  <testcase name="Collection_27EQ_Testcases" time="0.055" classname="pro.saral.testCases.Collection_27EQ_Test"/>
  <testcase name="Collection_27EQ_Testcases" time="2.951" classname="pro.saral.testCases.Collection_27EQ_Test"/>
  <testcase name="Collection_27EQ_Testcases" time="2.611" classname="pro.saral.testCases.Collection_27EQ_Test"/>
  <testcase name="Collection_27EQ_Testcases" time="0.752" classname="pro.saral.testCases.Collection_27EQ_Test"/>
  <testcase name="Collection_27EQ_Testcases" time="2.920" classname="pro.saral.testCases.Collection_27EQ_Test"/>
  <testcase name="Collection_27EQ_Testcases" time="0.775" classname="pro.saral.testCases.Collection_27EQ_Test"/>
  <testcase name="Collection_27EQ_Testcases" time="2.825" classname="pro.saral.testCases.Collection_27EQ_Test"/>
  <testcase name="Collection_27EQ_Testcases" time="2.624" classname="pro.saral.testCases.Collection_27EQ_Test"/>
  <testcase name="Collection_27EQ_Testcases" time="2.410" classname="pro.saral.testCases.Collection_27EQ_Test"/>
  <testcase name="Collection_27EQ_Testcases" time="2.357" classname="pro.saral.testCases.Collection_27EQ_Test"/>
  <testcase name="Collection_27EQ_Testcases" time="0.019" classname="pro.saral.testCases.Collection_27EQ_Test"/>
  <testcase name="Collection_27EQ_Testcases" time="2.574" classname="pro.saral.testCases.Collection_27EQ_Test"/>
  <testcase name="Collection_27EQ_Testcases" time="0.363" classname="pro.saral.testCases.Collection_27EQ_Test"/>
  <testcase name="Collection_27EQ_Testcases" time="2.713" classname="pro.saral.testCases.Collection_27EQ_Test"/>
  <testcase name="Collection_27EQ_Testcases" time="0.514" classname="pro.saral.testCases.Collection_27EQ_Test"/>
  <testcase name="Collection_27EQ_Testcases" time="0.271" classname="pro.saral.testCases.Collection_27EQ_Test"/>
  <testcase name="Collection_27EQ_Testcases" time="0.148" classname="pro.saral.testCases.Collection_27EQ_Test"/>
  <testcase name="Collection_27EQ_Testcases" time="2.744" classname="pro.saral.testCases.Collection_27EQ_Test"/>
  <testcase name="Collection_27EQ_Testcases" time="0.200" classname="pro.saral.testCases.Collection_27EQ_Test"/>
  <testcase name="Collection_27EQ_Testcases" time="0.901" classname="pro.saral.testCases.Collection_27EQ_Test"/>
  <testcase name="Collection_27EQ_Testcases" time="0.675" classname="pro.saral.testCases.Collection_27EQ_Test"/>
  <testcase name="Collection_27EQ_Testcases" time="2.789" classname="pro.saral.testCases.Collection_27EQ_Test"/>
  <testcase name="Collection_27EQ_Testcases" time="2.544" classname="pro.saral.testCases.Collection_27EQ_Test"/>
  <testcase name="Collection_27EQ_Testcases" time="0.595" classname="pro.saral.testCases.Collection_27EQ_Test"/>
  <testcase name="Collection_27EQ_Testcases" time="0.123" classname="pro.saral.testCases.Collection_27EQ_Test"/>
  <testcase name="Collection_27EQ_Testcases" time="0.125" classname="pro.saral.testCases.Collection_27EQ_Test"/>
  <testcase name="Collection_27EQ_Testcases" time="2.591" classname="pro.saral.testCases.Collection_27EQ_Test"/>
  <testcase name="Collection_27EQ_Testcases" time="2.643" classname="pro.saral.testCases.Collection_27EQ_Test"/>
  <testcase name="Collection_27EQ_Testcases" time="2.487" classname="pro.saral.testCases.Collection_27EQ_Test"/>
  <testcase name="Collection_27EQ_Testcases" time="2.537" classname="pro.saral.testCases.Collection_27EQ_Test"/>
  <testcase name="Collection_27EQ_Testcases" time="0.184" classname="pro.saral.testCases.Collection_27EQ_Test"/>
  <testcase name="Collection_27EQ_Testcases" time="2.552" classname="pro.saral.testCases.Collection_27EQ_Test"/>
  <testcase name="Collection_27EQ_Testcases" time="0.246" classname="pro.saral.testCases.Collection_27EQ_Test"/>
  <testcase name="Collection_27EQ_Testcases" time="3.036" classname="pro.saral.testCases.Collection_27EQ_Test"/>
  <testcase name="Collection_27EQ_Testcases" time="2.403" classname="pro.saral.testCases.Collection_27EQ_Test"/>
  <testcase name="Collection_27EQ_Testcases" time="0.672" classname="pro.saral.testCases.Collection_27EQ_Test"/>
  <testcase name="Collection_27EQ_Testcases" time="2.865" classname="pro.saral.testCases.Collection_27EQ_Test"/>
  <testcase name="Collection_27EQ_Testcases" time="0.293" classname="pro.saral.testCases.Collection_27EQ_Test"/>
  <testcase name="Collection_27EQ_Testcases" time="2.565" classname="pro.saral.testCases.Collection_27EQ_Test"/>
  <testcase name="Collection_27EQ_Testcases" time="2.492" classname="pro.saral.testCases.Collection_27EQ_Test"/>
  <testcase name="Collection_27EQ_Testcases" time="2.566" classname="pro.saral.testCases.Collection_27EQ_Test"/>
  <testcase name="Collection_27EQ_Testcases" time="2.724" classname="pro.saral.testCases.Collection_27EQ_Test"/>
  <testcase name="Collection_27EQ_Testcases" time="2.632" classname="pro.saral.testCases.Collection_27EQ_Test"/>
  <testcase name="Collection_27EQ_Testcases" time="2.435" classname="pro.saral.testCases.Collection_27EQ_Test"/>
  <testcase name="Collection_27EQ_Testcases" time="2.542" classname="pro.saral.testCases.Collection_27EQ_Test"/>
  <testcase name="Collection_27EQ_Testcases" time="3.054" classname="pro.saral.testCases.Collection_27EQ_Test"/>
  <testcase name="Collection_27EQ_Testcases" time="2.464" classname="pro.saral.testCases.Collection_27EQ_Test"/>
  <testcase name="Collection_27EQ_Testcases" time="2.568" classname="pro.saral.testCases.Collection_27EQ_Test"/>
  <testcase name="Collection_27EQ_Testcases" time="0.341" classname="pro.saral.testCases.Collection_27EQ_Test"/>
  <testcase name="Collection_27EQ_Testcases" time="2.710" classname="pro.saral.testCases.Collection_27EQ_Test"/>
  <testcase name="Collection_27EQ_Testcases" time="2.662" classname="pro.saral.testCases.Collection_27EQ_Test"/>
  <testcase name="Collection_27EQ_Testcases" time="0.419" classname="pro.saral.testCases.Collection_27EQ_Test"/>
  <testcase name="Collection_27EQ_Testcases" time="0.554" classname="pro.saral.testCases.Collection_27EQ_Test"/>
  <testcase name="Collection_27EQ_Testcases" time="0.677" classname="pro.saral.testCases.Collection_27EQ_Test"/>
  <testcase name="Collection_27EQ_Testcases" time="2.674" classname="pro.saral.testCases.Collection_27EQ_Test"/>
  <testcase name="Collection_27EQ_Testcases" time="2.614" classname="pro.saral.testCases.Collection_27EQ_Test"/>
  <testcase name="Collection_27EQ_Testcases" time="0.302" classname="pro.saral.testCases.Collection_27EQ_Test"/>
  <testcase name="Collection_27EQ_Testcases" time="2.725" classname="pro.saral.testCases.Collection_27EQ_Test"/>
  <testcase name="Collection_27EQ_Testcases" time="2.843" classname="pro.saral.testCases.Collection_27EQ_Test"/>
  <testcase name="Collection_27EQ_Testcases" time="2.811" classname="pro.saral.testCases.Collection_27EQ_Test"/>
  <testcase name="Collection_27EQ_Testcases" time="2.297" classname="pro.saral.testCases.Collection_27EQ_Test"/>
  <testcase name="Collection_27EQ_Testcases" time="2.835" classname="pro.saral.testCases.Collection_27EQ_Test"/>
  <testcase name="Collection_27EQ_Testcases" time="0.024" classname="pro.saral.testCases.Collection_27EQ_Test"/>
  <testcase name="Collection_27EQ_Testcases" time="2.521" classname="pro.saral.testCases.Collection_27EQ_Test"/>
  <testcase name="Collection_27EQ_Testcases" time="0.125" classname="pro.saral.testCases.Collection_27EQ_Test"/>
  <testcase name="Collection_27EQ_Testcases" time="0.023" classname="pro.saral.testCases.Collection_27EQ_Test"/>
  <testcase name="Collection_27EQ_Testcases" time="2.632" classname="pro.saral.testCases.Collection_27EQ_Test"/>
  <testcase name="Collection_27EQ_Testcases" time="0.538" classname="pro.saral.testCases.Collection_27EQ_Test"/>
  <testcase name="Collection_27EQ_Testcases" time="2.786" classname="pro.saral.testCases.Collection_27EQ_Test"/>
  <testcase name="Collection_27EQ_Testcases" time="0.014" classname="pro.saral.testCases.Collection_27EQ_Test"/>
  <testcase name="Collection_27EQ_Testcases" time="0.523" classname="pro.saral.testCases.Collection_27EQ_Test"/>
</testsuite> <!-- pro.saral.testCases.Collection_27EQ_Test -->
