<?xml version="1.0" encoding="UTF-8"?>
<!-- Generated by org.testng.reporters.JUnitReportReporter -->
<testsuite hostname="Darshan" failures="0" tests="398" name="pro.saral.testCases.Masters" time="505.237" errors="0" timestamp="2023-01-09T13:44:24 IST" skipped="0">
  <testcase classname="pro.saral.testCases.Masters" name="Testcases_Masters" time="0.073"/>
  <system-out/>
  <testcase classname="pro.saral.testCases.Masters" name="Testcases_Masters" time="2.177"/>
  <system-out/>
  <testcase classname="pro.saral.testCases.Masters" name="Testcases_Masters" time="0.205"/>
  <system-out/>
  <testcase classname="pro.saral.testCases.Masters" name="Testcases_Masters" time="0.070"/>
  <system-out/>
  <testcase classname="pro.saral.testCases.Masters" name="Testcases_Masters" time="0.386"/>
  <system-out/>
  <testcase classname="pro.saral.testCases.Masters" name="Testcases_Masters" time="1.126"/>
  <system-out/>
  <testcase classname="pro.saral.testCases.Masters" name="Testcases_Masters" time="0.252"/>
  <system-out/>
  <testcase classname="pro.saral.testCases.Masters" name="Testcases_Masters" time="1.324"/>
  <system-out/>
  <testcase classname="pro.saral.testCases.Masters" name="Testcases_Masters" time="2.271"/>
  <system-out/>
  <testcase classname="pro.saral.testCases.Masters" name="Testcases_Masters" time="0.225"/>
  <system-out/>
  <testcase classname="pro.saral.testCases.Masters" name="Testcases_Masters" time="2.255"/>
  <system-out/>
  <testcase classname="pro.saral.testCases.Masters" name="Testcases_Masters" time="0.440"/>
  <system-out/>
  <testcase classname="pro.saral.testCases.Masters" name="Testcases_Masters" time="0.174"/>
  <system-out/>
  <testcase classname="pro.saral.testCases.Masters" name="Testcases_Masters" time="0.815"/>
  <system-out/>
  <testcase classname="pro.saral.testCases.Masters" name="Testcases_Masters" time="0.201"/>
  <system-out/>
  <testcase classname="pro.saral.testCases.Masters" name="Testcases_Masters" time="0.106"/>
  <system-out/>
  <testcase classname="pro.saral.testCases.Masters" name="Testcases_Masters" time="0.142"/>
  <system-out/>
  <testcase classname="pro.saral.testCases.Masters" name="Testcases_Masters" time="0.282"/>
  <system-out/>
  <testcase classname="pro.saral.testCases.Masters" name="Testcases_Masters" time="0.287"/>
  <system-out/>
  <testcase classname="pro.saral.testCases.Masters" name="Testcases_Masters" time="0.010"/>
  <system-out/>
  <testcase classname="pro.saral.testCases.Masters" name="Testcases_Masters" time="0.057"/>
  <system-out/>
  <testcase classname="pro.saral.testCases.Masters" name="Testcases_Masters" time="2.334"/>
  <system-out/>
  <testcase classname="pro.saral.testCases.Masters" name="Testcases_Masters" time="2.242"/>
  <system-out/>
  <testcase classname="pro.saral.testCases.Masters" name="Testcases_Masters" time="0.289"/>
  <system-out/>
  <testcase classname="pro.saral.testCases.Masters" name="Testcases_Masters" time="0.094"/>
  <system-out/>
  <testcase classname="pro.saral.testCases.Masters" name="Testcases_Masters" time="2.197"/>
  <system-out/>
  <testcase classname="pro.saral.testCases.Masters" name="Testcases_Masters" time="2.213"/>
  <system-out/>
  <testcase classname="pro.saral.testCases.Masters" name="Testcases_Masters" time="0.171"/>
  <system-out/>
  <testcase classname="pro.saral.testCases.Masters" name="Testcases_Masters" time="0.254"/>
  <system-out/>
  <testcase classname="pro.saral.testCases.Masters" name="Testcases_Masters" time="0.055"/>
  <system-out/>
  <testcase classname="pro.saral.testCases.Masters" name="Testcases_Masters" time="0.237"/>
  <system-out/>
  <testcase classname="pro.saral.testCases.Masters" name="Testcases_Masters" time="0.131"/>
  <system-out/>
  <testcase classname="pro.saral.testCases.Masters" name="Testcases_Masters" time="2.270"/>
  <system-out/>
  <testcase classname="pro.saral.testCases.Masters" name="Testcases_Masters" time="0.072"/>
  <system-out/>
  <testcase classname="pro.saral.testCases.Masters" name="Testcases_Masters" time="2.191"/>
  <system-out/>
  <testcase classname="pro.saral.testCases.Masters" name="Testcases_Masters" time="2.190"/>
  <system-out/>
  <testcase classname="pro.saral.testCases.Masters" name="Testcases_Masters" time="0.314"/>
  <system-out/>
  <testcase classname="pro.saral.testCases.Masters" name="Testcases_Masters" time="2.202"/>
  <system-out/>
  <testcase classname="pro.saral.testCases.Masters" name="Testcases_Masters" time="0.215"/>
  <system-out/>
  <testcase classname="pro.saral.testCases.Masters" name="Testcases_Masters" time="0.015"/>
  <system-out/>
  <testcase classname="pro.saral.testCases.Masters" name="Testcases_Masters" time="0.273"/>
  <system-out/>
  <testcase classname="pro.saral.testCases.Masters" name="Testcases_Masters" time="0.067"/>
  <system-out/>
  <testcase classname="pro.saral.testCases.Masters" name="Testcases_Masters" time="0.227"/>
  <system-out/>
  <testcase classname="pro.saral.testCases.Masters" name="Testcases_Masters" time="0.147"/>
  <system-out/>
  <testcase classname="pro.saral.testCases.Masters" name="Testcases_Masters" time="2.244"/>
  <system-out/>
  <testcase classname="pro.saral.testCases.Masters" name="Testcases_Masters" time="0.099"/>
  <system-out/>
  <testcase classname="pro.saral.testCases.Masters" name="Testcases_Masters" time="2.175"/>
  <system-out/>
  <testcase classname="pro.saral.testCases.Masters" name="Testcases_Masters" time="19.168"/>
  <system-out/>
  <testcase classname="pro.saral.testCases.Masters" name="Testcases_Masters" time="0.083"/>
  <system-out/>
  <testcase classname="pro.saral.testCases.Masters" name="Testcases_Masters" time="0.474"/>
  <system-out/>
  <testcase classname="pro.saral.testCases.Masters" name="Testcases_Masters" time="0.403"/>
  <system-out/>
  <testcase classname="pro.saral.testCases.Masters" name="Testcases_Masters" time="0.202"/>
  <system-out/>
  <testcase classname="pro.saral.testCases.Masters" name="Testcases_Masters" time="0.254"/>
  <system-out/>
  <testcase classname="pro.saral.testCases.Masters" name="Testcases_Masters" time="0.067"/>
  <system-out/>
  <testcase classname="pro.saral.testCases.Masters" name="Testcases_Masters" time="0.042"/>
  <system-out/>
  <testcase classname="pro.saral.testCases.Masters" name="Testcases_Masters" time="2.325"/>
  <system-out/>
  <testcase classname="pro.saral.testCases.Masters" name="Testcases_Masters" time="2.170"/>
  <system-out/>
  <testcase classname="pro.saral.testCases.Masters" name="Testcases_Masters" time="0.011"/>
  <system-out/>
  <testcase classname="pro.saral.testCases.Masters" name="Testcases_Masters" time="0.737"/>
  <system-out/>
  <testcase classname="pro.saral.testCases.Masters" name="Testcases_Masters" time="0.779"/>
  <system-out/>
  <testcase classname="pro.saral.testCases.Masters" name="Testcases_Masters" time="0.250"/>
  <system-out/>
  <testcase classname="pro.saral.testCases.Masters" name="Testcases_Masters" time="2.265"/>
  <system-out/>
  <testcase classname="pro.saral.testCases.Masters" name="Testcases_Masters" time="0.190"/>
  <system-out/>
  <testcase classname="pro.saral.testCases.Masters" name="Testcases_Masters" time="0.057"/>
  <system-out/>
  <testcase classname="pro.saral.testCases.Masters" name="Testcases_Masters" time="0.439"/>
  <system-out/>
  <testcase classname="pro.saral.testCases.Masters" name="Testcases_Masters" time="2.509"/>
  <system-out/>
  <testcase classname="pro.saral.testCases.Masters" name="Testcases_Masters" time="0.177"/>
  <system-out/>
  <testcase classname="pro.saral.testCases.Masters" name="Testcases_Masters" time="2.241"/>
  <system-out/>
  <testcase classname="pro.saral.testCases.Masters" name="Testcases_Masters" time="0.252"/>
  <system-out/>
  <testcase classname="pro.saral.testCases.Masters" name="Testcases_Masters" time="2.248"/>
  <system-out/>
  <testcase classname="pro.saral.testCases.Masters" name="Testcases_Masters" time="0.429"/>
  <system-out/>
  <testcase classname="pro.saral.testCases.Masters" name="Testcases_Masters" time="0.402"/>
  <system-out/>
  <testcase classname="pro.saral.testCases.Masters" name="Testcases_Masters" time="2.253"/>
  <system-out/>
  <testcase classname="pro.saral.testCases.Masters" name="Testcases_Masters" time="0.202"/>
  <system-out/>
  <testcase classname="pro.saral.testCases.Masters" name="Testcases_Masters" time="2.314"/>
  <system-out/>
  <testcase classname="pro.saral.testCases.Masters" name="Testcases_Masters" time="0.107"/>
  <system-out/>
  <testcase classname="pro.saral.testCases.Masters" name="Testcases_Masters" time="0.202"/>
  <system-out/>
  <testcase classname="pro.saral.testCases.Masters" name="Testcases_Masters" time="0.014"/>
  <system-out/>
  <testcase classname="pro.saral.testCases.Masters" name="Testcases_Masters" time="2.327"/>
  <system-out/>
  <testcase classname="pro.saral.testCases.Masters" name="Testcases_Masters" time="2.259"/>
  <system-out/>
  <testcase classname="pro.saral.testCases.Masters" name="Testcases_Masters" time="0.072"/>
  <system-out/>
  <testcase classname="pro.saral.testCases.Masters" name="Testcases_Masters" time="0.485"/>
  <system-out/>
  <testcase classname="pro.saral.testCases.Masters" name="Testcases_Masters" time="0.111"/>
  <system-out/>
  <testcase classname="pro.saral.testCases.Masters" name="Testcases_Masters" time="0.044"/>
  <system-out/>
  <testcase classname="pro.saral.testCases.Masters" name="Testcases_Masters" time="2.526"/>
  <system-out/>
  <testcase classname="pro.saral.testCases.Masters" name="Testcases_Masters" time="0.337"/>
  <system-out/>
  <testcase classname="pro.saral.testCases.Masters" name="Testcases_Masters" time="0.160"/>
  <system-out/>
  <testcase classname="pro.saral.testCases.Masters" name="Testcases_Masters" time="2.191"/>
  <system-out/>
  <testcase classname="pro.saral.testCases.Masters" name="Testcases_Masters" time="0.178"/>
  <system-out/>
  <testcase classname="pro.saral.testCases.Masters" name="Testcases_Masters" time="0.251"/>
  <system-out/>
  <testcase classname="pro.saral.testCases.Masters" name="Testcases_Masters" time="2.282"/>
  <system-out/>
  <testcase classname="pro.saral.testCases.Masters" name="Testcases_Masters" time="2.367"/>
  <system-out/>
  <testcase classname="pro.saral.testCases.Masters" name="Testcases_Masters" time="0.058"/>
  <system-out/>
  <testcase classname="pro.saral.testCases.Masters" name="Testcases_Masters" time="0.267"/>
  <system-out/>
  <testcase classname="pro.saral.testCases.Masters" name="Testcases_Masters" time="2.358"/>
  <system-out/>
  <testcase classname="pro.saral.testCases.Masters" name="Testcases_Masters" time="0.289"/>
  <system-out/>
  <testcase classname="pro.saral.testCases.Masters" name="Testcases_Masters" time="2.213"/>
  <system-out/>
  <testcase classname="pro.saral.testCases.Masters" name="Testcases_Masters" time="0.183"/>
  <system-out/>
  <testcase classname="pro.saral.testCases.Masters" name="Testcases_Masters" time="2.153"/>
  <system-out/>
  <testcase classname="pro.saral.testCases.Masters" name="Testcases_Masters" time="1.350"/>
  <system-out/>
  <testcase classname="pro.saral.testCases.Masters" name="Testcases_Masters" time="2.339"/>
  <system-out/>
  <testcase classname="pro.saral.testCases.Masters" name="Testcases_Masters" time="0.085"/>
  <system-out/>
  <testcase classname="pro.saral.testCases.Masters" name="Testcases_Masters" time="0.010"/>
  <system-out/>
  <testcase classname="pro.saral.testCases.Masters" name="Testcases_Masters" time="2.265"/>
  <system-out/>
  <testcase classname="pro.saral.testCases.Masters" name="Testcases_Masters" time="2.358"/>
  <system-out/>
  <testcase classname="pro.saral.testCases.Masters" name="Testcases_Masters" time="0.266"/>
  <system-out/>
  <testcase classname="pro.saral.testCases.Masters" name="Testcases_Masters" time="2.256"/>
  <system-out/>
  <testcase classname="pro.saral.testCases.Masters" name="Testcases_Masters" time="20.086"/>
  <system-out/>
  <testcase classname="pro.saral.testCases.Masters" name="Testcases_Masters" time="0.390"/>
  <system-out/>
  <testcase classname="pro.saral.testCases.Masters" name="Testcases_Masters" time="0.019"/>
  <system-out/>
  <testcase classname="pro.saral.testCases.Masters" name="Testcases_Masters" time="2.194"/>
  <system-out/>
  <testcase classname="pro.saral.testCases.Masters" name="Testcases_Masters" time="2.285"/>
  <system-out/>
  <testcase classname="pro.saral.testCases.Masters" name="Testcases_Masters" time="2.203"/>
  <system-out/>
  <testcase classname="pro.saral.testCases.Masters" name="Testcases_Masters" time="0.309"/>
  <system-out/>
  <testcase classname="pro.saral.testCases.Masters" name="Testcases_Masters" time="0.365"/>
  <system-out/>
  <testcase classname="pro.saral.testCases.Masters" name="Testcases_Masters" time="0.246"/>
  <system-out/>
  <testcase classname="pro.saral.testCases.Masters" name="Testcases_Masters" time="2.172"/>
  <system-out/>
  <testcase classname="pro.saral.testCases.Masters" name="Testcases_Masters" time="2.340"/>
  <system-out/>
  <testcase classname="pro.saral.testCases.Masters" name="Testcases_Masters" time="2.242"/>
  <system-out/>
  <testcase classname="pro.saral.testCases.Masters" name="Testcases_Masters" time="0.093"/>
  <system-out/>
  <testcase classname="pro.saral.testCases.Masters" name="Testcases_Masters" time="0.179"/>
  <system-out/>
  <testcase classname="pro.saral.testCases.Masters" name="Testcases_Masters" time="2.249"/>
  <system-out/>
  <testcase classname="pro.saral.testCases.Masters" name="Testcases_Masters" time="0.185"/>
  <system-out/>
  <testcase classname="pro.saral.testCases.Masters" name="Testcases_Masters" time="2.152"/>
  <system-out/>
  <testcase classname="pro.saral.testCases.Masters" name="Testcases_Masters" time="0.008"/>
  <system-out/>
  <testcase classname="pro.saral.testCases.Masters" name="Testcases_Masters" time="0.148"/>
  <system-out/>
  <testcase classname="pro.saral.testCases.Masters" name="Testcases_Masters" time="0.015"/>
  <system-out/>
  <testcase classname="pro.saral.testCases.Masters" name="Testcases_Masters" time="0.168"/>
  <system-out/>
  <testcase classname="pro.saral.testCases.Masters" name="Testcases_Masters" time="2.227"/>
  <system-out/>
  <testcase classname="pro.saral.testCases.Masters" name="Testcases_Masters" time="2.239"/>
  <system-out/>
  <testcase classname="pro.saral.testCases.Masters" name="Testcases_Masters" time="2.377"/>
  <system-out/>
  <testcase classname="pro.saral.testCases.Masters" name="Testcases_Masters" time="2.338"/>
  <system-out/>
  <testcase classname="pro.saral.testCases.Masters" name="Testcases_Masters" time="0.048"/>
  <system-out/>
  <testcase classname="pro.saral.testCases.Masters" name="Testcases_Masters" time="2.313"/>
  <system-out/>
  <testcase classname="pro.saral.testCases.Masters" name="Testcases_Masters" time="0.190"/>
  <system-out/>
  <testcase classname="pro.saral.testCases.Masters" name="Testcases_Masters" time="0.117"/>
  <system-out/>
  <testcase classname="pro.saral.testCases.Masters" name="Testcases_Masters" time="0.053"/>
  <system-out/>
  <testcase classname="pro.saral.testCases.Masters" name="Testcases_Masters" time="0.281"/>
  <system-out/>
  <testcase classname="pro.saral.testCases.Masters" name="Testcases_Masters" time="2.292"/>
  <system-out/>
  <testcase classname="pro.saral.testCases.Masters" name="Testcases_Masters" time="0.085"/>
  <system-out/>
  <testcase classname="pro.saral.testCases.Masters" name="Testcases_Masters" time="2.187"/>
  <system-out/>
  <testcase classname="pro.saral.testCases.Masters" name="Testcases_Masters" time="0.216"/>
  <system-out/>
  <testcase classname="pro.saral.testCases.Masters" name="Testcases_Masters" time="2.321"/>
  <system-out/>
  <testcase classname="pro.saral.testCases.Masters" name="Testcases_Masters" time="2.209"/>
  <system-out/>
  <testcase classname="pro.saral.testCases.Masters" name="Testcases_Masters" time="0.074"/>
  <system-out/>
  <testcase classname="pro.saral.testCases.Masters" name="Testcases_Masters" time="2.448"/>
  <system-out/>
  <testcase classname="pro.saral.testCases.Masters" name="Testcases_Masters" time="0.014"/>
  <system-out/>
  <testcase classname="pro.saral.testCases.Masters" name="Testcases_Masters" time="0.010"/>
  <system-out/>
  <testcase classname="pro.saral.testCases.Masters" name="Testcases_Masters" time="0.068"/>
  <system-out/>
  <testcase classname="pro.saral.testCases.Masters" name="Testcases_Masters" time="0.196"/>
  <system-out/>
  <testcase classname="pro.saral.testCases.Masters" name="Testcases_Masters" time="2.273"/>
  <system-out/>
  <testcase classname="pro.saral.testCases.Masters" name="Testcases_Masters" time="0.089"/>
  <system-out/>
  <testcase classname="pro.saral.testCases.Masters" name="Testcases_Masters" time="0.306"/>
  <system-out/>
  <testcase classname="pro.saral.testCases.Masters" name="Testcases_Masters" time="2.220"/>
  <system-out/>
  <testcase classname="pro.saral.testCases.Masters" name="Testcases_Masters" time="0.240"/>
  <system-out/>
  <testcase classname="pro.saral.testCases.Masters" name="Testcases_Masters" time="0.086"/>
  <system-out/>
  <testcase classname="pro.saral.testCases.Masters" name="Testcases_Masters" time="2.348"/>
  <system-out/>
  <testcase classname="pro.saral.testCases.Masters" name="Testcases_Masters" time="2.249"/>
  <system-out/>
  <testcase classname="pro.saral.testCases.Masters" name="Testcases_Masters" time="2.278"/>
  <system-out/>
  <testcase classname="pro.saral.testCases.Masters" name="Testcases_Masters" time="0.084"/>
  <system-out/>
  <testcase classname="pro.saral.testCases.Masters" name="Testcases_Masters" time="0.480"/>
  <system-out/>
  <testcase classname="pro.saral.testCases.Masters" name="Testcases_Masters" time="0.190"/>
  <system-out/>
  <testcase classname="pro.saral.testCases.Masters" name="Testcases_Masters" time="0.338"/>
  <system-out/>
  <testcase classname="pro.saral.testCases.Masters" name="Testcases_Masters" time="2.163"/>
  <system-out/>
  <testcase classname="pro.saral.testCases.Masters" name="Testcases_Masters" time="2.351"/>
  <system-out/>
  <testcase classname="pro.saral.testCases.Masters" name="Testcases_Masters" time="0.791"/>
  <system-out/>
  <testcase classname="pro.saral.testCases.Masters" name="Testcases_Masters" time="2.282"/>
  <system-out/>
  <testcase classname="pro.saral.testCases.Masters" name="Testcases_Masters" time="0.344"/>
  <system-out/>
  <testcase classname="pro.saral.testCases.Masters" name="Testcases_Masters" time="2.272"/>
  <system-out/>
  <testcase classname="pro.saral.testCases.Masters" name="Testcases_Masters" time="2.225"/>
  <system-out/>
  <testcase classname="pro.saral.testCases.Masters" name="Testcases_Masters" time="2.790"/>
  <system-out/>
  <testcase classname="pro.saral.testCases.Masters" name="Testcases_Masters" time="0.217"/>
  <system-out/>
  <testcase classname="pro.saral.testCases.Masters" name="Testcases_Masters" time="1.169"/>
  <system-out/>
  <testcase classname="pro.saral.testCases.Masters" name="Testcases_Masters" time="0.267"/>
  <system-out/>
  <testcase classname="pro.saral.testCases.Masters" name="Testcases_Masters" time="0.200"/>
  <system-out/>
  <testcase classname="pro.saral.testCases.Masters" name="Testcases_Masters" time="0.300"/>
  <system-out/>
  <testcase classname="pro.saral.testCases.Masters" name="Testcases_Masters" time="0.249"/>
  <system-out/>
  <testcase classname="pro.saral.testCases.Masters" name="Testcases_Masters" time="0.053"/>
  <system-out/>
  <testcase classname="pro.saral.testCases.Masters" name="Testcases_Masters" time="0.192"/>
  <system-out/>
  <testcase classname="pro.saral.testCases.Masters" name="Testcases_Masters" time="0.522"/>
  <system-out/>
  <testcase classname="pro.saral.testCases.Masters" name="Testcases_Masters" time="0.064"/>
  <system-out/>
  <testcase classname="pro.saral.testCases.Masters" name="Testcases_Masters" time="0.708"/>
  <system-out/>
  <testcase classname="pro.saral.testCases.Masters" name="Testcases_Masters" time="0.667"/>
  <system-out/>
  <testcase classname="pro.saral.testCases.Masters" name="Testcases_Masters" time="2.265"/>
  <system-out/>
  <testcase classname="pro.saral.testCases.Masters" name="Testcases_Masters" time="0.215"/>
  <system-out/>
  <testcase classname="pro.saral.testCases.Masters" name="Testcases_Masters" time="20.109"/>
  <system-out/>
  <testcase classname="pro.saral.testCases.Masters" name="Testcases_Masters" time="0.445"/>
  <system-out/>
  <testcase classname="pro.saral.testCases.Masters" name="Testcases_Masters" time="0.085"/>
  <system-out/>
  <testcase classname="pro.saral.testCases.Masters" name="Testcases_Masters" time="0.125"/>
  <system-out/>
  <testcase classname="pro.saral.testCases.Masters" name="Testcases_Masters" time="0.216"/>
  <system-out/>
  <testcase classname="pro.saral.testCases.Masters" name="Testcases_Masters" time="2.258"/>
  <system-out/>
  <testcase classname="pro.saral.testCases.Masters" name="Testcases_Masters" time="2.189"/>
  <system-out/>
  <testcase classname="pro.saral.testCases.Masters" name="Testcases_Masters" time="0.289"/>
  <system-out/>
  <testcase classname="pro.saral.testCases.Masters" name="Testcases_Masters" time="0.071"/>
  <system-out/>
  <testcase classname="pro.saral.testCases.Masters" name="Testcases_Masters" time="0.231"/>
  <system-out/>
  <testcase classname="pro.saral.testCases.Masters" name="Testcases_Masters" time="0.207"/>
  <system-out/>
  <testcase classname="pro.saral.testCases.Masters" name="Testcases_Masters" time="2.299"/>
  <system-out/>
  <testcase classname="pro.saral.testCases.Masters" name="Testcases_Masters" time="0.119"/>
  <system-out/>
  <testcase classname="pro.saral.testCases.Masters" name="Testcases_Masters" time="0.443"/>
  <system-out/>
  <testcase classname="pro.saral.testCases.Masters" name="Testcases_Masters" time="0.207"/>
  <system-out/>
  <testcase classname="pro.saral.testCases.Masters" name="Testcases_Masters" time="0.461"/>
  <system-out/>
  <testcase classname="pro.saral.testCases.Masters" name="Testcases_Masters" time="0.011"/>
  <system-out/>
  <testcase classname="pro.saral.testCases.Masters" name="Testcases_Masters" time="2.228"/>
  <system-out/>
  <testcase classname="pro.saral.testCases.Masters" name="Testcases_Masters" time="2.229"/>
  <system-out/>
  <testcase classname="pro.saral.testCases.Masters" name="Testcases_Masters" time="2.408"/>
  <system-out/>
  <testcase classname="pro.saral.testCases.Masters" name="Testcases_Masters" time="2.189"/>
  <system-out/>
  <testcase classname="pro.saral.testCases.Masters" name="Testcases_Masters" time="0.233"/>
  <system-out/>
  <testcase classname="pro.saral.testCases.Masters" name="Testcases_Masters" time="0.341"/>
  <system-out/>
  <testcase classname="pro.saral.testCases.Masters" name="Testcases_Masters" time="0.218"/>
  <system-out/>
  <testcase classname="pro.saral.testCases.Masters" name="Testcases_Masters" time="0.116"/>
  <system-out/>
  <testcase classname="pro.saral.testCases.Masters" name="Testcases_Masters" time="2.211"/>
  <system-out/>
  <testcase classname="pro.saral.testCases.Masters" name="Testcases_Masters" time="2.324"/>
  <system-out/>
  <testcase classname="pro.saral.testCases.Masters" name="Testcases_Masters" time="0.012"/>
  <system-out/>
  <testcase classname="pro.saral.testCases.Masters" name="Testcases_Masters" time="0.389"/>
  <system-out/>
  <testcase classname="pro.saral.testCases.Masters" name="Testcases_Masters" time="0.137"/>
  <system-out/>
  <testcase classname="pro.saral.testCases.Masters" name="Testcases_Masters" time="2.239"/>
  <system-out/>
  <testcase classname="pro.saral.testCases.Masters" name="Testcases_Masters" time="0.177"/>
  <system-out/>
  <testcase classname="pro.saral.testCases.Masters" name="Testcases_Masters" time="0.203"/>
  <system-out/>
  <testcase classname="pro.saral.testCases.Masters" name="Testcases_Masters" time="2.314"/>
  <system-out/>
  <testcase classname="pro.saral.testCases.Masters" name="Testcases_Masters" time="0.332"/>
  <system-out/>
  <testcase classname="pro.saral.testCases.Masters" name="Testcases_Masters" time="2.225"/>
  <system-out/>
  <testcase classname="pro.saral.testCases.Masters" name="Testcases_Masters" time="0.185"/>
  <system-out/>
  <testcase classname="pro.saral.testCases.Masters" name="Testcases_Masters" time="0.489"/>
  <system-out/>
  <testcase classname="pro.saral.testCases.Masters" name="Testcases_Masters" time="0.244"/>
  <system-out/>
  <testcase classname="pro.saral.testCases.Masters" name="Testcases_Masters" time="2.221"/>
  <system-out/>
  <testcase classname="pro.saral.testCases.Masters" name="Testcases_Masters" time="0.670"/>
  <system-out/>
  <testcase classname="pro.saral.testCases.Masters" name="Testcases_Masters" time="0.143"/>
  <system-out/>
  <testcase classname="pro.saral.testCases.Masters" name="Testcases_Masters" time="0.160"/>
  <system-out/>
  <testcase classname="pro.saral.testCases.Masters" name="Testcases_Masters" time="0.072"/>
  <system-out/>
  <testcase classname="pro.saral.testCases.Masters" name="Testcases_Masters" time="2.224"/>
  <system-out/>
  <testcase classname="pro.saral.testCases.Masters" name="Testcases_Masters" time="0.256"/>
  <system-out/>
  <testcase classname="pro.saral.testCases.Masters" name="Testcases_Masters" time="0.335"/>
  <system-out/>
  <testcase classname="pro.saral.testCases.Masters" name="Testcases_Masters" time="0.062"/>
  <system-out/>
  <testcase classname="pro.saral.testCases.Masters" name="Testcases_Masters" time="2.245"/>
  <system-out/>
  <testcase classname="pro.saral.testCases.Masters" name="Testcases_Masters" time="2.686"/>
  <system-out/>
  <testcase classname="pro.saral.testCases.Masters" name="Testcases_Masters" time="0.242"/>
  <system-out/>
  <testcase classname="pro.saral.testCases.Masters" name="Testcases_Masters" time="0.138"/>
  <system-out/>
  <testcase classname="pro.saral.testCases.Masters" name="Testcases_Masters" time="2.309"/>
  <system-out/>
  <testcase classname="pro.saral.testCases.Masters" name="Testcases_Masters" time="2.251"/>
  <system-out/>
  <testcase classname="pro.saral.testCases.Masters" name="Testcases_Masters" time="2.353"/>
  <system-out/>
  <testcase classname="pro.saral.testCases.Masters" name="Testcases_Masters" time="2.207"/>
  <system-out/>
  <testcase classname="pro.saral.testCases.Masters" name="Testcases_Masters" time="2.253"/>
  <system-out/>
  <testcase classname="pro.saral.testCases.Masters" name="Testcases_Masters" time="0.319"/>
  <system-out/>
  <testcase classname="pro.saral.testCases.Masters" name="Testcases_Masters" time="0.306"/>
  <system-out/>
  <testcase classname="pro.saral.testCases.Masters" name="Testcases_Masters" time="2.240"/>
  <system-out/>
  <testcase classname="pro.saral.testCases.Masters" name="Testcases_Masters" time="2.243"/>
  <system-out/>
  <testcase classname="pro.saral.testCases.Masters" name="Testcases_Masters" time="2.352"/>
  <system-out/>
  <testcase classname="pro.saral.testCases.Masters" name="Testcases_Masters" time="0.064"/>
  <system-out/>
  <testcase classname="pro.saral.testCases.Masters" name="Testcases_Masters" time="0.302"/>
  <system-out/>
  <testcase classname="pro.saral.testCases.Masters" name="Testcases_Masters" time="0.050"/>
  <system-out/>
  <testcase classname="pro.saral.testCases.Masters" name="Testcases_Masters" time="2.253"/>
  <system-out/>
  <testcase classname="pro.saral.testCases.Masters" name="Testcases_Masters" time="0.072"/>
  <system-out/>
  <testcase classname="pro.saral.testCases.Masters" name="Testcases_Masters" time="0.348"/>
  <system-out/>
  <testcase classname="pro.saral.testCases.Masters" name="Testcases_Masters" time="0.213"/>
  <system-out/>
  <testcase classname="pro.saral.testCases.Masters" name="Testcases_Masters" time="2.359"/>
  <system-out/>
  <testcase classname="pro.saral.testCases.Masters" name="Testcases_Masters" time="0.356"/>
  <system-out/>
  <testcase classname="pro.saral.testCases.Masters" name="Testcases_Masters" time="0.397"/>
  <system-out/>
  <testcase classname="pro.saral.testCases.Masters" name="Testcases_Masters" time="2.176"/>
  <system-out/>
  <testcase classname="pro.saral.testCases.Masters" name="Testcases_Masters" time="0.182"/>
  <system-out/>
  <testcase classname="pro.saral.testCases.Masters" name="Testcases_Masters" time="0.012"/>
  <system-out/>
  <testcase classname="pro.saral.testCases.Masters" name="Testcases_Masters" time="0.087"/>
  <system-out/>
  <testcase classname="pro.saral.testCases.Masters" name="Testcases_Masters" time="0.225"/>
  <system-out/>
  <testcase classname="pro.saral.testCases.Masters" name="Testcases_Masters" time="2.238"/>
  <system-out/>
  <testcase classname="pro.saral.testCases.Masters" name="Testcases_Masters" time="0.181"/>
  <system-out/>
  <testcase classname="pro.saral.testCases.Masters" name="Testcases_Masters" time="0.326"/>
  <system-out/>
  <testcase classname="pro.saral.testCases.Masters" name="Testcases_Masters" time="0.228"/>
  <system-out/>
  <testcase classname="pro.saral.testCases.Masters" name="Testcases_Masters" time="0.208"/>
  <system-out/>
  <testcase classname="pro.saral.testCases.Masters" name="Testcases_Masters" time="0.114"/>
  <system-out/>
  <testcase classname="pro.saral.testCases.Masters" name="Testcases_Masters" time="0.012"/>
  <system-out/>
  <testcase classname="pro.saral.testCases.Masters" name="Testcases_Masters" time="0.070"/>
  <system-out/>
  <testcase classname="pro.saral.testCases.Masters" name="Testcases_Masters" time="2.249"/>
  <system-out/>
  <testcase classname="pro.saral.testCases.Masters" name="Testcases_Masters" time="0.072"/>
  <system-out/>
  <testcase classname="pro.saral.testCases.Masters" name="Testcases_Masters" time="0.171"/>
  <system-out/>
  <testcase classname="pro.saral.testCases.Masters" name="Testcases_Masters" time="0.135"/>
  <system-out/>
  <testcase classname="pro.saral.testCases.Masters" name="Testcases_Masters" time="2.156"/>
  <system-out/>
  <testcase classname="pro.saral.testCases.Masters" name="Testcases_Masters" time="0.354"/>
  <system-out/>
  <testcase classname="pro.saral.testCases.Masters" name="Testcases_Masters" time="0.073"/>
  <system-out/>
  <testcase classname="pro.saral.testCases.Masters" name="Testcases_Masters" time="0.065"/>
  <system-out/>
  <testcase classname="pro.saral.testCases.Masters" name="Testcases_Masters" time="2.142"/>
  <system-out/>
  <testcase classname="pro.saral.testCases.Masters" name="Testcases_Masters" time="2.304"/>
  <system-out/>
  <testcase classname="pro.saral.testCases.Masters" name="Testcases_Masters" time="2.283"/>
  <system-out/>
  <testcase classname="pro.saral.testCases.Masters" name="Testcases_Masters" time="2.505"/>
  <system-out/>
  <testcase classname="pro.saral.testCases.Masters" name="Testcases_Masters" time="2.288"/>
  <system-out/>
  <testcase classname="pro.saral.testCases.Masters" name="Testcases_Masters" time="2.262"/>
  <system-out/>
  <testcase classname="pro.saral.testCases.Masters" name="Testcases_Masters" time="2.289"/>
  <system-out/>
  <testcase classname="pro.saral.testCases.Masters" name="Testcases_Masters" time="0.183"/>
  <system-out/>
  <testcase classname="pro.saral.testCases.Masters" name="Testcases_Masters" time="2.187"/>
  <system-out/>
  <testcase classname="pro.saral.testCases.Masters" name="Testcases_Masters" time="2.241"/>
  <system-out/>
  <testcase classname="pro.saral.testCases.Masters" name="Testcases_Masters" time="2.303"/>
  <system-out/>
  <testcase classname="pro.saral.testCases.Masters" name="Testcases_Masters" time="2.502"/>
  <system-out/>
  <testcase classname="pro.saral.testCases.Masters" name="Testcases_Masters" time="2.229"/>
  <system-out/>
  <testcase classname="pro.saral.testCases.Masters" name="Testcases_Masters" time="1.072"/>
  <system-out/>
  <testcase classname="pro.saral.testCases.Masters" name="Testcases_Masters" time="0.071"/>
  <system-out/>
  <testcase classname="pro.saral.testCases.Masters" name="Testcases_Masters" time="0.073"/>
  <system-out/>
  <testcase classname="pro.saral.testCases.Masters" name="Testcases_Masters" time="2.437"/>
  <system-out/>
  <testcase classname="pro.saral.testCases.Masters" name="Testcases_Masters" time="0.386"/>
  <system-out/>
  <testcase classname="pro.saral.testCases.Masters" name="Testcases_Masters" time="2.446"/>
  <system-out/>
  <testcase classname="pro.saral.testCases.Masters" name="Testcases_Masters" time="0.189"/>
  <system-out/>
  <testcase classname="pro.saral.testCases.Masters" name="Testcases_Masters" time="0.341"/>
  <system-out/>
  <testcase classname="pro.saral.testCases.Masters" name="Testcases_Masters" time="2.263"/>
  <system-out/>
  <testcase classname="pro.saral.testCases.Masters" name="Testcases_Masters" time="0.330"/>
  <system-out/>
  <testcase classname="pro.saral.testCases.Masters" name="Testcases_Masters" time="2.184"/>
  <system-out/>
  <testcase classname="pro.saral.testCases.Masters" name="Testcases_Masters" time="2.201"/>
  <system-out/>
  <testcase classname="pro.saral.testCases.Masters" name="Testcases_Masters" time="20.818"/>
  <system-out/>
  <testcase classname="pro.saral.testCases.Masters" name="Testcases_Masters" time="0.245"/>
  <system-out/>
  <testcase classname="pro.saral.testCases.Masters" name="Testcases_Masters" time="2.500"/>
  <system-out/>
  <testcase classname="pro.saral.testCases.Masters" name="Testcases_Masters" time="2.308"/>
  <system-out/>
  <testcase classname="pro.saral.testCases.Masters" name="Testcases_Masters" time="10.528"/>
  <system-out/>
  <testcase classname="pro.saral.testCases.Masters" name="Testcases_Masters" time="2.219"/>
  <system-out/>
  <testcase classname="pro.saral.testCases.Masters" name="Testcases_Masters" time="2.263"/>
  <system-out/>
  <testcase classname="pro.saral.testCases.Masters" name="Testcases_Masters" time="0.047"/>
  <system-out/>
  <testcase classname="pro.saral.testCases.Masters" name="Testcases_Masters" time="0.467"/>
  <system-out/>
  <testcase classname="pro.saral.testCases.Masters" name="Testcases_Masters" time="0.275"/>
  <system-out/>
  <testcase classname="pro.saral.testCases.Masters" name="Testcases_Masters" time="0.319"/>
  <system-out/>
  <testcase classname="pro.saral.testCases.Masters" name="Testcases_Masters" time="2.234"/>
  <system-out/>
  <testcase classname="pro.saral.testCases.Masters" name="Testcases_Masters" time="0.060"/>
  <system-out/>
  <testcase classname="pro.saral.testCases.Masters" name="Testcases_Masters" time="0.067"/>
  <system-out/>
  <testcase classname="pro.saral.testCases.Masters" name="Testcases_Masters" time="0.103"/>
  <system-out/>
  <testcase classname="pro.saral.testCases.Masters" name="Testcases_Masters" time="0.272"/>
  <system-out/>
  <testcase classname="pro.saral.testCases.Masters" name="Testcases_Masters" time="4.071"/>
  <system-out/>
  <testcase classname="pro.saral.testCases.Masters" name="Testcases_Masters" time="2.204"/>
  <system-out/>
  <testcase classname="pro.saral.testCases.Masters" name="Testcases_Masters" time="0.329"/>
  <system-out/>
  <testcase classname="pro.saral.testCases.Masters" name="Testcases_Masters" time="0.238"/>
  <system-out/>
  <testcase classname="pro.saral.testCases.Masters" name="Testcases_Masters" time="2.269"/>
  <system-out/>
  <testcase classname="pro.saral.testCases.Masters" name="Testcases_Masters" time="0.082"/>
  <system-out/>
  <testcase classname="pro.saral.testCases.Masters" name="Testcases_Masters" time="2.264"/>
  <system-out/>
  <testcase classname="pro.saral.testCases.Masters" name="Testcases_Masters" time="0.199"/>
  <system-out/>
  <testcase classname="pro.saral.testCases.Masters" name="Testcases_Masters" time="2.340"/>
  <system-out/>
  <testcase classname="pro.saral.testCases.Masters" name="Testcases_Masters" time="2.182"/>
  <system-out/>
  <testcase classname="pro.saral.testCases.Masters" name="Testcases_Masters" time="2.251"/>
  <system-out/>
  <testcase classname="pro.saral.testCases.Masters" name="Testcases_Masters" time="2.526"/>
  <system-out/>
  <testcase classname="pro.saral.testCases.Masters" name="Testcases_Masters" time="0.073"/>
  <system-out/>
  <testcase classname="pro.saral.testCases.Masters" name="Testcases_Masters" time="0.013"/>
  <system-out/>
  <testcase classname="pro.saral.testCases.Masters" name="Testcases_Masters" time="2.433"/>
  <system-out/>
  <testcase classname="pro.saral.testCases.Masters" name="Testcases_Masters" time="2.245"/>
  <system-out/>
  <testcase classname="pro.saral.testCases.Masters" name="Testcases_Masters" time="2.237"/>
  <system-out/>
  <testcase classname="pro.saral.testCases.Masters" name="Testcases_Masters" time="0.235"/>
  <system-out/>
  <testcase classname="pro.saral.testCases.Masters" name="Testcases_Masters" time="2.270"/>
  <system-out/>
  <testcase classname="pro.saral.testCases.Masters" name="Testcases_Masters" time="2.274"/>
  <system-out/>
  <testcase classname="pro.saral.testCases.Masters" name="Testcases_Masters" time="2.422"/>
  <system-out/>
  <testcase classname="pro.saral.testCases.Masters" name="Testcases_Masters" time="2.283"/>
  <system-out/>
  <testcase classname="pro.saral.testCases.Masters" name="Testcases_Masters" time="0.178"/>
  <system-out/>
  <testcase classname="pro.saral.testCases.Masters" name="Testcases_Masters" time="2.238"/>
  <system-out/>
  <testcase classname="pro.saral.testCases.Masters" name="Testcases_Masters" time="2.231"/>
  <system-out/>
  <testcase classname="pro.saral.testCases.Masters" name="Testcases_Masters" time="0.108"/>
  <system-out/>
  <testcase classname="pro.saral.testCases.Masters" name="Testcases_Masters" time="2.224"/>
  <system-out/>
  <testcase classname="pro.saral.testCases.Masters" name="Testcases_Masters" time="2.252"/>
  <system-out/>
  <testcase classname="pro.saral.testCases.Masters" name="Testcases_Masters" time="2.203"/>
  <system-out/>
  <testcase classname="pro.saral.testCases.Masters" name="Testcases_Masters" time="2.434"/>
  <system-out/>
  <testcase classname="pro.saral.testCases.Masters" name="Testcases_Masters" time="2.226"/>
  <system-out/>
  <testcase classname="pro.saral.testCases.Masters" name="Testcases_Masters" time="0.121"/>
  <system-out/>
  <testcase classname="pro.saral.testCases.Masters" name="Testcases_Masters" time="0.012"/>
  <system-out/>
  <testcase classname="pro.saral.testCases.Masters" name="Testcases_Masters" time="2.161"/>
  <system-out/>
  <testcase classname="pro.saral.testCases.Masters" name="Testcases_Masters" time="2.260"/>
  <system-out/>
  <testcase classname="pro.saral.testCases.Masters" name="Testcases_Masters" time="0.339"/>
  <system-out/>
  <testcase classname="pro.saral.testCases.Masters" name="Testcases_Masters" time="2.342"/>
  <system-out/>
  <testcase classname="pro.saral.testCases.Masters" name="Testcases_Masters" time="2.285"/>
  <system-out/>
  <testcase classname="pro.saral.testCases.Masters" name="Testcases_Masters" time="0.499"/>
  <system-out/>
  <testcase classname="pro.saral.testCases.Masters" name="Testcases_Masters" time="2.175"/>
  <system-out/>
  <testcase classname="pro.saral.testCases.Masters" name="Testcases_Masters" time="0.063"/>
  <system-out/>
  <testcase classname="pro.saral.testCases.Masters" name="Testcases_Masters" time="0.224"/>
  <system-out/>
  <testcase classname="pro.saral.testCases.Masters" name="Testcases_Masters" time="0.905"/>
  <system-out/>
  <testcase classname="pro.saral.testCases.Masters" name="Testcases_Masters" time="0.095"/>
  <system-out/>
  <testcase classname="pro.saral.testCases.Masters" name="Testcases_Masters" time="0.068"/>
  <system-out/>
  <testcase classname="pro.saral.testCases.Masters" name="Testcases_Masters" time="0.292"/>
  <system-out/>
  <testcase classname="pro.saral.testCases.Masters" name="Testcases_Masters" time="2.226"/>
  <system-out/>
  <testcase classname="pro.saral.testCases.Masters" name="Testcases_Masters" time="2.210"/>
  <system-out/>
  <testcase classname="pro.saral.testCases.Masters" name="Testcases_Masters" time="0.232"/>
  <system-out/>
  <testcase classname="pro.saral.testCases.Masters" name="Testcases_Masters" time="0.309"/>
  <system-out/>
  <testcase classname="pro.saral.testCases.Masters" name="Testcases_Masters" time="0.226"/>
  <system-out/>
  <testcase classname="pro.saral.testCases.Masters" name="Testcases_Masters" time="0.377"/>
  <system-out/>
  <testcase classname="pro.saral.testCases.Masters" name="Testcases_Masters" time="2.217"/>
  <system-out/>
  <testcase classname="pro.saral.testCases.Masters" name="Testcases_Masters" time="2.287"/>
  <system-out/>
  <testcase classname="pro.saral.testCases.Masters" name="Testcases_Masters" time="0.050"/>
  <system-out/>
  <testcase classname="pro.saral.testCases.Masters" name="Testcases_Masters" time="0.312"/>
  <system-out/>
  <testcase classname="pro.saral.testCases.Masters" name="Testcases_Masters" time="2.273"/>
  <system-out/>
  <testcase classname="pro.saral.testCases.Masters" name="Testcases_Masters" time="2.326"/>
  <system-out/>
  <testcase classname="pro.saral.testCases.Masters" name="Testcases_Masters" time="2.223"/>
  <system-out/>
  <testcase classname="pro.saral.testCases.Masters" name="Testcases_Masters" time="0.422"/>
  <system-out/>
  <testcase classname="pro.saral.testCases.Masters" name="Testcases_Masters" time="0.057"/>
  <system-out/>
  <testcase classname="pro.saral.testCases.Masters" name="Testcases_Masters" time="0.074"/>
  <system-out/>
  <testcase classname="pro.saral.testCases.Masters" name="Testcases_Masters" time="0.072"/>
  <system-out/>
  <testcase classname="pro.saral.testCases.Masters" name="Testcases_Masters" time="0.063"/>
  <system-out/>
  <testcase classname="pro.saral.testCases.Masters" name="Testcases_Masters" time="2.281"/>
  <system-out/>
  <testcase classname="pro.saral.testCases.Masters" name="Testcases_Masters" time="0.087"/>
  <system-out/>
  <testcase classname="pro.saral.testCases.Masters" name="Testcases_Masters" time="0.010"/>
  <system-out/>
  <testcase classname="pro.saral.testCases.Masters" name="Testcases_Masters" time="2.286"/>
  <system-out/>
  <testcase classname="pro.saral.testCases.Masters" name="Testcases_Masters" time="2.355"/>
  <system-out/>
  <testcase classname="pro.saral.testCases.Masters" name="Testcases_Masters" time="2.360"/>
  <system-out/>
  <testcase classname="pro.saral.testCases.Masters" name="Testcases_Masters" time="0.143"/>
  <system-out/>
  <testcase classname="pro.saral.testCases.Masters" name="Testcases_Masters" time="2.216"/>
  <system-out/>
  <testcase classname="pro.saral.testCases.Masters" name="Testcases_Masters" time="0.225"/>
  <system-out/>
  <testcase classname="pro.saral.testCases.Masters" name="Testcases_Masters" time="0.208"/>
  <system-out/>
  <testcase classname="pro.saral.testCases.Masters" name="Testcases_Masters" time="2.472"/>
  <system-out/>
  <testcase classname="pro.saral.testCases.Masters" name="Testcases_Masters" time="0.277"/>
  <system-out/>
  <testcase classname="pro.saral.testCases.Masters" name="Testcases_Masters" time="0.085"/>
  <system-out/>
  <testcase classname="pro.saral.testCases.Masters" name="Testcases_Masters" time="2.197"/>
  <system-out/>
  <testcase classname="pro.saral.testCases.Masters" name="Testcases_Masters" time="0.085"/>
  <system-out/>
</testsuite> <!-- pro.saral.testCases.Masters -->
