<?xml version="1.0" encoding="UTF-8"?>
<!-- Generated by org.testng.reporters.JUnitReportReporter -->
<testsuite hostname="Darshan" name="pro.saral.testCases.Ereturn_24Q_Test" tests="90" failures="0" timestamp="28 Oct 2022 09:57:35 GMT" time="236.314" errors="0">
  <testcase name="Ereturn_24Q_Testcases" time="1.680" classname="pro.saral.testCases.Ereturn_24Q_Test"/>
  <testcase name="Ereturn_24Q_Testcases" time="0.131" classname="pro.saral.testCases.Ereturn_24Q_Test"/>
  <testcase name="Ereturn_24Q_Testcases" time="0.074" classname="pro.saral.testCases.Ereturn_24Q_Test"/>
  <testcase name="Ereturn_24Q_Testcases" time="2.670" classname="pro.saral.testCases.Ereturn_24Q_Test"/>
  <testcase name="Ereturn_24Q_Testcases" time="2.589" classname="pro.saral.testCases.Ereturn_24Q_Test"/>
  <testcase name="Ereturn_24Q_Testcases" time="2.818" classname="pro.saral.testCases.Ereturn_24Q_Test"/>
  <testcase name="Ereturn_24Q_Testcases" time="2.388" classname="pro.saral.testCases.Ereturn_24Q_Test"/>
  <testcase name="Ereturn_24Q_Testcases" time="2.718" classname="pro.saral.testCases.Ereturn_24Q_Test"/>
  <testcase name="Ereturn_24Q_Testcases" time="0.048" classname="pro.saral.testCases.Ereturn_24Q_Test"/>
  <testcase name="Ereturn_24Q_Testcases" time="9.117" classname="pro.saral.testCases.Ereturn_24Q_Test"/>
  <testcase name="Ereturn_24Q_Testcases" time="2.413" classname="pro.saral.testCases.Ereturn_24Q_Test"/>
  <testcase name="Ereturn_24Q_Testcases" time="2.400" classname="pro.saral.testCases.Ereturn_24Q_Test"/>
  <testcase name="Ereturn_24Q_Testcases" time="2.468" classname="pro.saral.testCases.Ereturn_24Q_Test"/>
  <testcase name="Ereturn_24Q_Testcases" time="0.047" classname="pro.saral.testCases.Ereturn_24Q_Test"/>
  <testcase name="Ereturn_24Q_Testcases" time="0.090" classname="pro.saral.testCases.Ereturn_24Q_Test"/>
  <testcase name="Ereturn_24Q_Testcases" time="2.042" classname="pro.saral.testCases.Ereturn_24Q_Test"/>
  <testcase name="Ereturn_24Q_Testcases" time="2.754" classname="pro.saral.testCases.Ereturn_24Q_Test"/>
  <testcase name="Ereturn_24Q_Testcases" time="2.875" classname="pro.saral.testCases.Ereturn_24Q_Test"/>
  <testcase name="Ereturn_24Q_Testcases" time="0.079" classname="pro.saral.testCases.Ereturn_24Q_Test"/>
  <testcase name="Ereturn_24Q_Testcases" time="2.230" classname="pro.saral.testCases.Ereturn_24Q_Test"/>
  <testcase name="Ereturn_24Q_Testcases" time="2.175" classname="pro.saral.testCases.Ereturn_24Q_Test"/>
  <testcase name="Ereturn_24Q_Testcases" time="0.105" classname="pro.saral.testCases.Ereturn_24Q_Test"/>
  <testcase name="Ereturn_24Q_Testcases" time="3.254" classname="pro.saral.testCases.Ereturn_24Q_Test"/>
  <testcase name="Ereturn_24Q_Testcases" time="2.322" classname="pro.saral.testCases.Ereturn_24Q_Test"/>
  <testcase name="Ereturn_24Q_Testcases" time="2.385" classname="pro.saral.testCases.Ereturn_24Q_Test"/>
  <testcase name="Ereturn_24Q_Testcases" time="2.280" classname="pro.saral.testCases.Ereturn_24Q_Test"/>
  <testcase name="Ereturn_24Q_Testcases" time="2.113" classname="pro.saral.testCases.Ereturn_24Q_Test"/>
  <testcase name="Ereturn_24Q_Testcases" time="2.180" classname="pro.saral.testCases.Ereturn_24Q_Test"/>
  <testcase name="Ereturn_24Q_Testcases" time="2.454" classname="pro.saral.testCases.Ereturn_24Q_Test"/>
  <testcase name="Ereturn_24Q_Testcases" time="2.431" classname="pro.saral.testCases.Ereturn_24Q_Test"/>
  <testcase name="Ereturn_24Q_Testcases" time="0.230" classname="pro.saral.testCases.Ereturn_24Q_Test"/>
  <testcase name="Ereturn_24Q_Testcases" time="0.050" classname="pro.saral.testCases.Ereturn_24Q_Test"/>
  <testcase name="Ereturn_24Q_Testcases" time="2.485" classname="pro.saral.testCases.Ereturn_24Q_Test"/>
  <testcase name="Ereturn_24Q_Testcases" time="0.091" classname="pro.saral.testCases.Ereturn_24Q_Test"/>
  <testcase name="Ereturn_24Q_Testcases" time="2.544" classname="pro.saral.testCases.Ereturn_24Q_Test"/>
  <testcase name="Ereturn_24Q_Testcases" time="2.485" classname="pro.saral.testCases.Ereturn_24Q_Test"/>
  <testcase name="Ereturn_24Q_Testcases" time="2.352" classname="pro.saral.testCases.Ereturn_24Q_Test"/>
  <testcase name="Ereturn_24Q_Testcases" time="0.067" classname="pro.saral.testCases.Ereturn_24Q_Test"/>
  <testcase name="Ereturn_24Q_Testcases" time="0.356" classname="pro.saral.testCases.Ereturn_24Q_Test"/>
  <testcase name="Ereturn_24Q_Testcases" time="0.686" classname="pro.saral.testCases.Ereturn_24Q_Test"/>
  <testcase name="Ereturn_24Q_Testcases" time="0.151" classname="pro.saral.testCases.Ereturn_24Q_Test"/>
  <testcase name="Ereturn_24Q_Testcases" time="2.666" classname="pro.saral.testCases.Ereturn_24Q_Test"/>
  <testcase name="Ereturn_24Q_Testcases" time="35.163" classname="pro.saral.testCases.Ereturn_24Q_Test"/>
  <testcase name="Ereturn_24Q_Testcases" time="2.160" classname="pro.saral.testCases.Ereturn_24Q_Test"/>
  <testcase name="Ereturn_24Q_Testcases" time="2.321" classname="pro.saral.testCases.Ereturn_24Q_Test"/>
  <testcase name="Ereturn_24Q_Testcases" time="0.742" classname="pro.saral.testCases.Ereturn_24Q_Test"/>
  <testcase name="Ereturn_24Q_Testcases" time="2.633" classname="pro.saral.testCases.Ereturn_24Q_Test"/>
  <testcase name="Ereturn_24Q_Testcases" time="2.524" classname="pro.saral.testCases.Ereturn_24Q_Test"/>
  <testcase name="Ereturn_24Q_Testcases" time="10.016" classname="pro.saral.testCases.Ereturn_24Q_Test"/>
  <testcase name="Ereturn_24Q_Testcases" time="2.638" classname="pro.saral.testCases.Ereturn_24Q_Test"/>
  <testcase name="Ereturn_24Q_Testcases" time="7.997" classname="pro.saral.testCases.Ereturn_24Q_Test"/>
  <testcase name="Ereturn_24Q_Testcases" time="0.142" classname="pro.saral.testCases.Ereturn_24Q_Test"/>
  <testcase name="Ereturn_24Q_Testcases" time="2.233" classname="pro.saral.testCases.Ereturn_24Q_Test"/>
  <testcase name="Ereturn_24Q_Testcases" time="0.404" classname="pro.saral.testCases.Ereturn_24Q_Test"/>
  <testcase name="Ereturn_24Q_Testcases" time="2.304" classname="pro.saral.testCases.Ereturn_24Q_Test"/>
  <testcase name="Ereturn_24Q_Testcases" time="2.317" classname="pro.saral.testCases.Ereturn_24Q_Test"/>
  <testcase name="Ereturn_24Q_Testcases" time="3.285" classname="pro.saral.testCases.Ereturn_24Q_Test"/>
  <testcase name="Ereturn_24Q_Testcases" time="2.340" classname="pro.saral.testCases.Ereturn_24Q_Test"/>
  <testcase name="Ereturn_24Q_Testcases" time="2.793" classname="pro.saral.testCases.Ereturn_24Q_Test"/>
  <testcase name="Ereturn_24Q_Testcases" time="2.319" classname="pro.saral.testCases.Ereturn_24Q_Test"/>
  <testcase name="Ereturn_24Q_Testcases" time="2.160" classname="pro.saral.testCases.Ereturn_24Q_Test"/>
  <testcase name="Ereturn_24Q_Testcases" time="2.181" classname="pro.saral.testCases.Ereturn_24Q_Test"/>
  <testcase name="Ereturn_24Q_Testcases" time="2.139" classname="pro.saral.testCases.Ereturn_24Q_Test"/>
  <testcase name="Ereturn_24Q_Testcases" time="2.565" classname="pro.saral.testCases.Ereturn_24Q_Test"/>
  <testcase name="Ereturn_24Q_Testcases" time="2.236" classname="pro.saral.testCases.Ereturn_24Q_Test"/>
  <testcase name="Ereturn_24Q_Testcases" time="2.149" classname="pro.saral.testCases.Ereturn_24Q_Test"/>
  <testcase name="Ereturn_24Q_Testcases" time="2.312" classname="pro.saral.testCases.Ereturn_24Q_Test"/>
  <testcase name="Ereturn_24Q_Testcases" time="1.566" classname="pro.saral.testCases.Ereturn_24Q_Test"/>
  <testcase name="Ereturn_24Q_Testcases" time="2.771" classname="pro.saral.testCases.Ereturn_24Q_Test"/>
  <testcase name="Ereturn_24Q_Testcases" time="2.464" classname="pro.saral.testCases.Ereturn_24Q_Test"/>
  <testcase name="Ereturn_24Q_Testcases" time="0.016" classname="pro.saral.testCases.Ereturn_24Q_Test"/>
  <testcase name="Ereturn_24Q_Testcases" time="2.840" classname="pro.saral.testCases.Ereturn_24Q_Test"/>
  <testcase name="Ereturn_24Q_Testcases" time="2.721" classname="pro.saral.testCases.Ereturn_24Q_Test"/>
  <testcase name="Ereturn_24Q_Testcases" time="2.199" classname="pro.saral.testCases.Ereturn_24Q_Test"/>
  <testcase name="Ereturn_24Q_Testcases" time="0.178" classname="pro.saral.testCases.Ereturn_24Q_Test"/>
  <testcase name="Ereturn_24Q_Testcases" time="0.626" classname="pro.saral.testCases.Ereturn_24Q_Test"/>
  <testcase name="Ereturn_24Q_Testcases" time="2.191" classname="pro.saral.testCases.Ereturn_24Q_Test"/>
  <testcase name="Ereturn_24Q_Testcases" time="7.255" classname="pro.saral.testCases.Ereturn_24Q_Test"/>
  <testcase name="Ereturn_24Q_Testcases" time="0.040" classname="pro.saral.testCases.Ereturn_24Q_Test"/>
  <testcase name="Ereturn_24Q_Testcases" time="2.520" classname="pro.saral.testCases.Ereturn_24Q_Test"/>
  <testcase name="Ereturn_24Q_Testcases" time="20.158" classname="pro.saral.testCases.Ereturn_24Q_Test"/>
  <testcase name="Ereturn_24Q_Testcases" time="0.027" classname="pro.saral.testCases.Ereturn_24Q_Test"/>
  <testcase name="Ereturn_24Q_Testcases" time="2.277" classname="pro.saral.testCases.Ereturn_24Q_Test"/>
  <testcase name="Ereturn_24Q_Testcases" time="0.130" classname="pro.saral.testCases.Ereturn_24Q_Test"/>
  <testcase name="Ereturn_24Q_Testcases" time="2.346" classname="pro.saral.testCases.Ereturn_24Q_Test"/>
  <testcase name="Ereturn_24Q_Testcases" time="0.285" classname="pro.saral.testCases.Ereturn_24Q_Test"/>
  <testcase name="Ereturn_24Q_Testcases" time="0.192" classname="pro.saral.testCases.Ereturn_24Q_Test"/>
  <testcase name="Ereturn_24Q_Testcases" time="2.164" classname="pro.saral.testCases.Ereturn_24Q_Test"/>
  <testcase name="Ereturn_24Q_Testcases" time="3.727" classname="pro.saral.testCases.Ereturn_24Q_Test"/>
  <testcase name="Ereturn_24Q_Testcases" time="0.055" classname="pro.saral.testCases.Ereturn_24Q_Test"/>
</testsuite> <!-- pro.saral.testCases.Ereturn_24Q_Test -->
