<?xml version="1.0" encoding="UTF-8"?>
<!-- Generated by org.testng.reporters.JUnitReportReporter -->
<testsuite hostname="Darshan" name="pro.saral.testCases.Predict_Default_26Q_Test" tests="65" failures="0" timestamp="28 Oct 2022 10:45:31 GMT" time="133.391" errors="0">
  <testcase name="PredictDefault_26Q_Testcases" time="2.182" classname="pro.saral.testCases.Predict_Default_26Q_Test"/>
  <testcase name="PredictDefault_26Q_Testcases" time="0.058" classname="pro.saral.testCases.Predict_Default_26Q_Test"/>
  <testcase name="PredictDefault_26Q_Testcases" time="2.953" classname="pro.saral.testCases.Predict_Default_26Q_Test"/>
  <testcase name="PredictDefault_26Q_Testcases" time="2.178" classname="pro.saral.testCases.Predict_Default_26Q_Test"/>
  <testcase name="PredictDefault_26Q_Testcases" time="2.600" classname="pro.saral.testCases.Predict_Default_26Q_Test"/>
  <testcase name="PredictDefault_26Q_Testcases" time="2.287" classname="pro.saral.testCases.Predict_Default_26Q_Test"/>
  <testcase name="PredictDefault_26Q_Testcases" time="0.050" classname="pro.saral.testCases.Predict_Default_26Q_Test"/>
  <testcase name="PredictDefault_26Q_Testcases" time="2.225" classname="pro.saral.testCases.Predict_Default_26Q_Test"/>
  <testcase name="PredictDefault_26Q_Testcases" time="2.314" classname="pro.saral.testCases.Predict_Default_26Q_Test"/>
  <testcase name="PredictDefault_26Q_Testcases" time="2.270" classname="pro.saral.testCases.Predict_Default_26Q_Test"/>
  <testcase name="PredictDefault_26Q_Testcases" time="0.072" classname="pro.saral.testCases.Predict_Default_26Q_Test"/>
  <testcase name="PredictDefault_26Q_Testcases" time="2.183" classname="pro.saral.testCases.Predict_Default_26Q_Test"/>
  <testcase name="PredictDefault_26Q_Testcases" time="0.034" classname="pro.saral.testCases.Predict_Default_26Q_Test"/>
  <testcase name="PredictDefault_26Q_Testcases" time="0.113" classname="pro.saral.testCases.Predict_Default_26Q_Test"/>
  <testcase name="PredictDefault_26Q_Testcases" time="0.045" classname="pro.saral.testCases.Predict_Default_26Q_Test"/>
  <testcase name="PredictDefault_26Q_Testcases" time="2.081" classname="pro.saral.testCases.Predict_Default_26Q_Test"/>
  <testcase name="PredictDefault_26Q_Testcases" time="0.058" classname="pro.saral.testCases.Predict_Default_26Q_Test"/>
  <testcase name="PredictDefault_26Q_Testcases" time="0.095" classname="pro.saral.testCases.Predict_Default_26Q_Test"/>
  <testcase name="PredictDefault_26Q_Testcases" time="0.098" classname="pro.saral.testCases.Predict_Default_26Q_Test"/>
  <testcase name="PredictDefault_26Q_Testcases" time="2.437" classname="pro.saral.testCases.Predict_Default_26Q_Test"/>
  <testcase name="PredictDefault_26Q_Testcases" time="0.040" classname="pro.saral.testCases.Predict_Default_26Q_Test"/>
  <testcase name="PredictDefault_26Q_Testcases" time="35.183" classname="pro.saral.testCases.Predict_Default_26Q_Test"/>
  <testcase name="PredictDefault_26Q_Testcases" time="2.428" classname="pro.saral.testCases.Predict_Default_26Q_Test"/>
  <testcase name="PredictDefault_26Q_Testcases" time="2.815" classname="pro.saral.testCases.Predict_Default_26Q_Test"/>
  <testcase name="PredictDefault_26Q_Testcases" time="2.029" classname="pro.saral.testCases.Predict_Default_26Q_Test"/>
  <testcase name="PredictDefault_26Q_Testcases" time="0.013" classname="pro.saral.testCases.Predict_Default_26Q_Test"/>
  <testcase name="PredictDefault_26Q_Testcases" time="2.199" classname="pro.saral.testCases.Predict_Default_26Q_Test"/>
  <testcase name="PredictDefault_26Q_Testcases" time="2.269" classname="pro.saral.testCases.Predict_Default_26Q_Test"/>
  <testcase name="PredictDefault_26Q_Testcases" time="2.464" classname="pro.saral.testCases.Predict_Default_26Q_Test"/>
  <testcase name="PredictDefault_26Q_Testcases" time="0.202" classname="pro.saral.testCases.Predict_Default_26Q_Test"/>
  <testcase name="PredictDefault_26Q_Testcases" time="0.013" classname="pro.saral.testCases.Predict_Default_26Q_Test"/>
  <testcase name="PredictDefault_26Q_Testcases" time="2.498" classname="pro.saral.testCases.Predict_Default_26Q_Test"/>
  <testcase name="PredictDefault_26Q_Testcases" time="2.284" classname="pro.saral.testCases.Predict_Default_26Q_Test"/>
  <testcase name="PredictDefault_26Q_Testcases" time="2.627" classname="pro.saral.testCases.Predict_Default_26Q_Test"/>
  <testcase name="PredictDefault_26Q_Testcases" time="2.258" classname="pro.saral.testCases.Predict_Default_26Q_Test"/>
  <testcase name="PredictDefault_26Q_Testcases" time="2.898" classname="pro.saral.testCases.Predict_Default_26Q_Test"/>
  <testcase name="PredictDefault_26Q_Testcases" time="2.236" classname="pro.saral.testCases.Predict_Default_26Q_Test"/>
  <testcase name="PredictDefault_26Q_Testcases" time="2.320" classname="pro.saral.testCases.Predict_Default_26Q_Test"/>
  <testcase name="PredictDefault_26Q_Testcases" time="0.620" classname="pro.saral.testCases.Predict_Default_26Q_Test"/>
  <testcase name="PredictDefault_26Q_Testcases" time="2.214" classname="pro.saral.testCases.Predict_Default_26Q_Test"/>
  <testcase name="PredictDefault_26Q_Testcases" time="0.072" classname="pro.saral.testCases.Predict_Default_26Q_Test"/>
  <testcase name="PredictDefault_26Q_Testcases" time="2.304" classname="pro.saral.testCases.Predict_Default_26Q_Test"/>
  <testcase name="PredictDefault_26Q_Testcases" time="2.297" classname="pro.saral.testCases.Predict_Default_26Q_Test"/>
  <testcase name="PredictDefault_26Q_Testcases" time="2.253" classname="pro.saral.testCases.Predict_Default_26Q_Test"/>
  <testcase name="PredictDefault_26Q_Testcases" time="0.072" classname="pro.saral.testCases.Predict_Default_26Q_Test"/>
  <testcase name="PredictDefault_26Q_Testcases" time="2.269" classname="pro.saral.testCases.Predict_Default_26Q_Test"/>
  <testcase name="PredictDefault_26Q_Testcases" time="2.308" classname="pro.saral.testCases.Predict_Default_26Q_Test"/>
  <testcase name="PredictDefault_26Q_Testcases" time="2.262" classname="pro.saral.testCases.Predict_Default_26Q_Test"/>
  <testcase name="PredictDefault_26Q_Testcases" time="2.253" classname="pro.saral.testCases.Predict_Default_26Q_Test"/>
  <testcase name="PredictDefault_26Q_Testcases" time="2.283" classname="pro.saral.testCases.Predict_Default_26Q_Test"/>
  <testcase name="PredictDefault_26Q_Testcases" time="0.075" classname="pro.saral.testCases.Predict_Default_26Q_Test"/>
  <testcase name="PredictDefault_26Q_Testcases" time="0.116" classname="pro.saral.testCases.Predict_Default_26Q_Test"/>
  <testcase name="PredictDefault_26Q_Testcases" time="0.038" classname="pro.saral.testCases.Predict_Default_26Q_Test"/>
  <testcase name="PredictDefault_26Q_Testcases" time="0.522" classname="pro.saral.testCases.Predict_Default_26Q_Test"/>
  <testcase name="PredictDefault_26Q_Testcases" time="0.013" classname="pro.saral.testCases.Predict_Default_26Q_Test"/>
  <testcase name="PredictDefault_26Q_Testcases" time="2.375" classname="pro.saral.testCases.Predict_Default_26Q_Test"/>
  <testcase name="PredictDefault_26Q_Testcases" time="0.042" classname="pro.saral.testCases.Predict_Default_26Q_Test"/>
  <testcase name="PredictDefault_26Q_Testcases" time="2.148" classname="pro.saral.testCases.Predict_Default_26Q_Test"/>
  <testcase name="PredictDefault_26Q_Testcases" time="2.149" classname="pro.saral.testCases.Predict_Default_26Q_Test"/>
  <testcase name="PredictDefault_26Q_Testcases" time="0.056" classname="pro.saral.testCases.Predict_Default_26Q_Test"/>
  <testcase name="PredictDefault_26Q_Testcases" time="2.169" classname="pro.saral.testCases.Predict_Default_26Q_Test"/>
  <testcase name="PredictDefault_26Q_Testcases" time="2.228" classname="pro.saral.testCases.Predict_Default_26Q_Test"/>
  <testcase name="PredictDefault_26Q_Testcases" time="2.673" classname="pro.saral.testCases.Predict_Default_26Q_Test"/>
  <testcase name="PredictDefault_26Q_Testcases" time="2.246" classname="pro.saral.testCases.Predict_Default_26Q_Test"/>
  <testcase name="PredictDefault_26Q_Testcases" time="2.225" classname="pro.saral.testCases.Predict_Default_26Q_Test"/>
</testsuite> <!-- pro.saral.testCases.Predict_Default_26Q_Test -->
