<?xml version="1.0" encoding="UTF-8"?>
<!-- Generated by org.testng.reporters.JUnitReportReporter -->
<testsuite hostname="Darshan" failures="0" tests="548" name="pro.saral.testCases.Test_27Q" time="907.687" errors="0" timestamp="2023-01-09T15:46:49 IST" skipped="0">
  <testcase classname="pro.saral.testCases.Test_27Q" name="Testcases_27Q" time="0.233"/>
  <system-out/>
  <testcase classname="pro.saral.testCases.Test_27Q" name="Testcases_27Q" time="2.629"/>
  <system-out/>
  <testcase classname="pro.saral.testCases.Test_27Q" name="Testcases_27Q" time="2.153"/>
  <system-out/>
  <testcase classname="pro.saral.testCases.Test_27Q" name="Testcases_27Q" time="0.234"/>
  <system-out/>
  <testcase classname="pro.saral.testCases.Test_27Q" name="Testcases_27Q" time="2.423"/>
  <system-out/>
  <testcase classname="pro.saral.testCases.Test_27Q" name="Testcases_27Q" time="0.120"/>
  <system-out/>
  <testcase classname="pro.saral.testCases.Test_27Q" name="Testcases_27Q" time="0.045"/>
  <system-out/>
  <testcase classname="pro.saral.testCases.Test_27Q" name="Testcases_27Q" time="2.376"/>
  <system-out/>
  <testcase classname="pro.saral.testCases.Test_27Q" name="Testcases_27Q" time="2.264"/>
  <system-out/>
  <testcase classname="pro.saral.testCases.Test_27Q" name="Testcases_27Q" time="0.383"/>
  <system-out/>
  <testcase classname="pro.saral.testCases.Test_27Q" name="Testcases_27Q" time="2.362"/>
  <system-out/>
  <testcase classname="pro.saral.testCases.Test_27Q" name="Testcases_27Q" time="2.039"/>
  <system-out/>
  <testcase classname="pro.saral.testCases.Test_27Q" name="Testcases_27Q" time="2.302"/>
  <system-out/>
  <testcase classname="pro.saral.testCases.Test_27Q" name="Testcases_27Q" time="2.282"/>
  <system-out/>
  <testcase classname="pro.saral.testCases.Test_27Q" name="Testcases_27Q" time="2.538"/>
  <system-out/>
  <testcase classname="pro.saral.testCases.Test_27Q" name="Testcases_27Q" time="0.217"/>
  <system-out/>
  <testcase classname="pro.saral.testCases.Test_27Q" name="Testcases_27Q" time="2.393"/>
  <system-out/>
  <testcase classname="pro.saral.testCases.Test_27Q" name="Testcases_27Q" time="2.319"/>
  <system-out/>
  <testcase classname="pro.saral.testCases.Test_27Q" name="Testcases_27Q" time="2.450"/>
  <system-out/>
  <testcase classname="pro.saral.testCases.Test_27Q" name="Testcases_27Q" time="0.521"/>
  <system-out/>
  <testcase classname="pro.saral.testCases.Test_27Q" name="Testcases_27Q" time="2.053"/>
  <system-out/>
  <testcase classname="pro.saral.testCases.Test_27Q" name="Testcases_27Q" time="2.178"/>
  <system-out/>
  <testcase classname="pro.saral.testCases.Test_27Q" name="Testcases_27Q" time="0.261"/>
  <system-out/>
  <testcase classname="pro.saral.testCases.Test_27Q" name="Testcases_27Q" time="0.104"/>
  <system-out/>
  <testcase classname="pro.saral.testCases.Test_27Q" name="Testcases_27Q" time="0.342"/>
  <system-out/>
  <testcase classname="pro.saral.testCases.Test_27Q" name="Testcases_27Q" time="0.204"/>
  <system-out/>
  <testcase classname="pro.saral.testCases.Test_27Q" name="Testcases_27Q" time="2.357"/>
  <system-out/>
  <testcase classname="pro.saral.testCases.Test_27Q" name="Testcases_27Q" time="2.229"/>
  <system-out/>
  <testcase classname="pro.saral.testCases.Test_27Q" name="Testcases_27Q" time="2.273"/>
  <system-out/>
  <testcase classname="pro.saral.testCases.Test_27Q" name="Testcases_27Q" time="2.135"/>
  <system-out/>
  <testcase classname="pro.saral.testCases.Test_27Q" name="Testcases_27Q" time="2.244"/>
  <system-out/>
  <testcase classname="pro.saral.testCases.Test_27Q" name="Testcases_27Q" time="0.017"/>
  <system-out/>
  <testcase classname="pro.saral.testCases.Test_27Q" name="Testcases_27Q" time="0.124"/>
  <system-out/>
  <testcase classname="pro.saral.testCases.Test_27Q" name="Testcases_27Q" time="0.040"/>
  <system-out/>
  <testcase classname="pro.saral.testCases.Test_27Q" name="Testcases_27Q" time="2.127"/>
  <system-out/>
  <testcase classname="pro.saral.testCases.Test_27Q" name="Testcases_27Q" time="0.349"/>
  <system-out/>
  <testcase classname="pro.saral.testCases.Test_27Q" name="Testcases_27Q" time="2.547"/>
  <system-out/>
  <testcase classname="pro.saral.testCases.Test_27Q" name="Testcases_27Q" time="0.043"/>
  <system-out/>
  <testcase classname="pro.saral.testCases.Test_27Q" name="Testcases_27Q" time="2.461"/>
  <system-out/>
  <testcase classname="pro.saral.testCases.Test_27Q" name="Testcases_27Q" time="0.155"/>
  <system-out/>
  <testcase classname="pro.saral.testCases.Test_27Q" name="Testcases_27Q" time="0.263"/>
  <system-out/>
  <testcase classname="pro.saral.testCases.Test_27Q" name="Testcases_27Q" time="0.120"/>
  <system-out/>
  <testcase classname="pro.saral.testCases.Test_27Q" name="Testcases_27Q" time="2.454"/>
  <system-out/>
  <testcase classname="pro.saral.testCases.Test_27Q" name="Testcases_27Q" time="0.026"/>
  <system-out/>
  <testcase classname="pro.saral.testCases.Test_27Q" name="Testcases_27Q" time="2.169"/>
  <system-out/>
  <testcase classname="pro.saral.testCases.Test_27Q" name="Testcases_27Q" time="2.363"/>
  <system-out/>
  <testcase classname="pro.saral.testCases.Test_27Q" name="Testcases_27Q" time="0.308"/>
  <system-out/>
  <testcase classname="pro.saral.testCases.Test_27Q" name="Testcases_27Q" time="0.400"/>
  <system-out/>
  <testcase classname="pro.saral.testCases.Test_27Q" name="Testcases_27Q" time="0.109"/>
  <system-out/>
  <testcase classname="pro.saral.testCases.Test_27Q" name="Testcases_27Q" time="2.183"/>
  <system-out/>
  <testcase classname="pro.saral.testCases.Test_27Q" name="Testcases_27Q" time="2.190"/>
  <system-out/>
  <testcase classname="pro.saral.testCases.Test_27Q" name="Testcases_27Q" time="2.179"/>
  <system-out/>
  <testcase classname="pro.saral.testCases.Test_27Q" name="Testcases_27Q" time="0.030"/>
  <system-out/>
  <testcase classname="pro.saral.testCases.Test_27Q" name="Testcases_27Q" time="2.456"/>
  <system-out/>
  <testcase classname="pro.saral.testCases.Test_27Q" name="Testcases_27Q" time="2.212"/>
  <system-out/>
  <testcase classname="pro.saral.testCases.Test_27Q" name="Testcases_27Q" time="2.588"/>
  <system-out/>
  <testcase classname="pro.saral.testCases.Test_27Q" name="Testcases_27Q" time="2.421"/>
  <system-out/>
  <testcase classname="pro.saral.testCases.Test_27Q" name="Testcases_27Q" time="0.239"/>
  <system-out/>
  <testcase classname="pro.saral.testCases.Test_27Q" name="Testcases_27Q" time="2.563"/>
  <system-out/>
  <testcase classname="pro.saral.testCases.Test_27Q" name="Testcases_27Q" time="2.205"/>
  <system-out/>
  <testcase classname="pro.saral.testCases.Test_27Q" name="Testcases_27Q" time="0.033"/>
  <system-out/>
  <testcase classname="pro.saral.testCases.Test_27Q" name="Testcases_27Q" time="0.161"/>
  <system-out/>
  <testcase classname="pro.saral.testCases.Test_27Q" name="Testcases_27Q" time="0.294"/>
  <system-out/>
  <testcase classname="pro.saral.testCases.Test_27Q" name="Testcases_27Q" time="2.261"/>
  <system-out/>
  <testcase classname="pro.saral.testCases.Test_27Q" name="Testcases_27Q" time="2.158"/>
  <system-out/>
  <testcase classname="pro.saral.testCases.Test_27Q" name="Testcases_27Q" time="2.166"/>
  <system-out/>
  <testcase classname="pro.saral.testCases.Test_27Q" name="Testcases_27Q" time="0.113"/>
  <system-out/>
  <testcase classname="pro.saral.testCases.Test_27Q" name="Testcases_27Q" time="0.148"/>
  <system-out/>
  <testcase classname="pro.saral.testCases.Test_27Q" name="Testcases_27Q" time="0.050"/>
  <system-out/>
  <testcase classname="pro.saral.testCases.Test_27Q" name="Testcases_27Q" time="2.333"/>
  <system-out/>
  <testcase classname="pro.saral.testCases.Test_27Q" name="Testcases_27Q" time="2.287"/>
  <system-out/>
  <testcase classname="pro.saral.testCases.Test_27Q" name="Testcases_27Q" time="0.425"/>
  <system-out/>
  <testcase classname="pro.saral.testCases.Test_27Q" name="Testcases_27Q" time="2.470"/>
  <system-out/>
  <testcase classname="pro.saral.testCases.Test_27Q" name="Testcases_27Q" time="2.184"/>
  <system-out/>
  <testcase classname="pro.saral.testCases.Test_27Q" name="Testcases_27Q" time="2.267"/>
  <system-out/>
  <testcase classname="pro.saral.testCases.Test_27Q" name="Testcases_27Q" time="2.275"/>
  <system-out/>
  <testcase classname="pro.saral.testCases.Test_27Q" name="Testcases_27Q" time="2.029"/>
  <system-out/>
  <testcase classname="pro.saral.testCases.Test_27Q" name="Testcases_27Q" time="2.176"/>
  <system-out/>
  <testcase classname="pro.saral.testCases.Test_27Q" name="Testcases_27Q" time="0.219"/>
  <system-out/>
  <testcase classname="pro.saral.testCases.Test_27Q" name="Testcases_27Q" time="2.262"/>
  <system-out/>
  <testcase classname="pro.saral.testCases.Test_27Q" name="Testcases_27Q" time="0.295"/>
  <system-out/>
  <testcase classname="pro.saral.testCases.Test_27Q" name="Testcases_27Q" time="0.255"/>
  <system-out/>
  <testcase classname="pro.saral.testCases.Test_27Q" name="Testcases_27Q" time="0.106"/>
  <system-out/>
  <testcase classname="pro.saral.testCases.Test_27Q" name="Testcases_27Q" time="2.329"/>
  <system-out/>
  <testcase classname="pro.saral.testCases.Test_27Q" name="Testcases_27Q" time="0.344"/>
  <system-out/>
  <testcase classname="pro.saral.testCases.Test_27Q" name="Testcases_27Q" time="2.258"/>
  <system-out/>
  <testcase classname="pro.saral.testCases.Test_27Q" name="Testcases_27Q" time="10.024"/>
  <system-out/>
  <testcase classname="pro.saral.testCases.Test_27Q" name="Testcases_27Q" time="0.012"/>
  <system-out/>
  <testcase classname="pro.saral.testCases.Test_27Q" name="Testcases_27Q" time="0.072"/>
  <system-out/>
  <testcase classname="pro.saral.testCases.Test_27Q" name="Testcases_27Q" time="2.520"/>
  <system-out/>
  <testcase classname="pro.saral.testCases.Test_27Q" name="Testcases_27Q" time="2.356"/>
  <system-out/>
  <testcase classname="pro.saral.testCases.Test_27Q" name="Testcases_27Q" time="2.344"/>
  <system-out/>
  <testcase classname="pro.saral.testCases.Test_27Q" name="Testcases_27Q" time="0.012"/>
  <system-out/>
  <testcase classname="pro.saral.testCases.Test_27Q" name="Testcases_27Q" time="0.345"/>
  <system-out/>
  <testcase classname="pro.saral.testCases.Test_27Q" name="Testcases_27Q" time="2.281"/>
  <system-out/>
  <testcase classname="pro.saral.testCases.Test_27Q" name="Testcases_27Q" time="0.089"/>
  <system-out/>
  <testcase classname="pro.saral.testCases.Test_27Q" name="Testcases_27Q" time="0.236"/>
  <system-out/>
  <testcase classname="pro.saral.testCases.Test_27Q" name="Testcases_27Q" time="2.195"/>
  <system-out/>
  <testcase classname="pro.saral.testCases.Test_27Q" name="Testcases_27Q" time="0.416"/>
  <system-out/>
  <testcase classname="pro.saral.testCases.Test_27Q" name="Testcases_27Q" time="0.260"/>
  <system-out/>
  <testcase classname="pro.saral.testCases.Test_27Q" name="Testcases_27Q" time="2.424"/>
  <system-out/>
  <testcase classname="pro.saral.testCases.Test_27Q" name="Testcases_27Q" time="0.252"/>
  <system-out/>
  <testcase classname="pro.saral.testCases.Test_27Q" name="Testcases_27Q" time="2.176"/>
  <system-out/>
  <testcase classname="pro.saral.testCases.Test_27Q" name="Testcases_27Q" time="2.289"/>
  <system-out/>
  <testcase classname="pro.saral.testCases.Test_27Q" name="Testcases_27Q" time="0.013"/>
  <system-out/>
  <testcase classname="pro.saral.testCases.Test_27Q" name="Testcases_27Q" time="2.504"/>
  <system-out/>
  <testcase classname="pro.saral.testCases.Test_27Q" name="Testcases_27Q" time="0.014"/>
  <system-out/>
  <testcase classname="pro.saral.testCases.Test_27Q" name="Testcases_27Q" time="0.152"/>
  <system-out/>
  <testcase classname="pro.saral.testCases.Test_27Q" name="Testcases_27Q" time="2.163"/>
  <system-out/>
  <testcase classname="pro.saral.testCases.Test_27Q" name="Testcases_27Q" time="0.016"/>
  <system-out/>
  <testcase classname="pro.saral.testCases.Test_27Q" name="Testcases_27Q" time="0.107"/>
  <system-out/>
  <testcase classname="pro.saral.testCases.Test_27Q" name="Testcases_27Q" time="0.069"/>
  <system-out/>
  <testcase classname="pro.saral.testCases.Test_27Q" name="Testcases_27Q" time="2.498"/>
  <system-out/>
  <testcase classname="pro.saral.testCases.Test_27Q" name="Testcases_27Q" time="2.559"/>
  <system-out/>
  <testcase classname="pro.saral.testCases.Test_27Q" name="Testcases_27Q" time="2.381"/>
  <system-out/>
  <testcase classname="pro.saral.testCases.Test_27Q" name="Testcases_27Q" time="2.201"/>
  <system-out/>
  <testcase classname="pro.saral.testCases.Test_27Q" name="Testcases_27Q" time="2.280"/>
  <system-out/>
  <testcase classname="pro.saral.testCases.Test_27Q" name="Testcases_27Q" time="0.109"/>
  <system-out/>
  <testcase classname="pro.saral.testCases.Test_27Q" name="Testcases_27Q" time="0.339"/>
  <system-out/>
  <testcase classname="pro.saral.testCases.Test_27Q" name="Testcases_27Q" time="0.113"/>
  <system-out/>
  <testcase classname="pro.saral.testCases.Test_27Q" name="Testcases_27Q" time="2.377"/>
  <system-out/>
  <testcase classname="pro.saral.testCases.Test_27Q" name="Testcases_27Q" time="2.153"/>
  <system-out/>
  <testcase classname="pro.saral.testCases.Test_27Q" name="Testcases_27Q" time="2.140"/>
  <system-out/>
  <testcase classname="pro.saral.testCases.Test_27Q" name="Testcases_27Q" time="2.473"/>
  <system-out/>
  <testcase classname="pro.saral.testCases.Test_27Q" name="Testcases_27Q" time="0.069"/>
  <system-out/>
  <testcase classname="pro.saral.testCases.Test_27Q" name="Testcases_27Q" time="0.235"/>
  <system-out/>
  <testcase classname="pro.saral.testCases.Test_27Q" name="Testcases_27Q" time="0.180"/>
  <system-out/>
  <testcase classname="pro.saral.testCases.Test_27Q" name="Testcases_27Q" time="2.328"/>
  <system-out/>
  <testcase classname="pro.saral.testCases.Test_27Q" name="Testcases_27Q" time="2.335"/>
  <system-out/>
  <testcase classname="pro.saral.testCases.Test_27Q" name="Testcases_27Q" time="0.297"/>
  <system-out/>
  <testcase classname="pro.saral.testCases.Test_27Q" name="Testcases_27Q" time="0.043"/>
  <system-out/>
  <testcase classname="pro.saral.testCases.Test_27Q" name="Testcases_27Q" time="2.157"/>
  <system-out/>
  <testcase classname="pro.saral.testCases.Test_27Q" name="Testcases_27Q" time="2.643"/>
  <system-out/>
  <testcase classname="pro.saral.testCases.Test_27Q" name="Testcases_27Q" time="2.153"/>
  <system-out/>
  <testcase classname="pro.saral.testCases.Test_27Q" name="Testcases_27Q" time="2.167"/>
  <system-out/>
  <testcase classname="pro.saral.testCases.Test_27Q" name="Testcases_27Q" time="0.016"/>
  <system-out/>
  <testcase classname="pro.saral.testCases.Test_27Q" name="Testcases_27Q" time="2.237"/>
  <system-out/>
  <testcase classname="pro.saral.testCases.Test_27Q" name="Testcases_27Q" time="0.041"/>
  <system-out/>
  <testcase classname="pro.saral.testCases.Test_27Q" name="Testcases_27Q" time="2.273"/>
  <system-out/>
  <testcase classname="pro.saral.testCases.Test_27Q" name="Testcases_27Q" time="2.293"/>
  <system-out/>
  <testcase classname="pro.saral.testCases.Test_27Q" name="Testcases_27Q" time="2.144"/>
  <system-out/>
  <testcase classname="pro.saral.testCases.Test_27Q" name="Testcases_27Q" time="2.463"/>
  <system-out/>
  <testcase classname="pro.saral.testCases.Test_27Q" name="Testcases_27Q" time="2.253"/>
  <system-out/>
  <testcase classname="pro.saral.testCases.Test_27Q" name="Testcases_27Q" time="2.374"/>
  <system-out/>
  <testcase classname="pro.saral.testCases.Test_27Q" name="Testcases_27Q" time="0.207"/>
  <system-out/>
  <testcase classname="pro.saral.testCases.Test_27Q" name="Testcases_27Q" time="0.210"/>
  <system-out/>
  <testcase classname="pro.saral.testCases.Test_27Q" name="Testcases_27Q" time="2.465"/>
  <system-out/>
  <testcase classname="pro.saral.testCases.Test_27Q" name="Testcases_27Q" time="2.468"/>
  <system-out/>
  <testcase classname="pro.saral.testCases.Test_27Q" name="Testcases_27Q" time="2.386"/>
  <system-out/>
  <testcase classname="pro.saral.testCases.Test_27Q" name="Testcases_27Q" time="0.115"/>
  <system-out/>
  <testcase classname="pro.saral.testCases.Test_27Q" name="Testcases_27Q" time="2.335"/>
  <system-out/>
  <testcase classname="pro.saral.testCases.Test_27Q" name="Testcases_27Q" time="0.042"/>
  <system-out/>
  <testcase classname="pro.saral.testCases.Test_27Q" name="Testcases_27Q" time="0.349"/>
  <system-out/>
  <testcase classname="pro.saral.testCases.Test_27Q" name="Testcases_27Q" time="2.196"/>
  <system-out/>
  <testcase classname="pro.saral.testCases.Test_27Q" name="Testcases_27Q" time="2.233"/>
  <system-out/>
  <testcase classname="pro.saral.testCases.Test_27Q" name="Testcases_27Q" time="0.018"/>
  <system-out/>
  <testcase classname="pro.saral.testCases.Test_27Q" name="Testcases_27Q" time="2.135"/>
  <system-out/>
  <testcase classname="pro.saral.testCases.Test_27Q" name="Testcases_27Q" time="2.203"/>
  <system-out/>
  <testcase classname="pro.saral.testCases.Test_27Q" name="Testcases_27Q" time="2.355"/>
  <system-out/>
  <testcase classname="pro.saral.testCases.Test_27Q" name="Testcases_27Q" time="2.282"/>
  <system-out/>
  <testcase classname="pro.saral.testCases.Test_27Q" name="Testcases_27Q" time="0.214"/>
  <system-out/>
  <testcase classname="pro.saral.testCases.Test_27Q" name="Testcases_27Q" time="2.162"/>
  <system-out/>
  <testcase classname="pro.saral.testCases.Test_27Q" name="Testcases_27Q" time="2.333"/>
  <system-out/>
  <testcase classname="pro.saral.testCases.Test_27Q" name="Testcases_27Q" time="2.187"/>
  <system-out/>
  <testcase classname="pro.saral.testCases.Test_27Q" name="Testcases_27Q" time="35.124"/>
  <system-out/>
  <testcase classname="pro.saral.testCases.Test_27Q" name="Testcases_27Q" time="2.028"/>
  <system-out/>
  <testcase classname="pro.saral.testCases.Test_27Q" name="Testcases_27Q" time="2.142"/>
  <system-out/>
  <testcase classname="pro.saral.testCases.Test_27Q" name="Testcases_27Q" time="2.156"/>
  <system-out/>
  <testcase classname="pro.saral.testCases.Test_27Q" name="Testcases_27Q" time="2.257"/>
  <system-out/>
  <testcase classname="pro.saral.testCases.Test_27Q" name="Testcases_27Q" time="2.190"/>
  <system-out/>
  <testcase classname="pro.saral.testCases.Test_27Q" name="Testcases_27Q" time="0.102"/>
  <system-out/>
  <testcase classname="pro.saral.testCases.Test_27Q" name="Testcases_27Q" time="2.362"/>
  <system-out/>
  <testcase classname="pro.saral.testCases.Test_27Q" name="Testcases_27Q" time="2.253"/>
  <system-out/>
  <testcase classname="pro.saral.testCases.Test_27Q" name="Testcases_27Q" time="0.013"/>
  <system-out/>
  <testcase classname="pro.saral.testCases.Test_27Q" name="Testcases_27Q" time="2.222"/>
  <system-out/>
  <testcase classname="pro.saral.testCases.Test_27Q" name="Testcases_27Q" time="2.191"/>
  <system-out/>
  <testcase classname="pro.saral.testCases.Test_27Q" name="Testcases_27Q" time="0.107"/>
  <system-out/>
  <testcase classname="pro.saral.testCases.Test_27Q" name="Testcases_27Q" time="2.181"/>
  <system-out/>
  <testcase classname="pro.saral.testCases.Test_27Q" name="Testcases_27Q" time="2.234"/>
  <system-out/>
  <testcase classname="pro.saral.testCases.Test_27Q" name="Testcases_27Q" time="0.301"/>
  <system-out/>
  <testcase classname="pro.saral.testCases.Test_27Q" name="Testcases_27Q" time="2.151"/>
  <system-out/>
  <testcase classname="pro.saral.testCases.Test_27Q" name="Testcases_27Q" time="2.379"/>
  <system-out/>
  <testcase classname="pro.saral.testCases.Test_27Q" name="Testcases_27Q" time="0.015"/>
  <system-out/>
  <testcase classname="pro.saral.testCases.Test_27Q" name="Testcases_27Q" time="2.581"/>
  <system-out/>
  <testcase classname="pro.saral.testCases.Test_27Q" name="Testcases_27Q" time="2.349"/>
  <system-out/>
  <testcase classname="pro.saral.testCases.Test_27Q" name="Testcases_27Q" time="0.111"/>
  <system-out/>
  <testcase classname="pro.saral.testCases.Test_27Q" name="Testcases_27Q" time="0.009"/>
  <system-out/>
  <testcase classname="pro.saral.testCases.Test_27Q" name="Testcases_27Q" time="2.342"/>
  <system-out/>
  <testcase classname="pro.saral.testCases.Test_27Q" name="Testcases_27Q" time="0.332"/>
  <system-out/>
  <testcase classname="pro.saral.testCases.Test_27Q" name="Testcases_27Q" time="2.155"/>
  <system-out/>
  <testcase classname="pro.saral.testCases.Test_27Q" name="Testcases_27Q" time="2.274"/>
  <system-out/>
  <testcase classname="pro.saral.testCases.Test_27Q" name="Testcases_27Q" time="2.471"/>
  <system-out/>
  <testcase classname="pro.saral.testCases.Test_27Q" name="Testcases_27Q" time="2.465"/>
  <system-out/>
  <testcase classname="pro.saral.testCases.Test_27Q" name="Testcases_27Q" time="0.238"/>
  <system-out/>
  <testcase classname="pro.saral.testCases.Test_27Q" name="Testcases_27Q" time="0.058"/>
  <system-out/>
  <testcase classname="pro.saral.testCases.Test_27Q" name="Testcases_27Q" time="2.224"/>
  <system-out/>
  <testcase classname="pro.saral.testCases.Test_27Q" name="Testcases_27Q" time="2.454"/>
  <system-out/>
  <testcase classname="pro.saral.testCases.Test_27Q" name="Testcases_27Q" time="2.470"/>
  <system-out/>
  <testcase classname="pro.saral.testCases.Test_27Q" name="Testcases_27Q" time="0.309"/>
  <system-out/>
  <testcase classname="pro.saral.testCases.Test_27Q" name="Testcases_27Q" time="2.193"/>
  <system-out/>
  <testcase classname="pro.saral.testCases.Test_27Q" name="Testcases_27Q" time="2.458"/>
  <system-out/>
  <testcase classname="pro.saral.testCases.Test_27Q" name="Testcases_27Q" time="2.381"/>
  <system-out/>
  <testcase classname="pro.saral.testCases.Test_27Q" name="Testcases_27Q" time="0.328"/>
  <system-out/>
  <testcase classname="pro.saral.testCases.Test_27Q" name="Testcases_27Q" time="0.444"/>
  <system-out/>
  <testcase classname="pro.saral.testCases.Test_27Q" name="Testcases_27Q" time="0.016"/>
  <system-out/>
  <testcase classname="pro.saral.testCases.Test_27Q" name="Testcases_27Q" time="2.210"/>
  <system-out/>
  <testcase classname="pro.saral.testCases.Test_27Q" name="Testcases_27Q" time="0.343"/>
  <system-out/>
  <testcase classname="pro.saral.testCases.Test_27Q" name="Testcases_27Q" time="2.528"/>
  <system-out/>
  <testcase classname="pro.saral.testCases.Test_27Q" name="Testcases_27Q" time="2.438"/>
  <system-out/>
  <testcase classname="pro.saral.testCases.Test_27Q" name="Testcases_27Q" time="2.229"/>
  <system-out/>
  <testcase classname="pro.saral.testCases.Test_27Q" name="Testcases_27Q" time="2.197"/>
  <system-out/>
  <testcase classname="pro.saral.testCases.Test_27Q" name="Testcases_27Q" time="2.269"/>
  <system-out/>
  <testcase classname="pro.saral.testCases.Test_27Q" name="Testcases_27Q" time="0.447"/>
  <system-out/>
  <testcase classname="pro.saral.testCases.Test_27Q" name="Testcases_27Q" time="2.157"/>
  <system-out/>
  <testcase classname="pro.saral.testCases.Test_27Q" name="Testcases_27Q" time="2.451"/>
  <system-out/>
  <testcase classname="pro.saral.testCases.Test_27Q" name="Testcases_27Q" time="2.251"/>
  <system-out/>
  <testcase classname="pro.saral.testCases.Test_27Q" name="Testcases_27Q" time="2.299"/>
  <system-out/>
  <testcase classname="pro.saral.testCases.Test_27Q" name="Testcases_27Q" time="2.203"/>
  <system-out/>
  <testcase classname="pro.saral.testCases.Test_27Q" name="Testcases_27Q" time="0.274"/>
  <system-out/>
  <testcase classname="pro.saral.testCases.Test_27Q" name="Testcases_27Q" time="0.117"/>
  <system-out/>
  <testcase classname="pro.saral.testCases.Test_27Q" name="Testcases_27Q" time="2.166"/>
  <system-out/>
  <testcase classname="pro.saral.testCases.Test_27Q" name="Testcases_27Q" time="0.391"/>
  <system-out/>
  <testcase classname="pro.saral.testCases.Test_27Q" name="Testcases_27Q" time="0.021"/>
  <system-out/>
  <testcase classname="pro.saral.testCases.Test_27Q" name="Testcases_27Q" time="2.298"/>
  <system-out/>
  <testcase classname="pro.saral.testCases.Test_27Q" name="Testcases_27Q" time="2.188"/>
  <system-out/>
  <testcase classname="pro.saral.testCases.Test_27Q" name="Testcases_27Q" time="0.042"/>
  <system-out/>
  <testcase classname="pro.saral.testCases.Test_27Q" name="Testcases_27Q" time="2.232"/>
  <system-out/>
  <testcase classname="pro.saral.testCases.Test_27Q" name="Testcases_27Q" time="0.643"/>
  <system-out/>
  <testcase classname="pro.saral.testCases.Test_27Q" name="Testcases_27Q" time="2.416"/>
  <system-out/>
  <testcase classname="pro.saral.testCases.Test_27Q" name="Testcases_27Q" time="2.352"/>
  <system-out/>
  <testcase classname="pro.saral.testCases.Test_27Q" name="Testcases_27Q" time="2.250"/>
  <system-out/>
  <testcase classname="pro.saral.testCases.Test_27Q" name="Testcases_27Q" time="2.128"/>
  <system-out/>
  <testcase classname="pro.saral.testCases.Test_27Q" name="Testcases_27Q" time="0.479"/>
  <system-out/>
  <testcase classname="pro.saral.testCases.Test_27Q" name="Testcases_27Q" time="0.138"/>
  <system-out/>
  <testcase classname="pro.saral.testCases.Test_27Q" name="Testcases_27Q" time="0.419"/>
  <system-out/>
  <testcase classname="pro.saral.testCases.Test_27Q" name="Testcases_27Q" time="0.057"/>
  <system-out/>
  <testcase classname="pro.saral.testCases.Test_27Q" name="Testcases_27Q" time="0.055"/>
  <system-out/>
  <testcase classname="pro.saral.testCases.Test_27Q" name="Testcases_27Q" time="2.212"/>
  <system-out/>
  <testcase classname="pro.saral.testCases.Test_27Q" name="Testcases_27Q" time="2.243"/>
  <system-out/>
  <testcase classname="pro.saral.testCases.Test_27Q" name="Testcases_27Q" time="0.100"/>
  <system-out/>
  <testcase classname="pro.saral.testCases.Test_27Q" name="Testcases_27Q" time="2.260"/>
  <system-out/>
  <testcase classname="pro.saral.testCases.Test_27Q" name="Testcases_27Q" time="2.346"/>
  <system-out/>
  <testcase classname="pro.saral.testCases.Test_27Q" name="Testcases_27Q" time="0.019"/>
  <system-out/>
  <testcase classname="pro.saral.testCases.Test_27Q" name="Testcases_27Q" time="0.124"/>
  <system-out/>
  <testcase classname="pro.saral.testCases.Test_27Q" name="Testcases_27Q" time="2.402"/>
  <system-out/>
  <testcase classname="pro.saral.testCases.Test_27Q" name="Testcases_27Q" time="0.348"/>
  <system-out/>
  <testcase classname="pro.saral.testCases.Test_27Q" name="Testcases_27Q" time="2.421"/>
  <system-out/>
  <testcase classname="pro.saral.testCases.Test_27Q" name="Testcases_27Q" time="0.046"/>
  <system-out/>
  <testcase classname="pro.saral.testCases.Test_27Q" name="Testcases_27Q" time="0.303"/>
  <system-out/>
  <testcase classname="pro.saral.testCases.Test_27Q" name="Testcases_27Q" time="2.324"/>
  <system-out/>
  <testcase classname="pro.saral.testCases.Test_27Q" name="Testcases_27Q" time="0.182"/>
  <system-out/>
  <testcase classname="pro.saral.testCases.Test_27Q" name="Testcases_27Q" time="2.165"/>
  <system-out/>
  <testcase classname="pro.saral.testCases.Test_27Q" name="Testcases_27Q" time="0.297"/>
  <system-out/>
  <testcase classname="pro.saral.testCases.Test_27Q" name="Testcases_27Q" time="2.484"/>
  <system-out/>
  <testcase classname="pro.saral.testCases.Test_27Q" name="Testcases_27Q" time="0.356"/>
  <system-out/>
  <testcase classname="pro.saral.testCases.Test_27Q" name="Testcases_27Q" time="2.360"/>
  <system-out/>
  <testcase classname="pro.saral.testCases.Test_27Q" name="Testcases_27Q" time="0.278"/>
  <system-out/>
  <testcase classname="pro.saral.testCases.Test_27Q" name="Testcases_27Q" time="0.251"/>
  <system-out/>
  <testcase classname="pro.saral.testCases.Test_27Q" name="Testcases_27Q" time="0.065"/>
  <system-out/>
  <testcase classname="pro.saral.testCases.Test_27Q" name="Testcases_27Q" time="2.185"/>
  <system-out/>
  <testcase classname="pro.saral.testCases.Test_27Q" name="Testcases_27Q" time="2.315"/>
  <system-out/>
  <testcase classname="pro.saral.testCases.Test_27Q" name="Testcases_27Q" time="2.116"/>
  <system-out/>
  <testcase classname="pro.saral.testCases.Test_27Q" name="Testcases_27Q" time="2.307"/>
  <system-out/>
  <testcase classname="pro.saral.testCases.Test_27Q" name="Testcases_27Q" time="0.015"/>
  <system-out/>
  <testcase classname="pro.saral.testCases.Test_27Q" name="Testcases_27Q" time="0.159"/>
  <system-out/>
  <testcase classname="pro.saral.testCases.Test_27Q" name="Testcases_27Q" time="0.066"/>
  <system-out/>
  <testcase classname="pro.saral.testCases.Test_27Q" name="Testcases_27Q" time="2.191"/>
  <system-out/>
  <testcase classname="pro.saral.testCases.Test_27Q" name="Testcases_27Q" time="2.576"/>
  <system-out/>
  <testcase classname="pro.saral.testCases.Test_27Q" name="Testcases_27Q" time="2.663"/>
  <system-out/>
  <testcase classname="pro.saral.testCases.Test_27Q" name="Testcases_27Q" time="2.490"/>
  <system-out/>
  <testcase classname="pro.saral.testCases.Test_27Q" name="Testcases_27Q" time="16.545"/>
  <system-out/>
  <testcase classname="pro.saral.testCases.Test_27Q" name="Testcases_27Q" time="2.286"/>
  <system-out/>
  <testcase classname="pro.saral.testCases.Test_27Q" name="Testcases_27Q" time="0.456"/>
  <system-out/>
  <testcase classname="pro.saral.testCases.Test_27Q" name="Testcases_27Q" time="0.093"/>
  <system-out/>
  <testcase classname="pro.saral.testCases.Test_27Q" name="Testcases_27Q" time="0.331"/>
  <system-out/>
  <testcase classname="pro.saral.testCases.Test_27Q" name="Testcases_27Q" time="2.476"/>
  <system-out/>
  <testcase classname="pro.saral.testCases.Test_27Q" name="Testcases_27Q" time="0.071"/>
  <system-out/>
  <testcase classname="pro.saral.testCases.Test_27Q" name="Testcases_27Q" time="2.380"/>
  <system-out/>
  <testcase classname="pro.saral.testCases.Test_27Q" name="Testcases_27Q" time="0.071"/>
  <system-out/>
  <testcase classname="pro.saral.testCases.Test_27Q" name="Testcases_27Q" time="2.245"/>
  <system-out/>
  <testcase classname="pro.saral.testCases.Test_27Q" name="Testcases_27Q" time="2.131"/>
  <system-out/>
  <testcase classname="pro.saral.testCases.Test_27Q" name="Testcases_27Q" time="0.416"/>
  <system-out/>
  <testcase classname="pro.saral.testCases.Test_27Q" name="Testcases_27Q" time="2.166"/>
  <system-out/>
  <testcase classname="pro.saral.testCases.Test_27Q" name="Testcases_27Q" time="2.126"/>
  <system-out/>
  <testcase classname="pro.saral.testCases.Test_27Q" name="Testcases_27Q" time="0.100"/>
  <system-out/>
  <testcase classname="pro.saral.testCases.Test_27Q" name="Testcases_27Q" time="0.295"/>
  <system-out/>
  <testcase classname="pro.saral.testCases.Test_27Q" name="Testcases_27Q" time="0.843"/>
  <system-out/>
  <testcase classname="pro.saral.testCases.Test_27Q" name="Testcases_27Q" time="2.188"/>
  <system-out/>
  <testcase classname="pro.saral.testCases.Test_27Q" name="Testcases_27Q" time="0.063"/>
  <system-out/>
  <testcase classname="pro.saral.testCases.Test_27Q" name="Testcases_27Q" time="2.379"/>
  <system-out/>
  <testcase classname="pro.saral.testCases.Test_27Q" name="Testcases_27Q" time="2.186"/>
  <system-out/>
  <testcase classname="pro.saral.testCases.Test_27Q" name="Testcases_27Q" time="0.213"/>
  <system-out/>
  <testcase classname="pro.saral.testCases.Test_27Q" name="Testcases_27Q" time="2.423"/>
  <system-out/>
  <testcase classname="pro.saral.testCases.Test_27Q" name="Testcases_27Q" time="0.310"/>
  <system-out/>
  <testcase classname="pro.saral.testCases.Test_27Q" name="Testcases_27Q" time="0.105"/>
  <system-out/>
  <testcase classname="pro.saral.testCases.Test_27Q" name="Testcases_27Q" time="2.204"/>
  <system-out/>
  <testcase classname="pro.saral.testCases.Test_27Q" name="Testcases_27Q" time="2.181"/>
  <system-out/>
  <testcase classname="pro.saral.testCases.Test_27Q" name="Testcases_27Q" time="2.141"/>
  <system-out/>
  <testcase classname="pro.saral.testCases.Test_27Q" name="Testcases_27Q" time="2.232"/>
  <system-out/>
  <testcase classname="pro.saral.testCases.Test_27Q" name="Testcases_27Q" time="2.141"/>
  <system-out/>
  <testcase classname="pro.saral.testCases.Test_27Q" name="Testcases_27Q" time="0.280"/>
  <system-out/>
  <testcase classname="pro.saral.testCases.Test_27Q" name="Testcases_27Q" time="2.335"/>
  <system-out/>
  <testcase classname="pro.saral.testCases.Test_27Q" name="Testcases_27Q" time="2.483"/>
  <system-out/>
  <testcase classname="pro.saral.testCases.Test_27Q" name="Testcases_27Q" time="0.096"/>
  <system-out/>
  <testcase classname="pro.saral.testCases.Test_27Q" name="Testcases_27Q" time="2.322"/>
  <system-out/>
  <testcase classname="pro.saral.testCases.Test_27Q" name="Testcases_27Q" time="2.357"/>
  <system-out/>
  <testcase classname="pro.saral.testCases.Test_27Q" name="Testcases_27Q" time="2.299"/>
  <system-out/>
  <testcase classname="pro.saral.testCases.Test_27Q" name="Testcases_27Q" time="2.254"/>
  <system-out/>
  <testcase classname="pro.saral.testCases.Test_27Q" name="Testcases_27Q" time="2.518"/>
  <system-out/>
  <testcase classname="pro.saral.testCases.Test_27Q" name="Testcases_27Q" time="0.308"/>
  <system-out/>
  <testcase classname="pro.saral.testCases.Test_27Q" name="Testcases_27Q" time="0.444"/>
  <system-out/>
  <testcase classname="pro.saral.testCases.Test_27Q" name="Testcases_27Q" time="0.524"/>
  <system-out/>
  <testcase classname="pro.saral.testCases.Test_27Q" name="Testcases_27Q" time="2.377"/>
  <system-out/>
  <testcase classname="pro.saral.testCases.Test_27Q" name="Testcases_27Q" time="2.359"/>
  <system-out/>
  <testcase classname="pro.saral.testCases.Test_27Q" name="Testcases_27Q" time="0.088"/>
  <system-out/>
  <testcase classname="pro.saral.testCases.Test_27Q" name="Testcases_27Q" time="2.446"/>
  <system-out/>
  <testcase classname="pro.saral.testCases.Test_27Q" name="Testcases_27Q" time="0.050"/>
  <system-out/>
  <testcase classname="pro.saral.testCases.Test_27Q" name="Testcases_27Q" time="2.153"/>
  <system-out/>
  <testcase classname="pro.saral.testCases.Test_27Q" name="Testcases_27Q" time="0.117"/>
  <system-out/>
  <testcase classname="pro.saral.testCases.Test_27Q" name="Testcases_27Q" time="2.127"/>
  <system-out/>
  <testcase classname="pro.saral.testCases.Test_27Q" name="Testcases_27Q" time="0.038"/>
  <system-out/>
  <testcase classname="pro.saral.testCases.Test_27Q" name="Testcases_27Q" time="2.224"/>
  <system-out/>
  <testcase classname="pro.saral.testCases.Test_27Q" name="Testcases_27Q" time="2.226"/>
  <system-out/>
  <testcase classname="pro.saral.testCases.Test_27Q" name="Testcases_27Q" time="2.326"/>
  <system-out/>
  <testcase classname="pro.saral.testCases.Test_27Q" name="Testcases_27Q" time="2.113"/>
  <system-out/>
  <testcase classname="pro.saral.testCases.Test_27Q" name="Testcases_27Q" time="0.360"/>
  <system-out/>
  <testcase classname="pro.saral.testCases.Test_27Q" name="Testcases_27Q" time="2.479"/>
  <system-out/>
  <testcase classname="pro.saral.testCases.Test_27Q" name="Testcases_27Q" time="0.048"/>
  <system-out/>
  <testcase classname="pro.saral.testCases.Test_27Q" name="Testcases_27Q" time="2.334"/>
  <system-out/>
  <testcase classname="pro.saral.testCases.Test_27Q" name="Testcases_27Q" time="0.167"/>
  <system-out/>
  <testcase classname="pro.saral.testCases.Test_27Q" name="Testcases_27Q" time="0.256"/>
  <system-out/>
  <testcase classname="pro.saral.testCases.Test_27Q" name="Testcases_27Q" time="2.388"/>
  <system-out/>
  <testcase classname="pro.saral.testCases.Test_27Q" name="Testcases_27Q" time="0.200"/>
  <system-out/>
  <testcase classname="pro.saral.testCases.Test_27Q" name="Testcases_27Q" time="2.162"/>
  <system-out/>
  <testcase classname="pro.saral.testCases.Test_27Q" name="Testcases_27Q" time="2.362"/>
  <system-out/>
  <testcase classname="pro.saral.testCases.Test_27Q" name="Testcases_27Q" time="2.154"/>
  <system-out/>
  <testcase classname="pro.saral.testCases.Test_27Q" name="Testcases_27Q" time="2.413"/>
  <system-out/>
  <testcase classname="pro.saral.testCases.Test_27Q" name="Testcases_27Q" time="2.282"/>
  <system-out/>
  <testcase classname="pro.saral.testCases.Test_27Q" name="Testcases_27Q" time="2.175"/>
  <system-out/>
  <testcase classname="pro.saral.testCases.Test_27Q" name="Testcases_27Q" time="2.417"/>
  <system-out/>
  <testcase classname="pro.saral.testCases.Test_27Q" name="Testcases_27Q" time="0.140"/>
  <system-out/>
  <testcase classname="pro.saral.testCases.Test_27Q" name="Testcases_27Q" time="0.013"/>
  <system-out/>
  <testcase classname="pro.saral.testCases.Test_27Q" name="Testcases_27Q" time="0.086"/>
  <system-out/>
  <testcase classname="pro.saral.testCases.Test_27Q" name="Testcases_27Q" time="2.389"/>
  <system-out/>
  <testcase classname="pro.saral.testCases.Test_27Q" name="Testcases_27Q" time="2.329"/>
  <system-out/>
  <testcase classname="pro.saral.testCases.Test_27Q" name="Testcases_27Q" time="0.285"/>
  <system-out/>
  <testcase classname="pro.saral.testCases.Test_27Q" name="Testcases_27Q" time="0.395"/>
  <system-out/>
  <testcase classname="pro.saral.testCases.Test_27Q" name="Testcases_27Q" time="0.376"/>
  <system-out/>
  <testcase classname="pro.saral.testCases.Test_27Q" name="Testcases_27Q" time="2.455"/>
  <system-out/>
  <testcase classname="pro.saral.testCases.Test_27Q" name="Testcases_27Q" time="2.363"/>
  <system-out/>
  <testcase classname="pro.saral.testCases.Test_27Q" name="Testcases_27Q" time="0.507"/>
  <system-out/>
  <testcase classname="pro.saral.testCases.Test_27Q" name="Testcases_27Q" time="20.107"/>
  <system-out/>
  <testcase classname="pro.saral.testCases.Test_27Q" name="Testcases_27Q" time="2.209"/>
  <system-out/>
  <testcase classname="pro.saral.testCases.Test_27Q" name="Testcases_27Q" time="0.317"/>
  <system-out/>
  <testcase classname="pro.saral.testCases.Test_27Q" name="Testcases_27Q" time="0.297"/>
  <system-out/>
  <testcase classname="pro.saral.testCases.Test_27Q" name="Testcases_27Q" time="0.109"/>
  <system-out/>
  <testcase classname="pro.saral.testCases.Test_27Q" name="Testcases_27Q" time="0.395"/>
  <system-out/>
  <testcase classname="pro.saral.testCases.Test_27Q" name="Testcases_27Q" time="0.102"/>
  <system-out/>
  <testcase classname="pro.saral.testCases.Test_27Q" name="Testcases_27Q" time="2.474"/>
  <system-out/>
  <testcase classname="pro.saral.testCases.Test_27Q" name="Testcases_27Q" time="2.395"/>
  <system-out/>
  <testcase classname="pro.saral.testCases.Test_27Q" name="Testcases_27Q" time="2.386"/>
  <system-out/>
  <testcase classname="pro.saral.testCases.Test_27Q" name="Testcases_27Q" time="2.175"/>
  <system-out/>
  <testcase classname="pro.saral.testCases.Test_27Q" name="Testcases_27Q" time="0.239"/>
  <system-out/>
  <testcase classname="pro.saral.testCases.Test_27Q" name="Testcases_27Q" time="2.227"/>
  <system-out/>
  <testcase classname="pro.saral.testCases.Test_27Q" name="Testcases_27Q" time="2.134"/>
  <system-out/>
  <testcase classname="pro.saral.testCases.Test_27Q" name="Testcases_27Q" time="2.290"/>
  <system-out/>
  <testcase classname="pro.saral.testCases.Test_27Q" name="Testcases_27Q" time="2.527"/>
  <system-out/>
  <testcase classname="pro.saral.testCases.Test_27Q" name="Testcases_27Q" time="2.220"/>
  <system-out/>
  <testcase classname="pro.saral.testCases.Test_27Q" name="Testcases_27Q" time="2.138"/>
  <system-out/>
  <testcase classname="pro.saral.testCases.Test_27Q" name="Testcases_27Q" time="0.462"/>
  <system-out/>
  <testcase classname="pro.saral.testCases.Test_27Q" name="Testcases_27Q" time="2.163"/>
  <system-out/>
  <testcase classname="pro.saral.testCases.Test_27Q" name="Testcases_27Q" time="0.459"/>
  <system-out/>
  <testcase classname="pro.saral.testCases.Test_27Q" name="Testcases_27Q" time="2.306"/>
  <system-out/>
  <testcase classname="pro.saral.testCases.Test_27Q" name="Testcases_27Q" time="0.111"/>
  <system-out/>
  <testcase classname="pro.saral.testCases.Test_27Q" name="Testcases_27Q" time="0.038"/>
  <system-out/>
  <testcase classname="pro.saral.testCases.Test_27Q" name="Testcases_27Q" time="2.145"/>
  <system-out/>
  <testcase classname="pro.saral.testCases.Test_27Q" name="Testcases_27Q" time="2.562"/>
  <system-out/>
  <testcase classname="pro.saral.testCases.Test_27Q" name="Testcases_27Q" time="0.010"/>
  <system-out/>
  <testcase classname="pro.saral.testCases.Test_27Q" name="Testcases_27Q" time="2.474"/>
  <system-out/>
  <testcase classname="pro.saral.testCases.Test_27Q" name="Testcases_27Q" time="2.136"/>
  <system-out/>
  <testcase classname="pro.saral.testCases.Test_27Q" name="Testcases_27Q" time="2.486"/>
  <system-out/>
  <testcase classname="pro.saral.testCases.Test_27Q" name="Testcases_27Q" time="2.175"/>
  <system-out/>
  <testcase classname="pro.saral.testCases.Test_27Q" name="Testcases_27Q" time="0.017"/>
  <system-out/>
  <testcase classname="pro.saral.testCases.Test_27Q" name="Testcases_27Q" time="0.080"/>
  <system-out/>
  <testcase classname="pro.saral.testCases.Test_27Q" name="Testcases_27Q" time="0.215"/>
  <system-out/>
  <testcase classname="pro.saral.testCases.Test_27Q" name="Testcases_27Q" time="2.307"/>
  <system-out/>
  <testcase classname="pro.saral.testCases.Test_27Q" name="Testcases_27Q" time="0.089"/>
  <system-out/>
  <testcase classname="pro.saral.testCases.Test_27Q" name="Testcases_27Q" time="0.073"/>
  <system-out/>
  <testcase classname="pro.saral.testCases.Test_27Q" name="Testcases_27Q" time="2.234"/>
  <system-out/>
  <testcase classname="pro.saral.testCases.Test_27Q" name="Testcases_27Q" time="0.058"/>
  <system-out/>
  <testcase classname="pro.saral.testCases.Test_27Q" name="Testcases_27Q" time="2.387"/>
  <system-out/>
  <testcase classname="pro.saral.testCases.Test_27Q" name="Testcases_27Q" time="0.096"/>
  <system-out/>
  <testcase classname="pro.saral.testCases.Test_27Q" name="Testcases_27Q" time="2.218"/>
  <system-out/>
  <testcase classname="pro.saral.testCases.Test_27Q" name="Testcases_27Q" time="2.219"/>
  <system-out/>
  <testcase classname="pro.saral.testCases.Test_27Q" name="Testcases_27Q" time="14.556"/>
  <system-out/>
  <testcase classname="pro.saral.testCases.Test_27Q" name="Testcases_27Q" time="2.159"/>
  <system-out/>
  <testcase classname="pro.saral.testCases.Test_27Q" name="Testcases_27Q" time="2.312"/>
  <system-out/>
  <testcase classname="pro.saral.testCases.Test_27Q" name="Testcases_27Q" time="2.278"/>
  <system-out/>
  <testcase classname="pro.saral.testCases.Test_27Q" name="Testcases_27Q" time="0.718"/>
  <system-out/>
  <testcase classname="pro.saral.testCases.Test_27Q" name="Testcases_27Q" time="0.519"/>
  <system-out/>
  <testcase classname="pro.saral.testCases.Test_27Q" name="Testcases_27Q" time="2.205"/>
  <system-out/>
  <testcase classname="pro.saral.testCases.Test_27Q" name="Testcases_27Q" time="2.258"/>
  <system-out/>
  <testcase classname="pro.saral.testCases.Test_27Q" name="Testcases_27Q" time="0.087"/>
  <system-out/>
  <testcase classname="pro.saral.testCases.Test_27Q" name="Testcases_27Q" time="2.352"/>
  <system-out/>
  <testcase classname="pro.saral.testCases.Test_27Q" name="Testcases_27Q" time="0.121"/>
  <system-out/>
  <testcase classname="pro.saral.testCases.Test_27Q" name="Testcases_27Q" time="0.265"/>
  <system-out/>
  <testcase classname="pro.saral.testCases.Test_27Q" name="Testcases_27Q" time="0.010"/>
  <system-out/>
  <testcase classname="pro.saral.testCases.Test_27Q" name="Testcases_27Q" time="2.432"/>
  <system-out/>
  <testcase classname="pro.saral.testCases.Test_27Q" name="Testcases_27Q" time="0.438"/>
  <system-out/>
  <testcase classname="pro.saral.testCases.Test_27Q" name="Testcases_27Q" time="2.202"/>
  <system-out/>
  <testcase classname="pro.saral.testCases.Test_27Q" name="Testcases_27Q" time="2.039"/>
  <system-out/>
  <testcase classname="pro.saral.testCases.Test_27Q" name="Testcases_27Q" time="0.233"/>
  <system-out/>
  <testcase classname="pro.saral.testCases.Test_27Q" name="Testcases_27Q" time="2.232"/>
  <system-out/>
  <testcase classname="pro.saral.testCases.Test_27Q" name="Testcases_27Q" time="0.108"/>
  <system-out/>
  <testcase classname="pro.saral.testCases.Test_27Q" name="Testcases_27Q" time="0.219"/>
  <system-out/>
  <testcase classname="pro.saral.testCases.Test_27Q" name="Testcases_27Q" time="2.431"/>
  <system-out/>
  <testcase classname="pro.saral.testCases.Test_27Q" name="Testcases_27Q" time="2.172"/>
  <system-out/>
  <testcase classname="pro.saral.testCases.Test_27Q" name="Testcases_27Q" time="0.179"/>
  <system-out/>
  <testcase classname="pro.saral.testCases.Test_27Q" name="Testcases_27Q" time="2.190"/>
  <system-out/>
  <testcase classname="pro.saral.testCases.Test_27Q" name="Testcases_27Q" time="2.339"/>
  <system-out/>
  <testcase classname="pro.saral.testCases.Test_27Q" name="Testcases_27Q" time="0.256"/>
  <system-out/>
  <testcase classname="pro.saral.testCases.Test_27Q" name="Testcases_27Q" time="2.411"/>
  <system-out/>
  <testcase classname="pro.saral.testCases.Test_27Q" name="Testcases_27Q" time="0.170"/>
  <system-out/>
  <testcase classname="pro.saral.testCases.Test_27Q" name="Testcases_27Q" time="0.056"/>
  <system-out/>
  <testcase classname="pro.saral.testCases.Test_27Q" name="Testcases_27Q" time="2.351"/>
  <system-out/>
  <testcase classname="pro.saral.testCases.Test_27Q" name="Testcases_27Q" time="2.159"/>
  <system-out/>
  <testcase classname="pro.saral.testCases.Test_27Q" name="Testcases_27Q" time="0.202"/>
  <system-out/>
  <testcase classname="pro.saral.testCases.Test_27Q" name="Testcases_27Q" time="0.301"/>
  <system-out/>
  <testcase classname="pro.saral.testCases.Test_27Q" name="Testcases_27Q" time="0.086"/>
  <system-out/>
  <testcase classname="pro.saral.testCases.Test_27Q" name="Testcases_27Q" time="2.395"/>
  <system-out/>
  <testcase classname="pro.saral.testCases.Test_27Q" name="Testcases_27Q" time="0.090"/>
  <system-out/>
  <testcase classname="pro.saral.testCases.Test_27Q" name="Testcases_27Q" time="0.075"/>
  <system-out/>
  <testcase classname="pro.saral.testCases.Test_27Q" name="Testcases_27Q" time="7.032"/>
  <system-out/>
  <testcase classname="pro.saral.testCases.Test_27Q" name="Testcases_27Q" time="2.565"/>
  <system-out/>
  <testcase classname="pro.saral.testCases.Test_27Q" name="Testcases_27Q" time="2.206"/>
  <system-out/>
  <testcase classname="pro.saral.testCases.Test_27Q" name="Testcases_27Q" time="0.296"/>
  <system-out/>
  <testcase classname="pro.saral.testCases.Test_27Q" name="Testcases_27Q" time="2.393"/>
  <system-out/>
  <testcase classname="pro.saral.testCases.Test_27Q" name="Testcases_27Q" time="2.213"/>
  <system-out/>
  <testcase classname="pro.saral.testCases.Test_27Q" name="Testcases_27Q" time="2.307"/>
  <system-out/>
  <testcase classname="pro.saral.testCases.Test_27Q" name="Testcases_27Q" time="0.025"/>
  <system-out/>
  <testcase classname="pro.saral.testCases.Test_27Q" name="Testcases_27Q" time="2.421"/>
  <system-out/>
  <testcase classname="pro.saral.testCases.Test_27Q" name="Testcases_27Q" time="0.057"/>
  <system-out/>
  <testcase classname="pro.saral.testCases.Test_27Q" name="Testcases_27Q" time="0.192"/>
  <system-out/>
  <testcase classname="pro.saral.testCases.Test_27Q" name="Testcases_27Q" time="2.157"/>
  <system-out/>
  <testcase classname="pro.saral.testCases.Test_27Q" name="Testcases_27Q" time="2.462"/>
  <system-out/>
  <testcase classname="pro.saral.testCases.Test_27Q" name="Testcases_27Q" time="0.050"/>
  <system-out/>
  <testcase classname="pro.saral.testCases.Test_27Q" name="Testcases_27Q" time="0.037"/>
  <system-out/>
  <testcase classname="pro.saral.testCases.Test_27Q" name="Testcases_27Q" time="0.110"/>
  <system-out/>
  <testcase classname="pro.saral.testCases.Test_27Q" name="Testcases_27Q" time="2.531"/>
  <system-out/>
  <testcase classname="pro.saral.testCases.Test_27Q" name="Testcases_27Q" time="2.511"/>
  <system-out/>
  <testcase classname="pro.saral.testCases.Test_27Q" name="Testcases_27Q" time="0.049"/>
  <system-out/>
  <testcase classname="pro.saral.testCases.Test_27Q" name="Testcases_27Q" time="2.204"/>
  <system-out/>
  <testcase classname="pro.saral.testCases.Test_27Q" name="Testcases_27Q" time="0.064"/>
  <system-out/>
  <testcase classname="pro.saral.testCases.Test_27Q" name="Testcases_27Q" time="2.322"/>
  <system-out/>
  <testcase classname="pro.saral.testCases.Test_27Q" name="Testcases_27Q" time="0.315"/>
  <system-out/>
  <testcase classname="pro.saral.testCases.Test_27Q" name="Testcases_27Q" time="0.139"/>
  <system-out/>
  <testcase classname="pro.saral.testCases.Test_27Q" name="Testcases_27Q" time="0.747"/>
  <system-out/>
  <testcase classname="pro.saral.testCases.Test_27Q" name="Testcases_27Q" time="2.132"/>
  <system-out/>
  <testcase classname="pro.saral.testCases.Test_27Q" name="Testcases_27Q" time="0.328"/>
  <system-out/>
  <testcase classname="pro.saral.testCases.Test_27Q" name="Testcases_27Q" time="0.208"/>
  <system-out/>
  <testcase classname="pro.saral.testCases.Test_27Q" name="Testcases_27Q" time="2.424"/>
  <system-out/>
  <testcase classname="pro.saral.testCases.Test_27Q" name="Testcases_27Q" time="2.170"/>
  <system-out/>
  <testcase classname="pro.saral.testCases.Test_27Q" name="Testcases_27Q" time="0.229"/>
  <system-out/>
  <testcase classname="pro.saral.testCases.Test_27Q" name="Testcases_27Q" time="0.060"/>
  <system-out/>
  <testcase classname="pro.saral.testCases.Test_27Q" name="Testcases_27Q" time="0.214"/>
  <system-out/>
  <testcase classname="pro.saral.testCases.Test_27Q" name="Testcases_27Q" time="2.212"/>
  <system-out/>
  <testcase classname="pro.saral.testCases.Test_27Q" name="Testcases_27Q" time="0.088"/>
  <system-out/>
  <testcase classname="pro.saral.testCases.Test_27Q" name="Testcases_27Q" time="0.262"/>
  <system-out/>
  <testcase classname="pro.saral.testCases.Test_27Q" name="Testcases_27Q" time="0.137"/>
  <system-out/>
  <testcase classname="pro.saral.testCases.Test_27Q" name="Testcases_27Q" time="0.048"/>
  <system-out/>
  <testcase classname="pro.saral.testCases.Test_27Q" name="Testcases_27Q" time="2.452"/>
  <system-out/>
  <testcase classname="pro.saral.testCases.Test_27Q" name="Testcases_27Q" time="2.366"/>
  <system-out/>
  <testcase classname="pro.saral.testCases.Test_27Q" name="Testcases_27Q" time="0.364"/>
  <system-out/>
  <testcase classname="pro.saral.testCases.Test_27Q" name="Testcases_27Q" time="2.203"/>
  <system-out/>
  <testcase classname="pro.saral.testCases.Test_27Q" name="Testcases_27Q" time="0.301"/>
  <system-out/>
  <testcase classname="pro.saral.testCases.Test_27Q" name="Testcases_27Q" time="2.422"/>
  <system-out/>
  <testcase classname="pro.saral.testCases.Test_27Q" name="Testcases_27Q" time="0.062"/>
  <system-out/>
  <testcase classname="pro.saral.testCases.Test_27Q" name="Testcases_27Q" time="0.092"/>
  <system-out/>
  <testcase classname="pro.saral.testCases.Test_27Q" name="Testcases_27Q" time="2.379"/>
  <system-out/>
  <testcase classname="pro.saral.testCases.Test_27Q" name="Testcases_27Q" time="35.148"/>
  <system-out/>
  <testcase classname="pro.saral.testCases.Test_27Q" name="Testcases_27Q" time="0.306"/>
  <system-out/>
  <testcase classname="pro.saral.testCases.Test_27Q" name="Testcases_27Q" time="2.413"/>
  <system-out/>
  <testcase classname="pro.saral.testCases.Test_27Q" name="Testcases_27Q" time="0.216"/>
  <system-out/>
  <testcase classname="pro.saral.testCases.Test_27Q" name="Testcases_27Q" time="2.504"/>
  <system-out/>
  <testcase classname="pro.saral.testCases.Test_27Q" name="Testcases_27Q" time="0.127"/>
  <system-out/>
  <testcase classname="pro.saral.testCases.Test_27Q" name="Testcases_27Q" time="0.201"/>
  <system-out/>
  <testcase classname="pro.saral.testCases.Test_27Q" name="Testcases_27Q" time="2.264"/>
  <system-out/>
  <testcase classname="pro.saral.testCases.Test_27Q" name="Testcases_27Q" time="0.181"/>
  <system-out/>
  <testcase classname="pro.saral.testCases.Test_27Q" name="Testcases_27Q" time="2.239"/>
  <system-out/>
  <testcase classname="pro.saral.testCases.Test_27Q" name="Testcases_27Q" time="0.034"/>
  <system-out/>
  <testcase classname="pro.saral.testCases.Test_27Q" name="Testcases_27Q" time="0.168"/>
  <system-out/>
  <testcase classname="pro.saral.testCases.Test_27Q" name="Testcases_27Q" time="0.333"/>
  <system-out/>
  <testcase classname="pro.saral.testCases.Test_27Q" name="Testcases_27Q" time="0.118"/>
  <system-out/>
  <testcase classname="pro.saral.testCases.Test_27Q" name="Testcases_27Q" time="2.432"/>
  <system-out/>
  <testcase classname="pro.saral.testCases.Test_27Q" name="Testcases_27Q" time="2.348"/>
  <system-out/>
  <testcase classname="pro.saral.testCases.Test_27Q" name="Testcases_27Q" time="2.159"/>
  <system-out/>
  <testcase classname="pro.saral.testCases.Test_27Q" name="Testcases_27Q" time="2.201"/>
  <system-out/>
  <testcase classname="pro.saral.testCases.Test_27Q" name="Testcases_27Q" time="0.036"/>
  <system-out/>
  <testcase classname="pro.saral.testCases.Test_27Q" name="Testcases_27Q" time="2.506"/>
  <system-out/>
  <testcase classname="pro.saral.testCases.Test_27Q" name="Testcases_27Q" time="2.296"/>
  <system-out/>
  <testcase classname="pro.saral.testCases.Test_27Q" name="Testcases_27Q" time="2.239"/>
  <system-out/>
  <testcase classname="pro.saral.testCases.Test_27Q" name="Testcases_27Q" time="2.411"/>
  <system-out/>
  <testcase classname="pro.saral.testCases.Test_27Q" name="Testcases_27Q" time="2.550"/>
  <system-out/>
  <testcase classname="pro.saral.testCases.Test_27Q" name="Testcases_27Q" time="0.279"/>
  <system-out/>
  <testcase classname="pro.saral.testCases.Test_27Q" name="Testcases_27Q" time="0.120"/>
  <system-out/>
  <testcase classname="pro.saral.testCases.Test_27Q" name="Testcases_27Q" time="0.296"/>
  <system-out/>
  <testcase classname="pro.saral.testCases.Test_27Q" name="Testcases_27Q" time="0.122"/>
  <system-out/>
  <testcase classname="pro.saral.testCases.Test_27Q" name="Testcases_27Q" time="2.472"/>
  <system-out/>
  <testcase classname="pro.saral.testCases.Test_27Q" name="Testcases_27Q" time="0.203"/>
  <system-out/>
  <testcase classname="pro.saral.testCases.Test_27Q" name="Testcases_27Q" time="2.427"/>
  <system-out/>
  <testcase classname="pro.saral.testCases.Test_27Q" name="Testcases_27Q" time="2.268"/>
  <system-out/>
  <testcase classname="pro.saral.testCases.Test_27Q" name="Testcases_27Q" time="0.104"/>
  <system-out/>
  <testcase classname="pro.saral.testCases.Test_27Q" name="Testcases_27Q" time="2.553"/>
  <system-out/>
  <testcase classname="pro.saral.testCases.Test_27Q" name="Testcases_27Q" time="20.096"/>
  <system-out/>
  <testcase classname="pro.saral.testCases.Test_27Q" name="Testcases_27Q" time="2.520"/>
  <system-out/>
  <testcase classname="pro.saral.testCases.Test_27Q" name="Testcases_27Q" time="2.191"/>
  <system-out/>
  <testcase classname="pro.saral.testCases.Test_27Q" name="Testcases_27Q" time="2.158"/>
  <system-out/>
  <testcase classname="pro.saral.testCases.Test_27Q" name="Testcases_27Q" time="2.410"/>
  <system-out/>
  <testcase classname="pro.saral.testCases.Test_27Q" name="Testcases_27Q" time="2.132"/>
  <system-out/>
  <testcase classname="pro.saral.testCases.Test_27Q" name="Testcases_27Q" time="2.210"/>
  <system-out/>
  <testcase classname="pro.saral.testCases.Test_27Q" name="Testcases_27Q" time="2.421"/>
  <system-out/>
  <testcase classname="pro.saral.testCases.Test_27Q" name="Testcases_27Q" time="2.502"/>
  <system-out/>
  <testcase classname="pro.saral.testCases.Test_27Q" name="Testcases_27Q" time="2.147"/>
  <system-out/>
  <testcase classname="pro.saral.testCases.Test_27Q" name="Testcases_27Q" time="2.208"/>
  <system-out/>
  <testcase classname="pro.saral.testCases.Test_27Q" name="Testcases_27Q" time="2.526"/>
  <system-out/>
  <testcase classname="pro.saral.testCases.Test_27Q" name="Testcases_27Q" time="0.123"/>
  <system-out/>
  <testcase classname="pro.saral.testCases.Test_27Q" name="Testcases_27Q" time="2.474"/>
  <system-out/>
  <testcase classname="pro.saral.testCases.Test_27Q" name="Testcases_27Q" time="0.427"/>
  <system-out/>
  <testcase classname="pro.saral.testCases.Test_27Q" name="Testcases_27Q" time="0.065"/>
  <system-out/>
  <testcase classname="pro.saral.testCases.Test_27Q" name="Testcases_27Q" time="2.551"/>
  <system-out/>
  <testcase classname="pro.saral.testCases.Test_27Q" name="Testcases_27Q" time="0.012"/>
  <system-out/>
  <testcase classname="pro.saral.testCases.Test_27Q" name="Testcases_27Q" time="2.183"/>
  <system-out/>
  <testcase classname="pro.saral.testCases.Test_27Q" name="Testcases_27Q" time="0.240"/>
  <system-out/>
  <testcase classname="pro.saral.testCases.Test_27Q" name="Testcases_27Q" time="2.292"/>
  <system-out/>
  <testcase classname="pro.saral.testCases.Test_27Q" name="Testcases_27Q" time="2.246"/>
  <system-out/>
  <testcase classname="pro.saral.testCases.Test_27Q" name="Testcases_27Q" time="0.399"/>
  <system-out/>
  <testcase classname="pro.saral.testCases.Test_27Q" name="Testcases_27Q" time="0.180"/>
  <system-out/>
  <testcase classname="pro.saral.testCases.Test_27Q" name="Testcases_27Q" time="0.086"/>
  <system-out/>
  <testcase classname="pro.saral.testCases.Test_27Q" name="Testcases_27Q" time="0.198"/>
  <system-out/>
  <testcase classname="pro.saral.testCases.Test_27Q" name="Testcases_27Q" time="2.171"/>
  <system-out/>
  <testcase classname="pro.saral.testCases.Test_27Q" name="Testcases_27Q" time="0.217"/>
  <system-out/>
  <testcase classname="pro.saral.testCases.Test_27Q" name="Testcases_27Q" time="2.221"/>
  <system-out/>
  <testcase classname="pro.saral.testCases.Test_27Q" name="Testcases_27Q" time="0.388"/>
  <system-out/>
  <testcase classname="pro.saral.testCases.Test_27Q" name="Testcases_27Q" time="2.238"/>
  <system-out/>
  <testcase classname="pro.saral.testCases.Test_27Q" name="Testcases_27Q" time="2.519"/>
  <system-out/>
  <testcase classname="pro.saral.testCases.Test_27Q" name="Testcases_27Q" time="2.500"/>
  <system-out/>
  <testcase classname="pro.saral.testCases.Test_27Q" name="Testcases_27Q" time="2.166"/>
  <system-out/>
  <testcase classname="pro.saral.testCases.Test_27Q" name="Testcases_27Q" time="0.486"/>
  <system-out/>
</testsuite> <!-- pro.saral.testCases.Test_27Q -->
