<?xml version="1.0" encoding="UTF-8"?>
<!-- Generated by org.testng.reporters.JUnitReportReporter -->
<testsuite hostname="Darshan" name="pro.saral.testCases.Challan_24Q_Test" tests="114" failures="0" timestamp="28 Oct 2022 07:24:28 GMT" time="125.888" errors="0">
  <testcase name="Challan_Testcases" time="0.211" classname="pro.saral.testCases.Challan_24Q_Test"/>
  <testcase name="Challan_Testcases" time="0.052" classname="pro.saral.testCases.Challan_24Q_Test"/>
  <testcase name="Challan_Testcases" time="0.073" classname="pro.saral.testCases.Challan_24Q_Test"/>
  <testcase name="Challan_Testcases" time="2.753" classname="pro.saral.testCases.Challan_24Q_Test"/>
  <testcase name="Challan_Testcases" time="2.520" classname="pro.saral.testCases.Challan_24Q_Test"/>
  <testcase name="Challan_Testcases" time="1.050" classname="pro.saral.testCases.Challan_24Q_Test"/>
  <testcase name="Challan_Testcases" time="0.134" classname="pro.saral.testCases.Challan_24Q_Test"/>
  <testcase name="Challan_Testcases" time="2.193" classname="pro.saral.testCases.Challan_24Q_Test"/>
  <testcase name="Challan_Testcases" time="0.228" classname="pro.saral.testCases.Challan_24Q_Test"/>
  <testcase name="Challan_Testcases" time="2.176" classname="pro.saral.testCases.Challan_24Q_Test"/>
  <testcase name="Challan_Testcases" time="0.265" classname="pro.saral.testCases.Challan_24Q_Test"/>
  <testcase name="Challan_Testcases" time="0.015" classname="pro.saral.testCases.Challan_24Q_Test"/>
  <testcase name="Challan_Testcases" time="0.683" classname="pro.saral.testCases.Challan_24Q_Test"/>
  <testcase name="Challan_Testcases" time="0.015" classname="pro.saral.testCases.Challan_24Q_Test"/>
  <testcase name="Challan_Testcases" time="0.052" classname="pro.saral.testCases.Challan_24Q_Test"/>
  <testcase name="Challan_Testcases" time="4.376" classname="pro.saral.testCases.Challan_24Q_Test"/>
  <testcase name="Challan_Testcases" time="2.143" classname="pro.saral.testCases.Challan_24Q_Test"/>
  <testcase name="Challan_Testcases" time="0.581" classname="pro.saral.testCases.Challan_24Q_Test"/>
  <testcase name="Challan_Testcases" time="2.213" classname="pro.saral.testCases.Challan_24Q_Test"/>
  <testcase name="Challan_Testcases" time="2.281" classname="pro.saral.testCases.Challan_24Q_Test"/>
  <testcase name="Challan_Testcases" time="0.317" classname="pro.saral.testCases.Challan_24Q_Test"/>
  <testcase name="Challan_Testcases" time="0.435" classname="pro.saral.testCases.Challan_24Q_Test"/>
  <testcase name="Challan_Testcases" time="0.186" classname="pro.saral.testCases.Challan_24Q_Test"/>
  <testcase name="Challan_Testcases" time="0.155" classname="pro.saral.testCases.Challan_24Q_Test"/>
  <testcase name="Challan_Testcases" time="0.035" classname="pro.saral.testCases.Challan_24Q_Test"/>
  <testcase name="Challan_Testcases" time="0.045" classname="pro.saral.testCases.Challan_24Q_Test"/>
  <testcase name="Challan_Testcases" time="2.260" classname="pro.saral.testCases.Challan_24Q_Test"/>
  <testcase name="Challan_Testcases" time="0.357" classname="pro.saral.testCases.Challan_24Q_Test"/>
  <testcase name="Challan_Testcases" time="0.090" classname="pro.saral.testCases.Challan_24Q_Test"/>
  <testcase name="Challan_Testcases" time="2.754" classname="pro.saral.testCases.Challan_24Q_Test"/>
  <testcase name="Challan_Testcases" time="2.660" classname="pro.saral.testCases.Challan_24Q_Test"/>
  <testcase name="Challan_Testcases" time="2.285" classname="pro.saral.testCases.Challan_24Q_Test"/>
  <testcase name="Challan_Testcases" time="0.375" classname="pro.saral.testCases.Challan_24Q_Test"/>
  <testcase name="Challan_Testcases" time="2.140" classname="pro.saral.testCases.Challan_24Q_Test"/>
  <testcase name="Challan_Testcases" time="0.418" classname="pro.saral.testCases.Challan_24Q_Test"/>
  <testcase name="Challan_Testcases" time="0.054" classname="pro.saral.testCases.Challan_24Q_Test"/>
  <testcase name="Challan_Testcases" time="0.426" classname="pro.saral.testCases.Challan_24Q_Test"/>
  <testcase name="Challan_Testcases" time="0.042" classname="pro.saral.testCases.Challan_24Q_Test"/>
  <testcase name="Challan_Testcases" time="3.042" classname="pro.saral.testCases.Challan_24Q_Test"/>
  <testcase name="Challan_Testcases" time="2.211" classname="pro.saral.testCases.Challan_24Q_Test"/>
  <testcase name="Challan_Testcases" time="0.091" classname="pro.saral.testCases.Challan_24Q_Test"/>
  <testcase name="Challan_Testcases" time="0.072" classname="pro.saral.testCases.Challan_24Q_Test"/>
  <testcase name="Challan_Testcases" time="0.232" classname="pro.saral.testCases.Challan_24Q_Test"/>
  <testcase name="Challan_Testcases" time="2.543" classname="pro.saral.testCases.Challan_24Q_Test"/>
  <testcase name="Challan_Testcases" time="0.302" classname="pro.saral.testCases.Challan_24Q_Test"/>
  <testcase name="Challan_Testcases" time="0.185" classname="pro.saral.testCases.Challan_24Q_Test"/>
  <testcase name="Challan_Testcases" time="0.571" classname="pro.saral.testCases.Challan_24Q_Test"/>
  <testcase name="Challan_Testcases" time="0.016" classname="pro.saral.testCases.Challan_24Q_Test"/>
  <testcase name="Challan_Testcases" time="0.061" classname="pro.saral.testCases.Challan_24Q_Test"/>
  <testcase name="Challan_Testcases" time="0.038" classname="pro.saral.testCases.Challan_24Q_Test"/>
  <testcase name="Challan_Testcases" time="0.232" classname="pro.saral.testCases.Challan_24Q_Test"/>
  <testcase name="Challan_Testcases" time="2.146" classname="pro.saral.testCases.Challan_24Q_Test"/>
  <testcase name="Challan_Testcases" time="0.043" classname="pro.saral.testCases.Challan_24Q_Test"/>
  <testcase name="Challan_Testcases" time="0.612" classname="pro.saral.testCases.Challan_24Q_Test"/>
  <testcase name="Challan_Testcases" time="2.285" classname="pro.saral.testCases.Challan_24Q_Test"/>
  <testcase name="Challan_Testcases" time="0.494" classname="pro.saral.testCases.Challan_24Q_Test"/>
  <testcase name="Challan_Testcases" time="3.452" classname="pro.saral.testCases.Challan_24Q_Test"/>
  <testcase name="Challan_Testcases" time="2.639" classname="pro.saral.testCases.Challan_24Q_Test"/>
  <testcase name="Challan_Testcases" time="0.135" classname="pro.saral.testCases.Challan_24Q_Test"/>
  <testcase name="Challan_Testcases" time="0.042" classname="pro.saral.testCases.Challan_24Q_Test"/>
  <testcase name="Challan_Testcases" time="2.387" classname="pro.saral.testCases.Challan_24Q_Test"/>
  <testcase name="Challan_Testcases" time="0.763" classname="pro.saral.testCases.Challan_24Q_Test"/>
  <testcase name="Challan_Testcases" time="0.106" classname="pro.saral.testCases.Challan_24Q_Test"/>
  <testcase name="Challan_Testcases" time="2.177" classname="pro.saral.testCases.Challan_24Q_Test"/>
  <testcase name="Challan_Testcases" time="0.354" classname="pro.saral.testCases.Challan_24Q_Test"/>
  <testcase name="Challan_Testcases" time="2.154" classname="pro.saral.testCases.Challan_24Q_Test"/>
  <testcase name="Challan_Testcases" time="2.162" classname="pro.saral.testCases.Challan_24Q_Test"/>
  <testcase name="Challan_Testcases" time="0.231" classname="pro.saral.testCases.Challan_24Q_Test"/>
  <testcase name="Challan_Testcases" time="2.142" classname="pro.saral.testCases.Challan_24Q_Test"/>
  <testcase name="Challan_Testcases" time="0.142" classname="pro.saral.testCases.Challan_24Q_Test"/>
  <testcase name="Challan_Testcases" time="2.342" classname="pro.saral.testCases.Challan_24Q_Test"/>
  <testcase name="Challan_Testcases" time="0.222" classname="pro.saral.testCases.Challan_24Q_Test"/>
  <testcase name="Challan_Testcases" time="0.457" classname="pro.saral.testCases.Challan_24Q_Test"/>
  <testcase name="Challan_Testcases" time="2.178" classname="pro.saral.testCases.Challan_24Q_Test"/>
  <testcase name="Challan_Testcases" time="1.193" classname="pro.saral.testCases.Challan_24Q_Test"/>
  <testcase name="Challan_Testcases" time="2.140" classname="pro.saral.testCases.Challan_24Q_Test"/>
  <testcase name="Challan_Testcases" time="0.009" classname="pro.saral.testCases.Challan_24Q_Test"/>
  <testcase name="Challan_Testcases" time="2.220" classname="pro.saral.testCases.Challan_24Q_Test"/>
  <testcase name="Challan_Testcases" time="0.447" classname="pro.saral.testCases.Challan_24Q_Test"/>
  <testcase name="Challan_Testcases" time="2.740" classname="pro.saral.testCases.Challan_24Q_Test"/>
  <testcase name="Challan_Testcases" time="0.492" classname="pro.saral.testCases.Challan_24Q_Test"/>
  <testcase name="Challan_Testcases" time="2.175" classname="pro.saral.testCases.Challan_24Q_Test"/>
  <testcase name="Challan_Testcases" time="0.014" classname="pro.saral.testCases.Challan_24Q_Test"/>
  <testcase name="Challan_Testcases" time="0.060" classname="pro.saral.testCases.Challan_24Q_Test"/>
  <testcase name="Challan_Testcases" time="2.171" classname="pro.saral.testCases.Challan_24Q_Test"/>
  <testcase name="Challan_Testcases" time="2.341" classname="pro.saral.testCases.Challan_24Q_Test"/>
  <testcase name="Challan_Testcases" time="0.302" classname="pro.saral.testCases.Challan_24Q_Test"/>
  <testcase name="Challan_Testcases" time="2.137" classname="pro.saral.testCases.Challan_24Q_Test"/>
  <testcase name="Challan_Testcases" time="2.170" classname="pro.saral.testCases.Challan_24Q_Test"/>
  <testcase name="Challan_Testcases" time="0.402" classname="pro.saral.testCases.Challan_24Q_Test"/>
  <testcase name="Challan_Testcases" time="0.124" classname="pro.saral.testCases.Challan_24Q_Test"/>
  <testcase name="Challan_Testcases" time="2.324" classname="pro.saral.testCases.Challan_24Q_Test"/>
  <testcase name="Challan_Testcases" time="0.176" classname="pro.saral.testCases.Challan_24Q_Test"/>
  <testcase name="Challan_Testcases" time="0.083" classname="pro.saral.testCases.Challan_24Q_Test"/>
  <testcase name="Challan_Testcases" time="0.015" classname="pro.saral.testCases.Challan_24Q_Test"/>
  <testcase name="Challan_Testcases" time="0.297" classname="pro.saral.testCases.Challan_24Q_Test"/>
  <testcase name="Challan_Testcases" time="2.162" classname="pro.saral.testCases.Challan_24Q_Test"/>
  <testcase name="Challan_Testcases" time="0.263" classname="pro.saral.testCases.Challan_24Q_Test"/>
  <testcase name="Challan_Testcases" time="0.594" classname="pro.saral.testCases.Challan_24Q_Test"/>
  <testcase name="Challan_Testcases" time="2.851" classname="pro.saral.testCases.Challan_24Q_Test"/>
  <testcase name="Challan_Testcases" time="0.331" classname="pro.saral.testCases.Challan_24Q_Test"/>
  <testcase name="Challan_Testcases" time="2.259" classname="pro.saral.testCases.Challan_24Q_Test"/>
  <testcase name="Challan_Testcases" time="2.320" classname="pro.saral.testCases.Challan_24Q_Test"/>
  <testcase name="Challan_Testcases" time="0.403" classname="pro.saral.testCases.Challan_24Q_Test"/>
  <testcase name="Challan_Testcases" time="2.218" classname="pro.saral.testCases.Challan_24Q_Test"/>
  <testcase name="Challan_Testcases" time="2.168" classname="pro.saral.testCases.Challan_24Q_Test"/>
  <testcase name="Challan_Testcases" time="0.172" classname="pro.saral.testCases.Challan_24Q_Test"/>
  <testcase name="Challan_Testcases" time="2.167" classname="pro.saral.testCases.Challan_24Q_Test"/>
  <testcase name="Challan_Testcases" time="0.157" classname="pro.saral.testCases.Challan_24Q_Test"/>
  <testcase name="Challan_Testcases" time="2.528" classname="pro.saral.testCases.Challan_24Q_Test"/>
  <testcase name="Challan_Testcases" time="0.287" classname="pro.saral.testCases.Challan_24Q_Test"/>
  <testcase name="Challan_Testcases" time="0.013" classname="pro.saral.testCases.Challan_24Q_Test"/>
  <testcase name="Challan_Testcases" time="0.248" classname="pro.saral.testCases.Challan_24Q_Test"/>
  <testcase name="Challan_Testcases" time="2.406" classname="pro.saral.testCases.Challan_24Q_Test"/>
</testsuite> <!-- pro.saral.testCases.Challan_24Q_Test -->
