<?xml version="1.0" encoding="UTF-8"?>
<!-- Generated by org.testng.reporters.JUnitReportReporter -->
<testsuite hostname="Darshan" failures="0" tests="8" name="pro.saral.testCases.Import_27Q_Test" time="577.523" errors="0" timestamp="2023-01-09T16:00:18 IST" skipped="0">
  <testcase classname="pro.saral.testCases.Import_27Q_Test" name="Download_Template_And_Verify_27Q" time="36.032"/>
  <system-out/>
  <testcase classname="pro.saral.testCases.Import_27Q_Test" name="Check_Tan_Validation" time="32.334"/>
  <system-out/>
  <testcase classname="pro.saral.testCases.Import_27Q_Test" name="Click_On_Upload_File_without_Selecting_Excel_File_and_verify_validation" time="27.243"/>
  <system-out/>
  <testcase classname="pro.saral.testCases.Import_27Q_Test" name="Upload_Valid_Excel_And_Check_Sucess_Status" time="114.234"/>
  <system-out/>
  <testcase classname="pro.saral.testCases.Import_27Q_Test" name="Upload_Invalid_Excel_And_Check_Errors" time="66.655"/>
  <system-out/>
  <testcase classname="pro.saral.testCases.Import_27Q_Test" name="Upload_Valid_Conso_And_Check_Sucess_Status" time="135.965"/>
  <system-out/>
  <testcase classname="pro.saral.testCases.Import_27Q_Test" name="Upload_Valid_Text_And_Check_Sucess_Status" time="96.251"/>
  <system-out/>
  <testcase classname="pro.saral.testCases.Import_27Q_Test" name="Upload_Valid_Master_Excel_And_Check_Sucess_Status" time="68.809"/>
  <system-out/>
</testsuite> <!-- pro.saral.testCases.Import_27Q_Test -->
