<?xml version="1.0" encoding="UTF-8"?>
<!-- Generated by org.testng.reporters.JUnitReportReporter -->
<testsuite hostname="Darshan" name="pro.saral.testCases.Deduction_27Q_Test" tests="170" failures="0" timestamp="28 Oct 2022 11:32:19 GMT" time="270.168" errors="0">
  <testcase name="Deduction_27Q" time="0.247" classname="pro.saral.testCases.Deduction_27Q_Test"/>
  <testcase name="Deduction_27Q" time="3.329" classname="pro.saral.testCases.Deduction_27Q_Test"/>
  <testcase name="Deduction_27Q" time="0.651" classname="pro.saral.testCases.Deduction_27Q_Test"/>
  <testcase name="Deduction_27Q" time="4.068" classname="pro.saral.testCases.Deduction_27Q_Test"/>
  <testcase name="Deduction_27Q" time="0.268" classname="pro.saral.testCases.Deduction_27Q_Test"/>
  <testcase name="Deduction_27Q" time="2.948" classname="pro.saral.testCases.Deduction_27Q_Test"/>
  <testcase name="Deduction_27Q" time="2.829" classname="pro.saral.testCases.Deduction_27Q_Test"/>
  <testcase name="Deduction_27Q" time="2.605" classname="pro.saral.testCases.Deduction_27Q_Test"/>
  <testcase name="Deduction_27Q" time="2.770" classname="pro.saral.testCases.Deduction_27Q_Test"/>
  <testcase name="Deduction_27Q" time="2.602" classname="pro.saral.testCases.Deduction_27Q_Test"/>
  <testcase name="Deduction_27Q" time="0.019" classname="pro.saral.testCases.Deduction_27Q_Test"/>
  <testcase name="Deduction_27Q" time="1.121" classname="pro.saral.testCases.Deduction_27Q_Test"/>
  <testcase name="Deduction_27Q" time="2.871" classname="pro.saral.testCases.Deduction_27Q_Test"/>
  <testcase name="Deduction_27Q" time="2.712" classname="pro.saral.testCases.Deduction_27Q_Test"/>
  <testcase name="Deduction_27Q" time="0.530" classname="pro.saral.testCases.Deduction_27Q_Test"/>
  <testcase name="Deduction_27Q" time="0.138" classname="pro.saral.testCases.Deduction_27Q_Test"/>
  <testcase name="Deduction_27Q" time="0.726" classname="pro.saral.testCases.Deduction_27Q_Test"/>
  <testcase name="Deduction_27Q" time="3.216" classname="pro.saral.testCases.Deduction_27Q_Test"/>
  <testcase name="Deduction_27Q" time="0.159" classname="pro.saral.testCases.Deduction_27Q_Test"/>
  <testcase name="Deduction_27Q" time="2.668" classname="pro.saral.testCases.Deduction_27Q_Test"/>
  <testcase name="Deduction_27Q" time="0.016" classname="pro.saral.testCases.Deduction_27Q_Test"/>
  <testcase name="Deduction_27Q" time="0.347" classname="pro.saral.testCases.Deduction_27Q_Test"/>
  <testcase name="Deduction_27Q" time="3.158" classname="pro.saral.testCases.Deduction_27Q_Test"/>
  <testcase name="Deduction_27Q" time="0.236" classname="pro.saral.testCases.Deduction_27Q_Test"/>
  <testcase name="Deduction_27Q" time="2.853" classname="pro.saral.testCases.Deduction_27Q_Test"/>
  <testcase name="Deduction_27Q" time="2.862" classname="pro.saral.testCases.Deduction_27Q_Test"/>
  <testcase name="Deduction_27Q" time="0.018" classname="pro.saral.testCases.Deduction_27Q_Test"/>
  <testcase name="Deduction_27Q" time="2.549" classname="pro.saral.testCases.Deduction_27Q_Test"/>
  <testcase name="Deduction_27Q" time="3.572" classname="pro.saral.testCases.Deduction_27Q_Test"/>
  <testcase name="Deduction_27Q" time="0.028" classname="pro.saral.testCases.Deduction_27Q_Test"/>
  <testcase name="Deduction_27Q" time="0.311" classname="pro.saral.testCases.Deduction_27Q_Test"/>
  <testcase name="Deduction_27Q" time="0.021" classname="pro.saral.testCases.Deduction_27Q_Test"/>
  <testcase name="Deduction_27Q" time="2.927" classname="pro.saral.testCases.Deduction_27Q_Test"/>
  <testcase name="Deduction_27Q" time="0.233" classname="pro.saral.testCases.Deduction_27Q_Test"/>
  <testcase name="Deduction_27Q" time="0.777" classname="pro.saral.testCases.Deduction_27Q_Test"/>
  <testcase name="Deduction_27Q" time="1.330" classname="pro.saral.testCases.Deduction_27Q_Test"/>
  <testcase name="Deduction_27Q" time="2.234" classname="pro.saral.testCases.Deduction_27Q_Test"/>
  <testcase name="Deduction_27Q" time="0.176" classname="pro.saral.testCases.Deduction_27Q_Test"/>
  <testcase name="Deduction_27Q" time="0.745" classname="pro.saral.testCases.Deduction_27Q_Test"/>
  <testcase name="Deduction_27Q" time="3.524" classname="pro.saral.testCases.Deduction_27Q_Test"/>
  <testcase name="Deduction_27Q" time="2.444" classname="pro.saral.testCases.Deduction_27Q_Test"/>
  <testcase name="Deduction_27Q" time="0.599" classname="pro.saral.testCases.Deduction_27Q_Test"/>
  <testcase name="Deduction_27Q" time="2.610" classname="pro.saral.testCases.Deduction_27Q_Test"/>
  <testcase name="Deduction_27Q" time="2.777" classname="pro.saral.testCases.Deduction_27Q_Test"/>
  <testcase name="Deduction_27Q" time="2.708" classname="pro.saral.testCases.Deduction_27Q_Test"/>
  <testcase name="Deduction_27Q" time="0.604" classname="pro.saral.testCases.Deduction_27Q_Test"/>
  <testcase name="Deduction_27Q" time="0.290" classname="pro.saral.testCases.Deduction_27Q_Test"/>
  <testcase name="Deduction_27Q" time="0.674" classname="pro.saral.testCases.Deduction_27Q_Test"/>
  <testcase name="Deduction_27Q" time="0.870" classname="pro.saral.testCases.Deduction_27Q_Test"/>
  <testcase name="Deduction_27Q" time="3.241" classname="pro.saral.testCases.Deduction_27Q_Test"/>
  <testcase name="Deduction_27Q" time="2.244" classname="pro.saral.testCases.Deduction_27Q_Test"/>
  <testcase name="Deduction_27Q" time="0.699" classname="pro.saral.testCases.Deduction_27Q_Test"/>
  <testcase name="Deduction_27Q" time="0.045" classname="pro.saral.testCases.Deduction_27Q_Test"/>
  <testcase name="Deduction_27Q" time="0.628" classname="pro.saral.testCases.Deduction_27Q_Test"/>
  <testcase name="Deduction_27Q" time="0.881" classname="pro.saral.testCases.Deduction_27Q_Test"/>
  <testcase name="Deduction_27Q" time="0.035" classname="pro.saral.testCases.Deduction_27Q_Test"/>
  <testcase name="Deduction_27Q" time="2.780" classname="pro.saral.testCases.Deduction_27Q_Test"/>
  <testcase name="Deduction_27Q" time="3.144" classname="pro.saral.testCases.Deduction_27Q_Test"/>
  <testcase name="Deduction_27Q" time="1.158" classname="pro.saral.testCases.Deduction_27Q_Test"/>
  <testcase name="Deduction_27Q" time="0.121" classname="pro.saral.testCases.Deduction_27Q_Test"/>
  <testcase name="Deduction_27Q" time="2.430" classname="pro.saral.testCases.Deduction_27Q_Test"/>
  <testcase name="Deduction_27Q" time="0.722" classname="pro.saral.testCases.Deduction_27Q_Test"/>
  <testcase name="Deduction_27Q" time="0.708" classname="pro.saral.testCases.Deduction_27Q_Test"/>
  <testcase name="Deduction_27Q" time="2.352" classname="pro.saral.testCases.Deduction_27Q_Test"/>
  <testcase name="Deduction_27Q" time="1.030" classname="pro.saral.testCases.Deduction_27Q_Test"/>
  <testcase name="Deduction_27Q" time="0.610" classname="pro.saral.testCases.Deduction_27Q_Test"/>
  <testcase name="Deduction_27Q" time="2.023" classname="pro.saral.testCases.Deduction_27Q_Test"/>
  <testcase name="Deduction_27Q" time="3.748" classname="pro.saral.testCases.Deduction_27Q_Test"/>
  <testcase name="Deduction_27Q" time="2.661" classname="pro.saral.testCases.Deduction_27Q_Test"/>
  <testcase name="Deduction_27Q" time="2.986" classname="pro.saral.testCases.Deduction_27Q_Test"/>
  <testcase name="Deduction_27Q" time="1.660" classname="pro.saral.testCases.Deduction_27Q_Test"/>
  <testcase name="Deduction_27Q" time="3.198" classname="pro.saral.testCases.Deduction_27Q_Test"/>
  <testcase name="Deduction_27Q" time="0.445" classname="pro.saral.testCases.Deduction_27Q_Test"/>
  <testcase name="Deduction_27Q" time="0.530" classname="pro.saral.testCases.Deduction_27Q_Test"/>
  <testcase name="Deduction_27Q" time="0.635" classname="pro.saral.testCases.Deduction_27Q_Test"/>
  <testcase name="Deduction_27Q" time="2.838" classname="pro.saral.testCases.Deduction_27Q_Test"/>
  <testcase name="Deduction_27Q" time="0.230" classname="pro.saral.testCases.Deduction_27Q_Test"/>
  <testcase name="Deduction_27Q" time="3.510" classname="pro.saral.testCases.Deduction_27Q_Test"/>
  <testcase name="Deduction_27Q" time="3.011" classname="pro.saral.testCases.Deduction_27Q_Test"/>
  <testcase name="Deduction_27Q" time="0.838" classname="pro.saral.testCases.Deduction_27Q_Test"/>
  <testcase name="Deduction_27Q" time="0.944" classname="pro.saral.testCases.Deduction_27Q_Test"/>
  <testcase name="Deduction_27Q" time="2.479" classname="pro.saral.testCases.Deduction_27Q_Test"/>
  <testcase name="Deduction_27Q" time="0.534" classname="pro.saral.testCases.Deduction_27Q_Test"/>
  <testcase name="Deduction_27Q" time="0.480" classname="pro.saral.testCases.Deduction_27Q_Test"/>
  <testcase name="Deduction_27Q" time="0.694" classname="pro.saral.testCases.Deduction_27Q_Test"/>
  <testcase name="Deduction_27Q" time="2.785" classname="pro.saral.testCases.Deduction_27Q_Test"/>
  <testcase name="Deduction_27Q" time="0.775" classname="pro.saral.testCases.Deduction_27Q_Test"/>
  <testcase name="Deduction_27Q" time="2.622" classname="pro.saral.testCases.Deduction_27Q_Test"/>
  <testcase name="Deduction_27Q" time="0.185" classname="pro.saral.testCases.Deduction_27Q_Test"/>
  <testcase name="Deduction_27Q" time="0.233" classname="pro.saral.testCases.Deduction_27Q_Test"/>
  <testcase name="Deduction_27Q" time="2.396" classname="pro.saral.testCases.Deduction_27Q_Test"/>
  <testcase name="Deduction_27Q" time="0.447" classname="pro.saral.testCases.Deduction_27Q_Test"/>
  <testcase name="Deduction_27Q" time="2.650" classname="pro.saral.testCases.Deduction_27Q_Test"/>
  <testcase name="Deduction_27Q" time="2.269" classname="pro.saral.testCases.Deduction_27Q_Test"/>
  <testcase name="Deduction_27Q" time="1.114" classname="pro.saral.testCases.Deduction_27Q_Test"/>
  <testcase name="Deduction_27Q" time="2.515" classname="pro.saral.testCases.Deduction_27Q_Test"/>
  <testcase name="Deduction_27Q" time="0.143" classname="pro.saral.testCases.Deduction_27Q_Test"/>
  <testcase name="Deduction_27Q" time="0.500" classname="pro.saral.testCases.Deduction_27Q_Test"/>
  <testcase name="Deduction_27Q" time="0.431" classname="pro.saral.testCases.Deduction_27Q_Test"/>
  <testcase name="Deduction_27Q" time="2.325" classname="pro.saral.testCases.Deduction_27Q_Test"/>
  <testcase name="Deduction_27Q" time="2.750" classname="pro.saral.testCases.Deduction_27Q_Test"/>
  <testcase name="Deduction_27Q" time="0.195" classname="pro.saral.testCases.Deduction_27Q_Test"/>
  <testcase name="Deduction_27Q" time="0.706" classname="pro.saral.testCases.Deduction_27Q_Test"/>
  <testcase name="Deduction_27Q" time="2.527" classname="pro.saral.testCases.Deduction_27Q_Test"/>
  <testcase name="Deduction_27Q" time="2.631" classname="pro.saral.testCases.Deduction_27Q_Test"/>
  <testcase name="Deduction_27Q" time="1.255" classname="pro.saral.testCases.Deduction_27Q_Test"/>
  <testcase name="Deduction_27Q" time="0.795" classname="pro.saral.testCases.Deduction_27Q_Test"/>
  <testcase name="Deduction_27Q" time="0.661" classname="pro.saral.testCases.Deduction_27Q_Test"/>
  <testcase name="Deduction_27Q" time="0.300" classname="pro.saral.testCases.Deduction_27Q_Test"/>
  <testcase name="Deduction_27Q" time="0.672" classname="pro.saral.testCases.Deduction_27Q_Test"/>
  <testcase name="Deduction_27Q" time="2.818" classname="pro.saral.testCases.Deduction_27Q_Test"/>
  <testcase name="Deduction_27Q" time="2.803" classname="pro.saral.testCases.Deduction_27Q_Test"/>
  <testcase name="Deduction_27Q" time="2.377" classname="pro.saral.testCases.Deduction_27Q_Test"/>
  <testcase name="Deduction_27Q" time="0.761" classname="pro.saral.testCases.Deduction_27Q_Test"/>
  <testcase name="Deduction_27Q" time="0.191" classname="pro.saral.testCases.Deduction_27Q_Test"/>
  <testcase name="Deduction_27Q" time="0.378" classname="pro.saral.testCases.Deduction_27Q_Test"/>
  <testcase name="Deduction_27Q" time="2.711" classname="pro.saral.testCases.Deduction_27Q_Test"/>
  <testcase name="Deduction_27Q" time="0.016" classname="pro.saral.testCases.Deduction_27Q_Test"/>
  <testcase name="Deduction_27Q" time="0.718" classname="pro.saral.testCases.Deduction_27Q_Test"/>
  <testcase name="Deduction_27Q" time="0.143" classname="pro.saral.testCases.Deduction_27Q_Test"/>
  <testcase name="Deduction_27Q" time="0.571" classname="pro.saral.testCases.Deduction_27Q_Test"/>
  <testcase name="Deduction_27Q" time="0.387" classname="pro.saral.testCases.Deduction_27Q_Test"/>
  <testcase name="Deduction_27Q" time="3.282" classname="pro.saral.testCases.Deduction_27Q_Test"/>
  <testcase name="Deduction_27Q" time="0.974" classname="pro.saral.testCases.Deduction_27Q_Test"/>
  <testcase name="Deduction_27Q" time="2.914" classname="pro.saral.testCases.Deduction_27Q_Test"/>
  <testcase name="Deduction_27Q" time="0.130" classname="pro.saral.testCases.Deduction_27Q_Test"/>
  <testcase name="Deduction_27Q" time="0.156" classname="pro.saral.testCases.Deduction_27Q_Test"/>
  <testcase name="Deduction_27Q" time="2.646" classname="pro.saral.testCases.Deduction_27Q_Test"/>
  <testcase name="Deduction_27Q" time="0.986" classname="pro.saral.testCases.Deduction_27Q_Test"/>
  <testcase name="Deduction_27Q" time="1.208" classname="pro.saral.testCases.Deduction_27Q_Test"/>
  <testcase name="Deduction_27Q" time="1.092" classname="pro.saral.testCases.Deduction_27Q_Test"/>
  <testcase name="Deduction_27Q" time="0.114" classname="pro.saral.testCases.Deduction_27Q_Test"/>
  <testcase name="Deduction_27Q" time="2.766" classname="pro.saral.testCases.Deduction_27Q_Test"/>
  <testcase name="Deduction_27Q" time="2.379" classname="pro.saral.testCases.Deduction_27Q_Test"/>
  <testcase name="Deduction_27Q" time="2.714" classname="pro.saral.testCases.Deduction_27Q_Test"/>
  <testcase name="Deduction_27Q" time="0.226" classname="pro.saral.testCases.Deduction_27Q_Test"/>
  <testcase name="Deduction_27Q" time="3.384" classname="pro.saral.testCases.Deduction_27Q_Test"/>
  <testcase name="Deduction_27Q" time="3.333" classname="pro.saral.testCases.Deduction_27Q_Test"/>
  <testcase name="Deduction_27Q" time="2.478" classname="pro.saral.testCases.Deduction_27Q_Test"/>
  <testcase name="Deduction_27Q" time="0.341" classname="pro.saral.testCases.Deduction_27Q_Test"/>
  <testcase name="Deduction_27Q" time="3.561" classname="pro.saral.testCases.Deduction_27Q_Test"/>
  <testcase name="Deduction_27Q" time="0.019" classname="pro.saral.testCases.Deduction_27Q_Test"/>
  <testcase name="Deduction_27Q" time="0.432" classname="pro.saral.testCases.Deduction_27Q_Test"/>
  <testcase name="Deduction_27Q" time="0.019" classname="pro.saral.testCases.Deduction_27Q_Test"/>
  <testcase name="Deduction_27Q" time="0.307" classname="pro.saral.testCases.Deduction_27Q_Test"/>
  <testcase name="Deduction_27Q" time="2.596" classname="pro.saral.testCases.Deduction_27Q_Test"/>
  <testcase name="Deduction_27Q" time="1.076" classname="pro.saral.testCases.Deduction_27Q_Test"/>
  <testcase name="Deduction_27Q" time="0.216" classname="pro.saral.testCases.Deduction_27Q_Test"/>
  <testcase name="Deduction_27Q" time="2.703" classname="pro.saral.testCases.Deduction_27Q_Test"/>
  <testcase name="Deduction_27Q" time="2.441" classname="pro.saral.testCases.Deduction_27Q_Test"/>
  <testcase name="Deduction_27Q" time="3.110" classname="pro.saral.testCases.Deduction_27Q_Test"/>
  <testcase name="Deduction_27Q" time="0.760" classname="pro.saral.testCases.Deduction_27Q_Test"/>
  <testcase name="Deduction_27Q" time="3.254" classname="pro.saral.testCases.Deduction_27Q_Test"/>
  <testcase name="Deduction_27Q" time="0.209" classname="pro.saral.testCases.Deduction_27Q_Test"/>
  <testcase name="Deduction_27Q" time="3.030" classname="pro.saral.testCases.Deduction_27Q_Test"/>
  <testcase name="Deduction_27Q" time="2.658" classname="pro.saral.testCases.Deduction_27Q_Test"/>
  <testcase name="Deduction_27Q" time="1.080" classname="pro.saral.testCases.Deduction_27Q_Test"/>
  <testcase name="Deduction_27Q" time="0.982" classname="pro.saral.testCases.Deduction_27Q_Test"/>
  <testcase name="Deduction_27Q" time="2.699" classname="pro.saral.testCases.Deduction_27Q_Test"/>
  <testcase name="Deduction_27Q" time="1.251" classname="pro.saral.testCases.Deduction_27Q_Test"/>
  <testcase name="Deduction_27Q" time="0.047" classname="pro.saral.testCases.Deduction_27Q_Test"/>
  <testcase name="Deduction_27Q" time="2.890" classname="pro.saral.testCases.Deduction_27Q_Test"/>
  <testcase name="Deduction_27Q" time="3.440" classname="pro.saral.testCases.Deduction_27Q_Test"/>
  <testcase name="Deduction_27Q" time="2.643" classname="pro.saral.testCases.Deduction_27Q_Test"/>
  <testcase name="Deduction_27Q" time="3.069" classname="pro.saral.testCases.Deduction_27Q_Test"/>
  <testcase name="Deduction_27Q" time="2.509" classname="pro.saral.testCases.Deduction_27Q_Test"/>
  <testcase name="Deduction_27Q" time="3.101" classname="pro.saral.testCases.Deduction_27Q_Test"/>
  <testcase name="Deduction_27Q" time="1.261" classname="pro.saral.testCases.Deduction_27Q_Test"/>
  <testcase name="Deduction_27Q" time="2.480" classname="pro.saral.testCases.Deduction_27Q_Test"/>
  <testcase name="Deduction_27Q" time="3.204" classname="pro.saral.testCases.Deduction_27Q_Test"/>
</testsuite> <!-- pro.saral.testCases.Deduction_27Q_Test -->
