<?xml version="1.0" encoding="UTF-8"?>
<!-- Generated by org.testng.reporters.JUnitReportReporter -->
<testsuite hostname="Darshan" failures="0" tests="8" name="pro.saral.testCases.Import_27EQ_Test" time="544.251" errors="0" timestamp="2023-01-09T16:26:23 IST" skipped="0">
  <testcase classname="pro.saral.testCases.Import_27EQ_Test" name="Download_Template_And_Verify_27EQ" time="38.039"/>
  <system-out/>
  <testcase classname="pro.saral.testCases.Import_27EQ_Test" name="Check_Tan_Validation" time="31.542"/>
  <system-out/>
  <testcase classname="pro.saral.testCases.Import_27EQ_Test" name="Click_On_Upload_File_without_Selecting_Excel_File_and_verify_validation" time="45.840"/>
  <system-out/>
  <testcase classname="pro.saral.testCases.Import_27EQ_Test" name="Upload_Valid_Excel_And_Check_Sucess_Status" time="94.663"/>
  <system-out/>
  <testcase classname="pro.saral.testCases.Import_27EQ_Test" name="Upload_Invalid_Excel_And_Check_Errors" time="48.611"/>
  <system-out/>
  <testcase classname="pro.saral.testCases.Import_27EQ_Test" name="Upload_Valid_Conso_And_Check_Sucess_Status" time="83.839"/>
  <system-out/>
  <testcase classname="pro.saral.testCases.Import_27EQ_Test" name="Upload_Valid_Text_And_Check_Sucess_Status" time="94.439"/>
  <system-out/>
  <testcase classname="pro.saral.testCases.Import_27EQ_Test" name="Upload_Valid_Master_Excel_And_Check_Sucess_Status" time="107.278"/>
  <system-out/>
</testsuite> <!-- pro.saral.testCases.Import_27EQ_Test -->
