<?xml version="1.0" encoding="UTF-8"?>
<!-- Generated by org.testng.reporters.JUnitReportReporter -->
<testsuite hostname="Darshan" name="pro.saral.testCases.Deduction_24Q_Test" tests="160" failures="0" timestamp="28 Oct 2022 08:29:33 GMT" time="242.297" errors="0">
  <testcase name="Deduction_24Q_Testcases" time="2.648" classname="pro.saral.testCases.Deduction_24Q_Test"/>
  <testcase name="Deduction_24Q_Testcases" time="2.491" classname="pro.saral.testCases.Deduction_24Q_Test"/>
  <testcase name="Deduction_24Q_Testcases" time="0.412" classname="pro.saral.testCases.Deduction_24Q_Test"/>
  <testcase name="Deduction_24Q_Testcases" time="0.732" classname="pro.saral.testCases.Deduction_24Q_Test"/>
  <testcase name="Deduction_24Q_Testcases" time="0.328" classname="pro.saral.testCases.Deduction_24Q_Test"/>
  <testcase name="Deduction_24Q_Testcases" time="3.444" classname="pro.saral.testCases.Deduction_24Q_Test"/>
  <testcase name="Deduction_24Q_Testcases" time="0.588" classname="pro.saral.testCases.Deduction_24Q_Test"/>
  <testcase name="Deduction_24Q_Testcases" time="2.625" classname="pro.saral.testCases.Deduction_24Q_Test"/>
  <testcase name="Deduction_24Q_Testcases" time="2.437" classname="pro.saral.testCases.Deduction_24Q_Test"/>
  <testcase name="Deduction_24Q_Testcases" time="0.481" classname="pro.saral.testCases.Deduction_24Q_Test"/>
  <testcase name="Deduction_24Q_Testcases" time="0.594" classname="pro.saral.testCases.Deduction_24Q_Test"/>
  <testcase name="Deduction_24Q_Testcases" time="2.753" classname="pro.saral.testCases.Deduction_24Q_Test"/>
  <testcase name="Deduction_24Q_Testcases" time="2.752" classname="pro.saral.testCases.Deduction_24Q_Test"/>
  <testcase name="Deduction_24Q_Testcases" time="2.441" classname="pro.saral.testCases.Deduction_24Q_Test"/>
  <testcase name="Deduction_24Q_Testcases" time="2.311" classname="pro.saral.testCases.Deduction_24Q_Test"/>
  <testcase name="Deduction_24Q_Testcases" time="2.259" classname="pro.saral.testCases.Deduction_24Q_Test"/>
  <testcase name="Deduction_24Q_Testcases" time="0.660" classname="pro.saral.testCases.Deduction_24Q_Test"/>
  <testcase name="Deduction_24Q_Testcases" time="2.807" classname="pro.saral.testCases.Deduction_24Q_Test"/>
  <testcase name="Deduction_24Q_Testcases" time="0.472" classname="pro.saral.testCases.Deduction_24Q_Test"/>
  <testcase name="Deduction_24Q_Testcases" time="0.019" classname="pro.saral.testCases.Deduction_24Q_Test"/>
  <testcase name="Deduction_24Q_Testcases" time="2.523" classname="pro.saral.testCases.Deduction_24Q_Test"/>
  <testcase name="Deduction_24Q_Testcases" time="0.017" classname="pro.saral.testCases.Deduction_24Q_Test"/>
  <testcase name="Deduction_24Q_Testcases" time="0.040" classname="pro.saral.testCases.Deduction_24Q_Test"/>
  <testcase name="Deduction_24Q_Testcases" time="2.730" classname="pro.saral.testCases.Deduction_24Q_Test"/>
  <testcase name="Deduction_24Q_Testcases" time="0.956" classname="pro.saral.testCases.Deduction_24Q_Test"/>
  <testcase name="Deduction_24Q_Testcases" time="0.457" classname="pro.saral.testCases.Deduction_24Q_Test"/>
  <testcase name="Deduction_24Q_Testcases" time="2.431" classname="pro.saral.testCases.Deduction_24Q_Test"/>
  <testcase name="Deduction_24Q_Testcases" time="0.017" classname="pro.saral.testCases.Deduction_24Q_Test"/>
  <testcase name="Deduction_24Q_Testcases" time="2.719" classname="pro.saral.testCases.Deduction_24Q_Test"/>
  <testcase name="Deduction_24Q_Testcases" time="0.113" classname="pro.saral.testCases.Deduction_24Q_Test"/>
  <testcase name="Deduction_24Q_Testcases" time="0.365" classname="pro.saral.testCases.Deduction_24Q_Test"/>
  <testcase name="Deduction_24Q_Testcases" time="0.484" classname="pro.saral.testCases.Deduction_24Q_Test"/>
  <testcase name="Deduction_24Q_Testcases" time="0.234" classname="pro.saral.testCases.Deduction_24Q_Test"/>
  <testcase name="Deduction_24Q_Testcases" time="0.591" classname="pro.saral.testCases.Deduction_24Q_Test"/>
  <testcase name="Deduction_24Q_Testcases" time="0.354" classname="pro.saral.testCases.Deduction_24Q_Test"/>
  <testcase name="Deduction_24Q_Testcases" time="0.268" classname="pro.saral.testCases.Deduction_24Q_Test"/>
  <testcase name="Deduction_24Q_Testcases" time="2.509" classname="pro.saral.testCases.Deduction_24Q_Test"/>
  <testcase name="Deduction_24Q_Testcases" time="2.095" classname="pro.saral.testCases.Deduction_24Q_Test"/>
  <testcase name="Deduction_24Q_Testcases" time="0.601" classname="pro.saral.testCases.Deduction_24Q_Test"/>
  <testcase name="Deduction_24Q_Testcases" time="2.663" classname="pro.saral.testCases.Deduction_24Q_Test"/>
  <testcase name="Deduction_24Q_Testcases" time="2.565" classname="pro.saral.testCases.Deduction_24Q_Test"/>
  <testcase name="Deduction_24Q_Testcases" time="0.613" classname="pro.saral.testCases.Deduction_24Q_Test"/>
  <testcase name="Deduction_24Q_Testcases" time="1.087" classname="pro.saral.testCases.Deduction_24Q_Test"/>
  <testcase name="Deduction_24Q_Testcases" time="0.019" classname="pro.saral.testCases.Deduction_24Q_Test"/>
  <testcase name="Deduction_24Q_Testcases" time="2.537" classname="pro.saral.testCases.Deduction_24Q_Test"/>
  <testcase name="Deduction_24Q_Testcases" time="2.643" classname="pro.saral.testCases.Deduction_24Q_Test"/>
  <testcase name="Deduction_24Q_Testcases" time="0.358" classname="pro.saral.testCases.Deduction_24Q_Test"/>
  <testcase name="Deduction_24Q_Testcases" time="0.614" classname="pro.saral.testCases.Deduction_24Q_Test"/>
  <testcase name="Deduction_24Q_Testcases" time="2.426" classname="pro.saral.testCases.Deduction_24Q_Test"/>
  <testcase name="Deduction_24Q_Testcases" time="0.648" classname="pro.saral.testCases.Deduction_24Q_Test"/>
  <testcase name="Deduction_24Q_Testcases" time="2.379" classname="pro.saral.testCases.Deduction_24Q_Test"/>
  <testcase name="Deduction_24Q_Testcases" time="2.505" classname="pro.saral.testCases.Deduction_24Q_Test"/>
  <testcase name="Deduction_24Q_Testcases" time="2.480" classname="pro.saral.testCases.Deduction_24Q_Test"/>
  <testcase name="Deduction_24Q_Testcases" time="2.694" classname="pro.saral.testCases.Deduction_24Q_Test"/>
  <testcase name="Deduction_24Q_Testcases" time="2.512" classname="pro.saral.testCases.Deduction_24Q_Test"/>
  <testcase name="Deduction_24Q_Testcases" time="2.548" classname="pro.saral.testCases.Deduction_24Q_Test"/>
  <testcase name="Deduction_24Q_Testcases" time="2.674" classname="pro.saral.testCases.Deduction_24Q_Test"/>
  <testcase name="Deduction_24Q_Testcases" time="0.027" classname="pro.saral.testCases.Deduction_24Q_Test"/>
  <testcase name="Deduction_24Q_Testcases" time="2.337" classname="pro.saral.testCases.Deduction_24Q_Test"/>
  <testcase name="Deduction_24Q_Testcases" time="2.529" classname="pro.saral.testCases.Deduction_24Q_Test"/>
  <testcase name="Deduction_24Q_Testcases" time="2.769" classname="pro.saral.testCases.Deduction_24Q_Test"/>
  <testcase name="Deduction_24Q_Testcases" time="0.156" classname="pro.saral.testCases.Deduction_24Q_Test"/>
  <testcase name="Deduction_24Q_Testcases" time="0.445" classname="pro.saral.testCases.Deduction_24Q_Test"/>
  <testcase name="Deduction_24Q_Testcases" time="0.404" classname="pro.saral.testCases.Deduction_24Q_Test"/>
  <testcase name="Deduction_24Q_Testcases" time="0.168" classname="pro.saral.testCases.Deduction_24Q_Test"/>
  <testcase name="Deduction_24Q_Testcases" time="0.749" classname="pro.saral.testCases.Deduction_24Q_Test"/>
  <testcase name="Deduction_24Q_Testcases" time="0.015" classname="pro.saral.testCases.Deduction_24Q_Test"/>
  <testcase name="Deduction_24Q_Testcases" time="0.703" classname="pro.saral.testCases.Deduction_24Q_Test"/>
  <testcase name="Deduction_24Q_Testcases" time="0.157" classname="pro.saral.testCases.Deduction_24Q_Test"/>
  <testcase name="Deduction_24Q_Testcases" time="0.022" classname="pro.saral.testCases.Deduction_24Q_Test"/>
  <testcase name="Deduction_24Q_Testcases" time="2.910" classname="pro.saral.testCases.Deduction_24Q_Test"/>
  <testcase name="Deduction_24Q_Testcases" time="2.882" classname="pro.saral.testCases.Deduction_24Q_Test"/>
  <testcase name="Deduction_24Q_Testcases" time="2.585" classname="pro.saral.testCases.Deduction_24Q_Test"/>
  <testcase name="Deduction_24Q_Testcases" time="2.386" classname="pro.saral.testCases.Deduction_24Q_Test"/>
  <testcase name="Deduction_24Q_Testcases" time="0.811" classname="pro.saral.testCases.Deduction_24Q_Test"/>
  <testcase name="Deduction_24Q_Testcases" time="2.413" classname="pro.saral.testCases.Deduction_24Q_Test"/>
  <testcase name="Deduction_24Q_Testcases" time="2.507" classname="pro.saral.testCases.Deduction_24Q_Test"/>
  <testcase name="Deduction_24Q_Testcases" time="2.923" classname="pro.saral.testCases.Deduction_24Q_Test"/>
  <testcase name="Deduction_24Q_Testcases" time="0.124" classname="pro.saral.testCases.Deduction_24Q_Test"/>
  <testcase name="Deduction_24Q_Testcases" time="2.514" classname="pro.saral.testCases.Deduction_24Q_Test"/>
  <testcase name="Deduction_24Q_Testcases" time="2.537" classname="pro.saral.testCases.Deduction_24Q_Test"/>
  <testcase name="Deduction_24Q_Testcases" time="2.954" classname="pro.saral.testCases.Deduction_24Q_Test"/>
  <testcase name="Deduction_24Q_Testcases" time="0.541" classname="pro.saral.testCases.Deduction_24Q_Test"/>
  <testcase name="Deduction_24Q_Testcases" time="2.591" classname="pro.saral.testCases.Deduction_24Q_Test"/>
  <testcase name="Deduction_24Q_Testcases" time="2.751" classname="pro.saral.testCases.Deduction_24Q_Test"/>
  <testcase name="Deduction_24Q_Testcases" time="2.392" classname="pro.saral.testCases.Deduction_24Q_Test"/>
  <testcase name="Deduction_24Q_Testcases" time="0.119" classname="pro.saral.testCases.Deduction_24Q_Test"/>
  <testcase name="Deduction_24Q_Testcases" time="0.523" classname="pro.saral.testCases.Deduction_24Q_Test"/>
  <testcase name="Deduction_24Q_Testcases" time="2.654" classname="pro.saral.testCases.Deduction_24Q_Test"/>
  <testcase name="Deduction_24Q_Testcases" time="2.312" classname="pro.saral.testCases.Deduction_24Q_Test"/>
  <testcase name="Deduction_24Q_Testcases" time="2.298" classname="pro.saral.testCases.Deduction_24Q_Test"/>
  <testcase name="Deduction_24Q_Testcases" time="0.013" classname="pro.saral.testCases.Deduction_24Q_Test"/>
  <testcase name="Deduction_24Q_Testcases" time="0.975" classname="pro.saral.testCases.Deduction_24Q_Test"/>
  <testcase name="Deduction_24Q_Testcases" time="2.336" classname="pro.saral.testCases.Deduction_24Q_Test"/>
  <testcase name="Deduction_24Q_Testcases" time="0.386" classname="pro.saral.testCases.Deduction_24Q_Test"/>
  <testcase name="Deduction_24Q_Testcases" time="0.509" classname="pro.saral.testCases.Deduction_24Q_Test"/>
  <testcase name="Deduction_24Q_Testcases" time="2.527" classname="pro.saral.testCases.Deduction_24Q_Test"/>
  <testcase name="Deduction_24Q_Testcases" time="0.181" classname="pro.saral.testCases.Deduction_24Q_Test"/>
  <testcase name="Deduction_24Q_Testcases" time="2.655" classname="pro.saral.testCases.Deduction_24Q_Test"/>
  <testcase name="Deduction_24Q_Testcases" time="0.269" classname="pro.saral.testCases.Deduction_24Q_Test"/>
  <testcase name="Deduction_24Q_Testcases" time="0.375" classname="pro.saral.testCases.Deduction_24Q_Test"/>
  <testcase name="Deduction_24Q_Testcases" time="0.488" classname="pro.saral.testCases.Deduction_24Q_Test"/>
  <testcase name="Deduction_24Q_Testcases" time="0.188" classname="pro.saral.testCases.Deduction_24Q_Test"/>
  <testcase name="Deduction_24Q_Testcases" time="0.300" classname="pro.saral.testCases.Deduction_24Q_Test"/>
  <testcase name="Deduction_24Q_Testcases" time="0.421" classname="pro.saral.testCases.Deduction_24Q_Test"/>
  <testcase name="Deduction_24Q_Testcases" time="2.793" classname="pro.saral.testCases.Deduction_24Q_Test"/>
  <testcase name="Deduction_24Q_Testcases" time="0.197" classname="pro.saral.testCases.Deduction_24Q_Test"/>
  <testcase name="Deduction_24Q_Testcases" time="0.545" classname="pro.saral.testCases.Deduction_24Q_Test"/>
  <testcase name="Deduction_24Q_Testcases" time="2.702" classname="pro.saral.testCases.Deduction_24Q_Test"/>
  <testcase name="Deduction_24Q_Testcases" time="0.284" classname="pro.saral.testCases.Deduction_24Q_Test"/>
  <testcase name="Deduction_24Q_Testcases" time="0.159" classname="pro.saral.testCases.Deduction_24Q_Test"/>
  <testcase name="Deduction_24Q_Testcases" time="2.684" classname="pro.saral.testCases.Deduction_24Q_Test"/>
  <testcase name="Deduction_24Q_Testcases" time="2.562" classname="pro.saral.testCases.Deduction_24Q_Test"/>
  <testcase name="Deduction_24Q_Testcases" time="0.060" classname="pro.saral.testCases.Deduction_24Q_Test"/>
  <testcase name="Deduction_24Q_Testcases" time="0.429" classname="pro.saral.testCases.Deduction_24Q_Test"/>
  <testcase name="Deduction_24Q_Testcases" time="0.379" classname="pro.saral.testCases.Deduction_24Q_Test"/>
  <testcase name="Deduction_24Q_Testcases" time="2.755" classname="pro.saral.testCases.Deduction_24Q_Test"/>
  <testcase name="Deduction_24Q_Testcases" time="0.716" classname="pro.saral.testCases.Deduction_24Q_Test"/>
  <testcase name="Deduction_24Q_Testcases" time="2.416" classname="pro.saral.testCases.Deduction_24Q_Test"/>
  <testcase name="Deduction_24Q_Testcases" time="0.387" classname="pro.saral.testCases.Deduction_24Q_Test"/>
  <testcase name="Deduction_24Q_Testcases" time="2.592" classname="pro.saral.testCases.Deduction_24Q_Test"/>
  <testcase name="Deduction_24Q_Testcases" time="0.042" classname="pro.saral.testCases.Deduction_24Q_Test"/>
  <testcase name="Deduction_24Q_Testcases" time="2.647" classname="pro.saral.testCases.Deduction_24Q_Test"/>
  <testcase name="Deduction_24Q_Testcases" time="2.671" classname="pro.saral.testCases.Deduction_24Q_Test"/>
  <testcase name="Deduction_24Q_Testcases" time="2.550" classname="pro.saral.testCases.Deduction_24Q_Test"/>
  <testcase name="Deduction_24Q_Testcases" time="0.019" classname="pro.saral.testCases.Deduction_24Q_Test"/>
  <testcase name="Deduction_24Q_Testcases" time="0.140" classname="pro.saral.testCases.Deduction_24Q_Test"/>
  <testcase name="Deduction_24Q_Testcases" time="0.088" classname="pro.saral.testCases.Deduction_24Q_Test"/>
  <testcase name="Deduction_24Q_Testcases" time="20.081" classname="pro.saral.testCases.Deduction_24Q_Test"/>
  <testcase name="Deduction_24Q_Testcases" time="2.445" classname="pro.saral.testCases.Deduction_24Q_Test"/>
  <testcase name="Deduction_24Q_Testcases" time="2.706" classname="pro.saral.testCases.Deduction_24Q_Test"/>
  <testcase name="Deduction_24Q_Testcases" time="0.173" classname="pro.saral.testCases.Deduction_24Q_Test"/>
  <testcase name="Deduction_24Q_Testcases" time="0.448" classname="pro.saral.testCases.Deduction_24Q_Test"/>
  <testcase name="Deduction_24Q_Testcases" time="2.832" classname="pro.saral.testCases.Deduction_24Q_Test"/>
  <testcase name="Deduction_24Q_Testcases" time="2.725" classname="pro.saral.testCases.Deduction_24Q_Test"/>
  <testcase name="Deduction_24Q_Testcases" time="0.445" classname="pro.saral.testCases.Deduction_24Q_Test"/>
  <testcase name="Deduction_24Q_Testcases" time="0.762" classname="pro.saral.testCases.Deduction_24Q_Test"/>
  <testcase name="Deduction_24Q_Testcases" time="2.301" classname="pro.saral.testCases.Deduction_24Q_Test"/>
  <testcase name="Deduction_24Q_Testcases" time="0.261" classname="pro.saral.testCases.Deduction_24Q_Test"/>
  <testcase name="Deduction_24Q_Testcases" time="0.447" classname="pro.saral.testCases.Deduction_24Q_Test"/>
  <testcase name="Deduction_24Q_Testcases" time="0.129" classname="pro.saral.testCases.Deduction_24Q_Test"/>
  <testcase name="Deduction_24Q_Testcases" time="2.459" classname="pro.saral.testCases.Deduction_24Q_Test"/>
  <testcase name="Deduction_24Q_Testcases" time="2.633" classname="pro.saral.testCases.Deduction_24Q_Test"/>
  <testcase name="Deduction_24Q_Testcases" time="2.587" classname="pro.saral.testCases.Deduction_24Q_Test"/>
  <testcase name="Deduction_24Q_Testcases" time="2.454" classname="pro.saral.testCases.Deduction_24Q_Test"/>
  <testcase name="Deduction_24Q_Testcases" time="0.248" classname="pro.saral.testCases.Deduction_24Q_Test"/>
  <testcase name="Deduction_24Q_Testcases" time="2.615" classname="pro.saral.testCases.Deduction_24Q_Test"/>
  <testcase name="Deduction_24Q_Testcases" time="2.638" classname="pro.saral.testCases.Deduction_24Q_Test"/>
  <testcase name="Deduction_24Q_Testcases" time="2.367" classname="pro.saral.testCases.Deduction_24Q_Test"/>
  <testcase name="Deduction_24Q_Testcases" time="0.166" classname="pro.saral.testCases.Deduction_24Q_Test"/>
  <testcase name="Deduction_24Q_Testcases" time="0.136" classname="pro.saral.testCases.Deduction_24Q_Test"/>
  <testcase name="Deduction_24Q_Testcases" time="2.532" classname="pro.saral.testCases.Deduction_24Q_Test"/>
  <testcase name="Deduction_24Q_Testcases" time="1.709" classname="pro.saral.testCases.Deduction_24Q_Test"/>
  <testcase name="Deduction_24Q_Testcases" time="0.229" classname="pro.saral.testCases.Deduction_24Q_Test"/>
  <testcase name="Deduction_24Q_Testcases" time="0.436" classname="pro.saral.testCases.Deduction_24Q_Test"/>
  <testcase name="Deduction_24Q_Testcases" time="0.490" classname="pro.saral.testCases.Deduction_24Q_Test"/>
  <testcase name="Deduction_24Q_Testcases" time="0.320" classname="pro.saral.testCases.Deduction_24Q_Test"/>
  <testcase name="Deduction_24Q_Testcases" time="0.026" classname="pro.saral.testCases.Deduction_24Q_Test"/>
  <testcase name="Deduction_24Q_Testcases" time="0.110" classname="pro.saral.testCases.Deduction_24Q_Test"/>
  <testcase name="Deduction_24Q_Testcases" time="0.016" classname="pro.saral.testCases.Deduction_24Q_Test"/>
</testsuite> <!-- pro.saral.testCases.Deduction_24Q_Test -->
